#
# A fatal error has been detected by the Java Runtime Environment:
#
#  EXCEPTION_ACCESS_VIOLATION (0xc0000005) at pc=0x00007ffcec336ac1, pid=25164, tid=14880
#
# JRE version: Java(TM) SE Runtime Environment (24.0.2+12) (build 24.0.2+12-54)
# Java VM: Java HotSpot(TM) 64-Bit Server VM (24.0.2+12-54, mixed mode, sharing, tiered, compressed oops, compressed class ptrs, g1 gc, windows-amd64)
# Problematic frame:
# C  [dpDevCtlx64.dll+0x16ac1]
#
# No core dump will be written. Minidumps are not enabled by default on client versions of Windows
#
# If you would like to submit a bug report, please visit:
#   https://bugreport.java.com/bugreport/crash.jsp
#

---------------  S U M M A R Y ------------

Command Line: com.gp360.biometric.verification.VerificationApp

Host: Intel(R) Core(TM) Ultra 9 275HX, 24 cores, 63G,  Windows 11 , 64 bit Build 26100 (10.0.26100.5074)
Time: Thu Sep 25 20:49:36 2025 Hora estándar, América Central elapsed time: 114.166814 seconds (0d 0h 1m 54s)

---------------  T H R E A D  ---------------

Current thread (0x0000027cbf207760):  VMThread "VM Thread"          [id=14880, stack(0x000000d50d100000,0x000000d50d200000) (1024K)]

Stack: [0x000000d50d100000,0x000000d50d200000],  sp=0x000000d50d1ff120,  free space=1020k
Native frames: (J=compiled Java code, j=interpreted, Vv=VM code, C=native code)
C  [dpDevCtlx64.dll+0x16ac1]  (no source info available)
C  [dpDevCtlx64.dll+0x15d2f]  (no source info available)
C  [dpDevCtlx64.dll+0x16048]  (no source info available)
C  [dpDevCtlx64.dll+0x14e22]  (no source info available)
C  [dpDevCtlx64.dll+0x12d0c]  (no source info available)
C  [dpDevCtlx64.dll+0x949b0]  (no source info available)
C  [dpDevCtlx64.dll+0x63c25]  (no source info available)
C  [dpDevCtlx64.dll+0x63799]  (no source info available)
C  [dpDevCtlx64.dll+0x63d8d]  (no source info available)
C  [dpDevCtlx64.dll+0x6160d]  (no source info available)
C  [dpDevCtlx64.dll+0x61481]  (no source info available)
C  [dpDevCtlx64.dll+0x617a7]  (no source info available)
C  [dpDevCtlx64.dll+0x1d82b]  (no source info available)
C  [dpDevCtlx64.dll+0x1df0d]  (no source info available)
C  [dpDevCtlx64.dll+0x1e056]  (no source info available)
C  [ntdll.dll+0x160ede]  (no source info available)
C  [ntdll.dll+0x7483e]  (no source info available)
C  [ntdll.dll+0xfdfff]  (no source info available)
C  [ntdll.dll+0x8ede]  (no source info available)
C  [KERNEL32.DLL+0x418ab]  (no source info available)
C  [ucrtbase.dll+0xa0093]  (no source info available)
V  [jvm.dll+0x72928c]  (no source info available)
V  [jvm.dll+0x728dc0]  (no source info available)
V  [jvm.dll+0x41b344]  (no source info available)
V  [jvm.dll+0x8e29c2]  (no source info available)
V  [jvm.dll+0x8e3d0c]  (no source info available)
V  [jvm.dll+0x8e4278]  (no source info available)
V  [jvm.dll+0x8e4513]  (no source info available)
V  [jvm.dll+0x87d9eb]  (no source info available)
V  [jvm.dll+0x72ef45]  (no source info available)
C  [ucrtbase.dll+0x37b0]  (no source info available)
C  [KERNEL32.DLL+0x2e8d7]  (no source info available)
C  [ntdll.dll+0x8d9c]  (no source info available)


siginfo: EXCEPTION_ACCESS_VIOLATION (0xc0000005), writing address 0x0000000000000008


Registers:
RAX=0x0000000000000000, RBX=0x0000027d0867ea80, RCX=0x0000027d0864e2d0, RDX=0x000000d50d1ff200
RSP=0x000000d50d1ff120, RBP=0x0000027d0867ea98, RSI=0x000000d50d1ff3c0, RDI=0x0000027d0867ea80
R8 =0x0000027d0864e090, R9 =0x0000000000000000, R10=0x0000027c906e0000, R11=0x0000000000000246
R12=0x0000000000000001, R13=0x00007ffcec321118, R14=0x0000d6f45f36ed6e, R15=0x0000027d0867ea80
RIP=0x00007ffcec336ac1, EFLAGS=0x0000000000010202

XMM[0]=0x0000000000000000 0x0000000000000000
XMM[1]=0x0000000000000000 0x0000000000000000
XMM[2]=0x0000000000000000 0x0000000000000000
XMM[3]=0x0000000000000000 0x0000000000000000
XMM[4]=0x0000000000000000 0x0000000000000000
XMM[5]=0x0000000000000000 0x0000000000000000
XMM[6]=0x0000000000000000 0x0000000000000000
XMM[7]=0x0000000000000000 0x404e000000000000
XMM[8]=0x0000000000000000 0x0000000000000000
XMM[9]=0x0000000000000000 0x0000000000000000
XMM[10]=0x0000000000000000 0x0000000000000000
XMM[11]=0x0000000000000000 0x0000000000000000
XMM[12]=0x0000000000000000 0x0000000000000000
XMM[13]=0x0000000000000000 0x0000000000000000
XMM[14]=0x0000000000000000 0x0000000000000000
XMM[15]=0x0000000000000000 0x0000000000000000
  MXCSR=0x00001fa0


Register to memory mapping:

RAX=0x0 is null
RBX=0x0000027d0867ea80 points into unknown readable memory: 0x0000d6f45f36ed6e | 6e ed 36 5f f4 d6 00 00
RCX=0x0000027d0864e2d0 points into unknown readable memory: 0x0000000000000000 | 00 00 00 00 00 00 00 00
RDX=0x000000d50d1ff200 points into unknown readable memory: 0x0000000000002710 | 10 27 00 00 00 00 00 00
RSP=0x000000d50d1ff120 points into unknown readable memory: 0x0000000000000000 | 00 00 00 00 00 00 00 00
RBP=0x0000027d0867ea98 points into unknown readable memory: 0x0000d6f45f36ed6e | 6e ed 36 5f f4 d6 00 00
RSI=0x000000d50d1ff3c0 points into unknown readable memory: 0x000000d50d1ff3e0 | e0 f3 1f 0d d5 00 00 00
RDI=0x0000027d0867ea80 points into unknown readable memory: 0x0000d6f45f36ed6e | 6e ed 36 5f f4 d6 00 00
R8 =0x0000027d0864e090 points into unknown readable memory: 0x0000000000000000 | 00 00 00 00 00 00 00 00
R9 =0x0 is null
R10=0x0000027c906e0000 points into unknown readable memory: 0x0000000000000000 | 00 00 00 00 00 00 00 00
R11=0x0000000000000246 is an unknown value
R12=0x0000000000000001 is an unknown value
R13=0x00007ffcec321118 dpDevCtlx64.dll
R14=0x0000d6f45f36ed6e is an unknown value
R15=0x0000027d0867ea80 points into unknown readable memory: 0x0000d6f45f36ed6e | 6e ed 36 5f f4 d6 00 00

Top of Stack: (sp=0x000000d50d1ff120)
0x000000d50d1ff120:   0000000000000000 0000000000000000   ................
0x000000d50d1ff130:   0000027d0867ea80 0000d6f45f36ed6e   ..g.}...n.6_....
0x000000d50d1ff140:   00007ffcec321118 00007ffcec3d2550   ..2.....P%=.....
0x000000d50d1ff150:   0000027d0867ea80 000000d50d1ff3c0   ..g.}...........
0x000000d50d1ff160:   0000027d0867ea80 0000000000000000   ..g.}...........
0x000000d50d1ff170:   0000027c905c0000 0000000000000000   ..\.|...........
0x000000d50d1ff180:   0000027d08662410 000000d50d1ff3c0   .$f.}...........
0x000000d50d1ff190:   0000027d0867ea80 00007ffcec335d2f   ..g.}.../]3.....
0x000000d50d1ff1a0:   00007ffcec3d2550 000000d50d1ff200   P%=.............
0x000000d50d1ff1b0:   0000027d0864e090 00007ffd481031a9   ..d.}....1.H....
0x000000d50d1ff1c0:   0000000000000700 0000027d0864e090   ..........d.}...
0x000000d50d1ff1d0:   0000027d0864e090 0000027d0864e0a0   ..d.}.....d.}...
0x000000d50d1ff1e0:   0000027d0864e0a0 0000027d08662410   ..d.}....$f.}...
0x000000d50d1ff1f0:   0000027d0864e090 00007ffcec3d2550   ..d.}...P%=.....
0x000000d50d1ff200:   0000000000002710 000000d50d1ff3c0   .'..............
0x000000d50d1ff210:   0000000000000000 00007ffcec336048   ........H`3.....
0x000000d50d1ff220:   00007ffcec3d2550 00007ffcec339b20   P%=..... .3.....
0x000000d50d1ff230:   00007ffcec3d2568 0000d6f45f36ed6e   h%=.....n.6_....
0x000000d50d1ff240:   00007ffc00000001 0000000000000001   ................
0x000000d50d1ff250:   0000027d0867ea80 00007ffcec334e22   ..g.}..."N3.....
0x000000d50d1ff260:   0000027d08603ae0 00007ffcec38758c   .:`.}....u8.....
0x000000d50d1ff270:   0000027c905c0000 0000000000000000   ..\.|...........
0x000000d50d1ff280:   0000000100000000 0000027d08603ae0   .........:`.}...
0x000000d50d1ff290:   0000027d0867ea88 00007ffcec336857   ..g.}...Wh3.....
0x000000d50d1ff2a0:   0000027d08603ae0 0000027d00000000   .:`.}.......}...
0x000000d50d1ff2b0:   0000027c90a70000 00007ffcec332d0c   ....|....-3.....
0x000000d50d1ff2c0:   0000027d08603ae0 00007ffcec3d2550   .:`.}...P%=.....
0x000000d50d1ff2d0:   0000027d0864e2d0 00007ffcec3d2550   ..d.}...P%=.....
0x000000d50d1ff2e0:   00007ffcec3d2550 0000027d08603ae0   P%=......:`.}...
0x000000d50d1ff2f0:   00007ffcec3d2578 00007ffcec3b49b0   x%=......I;.....
0x000000d50d1ff300:   00007ffcec3d2528 00007ffc00000000   (%=.............
0x000000d50d1ff310:   00007ffcec3d2578 00007ffd4851b3f6   x%=.......QH....

Instructions: (pc=0x00007ffcec336ac1)
  0x00007ffcec3369c1:   20 01 48 b8 aa aa aa aa aa aa aa 0a 48 89 44 24
  0x00007ffcec3369d1:   38 48 b8 aa aa aa aa aa aa aa 0a 48 39 44 24 58
  0x00007ffcec3369e1:   76 05 e8 40 ce fe ff 48 6b 44 24 58 18 48 89 44
  0x00007ffcec3369f1:   24 28 48 81 7c 24 28 00 10 00 00 72 11 48 8b 4c
  0x00007ffcec336a01:   24 28 e8 39 c4 fe ff 48 89 44 24 30 eb 22 48 83
  0x00007ffcec336a11:   7c 24 28 00 74 11 48 8b 4c 24 28 e8 0a a8 fe ff
  0x00007ffcec336a21:   48 89 44 24 30 eb 09 48 c7 44 24 30 00 00 00 00
  0x00007ffcec336a31:   48 8b 44 24 30 48 83 c4 48 c3 cc cc cc cc cc cc
  0x00007ffcec336a41:   cc cc cc cc cc cc cc cc cc cc cc cc cc cc cc cc
  0x00007ffcec336a51:   cc cc cc cc cc cc cc cc cc cc cc cc cc cc cc 4c
  0x00007ffcec336a61:   89 44 24 18 48 89 54 24 10 48 89 4c 24 08 48 83
  0x00007ffcec336a71:   ec 78 48 8b 84 24 90 00 00 00 48 8b 00 48 89 44
  0x00007ffcec336a81:   24 48 48 8b 84 24 80 00 00 00 48 89 44 24 28 48
  0x00007ffcec336a91:   8b 84 24 90 00 00 00 48 8b 40 08 48 8b 8c 24 90
  0x00007ffcec336aa1:   00 00 00 48 8b 09 48 89 08 48 8b 84 24 90 00 00
  0x00007ffcec336ab1:   00 48 8b 00 48 8b 8c 24 90 00 00 00 48 8b 49 08
=>0x00007ffcec336ac1:   48 89 48 08 48 8b 44 24 28 48 8b 40 08 48 ff c8
  0x00007ffcec336ad1:   48 8b 4c 24 28 48 89 41 08 48 8b 84 24 90 00 00
  0x00007ffcec336ae1:   00 48 89 44 24 30 48 8b 84 24 80 00 00 00 48 89
  0x00007ffcec336af1:   44 24 40 48 8b 44 24 40 48 89 44 24 50 48 8b 44
  0x00007ffcec336b01:   24 30 48 83 c0 10 48 89 44 24 58 b8 01 00 00 00
  0x00007ffcec336b11:   48 6b c0 18 48 89 44 24 20 48 8b 44 24 30 48 89
  0x00007ffcec336b21:   44 24 38 48 81 7c 24 20 00 10 00 00 72 0f 48 8d
  0x00007ffcec336b31:   54 24 20 48 8d 4c 24 38 e8 8f af fe ff 48 8b 54
  0x00007ffcec336b41:   24 20 48 8b 4c 24 38 e8 ad cd fe ff 90 48 8b 84
  0x00007ffcec336b51:   24 80 00 00 00 48 89 44 24 60 48 8b 84 24 88 00
  0x00007ffcec336b61:   00 00 48 8b 4c 24 48 48 89 08 48 8b 84 24 88 00
  0x00007ffcec336b71:   00 00 48 83 c4 78 c3 cc cc cc cc cc cc cc cc cc
  0x00007ffcec336b81:   cc cc cc cc cc cc cc cc cc cc cc cc cc cc cc cc
  0x00007ffcec336b91:   cc cc cc cc cc cc cc cc cc cc cc cc cc cc cc cc
  0x00007ffcec336ba1:   cc cc cc cc cc cc cc cc cc cc cc cc cc cc cc cc
  0x00007ffcec336bb1:   cc cc cc cc cc cc cc cc cc cc cc cc cc cc cc 48


Stack slot to memory mapping:

stack at sp + 0 slots: 0x0 is null
stack at sp + 1 slots: 0x0 is null
stack at sp + 2 slots: 0x0000027d0867ea80 points into unknown readable memory: 0x0000d6f45f36ed6e | 6e ed 36 5f f4 d6 00 00
stack at sp + 3 slots: 0x0000d6f45f36ed6e is an unknown value
stack at sp + 4 slots: 0x00007ffcec321118 dpDevCtlx64.dll
stack at sp + 5 slots: 0x00007ffcec3d2550 dpDevCtlx64.dll
stack at sp + 6 slots: 0x0000027d0867ea80 points into unknown readable memory: 0x0000d6f45f36ed6e | 6e ed 36 5f f4 d6 00 00
stack at sp + 7 slots: 0x000000d50d1ff3c0 points into unknown readable memory: 0x000000d50d1ff3e0 | e0 f3 1f 0d d5 00 00 00

VM_Operation (0x000000d50e4feec0): Exit, mode: safepoint, requested by thread 0x0000027d0854e6d0


---------------  P R O C E S S  ---------------

Threads class SMR info:
_java_thread_list=0x0000027d0a76a640, length=16, elements={
0x0000027cc25cb400, 0x0000027cc25cbd40, 0x0000027cc25d1e20, 0x0000027cc25d2560,
0x0000027cc25d95d0, 0x0000027cc25d9d10, 0x0000027cc25d7450, 0x0000027cc25d8910,
0x0000027cc2665730, 0x0000027cc269b8c0, 0x0000027d08542cc0, 0x0000027d08545410,
0x0000027d0854cdb0, 0x0000027d0854e6d0, 0x0000027c905f1ed0, 0x0000027d08605ea0
}

Java Threads: ( => current thread )
  0x0000027cc25cb400 JavaThread "Reference Handler"          daemon [_thread_blocked, id=20152, stack(0x000000d50d200000,0x000000d50d300000) (1024K)]
  0x0000027cc25cbd40 JavaThread "Finalizer"                  daemon [_thread_blocked, id=30688, stack(0x000000d50d300000,0x000000d50d400000) (1024K)]
  0x0000027cc25d1e20 JavaThread "Signal Dispatcher"          daemon [_thread_blocked, id=15000, stack(0x000000d50d400000,0x000000d50d500000) (1024K)]
  0x0000027cc25d2560 JavaThread "Attach Listener"            daemon [_thread_blocked, id=22304, stack(0x000000d50d500000,0x000000d50d600000) (1024K)]
  0x0000027cc25d95d0 JavaThread "Service Thread"             daemon [_thread_blocked, id=30732, stack(0x000000d50d600000,0x000000d50d700000) (1024K)]
  0x0000027cc25d9d10 JavaThread "Monitor Deflation Thread"   daemon [_thread_blocked, id=3172, stack(0x000000d50d700000,0x000000d50d800000) (1024K)]
  0x0000027cc25d7450 JavaThread "C2 CompilerThread0"         daemon [_thread_blocked, id=20936, stack(0x000000d50d800000,0x000000d50d900000) (1024K)]
  0x0000027cc25d8910 JavaThread "C1 CompilerThread0"         daemon [_thread_blocked, id=32684, stack(0x000000d50d900000,0x000000d50da00000) (1024K)]
  0x0000027cc2665730 JavaThread "Notification Thread"        daemon [_thread_blocked, id=37168, stack(0x000000d50da00000,0x000000d50db00000) (1024K)]
  0x0000027cc269b8c0 JavaThread "Common-Cleaner"             daemon [_thread_blocked, id=18152, stack(0x000000d50db00000,0x000000d50dc00000) (1024K)]
  0x0000027d08542cc0 JavaThread "Java2D Disposer"            daemon [_thread_blocked, id=9824, stack(0x000000d50e000000,0x000000d50e100000) (1024K)]
  0x0000027d08545410 JavaThread "AWT-Shutdown"                      [_thread_blocked, id=28524, stack(0x000000d50e100000,0x000000d50e200000) (1024K)]
  0x0000027d0854cdb0 JavaThread "mysql-cj-abandoned-connection-cleanup" daemon [_thread_blocked, id=32316, stack(0x000000d50e300000,0x000000d50e400000) (1024K)]
  0x0000027d0854e6d0 JavaThread "AWT-EventQueue-0"                  [_thread_blocked, id=12884, stack(0x000000d50e400000,0x000000d50e500000) (1024K)]
  0x0000027c905f1ed0 JavaThread "DestroyJavaVM"                     [_thread_blocked, id=17880, stack(0x000000d50ca00000,0x000000d50cb00000) (1024K)]
  0x0000027d08605ea0 JavaThread "TimerQueue"                 daemon [_thread_blocked, id=616, stack(0x000000d50e500000,0x000000d50e600000) (1024K)]
Total: 16

Other Threads:
=>0x0000027cbf207760 VMThread "VM Thread"                           [id=14880, stack(0x000000d50d100000,0x000000d50d200000) (1024K)]
  0x0000027c92c54710 WorkerThread "GC Thread#0"                     [id=29244, stack(0x000000d50cb00000,0x000000d50cc00000) (1024K)]
  0x0000027d084eea50 WorkerThread "GC Thread#1"                     [id=30040, stack(0x000000d50dd00000,0x000000d50de00000) (1024K)]
  0x0000027d084edb90 WorkerThread "GC Thread#2"                     [id=6536, stack(0x000000d50de00000,0x000000d50df00000) (1024K)]
  0x0000027d084ed430 WorkerThread "GC Thread#3"                     [id=5056, stack(0x000000d50ed00000,0x000000d50ee00000) (1024K)]
  0x0000027d084ed7e0 WorkerThread "GC Thread#4"                     [id=1916, stack(0x000000d50ee00000,0x000000d50ef00000) (1024K)]
  0x0000027d084edf40 WorkerThread "GC Thread#5"                     [id=20704, stack(0x000000d50ef00000,0x000000d50f000000) (1024K)]
  0x0000027d084eee00 WorkerThread "GC Thread#6"                     [id=13724, stack(0x000000d50f000000,0x000000d50f100000) (1024K)]
  0x0000027d084ee2f0 WorkerThread "GC Thread#7"                     [id=38640, stack(0x000000d50f100000,0x000000d50f200000) (1024K)]
  0x0000027cc26e2e10 WorkerThread "GC Thread#8"                     [id=35396, stack(0x000000d50f200000,0x000000d50f300000) (1024K)]
  0x0000027cc26e1440 WorkerThread "GC Thread#9"                     [id=17392, stack(0x000000d50f300000,0x000000d50f400000) (1024K)]
  0x0000027cc26e0ce0 WorkerThread "GC Thread#10"                    [id=14712, stack(0x000000d50f400000,0x000000d50f500000) (1024K)]
  0x0000027cc26e31c0 WorkerThread "GC Thread#11"                    [id=3416, stack(0x000000d50f500000,0x000000d50f600000) (1024K)]
  0x0000027cc26e17f0 WorkerThread "GC Thread#12"                    [id=22284, stack(0x000000d50f600000,0x000000d50f700000) (1024K)]
  0x0000027cc26e2300 WorkerThread "GC Thread#13"                    [id=14644, stack(0x000000d50f700000,0x000000d50f800000) (1024K)]
  0x0000027cc26e26b0 WorkerThread "GC Thread#14"                    [id=32008, stack(0x000000d50f800000,0x000000d50f900000) (1024K)]
  0x0000027cc26e2a60 WorkerThread "GC Thread#15"                    [id=12100, stack(0x000000d50f900000,0x000000d50fa00000) (1024K)]
  0x0000027cc26e4430 WorkerThread "GC Thread#16"                    [id=7068, stack(0x000000d50fa00000,0x000000d50fb00000) (1024K)]
  0x0000027cc26e47e0 WorkerThread "GC Thread#17"                    [id=37676, stack(0x000000d50fb00000,0x000000d50fc00000) (1024K)]
  0x0000027c92c696e0 ConcurrentGCThread "G1 Main Marker"            terminated
  0x0000027c92c6bc10 WorkerThread "G1 Conc#0"                       [id=28904, stack(0x000000d50cd00000,0x000000d50ce00000) (1024K)]
  0x0000027cbf1277c0 ConcurrentGCThread "G1 Refine#0"               terminated
  0x0000027cbf127df0 ConcurrentGCThread "G1 Service"                terminated
Total: 23

Threads with active compile tasks:
Total: 0

VM state: at safepoint (shutting down)

VM Mutex/Monitor currently owned by a thread:  ([mutex/lock_event])
[0x00007ffc911144f0] Threads_lock - owner thread: 0x0000027cbf207760
[0x00007ffc911145f0] Heap_lock - owner thread: 0x0000027d0854e6d0

Heap address: 0x000000040a000000, size: 16224 MB, Compressed Oops mode: Zero based, Oop shift amount: 3

CDS archive(s) mapped at: [0x0000027cc3000000-0x0000027cc3d40000-0x0000027cc3d40000), size 13893632, SharedBaseAddress: 0x0000027cc3000000, ArchiveRelocationMode: 1.
Compressed class space mapped at: 0x0000027cc4000000-0x0000027d04000000, reserved size: 1073741824
UseCompressedClassPointers 1, UseCompactObjectHeaders 0
Narrow klass pointer bits 32, Max shift 3
Narrow klass base: 0x0000027cc3000000, Narrow klass shift: 0
Encoding Range: [0x0000027cc3000000 - 0x0000027dc3000000), (4294967296 bytes)
Klass Range:    [0x0000027cc3000000 - 0x0000027d04000000), (1090519040 bytes)
Klass ID Range:  [8 - 1090519033) (1090519025)

GC Precious Log:
 CardTable entry size: 512
 Card Set container configuration: InlinePtr #cards 4 size 8 Array Of Cards #cards 64 size 144 Howl #buckets 8 coarsen threshold 14745 Howl Bitmap #cards 2048 size 272 coarsen threshold 1843 Card regions per heap region 1 cards per card region 16384
 CPUs: 24 total, 24 available
 Memory: 64876M
 Large Page Support: Disabled
 NUMA Support: Disabled
 Compressed Oops: Enabled (Zero based)
 Heap Region Size: 8M
 Heap Min Capacity: 8M
 Heap Initial Capacity: 1016M
 Heap Max Capacity: 16224M
 Pre-touch: Disabled
 Parallel Workers: 18
 Concurrent Workers: 5
 Concurrent Refinement Workers: 18
 Periodic GC: Disabled

Heap:
 garbage-first heap   total reserved 16613376K, committed 1048576K, used 73722K [0x000000040a000000, 0x0000000800000000)
  region size 8192K, 7 young (57344K), 1 survivors (8192K)
 Metaspace       used 19327K, committed 19904K, reserved 1114112K
  class space    used 1818K, committed 2048K, reserved 1048576K

Heap Regions: E=young(eden), S=young(survivor), O=old, HS=humongous(starts), HC=humongous(continues), CS=collection set, F=free, TAMS=top-at-mark-start, PB=parsable bottom
|   0|0x000000040a000000, 0x000000040a800000, 0x000000040a800000|100%|HS|  |TAMS 0x000000040a000000| PB 0x000000040a000000| Complete |  0
|   1|0x000000040a800000, 0x000000040b000000, 0x000000040b000000|100%|HS|  |TAMS 0x000000040a800000| PB 0x000000040a800000| Complete |  0
|   2|0x000000040b000000, 0x000000040b800000, 0x000000040b800000|100%|HC|  |TAMS 0x000000040b000000| PB 0x000000040b000000| Complete |  0
|   3|0x000000040b800000, 0x000000040b800000, 0x000000040c000000|  0%| F|  |TAMS 0x000000040b800000| PB 0x000000040b800000| Untracked |  0
|   4|0x000000040c000000, 0x000000040c000000, 0x000000040c800000|  0%| F|  |TAMS 0x000000040c000000| PB 0x000000040c000000| Untracked |  0
|   5|0x000000040c800000, 0x000000040c800000, 0x000000040d000000|  0%| F|  |TAMS 0x000000040c800000| PB 0x000000040c800000| Untracked |  0
|   6|0x000000040d000000, 0x000000040d000000, 0x000000040d800000|  0%| F|  |TAMS 0x000000040d000000| PB 0x000000040d000000| Untracked |  0
|   7|0x000000040d800000, 0x000000040d800000, 0x000000040e000000|  0%| F|  |TAMS 0x000000040d800000| PB 0x000000040d800000| Untracked |  0
|   8|0x000000040e000000, 0x000000040e000000, 0x000000040e800000|  0%| F|  |TAMS 0x000000040e000000| PB 0x000000040e000000| Untracked |  0
|   9|0x000000040e800000, 0x000000040e800000, 0x000000040f000000|  0%| F|  |TAMS 0x000000040e800000| PB 0x000000040e800000| Untracked |  0
|  10|0x000000040f000000, 0x000000040f000000, 0x000000040f800000|  0%| F|  |TAMS 0x000000040f000000| PB 0x000000040f000000| Untracked |  0
|  11|0x000000040f800000, 0x000000040f800000, 0x0000000410000000|  0%| F|  |TAMS 0x000000040f800000| PB 0x000000040f800000| Untracked |  0
|  12|0x0000000410000000, 0x0000000410000000, 0x0000000410800000|  0%| F|  |TAMS 0x0000000410000000| PB 0x0000000410000000| Untracked |  0
|  13|0x0000000410800000, 0x0000000410800000, 0x0000000411000000|  0%| F|  |TAMS 0x0000000410800000| PB 0x0000000410800000| Untracked |  0
|  14|0x0000000411000000, 0x0000000411000000, 0x0000000411800000|  0%| F|  |TAMS 0x0000000411000000| PB 0x0000000411000000| Untracked |  0
|  15|0x0000000411800000, 0x0000000411800000, 0x0000000412000000|  0%| F|  |TAMS 0x0000000411800000| PB 0x0000000411800000| Untracked |  0
|  16|0x0000000412000000, 0x0000000412000000, 0x0000000412800000|  0%| F|  |TAMS 0x0000000412000000| PB 0x0000000412000000| Untracked |  0
|  17|0x0000000412800000, 0x0000000412800000, 0x0000000413000000|  0%| F|  |TAMS 0x0000000412800000| PB 0x0000000412800000| Untracked |  0
|  18|0x0000000413000000, 0x0000000413000000, 0x0000000413800000|  0%| F|  |TAMS 0x0000000413000000| PB 0x0000000413000000| Untracked |  0
|  19|0x0000000413800000, 0x0000000413800000, 0x0000000414000000|  0%| F|  |TAMS 0x0000000413800000| PB 0x0000000413800000| Untracked |  0
|  20|0x0000000414000000, 0x0000000414000000, 0x0000000414800000|  0%| F|  |TAMS 0x0000000414000000| PB 0x0000000414000000| Untracked |  0
|  21|0x0000000414800000, 0x0000000414800000, 0x0000000415000000|  0%| F|  |TAMS 0x0000000414800000| PB 0x0000000414800000| Untracked |  0
|  22|0x0000000415000000, 0x0000000415000000, 0x0000000415800000|  0%| F|  |TAMS 0x0000000415000000| PB 0x0000000415000000| Untracked |  0
|  23|0x0000000415800000, 0x0000000415800000, 0x0000000416000000|  0%| F|  |TAMS 0x0000000415800000| PB 0x0000000415800000| Untracked |  0
|  24|0x0000000416000000, 0x0000000416000000, 0x0000000416800000|  0%| F|  |TAMS 0x0000000416000000| PB 0x0000000416000000| Untracked |  0
|  25|0x0000000416800000, 0x0000000416800000, 0x0000000417000000|  0%| F|  |TAMS 0x0000000416800000| PB 0x0000000416800000| Untracked |  0
|  26|0x0000000417000000, 0x0000000417000000, 0x0000000417800000|  0%| F|  |TAMS 0x0000000417000000| PB 0x0000000417000000| Untracked |  0
|  27|0x0000000417800000, 0x0000000417800000, 0x0000000418000000|  0%| F|  |TAMS 0x0000000417800000| PB 0x0000000417800000| Untracked |  0
|  28|0x0000000418000000, 0x0000000418000000, 0x0000000418800000|  0%| F|  |TAMS 0x0000000418000000| PB 0x0000000418000000| Untracked |  0
|  29|0x0000000418800000, 0x0000000418800000, 0x0000000419000000|  0%| F|  |TAMS 0x0000000418800000| PB 0x0000000418800000| Untracked |  0
|  30|0x0000000419000000, 0x0000000419000000, 0x0000000419800000|  0%| F|  |TAMS 0x0000000419000000| PB 0x0000000419000000| Untracked |  0
|  31|0x0000000419800000, 0x0000000419800000, 0x000000041a000000|  0%| F|  |TAMS 0x0000000419800000| PB 0x0000000419800000| Untracked |  0
|  32|0x000000041a000000, 0x000000041a000000, 0x000000041a800000|  0%| F|  |TAMS 0x000000041a000000| PB 0x000000041a000000| Untracked |  0
|  33|0x000000041a800000, 0x000000041a800000, 0x000000041b000000|  0%| F|  |TAMS 0x000000041a800000| PB 0x000000041a800000| Untracked |  0
|  34|0x000000041b000000, 0x000000041b000000, 0x000000041b800000|  0%| F|  |TAMS 0x000000041b000000| PB 0x000000041b000000| Untracked |  0
|  35|0x000000041b800000, 0x000000041b800000, 0x000000041c000000|  0%| F|  |TAMS 0x000000041b800000| PB 0x000000041b800000| Untracked |  0
|  36|0x000000041c000000, 0x000000041c000000, 0x000000041c800000|  0%| F|  |TAMS 0x000000041c000000| PB 0x000000041c000000| Untracked |  0
|  37|0x000000041c800000, 0x000000041c800000, 0x000000041d000000|  0%| F|  |TAMS 0x000000041c800000| PB 0x000000041c800000| Untracked |  0
|  38|0x000000041d000000, 0x000000041d000000, 0x000000041d800000|  0%| F|  |TAMS 0x000000041d000000| PB 0x000000041d000000| Untracked |  0
|  39|0x000000041d800000, 0x000000041d800000, 0x000000041e000000|  0%| F|  |TAMS 0x000000041d800000| PB 0x000000041d800000| Untracked |  0
|  40|0x000000041e000000, 0x000000041e000000, 0x000000041e800000|  0%| F|  |TAMS 0x000000041e000000| PB 0x000000041e000000| Untracked |  0
|  41|0x000000041e800000, 0x000000041e800000, 0x000000041f000000|  0%| F|  |TAMS 0x000000041e800000| PB 0x000000041e800000| Untracked |  0
|  42|0x000000041f000000, 0x000000041f000000, 0x000000041f800000|  0%| F|  |TAMS 0x000000041f000000| PB 0x000000041f000000| Untracked |  0
|  43|0x000000041f800000, 0x000000041f800000, 0x0000000420000000|  0%| F|  |TAMS 0x000000041f800000| PB 0x000000041f800000| Untracked |  0
|  44|0x0000000420000000, 0x0000000420000000, 0x0000000420800000|  0%| F|  |TAMS 0x0000000420000000| PB 0x0000000420000000| Untracked |  0
|  45|0x0000000420800000, 0x0000000420800000, 0x0000000421000000|  0%| F|  |TAMS 0x0000000420800000| PB 0x0000000420800000| Untracked |  0
|  46|0x0000000421000000, 0x0000000421000000, 0x0000000421800000|  0%| F|  |TAMS 0x0000000421000000| PB 0x0000000421000000| Untracked |  0
|  47|0x0000000421800000, 0x0000000421800000, 0x0000000422000000|  0%| F|  |TAMS 0x0000000421800000| PB 0x0000000421800000| Untracked |  0
|  48|0x0000000422000000, 0x0000000422000000, 0x0000000422800000|  0%| F|  |TAMS 0x0000000422000000| PB 0x0000000422000000| Untracked |  0
|  49|0x0000000422800000, 0x0000000422800000, 0x0000000423000000|  0%| F|  |TAMS 0x0000000422800000| PB 0x0000000422800000| Untracked |  0
|  50|0x0000000423000000, 0x0000000423000000, 0x0000000423800000|  0%| F|  |TAMS 0x0000000423000000| PB 0x0000000423000000| Untracked |  0
|  51|0x0000000423800000, 0x0000000423800000, 0x0000000424000000|  0%| F|  |TAMS 0x0000000423800000| PB 0x0000000423800000| Untracked |  0
|  52|0x0000000424000000, 0x0000000424000000, 0x0000000424800000|  0%| F|  |TAMS 0x0000000424000000| PB 0x0000000424000000| Untracked |  0
|  53|0x0000000424800000, 0x0000000424800000, 0x0000000425000000|  0%| F|  |TAMS 0x0000000424800000| PB 0x0000000424800000| Untracked |  0
|  54|0x0000000425000000, 0x0000000425000000, 0x0000000425800000|  0%| F|  |TAMS 0x0000000425000000| PB 0x0000000425000000| Untracked |  0
|  55|0x0000000425800000, 0x0000000425800000, 0x0000000426000000|  0%| F|  |TAMS 0x0000000425800000| PB 0x0000000425800000| Untracked |  0
|  56|0x0000000426000000, 0x0000000426000000, 0x0000000426800000|  0%| F|  |TAMS 0x0000000426000000| PB 0x0000000426000000| Untracked |  0
|  57|0x0000000426800000, 0x0000000426800000, 0x0000000427000000|  0%| F|  |TAMS 0x0000000426800000| PB 0x0000000426800000| Untracked |  0
|  58|0x0000000427000000, 0x0000000427000000, 0x0000000427800000|  0%| F|  |TAMS 0x0000000427000000| PB 0x0000000427000000| Untracked |  0
|  59|0x0000000427800000, 0x0000000427800000, 0x0000000428000000|  0%| F|  |TAMS 0x0000000427800000| PB 0x0000000427800000| Untracked |  0
|  60|0x0000000428000000, 0x0000000428000000, 0x0000000428800000|  0%| F|  |TAMS 0x0000000428000000| PB 0x0000000428000000| Untracked |  0
|  61|0x0000000428800000, 0x0000000428800000, 0x0000000429000000|  0%| F|  |TAMS 0x0000000428800000| PB 0x0000000428800000| Untracked |  0
|  62|0x0000000429000000, 0x0000000429000000, 0x0000000429800000|  0%| F|  |TAMS 0x0000000429000000| PB 0x0000000429000000| Untracked |  0
|  63|0x0000000429800000, 0x0000000429800000, 0x000000042a000000|  0%| F|  |TAMS 0x0000000429800000| PB 0x0000000429800000| Untracked |  0
|  64|0x000000042a000000, 0x000000042a000000, 0x000000042a800000|  0%| F|  |TAMS 0x000000042a000000| PB 0x000000042a000000| Untracked |  0
|  65|0x000000042a800000, 0x000000042a800000, 0x000000042b000000|  0%| F|  |TAMS 0x000000042a800000| PB 0x000000042a800000| Untracked |  0
|  66|0x000000042b000000, 0x000000042b000000, 0x000000042b800000|  0%| F|  |TAMS 0x000000042b000000| PB 0x000000042b000000| Untracked |  0
|  67|0x000000042b800000, 0x000000042b800000, 0x000000042c000000|  0%| F|  |TAMS 0x000000042b800000| PB 0x000000042b800000| Untracked |  0
|  68|0x000000042c000000, 0x000000042c000000, 0x000000042c800000|  0%| F|  |TAMS 0x000000042c000000| PB 0x000000042c000000| Untracked |  0
|  69|0x000000042c800000, 0x000000042c800000, 0x000000042d000000|  0%| F|  |TAMS 0x000000042c800000| PB 0x000000042c800000| Untracked |  0
|  70|0x000000042d000000, 0x000000042d000000, 0x000000042d800000|  0%| F|  |TAMS 0x000000042d000000| PB 0x000000042d000000| Untracked |  0
|  71|0x000000042d800000, 0x000000042d800000, 0x000000042e000000|  0%| F|  |TAMS 0x000000042d800000| PB 0x000000042d800000| Untracked |  0
|  72|0x000000042e000000, 0x000000042e000000, 0x000000042e800000|  0%| F|  |TAMS 0x000000042e000000| PB 0x000000042e000000| Untracked |  0
|  73|0x000000042e800000, 0x000000042e800000, 0x000000042f000000|  0%| F|  |TAMS 0x000000042e800000| PB 0x000000042e800000| Untracked |  0
|  74|0x000000042f000000, 0x000000042f000000, 0x000000042f800000|  0%| F|  |TAMS 0x000000042f000000| PB 0x000000042f000000| Untracked |  0
|  75|0x000000042f800000, 0x000000042f800000, 0x0000000430000000|  0%| F|  |TAMS 0x000000042f800000| PB 0x000000042f800000| Untracked |  0
|  76|0x0000000430000000, 0x0000000430000000, 0x0000000430800000|  0%| F|  |TAMS 0x0000000430000000| PB 0x0000000430000000| Untracked |  0
|  77|0x0000000430800000, 0x0000000430800000, 0x0000000431000000|  0%| F|  |TAMS 0x0000000430800000| PB 0x0000000430800000| Untracked |  0
|  78|0x0000000431000000, 0x0000000431000000, 0x0000000431800000|  0%| F|  |TAMS 0x0000000431000000| PB 0x0000000431000000| Untracked |  0
|  79|0x0000000431800000, 0x0000000431800000, 0x0000000432000000|  0%| F|  |TAMS 0x0000000431800000| PB 0x0000000431800000| Untracked |  0
|  80|0x0000000432000000, 0x0000000432000000, 0x0000000432800000|  0%| F|  |TAMS 0x0000000432000000| PB 0x0000000432000000| Untracked |  0
|  81|0x0000000432800000, 0x0000000432800000, 0x0000000433000000|  0%| F|  |TAMS 0x0000000432800000| PB 0x0000000432800000| Untracked |  0
|  82|0x0000000433000000, 0x0000000433000000, 0x0000000433800000|  0%| F|  |TAMS 0x0000000433000000| PB 0x0000000433000000| Untracked |  0
|  83|0x0000000433800000, 0x0000000433800000, 0x0000000434000000|  0%| F|  |TAMS 0x0000000433800000| PB 0x0000000433800000| Untracked |  0
|  84|0x0000000434000000, 0x0000000434000000, 0x0000000434800000|  0%| F|  |TAMS 0x0000000434000000| PB 0x0000000434000000| Untracked |  0
|  85|0x0000000434800000, 0x0000000434800000, 0x0000000435000000|  0%| F|  |TAMS 0x0000000434800000| PB 0x0000000434800000| Untracked |  0
|  86|0x0000000435000000, 0x0000000435000000, 0x0000000435800000|  0%| F|  |TAMS 0x0000000435000000| PB 0x0000000435000000| Untracked |  0
|  87|0x0000000435800000, 0x0000000435800000, 0x0000000436000000|  0%| F|  |TAMS 0x0000000435800000| PB 0x0000000435800000| Untracked |  0
|  88|0x0000000436000000, 0x0000000436000000, 0x0000000436800000|  0%| F|  |TAMS 0x0000000436000000| PB 0x0000000436000000| Untracked |  0
|  89|0x0000000436800000, 0x0000000436800000, 0x0000000437000000|  0%| F|  |TAMS 0x0000000436800000| PB 0x0000000436800000| Untracked |  0
|  90|0x0000000437000000, 0x0000000437000000, 0x0000000437800000|  0%| F|  |TAMS 0x0000000437000000| PB 0x0000000437000000| Untracked |  0
|  91|0x0000000437800000, 0x0000000437800000, 0x0000000438000000|  0%| F|  |TAMS 0x0000000437800000| PB 0x0000000437800000| Untracked |  0
|  92|0x0000000438000000, 0x0000000438000000, 0x0000000438800000|  0%| F|  |TAMS 0x0000000438000000| PB 0x0000000438000000| Untracked |  0
|  93|0x0000000438800000, 0x0000000438800000, 0x0000000439000000|  0%| F|  |TAMS 0x0000000438800000| PB 0x0000000438800000| Untracked |  0
|  94|0x0000000439000000, 0x0000000439000000, 0x0000000439800000|  0%| F|  |TAMS 0x0000000439000000| PB 0x0000000439000000| Untracked |  0
|  95|0x0000000439800000, 0x0000000439800000, 0x000000043a000000|  0%| F|  |TAMS 0x0000000439800000| PB 0x0000000439800000| Untracked |  0
|  96|0x000000043a000000, 0x000000043a000000, 0x000000043a800000|  0%| F|  |TAMS 0x000000043a000000| PB 0x000000043a000000| Untracked |  0
|  97|0x000000043a800000, 0x000000043a800000, 0x000000043b000000|  0%| F|  |TAMS 0x000000043a800000| PB 0x000000043a800000| Untracked |  0
|  98|0x000000043b000000, 0x000000043b000000, 0x000000043b800000|  0%| F|  |TAMS 0x000000043b000000| PB 0x000000043b000000| Untracked |  0
|  99|0x000000043b800000, 0x000000043b800000, 0x000000043c000000|  0%| F|  |TAMS 0x000000043b800000| PB 0x000000043b800000| Untracked |  0
| 100|0x000000043c000000, 0x000000043c000000, 0x000000043c800000|  0%| F|  |TAMS 0x000000043c000000| PB 0x000000043c000000| Untracked |  0
| 101|0x000000043c800000, 0x000000043c800000, 0x000000043d000000|  0%| F|  |TAMS 0x000000043c800000| PB 0x000000043c800000| Untracked |  0
| 102|0x000000043d000000, 0x000000043d000000, 0x000000043d800000|  0%| F|  |TAMS 0x000000043d000000| PB 0x000000043d000000| Untracked |  0
| 103|0x000000043d800000, 0x000000043d800000, 0x000000043e000000|  0%| F|  |TAMS 0x000000043d800000| PB 0x000000043d800000| Untracked |  0
| 104|0x000000043e000000, 0x000000043e000000, 0x000000043e800000|  0%| F|  |TAMS 0x000000043e000000| PB 0x000000043e000000| Untracked |  0
| 105|0x000000043e800000, 0x000000043e800000, 0x000000043f000000|  0%| F|  |TAMS 0x000000043e800000| PB 0x000000043e800000| Untracked |  0
| 106|0x000000043f000000, 0x000000043f000000, 0x000000043f800000|  0%| F|  |TAMS 0x000000043f000000| PB 0x000000043f000000| Untracked |  0
| 107|0x000000043f800000, 0x000000043f800000, 0x0000000440000000|  0%| F|  |TAMS 0x000000043f800000| PB 0x000000043f800000| Untracked |  0
| 108|0x0000000440000000, 0x0000000440000000, 0x0000000440800000|  0%| F|  |TAMS 0x0000000440000000| PB 0x0000000440000000| Untracked |  0
| 109|0x0000000440800000, 0x0000000440800000, 0x0000000441000000|  0%| F|  |TAMS 0x0000000440800000| PB 0x0000000440800000| Untracked |  0
| 110|0x0000000441000000, 0x0000000441000000, 0x0000000441800000|  0%| F|  |TAMS 0x0000000441000000| PB 0x0000000441000000| Untracked |  0
| 111|0x0000000441800000, 0x0000000441800000, 0x0000000442000000|  0%| F|  |TAMS 0x0000000441800000| PB 0x0000000441800000| Untracked |  0
| 112|0x0000000442000000, 0x0000000442000000, 0x0000000442800000|  0%| F|  |TAMS 0x0000000442000000| PB 0x0000000442000000| Untracked |  0
| 113|0x0000000442800000, 0x0000000442800000, 0x0000000443000000|  0%| F|  |TAMS 0x0000000442800000| PB 0x0000000442800000| Untracked |  0
| 114|0x0000000443000000, 0x0000000443000000, 0x0000000443800000|  0%| F|  |TAMS 0x0000000443000000| PB 0x0000000443000000| Untracked |  0
| 115|0x0000000443800000, 0x0000000443800000, 0x0000000444000000|  0%| F|  |TAMS 0x0000000443800000| PB 0x0000000443800000| Untracked |  0
| 116|0x0000000444000000, 0x0000000444000000, 0x0000000444800000|  0%| F|  |TAMS 0x0000000444000000| PB 0x0000000444000000| Untracked |  0
| 117|0x0000000444800000, 0x0000000444800000, 0x0000000445000000|  0%| F|  |TAMS 0x0000000444800000| PB 0x0000000444800000| Untracked |  0
| 118|0x0000000445000000, 0x0000000445000000, 0x0000000445800000|  0%| F|  |TAMS 0x0000000445000000| PB 0x0000000445000000| Untracked |  0
| 119|0x0000000445800000, 0x0000000445800000, 0x0000000446000000|  0%| F|  |TAMS 0x0000000445800000| PB 0x0000000445800000| Untracked |  0
| 120|0x0000000446000000, 0x00000004466e1650, 0x0000000446800000| 86%| S|CS|TAMS 0x0000000446000000| PB 0x0000000446000000| Complete |  0
| 121|0x0000000446800000, 0x0000000446f1e468, 0x0000000447000000| 88%| E|  |TAMS 0x0000000446800000| PB 0x0000000446800000| Complete |  0
| 122|0x0000000447000000, 0x0000000447800000, 0x0000000447800000|100%| E|CS|TAMS 0x0000000447000000| PB 0x0000000447000000| Complete |  0
| 123|0x0000000447800000, 0x0000000448000000, 0x0000000448000000|100%| E|CS|TAMS 0x0000000447800000| PB 0x0000000447800000| Complete |  0
| 124|0x0000000448000000, 0x0000000448800000, 0x0000000448800000|100%| E|CS|TAMS 0x0000000448000000| PB 0x0000000448000000| Complete |  0
| 125|0x0000000448800000, 0x0000000449000000, 0x0000000449000000|100%| E|CS|TAMS 0x0000000448800000| PB 0x0000000448800000| Complete |  0
| 126|0x0000000449000000, 0x0000000449800000, 0x0000000449800000|100%| E|CS|TAMS 0x0000000449000000| PB 0x0000000449000000| Complete |  0
|2027|0x00000007ff800000, 0x00000007ff91d248, 0x0000000800000000| 13%| O|  |TAMS 0x00000007ff800000| PB 0x00000007ff800000| Untracked |  0

Card table byte_map: [0x0000027cad1d0000,0x0000027caf180000] _byte_map_base: 0x0000027cab180000

Marking Bits: (CMBitMap*) 0x0000027c92c54e20
 Bits: [0x0000027caf180000, 0x0000027cbef00000)

Polling page: 0x0000027c909f0000

Metaspace:

Usage:
  Non-class:     17.10 MB used.
      Class:      1.78 MB used.
       Both:     18.87 MB used.

Virtual space:
  Non-class space:       64.00 MB reserved,      17.44 MB ( 27%) committed,  1 nodes.
      Class space:        1.00 GB reserved,       2.00 MB ( <1%) committed,  1 nodes.
             Both:        1.06 GB reserved,      19.44 MB (  2%) committed. 

Chunk freelists:
   Non-Class:  14.31 MB
       Class:  13.93 MB
        Both:  28.24 MB

MaxMetaspaceSize: unlimited
CompressedClassSpaceSize: 1.00 GB
Initial GC threshold: 21.00 MB
Current GC threshold: 21.00 MB
CDS: on
 - commit_granule_bytes: 65536.
 - commit_granule_words: 8192.
 - virtual_space_node_default_size: 8388608.
 - enlarge_chunks_in_place: 1.
UseCompressedClassPointers 1, UseCompactObjectHeaders 0
Narrow klass pointer bits 32, Max shift 3
Narrow klass base: 0x0000027cc3000000, Narrow klass shift: 0
Encoding Range: [0x0000027cc3000000 - 0x0000027dc3000000), (4294967296 bytes)
Klass Range:    [0x0000027cc3000000 - 0x0000027d04000000), (1090519040 bytes)
Klass ID Range:  [8 - 1090519033) (1090519025)


Internal statistics:

num_allocs_failed_limit: 0.
num_arena_births: 660.
num_arena_deaths: 0.
num_vsnodes_births: 2.
num_vsnodes_deaths: 0.
num_space_committed: 311.
num_space_uncommitted: 0.
num_chunks_returned_to_freelist: 0.
num_chunks_taken_from_freelist: 965.
num_chunk_merges: 0.
num_chunk_splits: 592.
num_chunks_enlarged: 343.
num_inconsistent_stats: 0.

CodeHeap 'non-profiled nmethods': size=119232Kb used=1445Kb max_used=1445Kb free=117786Kb
 bounds [0x0000027ca2fe0000, 0x0000027ca3250000, 0x0000027caa450000]
CodeHeap 'profiled nmethods': size=119104Kb used=7139Kb max_used=7139Kb free=111964Kb
 bounds [0x0000027c9b450000, 0x0000027c9bb50000, 0x0000027ca28a0000]
CodeHeap 'non-nmethods': size=7424Kb used=1716Kb max_used=3548Kb free=5707Kb
 bounds [0x0000027ca28a0000, 0x0000027ca2c70000, 0x0000027ca2fe0000]
CodeCache: size=245760Kb, used=10300Kb, max_used=12132Kb, free=235457Kb
 total_blobs=5001, nmethods=4113, adapters=780, full_count=0
Compilation: enabled, stopped_count=0, restarted_count=0

Compilation events (20 events):
Event: 47.092 Thread 0x0000027cc25d8910 4103       1       javax.swing.plaf.basic.BasicScrollBarUI::getThumbBounds (5 bytes)
Event: 47.092 Thread 0x0000027cc25d8910 nmethod 4103 0x0000027ca3147808 code [0x0000027ca3147900, 0x0000027ca31479c8]
Event: 47.194 Thread 0x0000027cc25d7450 4104       4       java.awt.Rectangle::clip (39 bytes)
Event: 47.195 Thread 0x0000027cc25d7450 nmethod 4104 0x0000027ca3147f08 code [0x0000027ca3148040, 0x0000027ca3148158]
Event: 47.228 Thread 0x0000027cc25d8910 4106       1       javax.swing.plaf.basic.BasicScrollBarUI::getTrackBounds (5 bytes)
Event: 47.228 Thread 0x0000027cc25d8910 nmethod 4106 0x0000027ca3148208 code [0x0000027ca3148300, 0x0000027ca31483c8]
Event: 47.228 Thread 0x0000027cc25d8910 4107       3       com.sun.java.swing.plaf.windows.XPStyle$Skin::paintSkin (23 bytes)
Event: 47.229 Thread 0x0000027cc25d8910 nmethod 4107 0x0000027c9bb45f88 code [0x0000027c9bb460a0, 0x0000027c9bb46218]
Event: 47.229 Thread 0x0000027cc25d8910 4108       3       com.sun.java.swing.plaf.windows.WindowsScrollBarUI$WindowsArrowButton::paint (576 bytes)
Event: 47.230 Thread 0x0000027cc25d8910 nmethod 4108 0x0000027c9bb46288 code [0x0000027c9bb46560, 0x0000027c9bb48120]
Event: 47.285 Thread 0x0000027cc25d8910 4109       3       java.awt.Container::getFocusTraversalKeys (26 bytes)
Event: 47.285 Thread 0x0000027cc25d8910 nmethod 4109 0x0000027c9bb48288 code [0x0000027c9bb483c0, 0x0000027c9bb486a0]
Event: 110.225 Thread 0x0000027cc25d8910 4110       3       jdk.internal.loader.URLClassPath$JarLoader::findResource (17 bytes)
Event: 110.225 Thread 0x0000027cc25d8910 nmethod 4110 0x0000027c9bb48708 code [0x0000027c9bb48840, 0x0000027c9bb48a28]
Event: 111.461 Thread 0x0000027cc25d7450 4111       4       sun.util.logging.PlatformLogger::isLoggable (23 bytes)
Event: 111.464 Thread 0x0000027cc25d7450 nmethod 4111 0x0000027ca3148508 code [0x0000027ca31486a0, 0x0000027ca3149010]
Event: 111.464 Thread 0x0000027cc25d8910 4112       3       javax.swing.InputMap::size (17 bytes)
Event: 111.465 Thread 0x0000027cc25d8910 nmethod 4112 0x0000027c9bb48a88 code [0x0000027c9bb48bc0, 0x0000027c9bb48d78]
Event: 112.150 Thread 0x0000027cc25d7450 4113       4       sun.awt.AWTAutoShutdown::notifyToolkitThreadBusy (8 bytes)
Event: 112.151 Thread 0x0000027cc25d7450 nmethod 4113 0x0000027ca3149108 code [0x0000027ca3149240, 0x0000027ca3149720]

GC Heap History (2 events):
Event: 28.335 GC heap before
{Heap before GC invocations=0 (full 0):
 garbage-first heap   total reserved 16613376K, committed 1048576K, used 74868K [0x000000040a000000, 0x0000000800000000)
  region size 8192K, 6 young (49152K), 0 survivors (0K)
 Metaspace       used 12580K, committed 12800K, reserved 1114112K
  class space    used 1089K, committed 1216K, reserved 1048576K
}
Event: 28.338 GC heap after
{Heap after GC invocations=1 (full 0):
 garbage-first heap   total reserved 16613376K, committed 1048576K, used 32762K [0x000000040a000000, 0x0000000800000000)
  region size 8192K, 1 young (8192K), 1 survivors (8192K)
 Metaspace       used 12580K, committed 12800K, reserved 1114112K
  class space    used 1089K, committed 1216K, reserved 1048576K
}

Dll operation events (13 events):
Event: 0.006 Loaded shared library C:\Program Files\Java\jdk-24\bin\java.dll
Event: 0.026 Loaded shared library C:\Program Files\Java\jdk-24\bin\jsvml.dll
Event: 0.029 Loaded shared library C:\Program Files\Java\jdk-24\bin\net.dll
Event: 0.030 Loaded shared library C:\Program Files\Java\jdk-24\bin\nio.dll
Event: 0.031 Loaded shared library C:\Program Files\Java\jdk-24\bin\zip.dll
Event: 0.044 Loaded shared library C:\Program Files\Java\jdk-24\bin\jimage.dll
Event: 0.053 Loaded shared library C:\Program Files\Java\jdk-24\bin\awt.dll
Event: 0.132 Loaded shared library C:\Program Files\Java\jdk-24\bin\freetype.dll
Event: 0.133 Loaded shared library C:\Program Files\Java\jdk-24\bin\fontmanager.dll
Event: 0.231 Loaded shared library C:\Windows\System32\dpuareu_jni.dll
Event: 28.345 Loaded shared library C:\Windows\System32\ucrtbase.dll
Event: 28.347 Loaded shared library C:\Program Files\Java\jdk-24\bin\syslookup.dll
Event: 28.398 Loaded shared library C:\Program Files\Java\jdk-24\bin\extnet.dll

Deoptimization events (20 events):
Event: 30.622 Thread 0x0000027d0854e6d0 DEOPT PACKING pc=0x0000027ca311fa04 sp=0x000000d50e4fda30
Event: 30.622 Thread 0x0000027d0854e6d0 DEOPT UNPACKING pc=0x0000027ca29b7802 sp=0x000000d50e4fd9c8 mode 2
Event: 30.623 Thread 0x0000027d0854e6d0 Uncommon trap: trap_request=0xffffffde fr.pc=0x0000027ca311fa04 relative=0x0000000000000e24
Event: 30.623 Thread 0x0000027d0854e6d0 Uncommon trap: reason=class_check action=maybe_recompile pc=0x0000027ca311fa04 method=java.awt.geom.Path2D.getBounds2D(Ljava/awt/geom/PathIterator;)Ljava/awt/geom/Rectangle2D; @ 35 c2
Event: 30.623 Thread 0x0000027d0854e6d0 DEOPT PACKING pc=0x0000027ca311fa04 sp=0x000000d50e4fda30
Event: 30.623 Thread 0x0000027d0854e6d0 DEOPT UNPACKING pc=0x0000027ca29b7802 sp=0x000000d50e4fd9c8 mode 2
Event: 31.635 Thread 0x0000027d0854e6d0 DEOPT PACKING pc=0x0000027c9b6beafb sp=0x000000d50e4ff2e0
Event: 31.635 Thread 0x0000027d0854e6d0 DEOPT UNPACKING pc=0x0000027ca28f5722 sp=0x000000d50e4fe770 mode 0
Event: 34.426 Thread 0x0000027d0854e6d0 Uncommon trap: trap_request=0xffffff4d fr.pc=0x0000027ca30f1d90 relative=0x0000000000000230
Event: 34.426 Thread 0x0000027d0854e6d0 Uncommon trap: reason=unstable_if action=reinterpret pc=0x0000027ca30f1d90 method=sun.awt.geom.Curve.accumulateExtremaBoundsForQuad([DIDDD[D[D)V @ 6 c2
Event: 34.426 Thread 0x0000027d0854e6d0 DEOPT PACKING pc=0x0000027ca30f1d90 sp=0x000000d50e4fe020
Event: 34.426 Thread 0x0000027d0854e6d0 DEOPT UNPACKING pc=0x0000027ca29b7802 sp=0x000000d50e4fdfc0 mode 2
Event: 34.435 Thread 0x0000027d0854e6d0 Uncommon trap: trap_request=0xffffff6e fr.pc=0x0000027ca312df78 relative=0x0000000000000638
Event: 34.435 Thread 0x0000027d0854e6d0 Uncommon trap: reason=loop_limit_check action=maybe_recompile pc=0x0000027ca312df78 method=java.awt.geom.AffineTransform.transform([DI[DII)V @ 454 c2
Event: 34.435 Thread 0x0000027d0854e6d0 DEOPT PACKING pc=0x0000027ca312df78 sp=0x000000d50e4fdf40
Event: 34.435 Thread 0x0000027d0854e6d0 DEOPT UNPACKING pc=0x0000027ca29b7802 sp=0x000000d50e4fde60 mode 2
Event: 45.901 Thread 0x0000027d0854e6d0 Uncommon trap: trap_request=0xffffff4d fr.pc=0x0000027ca31440cc relative=0x0000000000000eec
Event: 45.901 Thread 0x0000027d0854e6d0 Uncommon trap: reason=unstable_if action=reinterpret pc=0x0000027ca31440cc method=java.awt.Container$MouseEventTargetFilter.accept(Ljava/awt/Component;)Z @ 10 c2
Event: 45.901 Thread 0x0000027d0854e6d0 DEOPT PACKING pc=0x0000027ca31440cc sp=0x000000d50e4fef50
Event: 45.901 Thread 0x0000027d0854e6d0 DEOPT UNPACKING pc=0x0000027ca29b7802 sp=0x000000d50e4fec90 mode 2

Classes loaded (20 events):
Event: 28.726 Loading class java/util/Vector$Itr
Event: 28.726 Loading class java/util/Vector$Itr done
Event: 28.726 Loading class java/awt/WaitDispatchSupport
Event: 28.726 Loading class java/awt/SecondaryLoop
Event: 28.726 Loading class java/awt/SecondaryLoop done
Event: 28.726 Loading class java/awt/WaitDispatchSupport done
Event: 28.727 Loading class java/awt/WaitDispatchSupport$4
Event: 28.727 Loading class java/awt/WaitDispatchSupport$4 done
Event: 28.727 Loading class java/awt/WaitDispatchSupport$1
Event: 28.727 Loading class java/awt/WaitDispatchSupport$1 done
Event: 28.727 Loading class java/awt/WaitDispatchSupport$2
Event: 28.727 Loading class java/awt/WaitDispatchSupport$2 done
Event: 28.731 Loading class sun/awt/image/MultiResolutionToolkitImage$ObserverCache
Event: 28.731 Loading class sun/awt/image/MultiResolutionToolkitImage$ObserverCache done
Event: 30.612 Loading class sun/awt/SunToolkit$1
Event: 30.612 Loading class sun/awt/SunToolkit$1 done
Event: 30.615 Loading class java/awt/Window$1DisposeAction
Event: 30.615 Loading class java/awt/Window$1DisposeAction done
Event: 47.285 Loading class javax/swing/MenuSelectionManager
Event: 47.286 Loading class javax/swing/MenuSelectionManager done

Classes unloaded (0 events):
No events

Classes redefined (0 events):
No events

Internal exceptions (20 events):
Event: 28.452 Thread 0x0000027d0854e6d0 Exception <a 'java/lang/NoSuchMethodError'{0x000000044820bc50}: 'int java.lang.invoke.DelegatingMethodHandle$Holder.delegate(java.lang.Object, java.lang.Object, int, long)'> (0x000000044820bc50) 
thrown [s\open\src\hotspot\share\interpreter\linkResolver.cpp, line 805]
Event: 28.453 Thread 0x0000027d0854e6d0 Exception <a 'java/lang/NoSuchMethodError'{0x000000044821d3f8}: 'long java.lang.invoke.DirectMethodHandle$Holder.invokeSpecial(java.lang.Object, java.lang.Object, long, long)'> (0x000000044821d3f8) 
thrown [s\open\src\hotspot\share\interpreter\linkResolver.cpp, line 805]
Event: 28.457 Thread 0x0000027d0854e6d0 Exception <a 'java/lang/NoSuchMethodError'{0x00000004482587a0}: 'void java.lang.invoke.DirectMethodHandle$Holder.invokeSpecial(java.lang.Object, java.lang.Object, float, java.lang.Object, java.lang.Object, java.lang.Object, int, int, int, int, int, float, float, int, int, java.lang.Object, java.lang.Object)'> (0x00000004482587a0) 
thrown [s\open\src\hotspot\share\interpreter\linkResolver.cpp, line 805]
Event: 28.458 Thread 0x0000027d0854e6d0 Exception <a 'java/lang/NoSuchMethodError'{0x000000044827a420}: 'int java.lang.invoke.DirectMethodHandle$Holder.invokeSpecial(java.lang.Object, java.lang.Object, int, java.lang.Object)'> (0x000000044827a420) 
thrown [s\open\src\hotspot\share\interpreter\linkResolver.cpp, line 805]
Event: 28.458 Thread 0x0000027d0854e6d0 Exception <a 'java/lang/NoSuchMethodError'{0x00000004482f2fa8}: 'java.lang.Object java.lang.invoke.Invokers$Holder.invokeExact_MT(java.lang.Object, long, java.lang.Object)'> (0x00000004482f2fa8) 
thrown [s\open\src\hotspot\share\interpreter\linkResolver.cpp, line 805]
Event: 28.460 Thread 0x0000027d0854e6d0 Exception <a 'java/lang/NoSuchMethodError'{0x000000044832f0a8}: 'void java.lang.invoke.DelegatingMethodHandle$Holder.reinvoke_L(java.lang.Object, java.lang.Object, java.lang.Object, java.lang.Object, long, long, long)'> (0x000000044832f0a8) 
thrown [s\open\src\hotspot\share\interpreter\linkResolver.cpp, line 805]
Event: 28.461 Thread 0x0000027d0854e6d0 Exception <a 'java/lang/NoSuchMethodError'{0x0000000448357fb0}: 'java.lang.Object java.lang.invoke.DirectMethodHandle$Holder.invokeStatic(java.lang.Object, java.lang.Object, java.lang.Object, java.lang.Object, java.lang.Object, java.lang.Object, long)'> (0x0000000448357fb0) 
thrown [s\open\src\hotspot\share\interpreter\linkResolver.cpp, line 805]
Event: 28.465 Thread 0x0000027d0854e6d0 Exception <a 'java/lang/NoSuchMethodError'{0x0000000448394d20}: 'void java.lang.invoke.DelegatingMethodHandle$Holder.reinvoke_L(java.lang.Object, java.lang.Object, java.lang.Object, java.lang.Object, long, long, int)'> (0x0000000448394d20) 
thrown [s\open\src\hotspot\share\interpreter\linkResolver.cpp, line 805]
Event: 28.466 Thread 0x0000027d0854e6d0 Exception <a 'java/lang/NoSuchMethodError'{0x0000000448426660}: 'int java.lang.invoke.Invokers$Holder.invokeExact_MT(java.lang.Object, java.lang.Object, java.lang.Object, int, java.lang.Object, java.lang.Object)'> (0x0000000448426660) 
thrown [s\open\src\hotspot\share\interpreter\linkResolver.cpp, line 805]
Event: 28.467 Thread 0x0000027d0854e6d0 Exception <a 'java/lang/NoSuchMethodError'{0x0000000448452df0}: 'int java.lang.invoke.DelegatingMethodHandle$Holder.reinvoke_L(java.lang.Object, java.lang.Object, java.lang.Object, java.lang.Object, long, long)'> (0x0000000448452df0) 
thrown [s\open\src\hotspot\share\interpreter\linkResolver.cpp, line 805]
Event: 28.468 Thread 0x0000027d0854e6d0 Exception <a 'java/lang/NoSuchMethodError'{0x000000044847b2a8}: 'java.lang.Object java.lang.invoke.DirectMethodHandle$Holder.invokeStatic(java.lang.Object, java.lang.Object, java.lang.Object, java.lang.Object, java.lang.Object, long, java.lang.Object)'> (0x000000044847b2a8) 
thrown [s\open\src\hotspot\share\interpreter\linkResolver.cpp, line 805]
Event: 28.507 Thread 0x0000027d09867890 Exception <a 'java/lang/NoSuchMethodError'{0x000000044791bcf0}: 'void java.lang.invoke.DirectMethodHandle$Holder.invokeInterface(java.lang.Object, java.lang.Object, java.lang.Object, java.lang.Object)'> (0x000000044791bcf0) 
thrown [s\open\src\hotspot\share\interpreter\linkResolver.cpp, line 805]
Event: 28.510 Thread 0x0000027d09867890 Implicit null exception at 0x0000027ca30b4d14 to 0x0000027ca30b53b4
Event: 28.510 Thread 0x0000027d09867890 Implicit null exception at 0x0000027ca30b3990 to 0x0000027ca30b4028
Event: 28.541 Thread 0x0000027d09867890 Exception <a 'java/lang/NoSuchMethodError'{0x0000000447e95e00}: 'void java.lang.invoke.DirectMethodHandle$Holder.invokeInterface(java.lang.Object, java.lang.Object)'> (0x0000000447e95e00) 
thrown [s\open\src\hotspot\share\interpreter\linkResolver.cpp, line 805]
Event: 28.696 Thread 0x0000027d0854e6d0 Exception <a 'java/lang/NoSuchMethodError'{0x0000000447057bf0}: 'java.lang.Object java.lang.invoke.DirectMethodHandle$Holder.invokeSpecial(java.lang.Object, java.lang.Object, int, long)'> (0x0000000447057bf0) 
thrown [s\open\src\hotspot\share\interpreter\linkResolver.cpp, line 805]
Event: 28.696 Thread 0x0000027d0854e6d0 Exception <a 'java/lang/NoSuchMethodError'{0x0000000447067dd0}: 'java.lang.Object java.lang.invoke.DelegatingMethodHandle$Holder.reinvoke_L(java.lang.Object, java.lang.Object, int, long)'> (0x0000000447067dd0) 
thrown [s\open\src\hotspot\share\interpreter\linkResolver.cpp, line 805]
Event: 28.726 Thread 0x0000027d0854e6d0 Exception <a 'java/lang/NoSuchMethodError'{0x00000004471a2380}: 'int java.lang.invoke.DirectMethodHandle$Holder.invokeStatic(java.lang.Object)'> (0x00000004471a2380) 
thrown [s\open\src\hotspot\share\interpreter\linkResolver.cpp, line 805]
Event: 30.618 Thread 0x0000027d0854e6d0 Implicit null exception at 0x0000027ca311992e to 0x0000027ca3119bac
Event: 30.620 Thread 0x0000027d0854e6d0 Implicit null exception at 0x0000027ca305758b to 0x0000027ca3058454

VM Operations (20 events):
Event: 28.450 Executing VM operation: HandshakeAllThreads (Deoptimize) done
Event: 28.456 Executing VM operation: HandshakeAllThreads (Deoptimize)
Event: 28.456 Executing VM operation: HandshakeAllThreads (Deoptimize) done
Event: 28.464 Executing VM operation: HandshakeAllThreads (Deoptimize)
Event: 28.464 Executing VM operation: HandshakeAllThreads (Deoptimize) done
Event: 28.464 Executing VM operation: HandshakeAllThreads (Deoptimize)
Event: 28.464 Executing VM operation: HandshakeAllThreads (Deoptimize) done
Event: 28.465 Executing VM operation: HandshakeAllThreads (Deoptimize)
Event: 28.465 Executing VM operation: HandshakeAllThreads (Deoptimize) done
Event: 28.489 Executing VM operation: HandshakeAllThreads (Deoptimize)
Event: 28.489 Executing VM operation: HandshakeAllThreads (Deoptimize) done
Event: 28.543 Executing VM operation: HandshakeAllThreads (Deoptimize)
Event: 28.543 Executing VM operation: HandshakeAllThreads (Deoptimize) done
Event: 28.707 Executing VM operation: HandshakeAllThreads (Deoptimize)
Event: 28.707 Executing VM operation: HandshakeAllThreads (Deoptimize) done
Event: 60.264 Executing VM operation: HandshakeAllThreads (HandshakeForDeflation)
Event: 60.264 Executing VM operation: HandshakeAllThreads (HandshakeForDeflation) done
Event: 60.264 Executing VM operation: RendezvousGCThreads
Event: 60.264 Executing VM operation: RendezvousGCThreads done
Event: 114.156 Executing VM operation: Exit

Memory protections (0 events):
No events

Nmethod flushes (0 events):
No events

Events (20 events):
Event: 34.421 Thread 0x0000027cc280e080 Thread exited: 0x0000027cc280e080
Event: 34.426 Thread 0x0000027d082618f0 Thread exited: 0x0000027d082618f0
Event: 34.426 Thread 0x0000027cc25d8910 Thread added: 0x0000027cc280efa0
Event: 34.430 Thread 0x0000027cc25d8910 Thread added: 0x0000027cc280f730
Event: 34.430 Thread 0x0000027cc25d8910 Thread added: 0x0000027cc280fec0
Event: 34.432 Thread 0x0000027cc280f730 Thread added: 0x0000027cc2810650
Event: 35.939 Thread 0x0000027cc2810650 Thread exited: 0x0000027cc2810650
Event: 35.939 Thread 0x0000027cc280efa0 Thread exited: 0x0000027cc280efa0
Event: 36.691 Thread 0x0000027cc280fec0 Thread exited: 0x0000027cc280fec0
Event: 36.692 Thread 0x0000027cc280f730 Thread exited: 0x0000027cc280f730
Event: 114.046 Thread 0x0000027d0854e6d0 Thread added: 0x0000027d0825f460
Event: 114.046 Thread 0x0000027d0854e6d0 Thread added: 0x0000027d082618f0
Event: 114.046 Thread 0x0000027d0854e6d0 Thread added: 0x0000027d0825e5c0
Event: 114.046 Thread 0x0000027d0854e6d0 Thread added: 0x0000027d0825fbb0
Event: 114.046 Thread 0x0000027d0825e5c0 Thread exited: 0x0000027d0825e5c0
Event: 114.046 Thread 0x0000027d0825f460 Thread exited: 0x0000027d0825f460
Event: 114.046 Thread 0x0000027d0825fbb0 Thread exited: 0x0000027d0825fbb0
Event: 114.058 Thread 0x0000027d083dc2d0 Thread exited: 0x0000027d083dc2d0
Event: 114.156 Thread 0x0000027d082618f0 Thread exited: 0x0000027d082618f0
Event: 114.156 Thread 0x0000027d0854e6d0 Before exit entered


Dynamic libraries:
0x00007ff712810000 - 0x00007ff712820000 	C:\Program Files\Java\jdk-24\bin\java.exe
0x00007ffd4a7a0000 - 0x00007ffd4aa09000 	C:\Windows\SYSTEM32\ntdll.dll
0x00007ffd48ca0000 - 0x00007ffd48d69000 	C:\Windows\System32\KERNEL32.DLL
0x00007ffd480e0000 - 0x00007ffd484d3000 	C:\Windows\System32\KERNELBASE.dll
0x00007ffd47b50000 - 0x00007ffd47c9b000 	C:\Windows\System32\ucrtbase.dll
0x00007ffd32ea0000 - 0x00007ffd32ebb000 	C:\Program Files\Java\jdk-24\bin\VCRUNTIME140.dll
0x00007ffd32e80000 - 0x00007ffd32e96000 	C:\Program Files\Java\jdk-24\bin\jli.dll
0x00007ffd48580000 - 0x00007ffd48744000 	C:\Windows\System32\USER32.dll
0x00007ffd2ac20000 - 0x00007ffd2aeb3000 	C:\Windows\WinSxS\amd64_microsoft.windows.common-controls_6595b64144ccf1df_6.0.26100.5074_none_3e0d6f78e32fd63f\COMCTL32.dll
0x00007ffd480b0000 - 0x00007ffd480d7000 	C:\Windows\System32\win32u.dll
0x00007ffd4a520000 - 0x00007ffd4a54b000 	C:\Windows\System32\GDI32.dll
0x00007ffd48d70000 - 0x00007ffd48e19000 	C:\Windows\System32\msvcrt.dll
0x00007ffd47f80000 - 0x00007ffd480ad000 	C:\Windows\System32\gdi32full.dll
0x00007ffd47ca0000 - 0x00007ffd47d43000 	C:\Windows\System32\msvcp_win.dll
0x00007ffd4a080000 - 0x00007ffd4a0af000 	C:\Windows\System32\IMM32.DLL
0x00007ffd41f30000 - 0x00007ffd41f3c000 	C:\Program Files\Java\jdk-24\bin\vcruntime140_1.dll
0x00007ffce1e50000 - 0x00007ffce1ede000 	C:\Program Files\Java\jdk-24\bin\msvcp140.dll
0x00007ffc90450000 - 0x00007ffc911f1000 	C:\Program Files\Java\jdk-24\bin\server\jvm.dll
0x00007ffd49a80000 - 0x00007ffd49b34000 	C:\Windows\System32\ADVAPI32.dll
0x00007ffd48bd0000 - 0x00007ffd48c76000 	C:\Windows\System32\sechost.dll
0x00007ffd4a560000 - 0x00007ffd4a678000 	C:\Windows\System32\RPCRT4.dll
0x00007ffd49a00000 - 0x00007ffd49a74000 	C:\Windows\System32\WS2_32.dll
0x00007ffd471b0000 - 0x00007ffd4720e000 	C:\Windows\SYSTEM32\POWRPROF.dll
0x00007ffd3fc30000 - 0x00007ffd3fc3b000 	C:\Windows\SYSTEM32\VERSION.dll
0x00007ffd44310000 - 0x00007ffd44345000 	C:\Windows\SYSTEM32\WINMM.dll
0x00007ffd47190000 - 0x00007ffd471a4000 	C:\Windows\SYSTEM32\UMPDC.dll
0x00007ffd466d0000 - 0x00007ffd466eb000 	C:\Windows\SYSTEM32\kernel.appcore.dll
0x00007ffd348e0000 - 0x00007ffd348ea000 	C:\Program Files\Java\jdk-24\bin\jimage.dll
0x00007ffd45040000 - 0x00007ffd45282000 	C:\Windows\SYSTEM32\DBGHELP.DLL
0x00007ffd48750000 - 0x00007ffd48acb000 	C:\Windows\System32\combase.dll
0x00007ffd4a680000 - 0x00007ffd4a757000 	C:\Windows\System32\OLEAUT32.dll
0x00007ffd2aba0000 - 0x00007ffd2abdd000 	C:\Windows\SYSTEM32\dbgcore.DLL
0x00007ffd47ab0000 - 0x00007ffd47b49000 	C:\Windows\System32\bcryptPrimitives.dll
0x00007ffd32e60000 - 0x00007ffd32e7e000 	C:\Program Files\Java\jdk-24\bin\java.dll
0x00007ffd49860000 - 0x00007ffd499f8000 	C:\Windows\System32\ole32.dll
0x00007ffd48f00000 - 0x00007ffd4964d000 	C:\Windows\System32\SHELL32.dll
0x00007ffd47d50000 - 0x00007ffd47ebc000 	C:\Windows\System32\wintypes.dll
0x00007ffd45400000 - 0x00007ffd45c59000 	C:\Windows\SYSTEM32\windows.storage.dll
0x00007ffd49650000 - 0x00007ffd49740000 	C:\Windows\System32\SHCORE.dll
0x00007ffd49fe0000 - 0x00007ffd4a042000 	C:\Windows\System32\shlwapi.dll
0x00007ffd47850000 - 0x00007ffd47879000 	C:\Windows\SYSTEM32\profapi.dll
0x00007ffca3d70000 - 0x00007ffca3e47000 	C:\Program Files\Java\jdk-24\bin\jsvml.dll
0x00007ffd33f00000 - 0x00007ffd33f10000 	C:\Program Files\Java\jdk-24\bin\net.dll
0x00007ffd46c30000 - 0x00007ffd46c9b000 	C:\Windows\system32\mswsock.dll
0x00007ffd32e40000 - 0x00007ffd32e56000 	C:\Program Files\Java\jdk-24\bin\nio.dll
0x00007ffd32dd0000 - 0x00007ffd32de7000 	C:\Program Files\Java\jdk-24\bin\zip.dll
0x00007ffc928c0000 - 0x00007ffc92a3f000 	C:\Program Files\Java\jdk-24\bin\awt.dll
0x00007ffd43e80000 - 0x00007ffd43f1e000 	C:\Windows\SYSTEM32\apphelp.dll
0x00007ffd440c0000 - 0x00007ffd44168000 	C:\Windows\system32\uxtheme.dll
0x00007ffd4a0c0000 - 0x00007ffd4a218000 	C:\Windows\System32\MSCTF.dll
0x00007ffd44b40000 - 0x00007ffd44b6b000 	C:\Windows\system32\DWMAPI.DLL
0x00007ffc85d00000 - 0x00007ffc85e0c000 	C:\Windows\system32\opengl32.dll
0x00007ffcef360000 - 0x00007ffcef38d000 	C:\Windows\SYSTEM32\GLU32.dll
0x00007ffd44990000 - 0x00007ffd449d4000 	C:\Windows\SYSTEM32\dxcore.dll
0x00007ffcc0e10000 - 0x00007ffcc0e97000 	C:\Program Files\Java\jdk-24\bin\freetype.dll
0x00007ffc937d0000 - 0x00007ffc938b7000 	C:\Program Files\Java\jdk-24\bin\fontmanager.dll
0x00007ffd30bc0000 - 0x00007ffd30bf1000 	C:\Windows\System32\dpuareu_jni.dll
0x00007ffd34f70000 - 0x00007ffd34fe5000 	C:\Windows\SYSTEM32\dpfj.dll
0x00007ffd34f20000 - 0x00007ffd34f62000 	C:\Windows\SYSTEM32\dpfr6.dll
0x00007ffceb800000 - 0x00007ffceb841000 	C:\Windows\SYSTEM32\dpfpdd.dll
0x00007ffd354b0000 - 0x00007ffd355a2000 	C:\Windows\SYSTEM32\DPFPApi.DLL
0x00007ffd47930000 - 0x00007ffd47aa7000 	C:\Windows\System32\CRYPT32.dll
0x00007ffd35410000 - 0x00007ffd354a6000 	C:\Windows\SYSTEM32\DPSCApi.DLL
0x00007ffd47270000 - 0x00007ffd472a0000 	C:\Windows\SYSTEM32\ncrypt.dll
0x00007ffd46cd0000 - 0x00007ffd46cfb000 	C:\Windows\SYSTEM32\USERENV.dll
0x00007ffd43f30000 - 0x00007ffd43f3d000 	C:\Windows\SYSTEM32\Secur32.dll
0x00007ffd46970000 - 0x00007ffd469b9000 	C:\Windows\SYSTEM32\SSPICLI.DLL
0x00007ffd47220000 - 0x00007ffd4725f000 	C:\Windows\SYSTEM32\NTASN1.dll
0x00007ffd34ec0000 - 0x00007ffd34f18000 	C:\Windows\system32\DPCLBACK.dll
0x00007ffd361c0000 - 0x00007ffd361da000 	C:\Windows\SYSTEM32\NETAPI32.dll
0x00007ffd46070000 - 0x00007ffd4607d000 	C:\Windows\SYSTEM32\NETUTILS.DLL
0x00007ffd467f0000 - 0x00007ffd46826000 	C:\Windows\SYSTEM32\ntmarta.dll
0x00007ffd47000000 - 0x00007ffd4701b000 	C:\Windows\SYSTEM32\CRYPTSP.dll
0x00007ffd46630000 - 0x00007ffd4666b000 	C:\Windows\system32\rsaenh.dll
0x00007ffd46e60000 - 0x00007ffd46e6c000 	C:\Windows\SYSTEM32\CRYPTBASE.dll
0x00007ffd30160000 - 0x00007ffd30194000 	C:\Windows\SYSTEM32\dpfpdd_4k.dll
0x00007ffcffbd0000 - 0x00007ffcffc7f000 	C:\Windows\SYSTEM32\dpDevDatx64.dll
0x00007ffcec320000 - 0x00007ffcec3e7000 	C:\Windows\SYSTEM32\dpDevCtlx64.dll
0x00007ffd49b50000 - 0x00007ffd49fd7000 	C:\Windows\System32\SETUPAPI.dll
0x00007ffd475e0000 - 0x00007ffd47637000 	C:\Windows\SYSTEM32\cfgmgr32.DLL
0x00007ffd475b0000 - 0x00007ffd475dd000 	C:\Windows\SYSTEM32\DEVOBJ.dll
0x00007ffd484e0000 - 0x00007ffd4855e000 	C:\Windows\System32\WINTRUST.dll
0x00007ffd47060000 - 0x00007ffd47073000 	C:\Windows\SYSTEM32\MSASN1.dll
0x00007ffc73460000 - 0x00007ffc7423f000 	C:\Windows\SYSTEM32\dpfpdd5000.dll
0x00007ffc726b0000 - 0x00007ffc73457000 	C:\Windows\SYSTEM32\dpfpdd_ptapi.dll
0x00007ffc90300000 - 0x00007ffc90447000 	C:\Windows\SYSTEM32\tfm.dll
0x00007ffc98ca0000 - 0x00007ffc98d15000 	C:\Windows\SYSTEM32\dpfpdd7k.dll
0x00007ffce2ec0000 - 0x00007ffce2f0b000 	C:\Windows\SYSTEM32\dpfpdd_lumi.dll
0x00007ffd497a0000 - 0x00007ffd49851000 	C:\Windows\System32\clbcatq.dll
0x00007ffd424b0000 - 0x00007ffd426df000 	C:\Windows\SYSTEM32\WindowsCodecs.dll
0x00007ffd14ac0000 - 0x00007ffd14b1a000 	C:\Windows\system32\dataexchange.dll
0x00007ffd3cf00000 - 0x00007ffd3d139000 	C:\Windows\system32\twinapi.appcore.dll
0x00007ffd2fa70000 - 0x00007ffd2fbb9000 	C:\Windows\SYSTEM32\textinputframework.dll
0x00007ffd43a50000 - 0x00007ffd43b75000 	C:\Windows\SYSTEM32\CoreMessaging.dll
0x00007ffd3f940000 - 0x00007ffd3fc23000 	C:\Windows\SYSTEM32\CoreUIComponents.dll
0x00007ffd2aac0000 - 0x00007ffd2ab3e000 	C:\Windows\system32\Ninput.dll
0x00007ffd32f70000 - 0x00007ffd32f79000 	C:\Program Files\Java\jdk-24\bin\syslookup.dll
0x00007ffd32f10000 - 0x00007ffd32f19000 	C:\Program Files\Java\jdk-24\bin\extnet.dll
0x00007ffd461c0000 - 0x00007ffd462e6000 	C:\Windows\SYSTEM32\DNSAPI.dll
0x00007ffd46180000 - 0x00007ffd461b4000 	C:\Windows\SYSTEM32\IPHLPAPI.DLL
0x00007ffd48570000 - 0x00007ffd4857a000 	C:\Windows\System32\NSI.dll
0x00007ffd406c0000 - 0x00007ffd406cb000 	C:\Windows\System32\rasadhlp.dll
0x00007ffd41d70000 - 0x00007ffd41df6000 	C:\Windows\System32\fwpuclnt.dll
0x00007ffd25190000 - 0x00007ffd25244000 	C:\Windows\WinSxS\amd64_microsoft.windows.common-controls_6595b64144ccf1df_5.82.26100.5074_none_87eb64a37a300c6e\comctl32.dll

JVMTI agents: none

dbghelp: loaded successfully - version: 4.0.5 - missing functions: none
symbol engine: initialized successfully - sym options: 0x614 - pdb path: .;C:\Program Files\Java\jdk-24\bin;C:\Windows\SYSTEM32;C:\Windows\WinSxS\amd64_microsoft.windows.common-controls_6595b64144ccf1df_6.0.26100.5074_none_3e0d6f78e32fd63f;C:\Program Files\Java\jdk-24\bin\server;C:\Windows\WinSxS\amd64_microsoft.windows.common-controls_6595b64144ccf1df_5.82.26100.5074_none_87eb64a37a300c6e

VM Arguments:
java_command: com.gp360.biometric.verification.VerificationApp
java_class_path (initial): dist\BiometricVerification.jar;lib\dpjavapos.jar;lib\dpuareu.jar;lib\jpos113.jar;lib\json-20230618.jar;lib\mysql-connector-j-9.4.0.jar;lib\xercesImpl-2.6.2.jar;lib\xmlParserAPIs.jar
Launcher Type: SUN_STANDARD

[Global flags]
     intx CICompilerCount                          = 12                                        {product} {ergonomic}
     uint ConcGCThreads                            = 5                                         {product} {ergonomic}
     uint G1ConcRefinementThreads                  = 18                                        {product} {ergonomic}
   size_t G1HeapRegionSize                         = 8388608                                   {product} {ergonomic}
   size_t InitialHeapSize                          = 1065353216                                {product} {ergonomic}
   size_t MarkStackSize                            = 4194304                                   {product} {ergonomic}
   size_t MarkStackSizeMax                         = 536870912                                 {product} {ergonomic}
   size_t MaxHeapSize                              = 17012097024                               {product} {ergonomic}
   size_t MaxNewSize                               = 10200547328                               {product} {ergonomic}
   size_t MinHeapDeltaBytes                        = 8388608                                   {product} {ergonomic}
   size_t MinHeapSize                              = 8388608                                   {product} {ergonomic}
    uintx NonNMethodCodeHeapSize                   = 7602176                                {pd product} {ergonomic}
    uintx NonProfiledCodeHeapSize                  = 122093568                              {pd product} {ergonomic}
    uintx ProfiledCodeHeapSize                     = 121962496                              {pd product} {ergonomic}
    uintx ReservedCodeCacheSize                    = 251658240                              {pd product} {ergonomic}
     bool SegmentedCodeCache                       = true                                      {product} {ergonomic}
   size_t SoftMaxHeapSize                          = 17012097024                            {manageable} {ergonomic}
     bool UseCompressedOops                        = true                           {product lp64_product} {ergonomic}
     bool UseG1GC                                  = true                                      {product} {ergonomic}
     bool UseLargePagesIndividualAllocation        = false                                  {pd product} {ergonomic}

Logging:
Log output configuration:
 #0: stdout all=off uptime,level,tags foldmultilines=false
 #1: stderr all=off uptime,level,tags foldmultilines=false

Environment Variables:
PATH=C:\Program Files\Common Files\Oracle\Java\javapath;C:\Program Files (x86)\VMware\VMware Workstation\bin\;D:\app\abdia\product\11.2.0\client_1\bin;C:\app\product\11.2.0\client_1\bin;D:\app\abdia\product\11.2.0\client_4\bin;D:\app\abdia\product\11.2.0\client_3\bin;D:\app\abdia\product\11.2.0\client_2\bin;C:\Program Files (x86)\Common Files\Oracle\Java\java8path;C:\Program Files (x86)\Common Files\Oracle\Java\javapath;C:\Windows\system32;C:\Windows;C:\Windows\System32\Wbem;C:\Windows\System32\WindowsPowerShell\v1.0\;C:\Windows\System32\OpenSSH\;C:\Program Files (x86)\NVIDIA Corporation\PhysX\Common;C:\Program Files\NVIDIA Corporation\NVIDIA App\NvDLISR;C:\Program Files\dotnet\;C:\Program Files\Git\cmd;C:\Program Files\nodejs\;C:\wamp64\bin\php\php8.3.14;C:\ProgramData\ComposerSetup\bin;C:\Program Files\PuTTY\;C:\Program Files\Microsoft SQL Server\Client SDK\ODBC\110\Tools\Binn\;C:\Program Files\Microsoft SQL Server\120\Tools\Binn\;C:\Program Files\Java\jdk-24\bin;C:\Users\abdia\AppData\Local\Microsoft\WindowsApp;C:\Users\abdia\AppData\Local\Microsoft\WindowsApps;;C:\Program Files\JetBrains\PhpStorm 2025.1.3\bin;;C:\Program Files\JetBrains\WebStorm 2025.1.3\bin;;C:\Users\abdia\AppData\Roaming\npm;C:\Users\abdia\AppData\Roaming\Composer\vendor\bin;C:\Users\abdia\.dotnet\tools
USERNAME=abdia
OS=Windows_NT
PROCESSOR_IDENTIFIER=Intel64 Family 6 Model 198 Stepping 2, GenuineIntel
TMP=C:\Users\abdia\AppData\Local\Temp
TEMP=C:\Users\abdia\AppData\Local\Temp




Periodic native trim disabled

---------------  S Y S T E M  ---------------

OS:
 Windows 11 , 64 bit Build 26100 (10.0.26100.5074)
OS uptime: 0 days 10:05 hours
Hyper-V role detected

CPU: total 24 (initial active 24) (24 cores per cpu, 1 threads per core) family 6 model 198 stepping 2 microcode 0x117, cx8, cmov, fxsr, mmx, 3dnowpref, sse, sse2, sse3, ssse3, sse4.1, sse4.2, popcnt, lzcnt, tsc, tscinvbit, avx, avx2, aes, erms, clmul, bmi1, bmi2, adx, sha, fma, vzeroupper, clflush, clflushopt, clwb, hv, serialize, rdtscp, rdpid, fsrm, gfni, f16c, cet_ibt, cet_ss, avx_ifma, sha512
Processor Information for processor 0
  Max Mhz: 2700, Current Mhz: 2700, Mhz Limit: 2700
Processor Information for processor 1
  Max Mhz: 2700, Current Mhz: 2700, Mhz Limit: 2700
Processor Information for processor 2
  Max Mhz: 2100, Current Mhz: 2100, Mhz Limit: 2100
Processor Information for processor 3
  Max Mhz: 2100, Current Mhz: 2100, Mhz Limit: 2100
Processor Information for processor 4
  Max Mhz: 2100, Current Mhz: 2100, Mhz Limit: 2100
Processor Information for processor 5
  Max Mhz: 2100, Current Mhz: 2100, Mhz Limit: 2100
Processor Information for processor 6
  Max Mhz: 2100, Current Mhz: 2100, Mhz Limit: 2100
Processor Information for processor 7
  Max Mhz: 2100, Current Mhz: 2100, Mhz Limit: 2100
Processor Information for processor 8
  Max Mhz: 2100, Current Mhz: 2100, Mhz Limit: 2100
Processor Information for processor 9
  Max Mhz: 2100, Current Mhz: 2100, Mhz Limit: 2100
Processor Information for processor 10
  Max Mhz: 2700, Current Mhz: 2700, Mhz Limit: 2700
Processor Information for processor 11
  Max Mhz: 2700, Current Mhz: 2700, Mhz Limit: 2700
Processor Information for processor 12
  Max Mhz: 2700, Current Mhz: 2700, Mhz Limit: 2700
Processor Information for processor 13
  Max Mhz: 2700, Current Mhz: 2700, Mhz Limit: 2700
Processor Information for processor 14
  Max Mhz: 2100, Current Mhz: 2100, Mhz Limit: 2100
Processor Information for processor 15
  Max Mhz: 2100, Current Mhz: 2100, Mhz Limit: 2100
Processor Information for processor 16
  Max Mhz: 2100, Current Mhz: 2100, Mhz Limit: 2100
Processor Information for processor 17
  Max Mhz: 2100, Current Mhz: 2100, Mhz Limit: 2100
Processor Information for processor 18
  Max Mhz: 2100, Current Mhz: 2100, Mhz Limit: 2100
Processor Information for processor 19
  Max Mhz: 2100, Current Mhz: 2100, Mhz Limit: 2100
Processor Information for processor 20
  Max Mhz: 2100, Current Mhz: 2100, Mhz Limit: 2100
Processor Information for processor 21
  Max Mhz: 2100, Current Mhz: 2100, Mhz Limit: 2100
Processor Information for processor 22
  Max Mhz: 2700, Current Mhz: 2700, Mhz Limit: 2700
Processor Information for processor 23
  Max Mhz: 2700, Current Mhz: 2700, Mhz Limit: 2700

Memory: 4k page, system-wide physical 64876M (43207M free)
TotalPageFile size 68972M (AvailPageFile size 44398M)
current process WorkingSet (physical memory assigned to process): 195M, peak: 218M
current process commit charge ("private bytes"): 1208M, peak: 1251M

vm_info: Java HotSpot(TM) 64-Bit Server VM (24.0.2+12-54) for windows-amd64 JRE (24.0.2+12-54), built on 2025-07-08T12:10:27Z with MS VC++ 17.6 (VS2022)

END.
