#
# A fatal error has been detected by the Java Runtime Environment:
#
#  EXCEPTION_ACCESS_VIOLATION (0xc0000005) at pc=0x00007fff356a6ac1, pid=16816, tid=2208
#
# JRE version: Java(TM) SE Runtime Environment (24.0.2+12) (build 24.0.2+12-54)
# Java VM: Java HotSpot(TM) 64-Bit Server VM (24.0.2+12-54, mixed mode, sharing, tiered, compressed oops, compressed class ptrs, g1 gc, windows-amd64)
# Problematic frame:
# C  [dpDevCtlx64.dll+0x16ac1]
#
# No core dump will be written. Minidumps are not enabled by default on client versions of Windows
#
# If you would like to submit a bug report, please visit:
#   https://bugreport.java.com/bugreport/crash.jsp
#

---------------  S U M M A R Y ------------

Command Line: com.gp360.biometric.verification.VerificationApp

Host: Intel(R) Core(TM) Ultra 9 275HX, 24 cores, 63G,  Windows 11 , 64 bit Build 26100 (10.0.26100.5074)
Time: Fri Sep 26 16:01:28 2025 Hora est嫕dar, Am廨ica Central elapsed time: 183.497836 seconds (0d 0h 3m 3s)

---------------  T H R E A D  ---------------

Current thread (0x000001cbb6aa0340):  VMThread "VM Thread"          [id=2208, stack(0x0000002ea3b00000,0x0000002ea3c00000) (1024K)]

Stack: [0x0000002ea3b00000,0x0000002ea3c00000],  sp=0x0000002ea3bfee90,  free space=1019k
Native frames: (J=compiled Java code, j=interpreted, Vv=VM code, C=native code)
C  [dpDevCtlx64.dll+0x16ac1]  (no source info available)
C  [dpDevCtlx64.dll+0x15d2f]  (no source info available)
C  [dpDevCtlx64.dll+0x16048]  (no source info available)
C  [dpDevCtlx64.dll+0x14e22]  (no source info available)
C  [dpDevCtlx64.dll+0x12d0c]  (no source info available)
C  [dpDevCtlx64.dll+0x949b0]  (no source info available)
C  [dpDevCtlx64.dll+0x63c25]  (no source info available)
C  [dpDevCtlx64.dll+0x63799]  (no source info available)
C  [dpDevCtlx64.dll+0x63d8d]  (no source info available)
C  [dpDevCtlx64.dll+0x6160d]  (no source info available)
C  [dpDevCtlx64.dll+0x61481]  (no source info available)
C  [dpDevCtlx64.dll+0x617a7]  (no source info available)
C  [dpDevCtlx64.dll+0x1d82b]  (no source info available)
C  [dpDevCtlx64.dll+0x1df0d]  (no source info available)
C  [dpDevCtlx64.dll+0x1e056]  (no source info available)
C  [ntdll.dll+0x160ede]  (no source info available)
C  [ntdll.dll+0x7483e]  (no source info available)
C  [ntdll.dll+0xfdfff]  (no source info available)
C  [ntdll.dll+0x8ede]  (no source info available)
C  [KERNEL32.DLL+0x418ab]  (no source info available)
C  [ucrtbase.dll+0xa0093]  (no source info available)
V  [jvm.dll+0x72928c]  (no source info available)
V  [jvm.dll+0x728dc0]  (no source info available)
V  [jvm.dll+0x41b344]  (no source info available)
V  [jvm.dll+0x8e29c2]  (no source info available)
V  [jvm.dll+0x8e3d0c]  (no source info available)
V  [jvm.dll+0x8e4278]  (no source info available)
V  [jvm.dll+0x8e4513]  (no source info available)
V  [jvm.dll+0x87d9eb]  (no source info available)
V  [jvm.dll+0x72ef45]  (no source info available)
C  [ucrtbase.dll+0x37b0]  (no source info available)
C  [KERNEL32.DLL+0x2e8d7]  (no source info available)
C  [ntdll.dll+0x8d9c]  (no source info available)


siginfo: EXCEPTION_ACCESS_VIOLATION (0xc0000005), writing address 0x0000000000000008


Registers:
RAX=0x0000000000000000, RBX=0x000001cbfc326aa0, RCX=0x000001cbfc32dc90, RDX=0x0000002ea3bfef70
RSP=0x0000002ea3bfee90, RBP=0x000001cbfc326ab8, RSI=0x0000002ea3bff130, RDI=0x000001cbfc326aa0
R8 =0x000001cbfc32e730, R9 =0x000001cb88134b00, R10=0x000001cb88130000, R11=0x0000000000000246
R12=0x0000000000000001, R13=0x00007fff35691118, R14=0x0000496176842866, R15=0x000001cbfc326aa0
RIP=0x00007fff356a6ac1, EFLAGS=0x0000000000010206

XMM[0]=0x0000000000000000 0x0000000000000000
XMM[1]=0x0000000000000000 0x0000000000000000
XMM[2]=0x0000000000000000 0x0000000000000000
XMM[3]=0x0000000000000000 0x0000000000000000
XMM[4]=0x0000000000000000 0x0000000000000000
XMM[5]=0x0000000000000000 0x0000000000000000
XMM[6]=0x0000000000000000 0x0000000000000000
XMM[7]=0x0000000000000000 0x404e000000000000
XMM[8]=0x0000000000000000 0x0000000000000000
XMM[9]=0x0000000000000000 0x0000000000000000
XMM[10]=0x0000000000000000 0x0000000000000000
XMM[11]=0x0000000000000000 0x0000000000000000
XMM[12]=0x0000000000000000 0x0000000000000000
XMM[13]=0x0000000000000000 0x0000000000000000
XMM[14]=0x0000000000000000 0x0000000000000000
XMM[15]=0x0000000000000000 0x0000000000000000
  MXCSR=0x00001fa0


Register to memory mapping:

RAX=0x0 is null
RBX=0x000001cbfc326aa0 points into unknown readable memory: 0x0000496176842866 | 66 28 84 76 61 49 00 00
RCX=0x000001cbfc32dc90 points into unknown readable memory: 0x0000000000000000 | 00 00 00 00 00 00 00 00
RDX=0x0000002ea3bfef70 points into unknown readable memory: 0x0000000000002710 | 10 27 00 00 00 00 00 00
RSP=0x0000002ea3bfee90 points into unknown readable memory: 0x0000000000000000 | 00 00 00 00 00 00 00 00
RBP=0x000001cbfc326ab8 points into unknown readable memory: 0x0000496176842866 | 66 28 84 76 61 49 00 00
RSI=0x0000002ea3bff130 points into unknown readable memory: 0x0000002ea3bff150 | 50 f1 bf a3 2e 00 00 00
RDI=0x000001cbfc326aa0 points into unknown readable memory: 0x0000496176842866 | 66 28 84 76 61 49 00 00
R8 =0x000001cbfc32e730 points into unknown readable memory: 0x0000000000000000 | 00 00 00 00 00 00 00 00
R9 =0x000001cb88134b00 points into unknown readable memory: 0x000001cb88130db0 | b0 0d 13 88 cb 01 00 00
R10=0x000001cb88130000 points into unknown readable memory: 0x0000000000000000 | 00 00 00 00 00 00 00 00
R11=0x0000000000000246 is an unknown value
R12=0x0000000000000001 is an unknown value
R13=0x00007fff35691118 dpDevCtlx64.dll
R14=0x0000496176842866 is an unknown value
R15=0x000001cbfc326aa0 points into unknown readable memory: 0x0000496176842866 | 66 28 84 76 61 49 00 00

Top of Stack: (sp=0x0000002ea3bfee90)
0x0000002ea3bfee90:   0000000000000000 0000000000000000   ................
0x0000002ea3bfeea0:   000001cbfc326aa0 0000496176842866   .j2.....f(.vaI..
0x0000002ea3bfeeb0:   00007fff35691118 00007fff35742550   ..i5....P%t5....
0x0000002ea3bfeec0:   000001cbfc326aa0 0000002ea3bff130   .j2.....0.......
0x0000002ea3bfeed0:   000001cbfc326aa0 0000000000000000   .j2.............
0x0000002ea3bfeee0:   000001cb88030000 0000000000000000   ................
0x0000002ea3bfeef0:   000001cbfbbd0190 0000002ea3bff130   ........0.......
0x0000002ea3bfef00:   000001cbfc326aa0 00007fff356a5d2f   .j2...../]j5....
0x0000002ea3bfef10:   00007fff35742550 0000002ea3bfef70   P%t5....p.......
0x0000002ea3bfef20:   000001cbfc32e730 00007fff6b6731a9   0.2......1gk....
0x0000002ea3bfef30:   0000000000000b00 000001cbfc32e730   ........0.2.....
0x0000002ea3bfef40:   000001cbfc32e730 000001cbfc32e740   0.2.....@.2.....
0x0000002ea3bfef50:   000001cbfc32e740 000001cbfbbd0190   @.2.............
0x0000002ea3bfef60:   000001cbfc32e730 00007fff35742550   0.2.....P%t5....
0x0000002ea3bfef70:   0000000000002710 0000002ea3bff130   .'......0.......
0x0000002ea3bfef80:   0000000000000000 00007fff356a6048   ........H`j5....
0x0000002ea3bfef90:   00007fff35742550 00007fff356a9b20   P%t5.... .j5....
0x0000002ea3bfefa0:   00007fff35742568 0000496176842866   h%t5....f(.vaI..
0x0000002ea3bfefb0:   00007fff00000001 0000000000000001   ................
0x0000002ea3bfefc0:   000001cbfc326aa0 00007fff356a4e22   .j2....."Nj5....
0x0000002ea3bfefd0:   000001cbfbad17c0 00007fff356f758c   .........uo5....
0x0000002ea3bfefe0:   000001cb88030000 0000000000000000   ................
0x0000002ea3bfeff0:   0000000100000000 000001cbfbad17c0   ................
0x0000002ea3bff000:   000001cbfc326aa8 00007fff356a6857   .j2.....Whj5....
0x0000002ea3bff010:   000001cbfbad17c0 000001cb00000000   ................
0x0000002ea3bff020:   0000000000000000 00007fff356a2d0c   .........-j5....
0x0000002ea3bff030:   000001cbfbad17c0 00007fff35742550   ........P%t5....
0x0000002ea3bff040:   000001cbfc32dc90 00007fff35742550   ..2.....P%t5....
0x0000002ea3bff050:   00007fff35742550 000001cbfbad17c0   P%t5............
0x0000002ea3bff060:   00007fff35742578 00007fff357249b0   x%t5.....Ir5....
0x0000002ea3bff070:   00007fff35742528 00007ffe7cf1a178   (%t5....x..|....
0x0000002ea3bff080:   00007fff35742578 000001cc030f9040   x%t5....@.......

Instructions: (pc=0x00007fff356a6ac1)
  0x00007fff356a69c1:   20 01 48 b8 aa aa aa aa aa aa aa 0a 48 89 44 24
  0x00007fff356a69d1:   38 48 b8 aa aa aa aa aa aa aa 0a 48 39 44 24 58
  0x00007fff356a69e1:   76 05 e8 40 ce fe ff 48 6b 44 24 58 18 48 89 44
  0x00007fff356a69f1:   24 28 48 81 7c 24 28 00 10 00 00 72 11 48 8b 4c
  0x00007fff356a6a01:   24 28 e8 39 c4 fe ff 48 89 44 24 30 eb 22 48 83
  0x00007fff356a6a11:   7c 24 28 00 74 11 48 8b 4c 24 28 e8 0a a8 fe ff
  0x00007fff356a6a21:   48 89 44 24 30 eb 09 48 c7 44 24 30 00 00 00 00
  0x00007fff356a6a31:   48 8b 44 24 30 48 83 c4 48 c3 cc cc cc cc cc cc
  0x00007fff356a6a41:   cc cc cc cc cc cc cc cc cc cc cc cc cc cc cc cc
  0x00007fff356a6a51:   cc cc cc cc cc cc cc cc cc cc cc cc cc cc cc 4c
  0x00007fff356a6a61:   89 44 24 18 48 89 54 24 10 48 89 4c 24 08 48 83
  0x00007fff356a6a71:   ec 78 48 8b 84 24 90 00 00 00 48 8b 00 48 89 44
  0x00007fff356a6a81:   24 48 48 8b 84 24 80 00 00 00 48 89 44 24 28 48
  0x00007fff356a6a91:   8b 84 24 90 00 00 00 48 8b 40 08 48 8b 8c 24 90
  0x00007fff356a6aa1:   00 00 00 48 8b 09 48 89 08 48 8b 84 24 90 00 00
  0x00007fff356a6ab1:   00 48 8b 00 48 8b 8c 24 90 00 00 00 48 8b 49 08
=>0x00007fff356a6ac1:   48 89 48 08 48 8b 44 24 28 48 8b 40 08 48 ff c8
  0x00007fff356a6ad1:   48 8b 4c 24 28 48 89 41 08 48 8b 84 24 90 00 00
  0x00007fff356a6ae1:   00 48 89 44 24 30 48 8b 84 24 80 00 00 00 48 89
  0x00007fff356a6af1:   44 24 40 48 8b 44 24 40 48 89 44 24 50 48 8b 44
  0x00007fff356a6b01:   24 30 48 83 c0 10 48 89 44 24 58 b8 01 00 00 00
  0x00007fff356a6b11:   48 6b c0 18 48 89 44 24 20 48 8b 44 24 30 48 89
  0x00007fff356a6b21:   44 24 38 48 81 7c 24 20 00 10 00 00 72 0f 48 8d
  0x00007fff356a6b31:   54 24 20 48 8d 4c 24 38 e8 8f af fe ff 48 8b 54
  0x00007fff356a6b41:   24 20 48 8b 4c 24 38 e8 ad cd fe ff 90 48 8b 84
  0x00007fff356a6b51:   24 80 00 00 00 48 89 44 24 60 48 8b 84 24 88 00
  0x00007fff356a6b61:   00 00 48 8b 4c 24 48 48 89 08 48 8b 84 24 88 00
  0x00007fff356a6b71:   00 00 48 83 c4 78 c3 cc cc cc cc cc cc cc cc cc
  0x00007fff356a6b81:   cc cc cc cc cc cc cc cc cc cc cc cc cc cc cc cc
  0x00007fff356a6b91:   cc cc cc cc cc cc cc cc cc cc cc cc cc cc cc cc
  0x00007fff356a6ba1:   cc cc cc cc cc cc cc cc cc cc cc cc cc cc cc cc
  0x00007fff356a6bb1:   cc cc cc cc cc cc cc cc cc cc cc cc cc cc cc 48


Stack slot to memory mapping:

stack at sp + 0 slots: 0x0 is null
stack at sp + 1 slots: 0x0 is null
stack at sp + 2 slots: 0x000001cbfc326aa0 points into unknown readable memory: 0x0000496176842866 | 66 28 84 76 61 49 00 00
stack at sp + 3 slots: 0x0000496176842866 is an unknown value
stack at sp + 4 slots: 0x00007fff35691118 dpDevCtlx64.dll
stack at sp + 5 slots: 0x00007fff35742550 dpDevCtlx64.dll
stack at sp + 6 slots: 0x000001cbfc326aa0 points into unknown readable memory: 0x0000496176842866 | 66 28 84 76 61 49 00 00
stack at sp + 7 slots: 0x0000002ea3bff130 points into unknown readable memory: 0x0000002ea3bff150 | 50 f1 bf a3 2e 00 00 00

VM_Operation (0x0000002ea4efe940): Exit, mode: safepoint, requested by thread 0x000001cb8474c1a0


---------------  P R O C E S S  ---------------

Threads class SMR info:
_java_thread_list=0x000001cc048dda60, length=16, elements={
0x000001cbb6ab1690, 0x000001cbb6ab1ed0, 0x000001cbb6ab7ee0, 0x000001cbb6ab8a10,
0x000001cbb6ab9670, 0x000001cbb6aba940, 0x000001cbb6acbb40, 0x000001cbb6ad14f0,
0x000001cbfb165780, 0x000001cbfb16e700, 0x000001cbfb3fdf80, 0x000001cb845b83a0,
0x000001cb84747490, 0x000001cb8474c1a0, 0x000001cb880619f0, 0x000001cbfc333570
}

Java Threads: ( => current thread )
  0x000001cbb6ab1690 JavaThread "Reference Handler"          daemon [_thread_blocked, id=37252, stack(0x0000002ea3c00000,0x0000002ea3d00000) (1024K)]
  0x000001cbb6ab1ed0 JavaThread "Finalizer"                  daemon [_thread_blocked, id=37020, stack(0x0000002ea3d00000,0x0000002ea3e00000) (1024K)]
  0x000001cbb6ab7ee0 JavaThread "Signal Dispatcher"          daemon [_thread_blocked, id=3832, stack(0x0000002ea3e00000,0x0000002ea3f00000) (1024K)]
  0x000001cbb6ab8a10 JavaThread "Attach Listener"            daemon [_thread_blocked, id=4444, stack(0x0000002ea3f00000,0x0000002ea4000000) (1024K)]
  0x000001cbb6ab9670 JavaThread "Service Thread"             daemon [_thread_blocked, id=38712, stack(0x0000002ea4000000,0x0000002ea4100000) (1024K)]
  0x000001cbb6aba940 JavaThread "Monitor Deflation Thread"   daemon [_thread_blocked, id=8408, stack(0x0000002ea4100000,0x0000002ea4200000) (1024K)]
  0x000001cbb6acbb40 JavaThread "C2 CompilerThread0"         daemon [_thread_blocked, id=13876, stack(0x0000002ea4200000,0x0000002ea4300000) (1024K)]
  0x000001cbb6ad14f0 JavaThread "C1 CompilerThread0"         daemon [_thread_blocked, id=5124, stack(0x0000002ea4300000,0x0000002ea4400000) (1024K)]
  0x000001cbfb165780 JavaThread "Notification Thread"        daemon [_thread_blocked, id=13068, stack(0x0000002ea4400000,0x0000002ea4500000) (1024K)]
  0x000001cbfb16e700 JavaThread "Common-Cleaner"             daemon [_thread_blocked, id=25668, stack(0x0000002ea4500000,0x0000002ea4600000) (1024K)]
  0x000001cbfb3fdf80 JavaThread "Java2D Disposer"            daemon [_thread_blocked, id=36860, stack(0x0000002ea4a00000,0x0000002ea4b00000) (1024K)]
  0x000001cb845b83a0 JavaThread "AWT-Shutdown"                      [_thread_blocked, id=36008, stack(0x0000002ea4b00000,0x0000002ea4c00000) (1024K)]
  0x000001cb84747490 JavaThread "mysql-cj-abandoned-connection-cleanup" daemon [_thread_blocked, id=37472, stack(0x0000002ea4d00000,0x0000002ea4e00000) (1024K)]
  0x000001cb8474c1a0 JavaThread "AWT-EventQueue-0"                  [_thread_blocked, id=38084, stack(0x0000002ea4e00000,0x0000002ea4f00000) (1024K)]
  0x000001cb880619f0 JavaThread "DestroyJavaVM"                     [_thread_blocked, id=22276, stack(0x0000002ea3400000,0x0000002ea3500000) (1024K)]
  0x000001cbfc333570 JavaThread "TimerQueue"                 daemon [_thread_blocked, id=37232, stack(0x0000002ea5320000,0x0000002ea5420000) (1024K)]
Total: 16

Other Threads:
=>0x000001cbb6aa0340 VMThread "VM Thread"                           [id=2208, stack(0x0000002ea3b00000,0x0000002ea3c00000) (1024K)]
  0x000001cb88494490 WorkerThread "GC Thread#0"                     [id=29232, stack(0x0000002ea3500000,0x0000002ea3600000) (1024K)]
  0x000001cc02d65470 WorkerThread "GC Thread#1"                     [id=13824, stack(0x0000002ea60c0000,0x0000002ea61c0000) (1024K)]
  0x000001cc028159e0 WorkerThread "GC Thread#2"                     [id=24492, stack(0x0000002ea61c0000,0x0000002ea62c0000) (1024K)]
  0x000001cc02b54cb0 WorkerThread "GC Thread#3"                     [id=31528, stack(0x0000002ea62c0000,0x0000002ea63c0000) (1024K)]
  0x000001cc02b55b70 WorkerThread "GC Thread#4"                     [id=32988, stack(0x0000002ea63c0000,0x0000002ea64c0000) (1024K)]
  0x000001cc02b55f20 WorkerThread "GC Thread#5"                     [id=16464, stack(0x0000002ea64c0000,0x0000002ea65c0000) (1024K)]
  0x000001cc02b562d0 WorkerThread "GC Thread#6"                     [id=16408, stack(0x0000002ea65c0000,0x0000002ea66c0000) (1024K)]
  0x000001cc02b54900 WorkerThread "GC Thread#7"                     [id=1200, stack(0x0000002ea66c0000,0x0000002ea67c0000) (1024K)]
  0x000001cc02b55060 WorkerThread "GC Thread#8"                     [id=26464, stack(0x0000002ea67c0000,0x0000002ea68c0000) (1024K)]
  0x000001cc02b55410 WorkerThread "GC Thread#9"                     [id=33356, stack(0x0000002ea68c0000,0x0000002ea69c0000) (1024K)]
  0x000001cc02b557c0 WorkerThread "GC Thread#10"                    [id=17484, stack(0x0000002ea69c0000,0x0000002ea6ac0000) (1024K)]
  0x000001cc02f2cf90 WorkerThread "GC Thread#11"                    [id=36268, stack(0x0000002ea6ac0000,0x0000002ea6bc0000) (1024K)]
  0x000001cc02f2aab0 WorkerThread "GC Thread#12"                    [id=19068, stack(0x0000002ea6bc0000,0x0000002ea6cc0000) (1024K)]
  0x000001cc02f2b5c0 WorkerThread "GC Thread#13"                    [id=17268, stack(0x0000002ea6cc0000,0x0000002ea6dc0000) (1024K)]
  0x000001cc02f2cbe0 WorkerThread "GC Thread#14"                    [id=30628, stack(0x0000002ea6dc0000,0x0000002ea6ec0000) (1024K)]
  0x000001cc02f2daa0 WorkerThread "GC Thread#15"                    [id=30808, stack(0x0000002ea6ec0000,0x0000002ea6fc0000) (1024K)]
  0x000001cc02f2ae60 WorkerThread "GC Thread#16"                    [id=34068, stack(0x0000002ea6fc0000,0x0000002ea70c0000) (1024K)]
  0x000001cc02f2de50 WorkerThread "GC Thread#17"                    [id=11244, stack(0x0000002ea70c0000,0x0000002ea71c0000) (1024K)]
  0x000001cbb6962010 ConcurrentGCThread "G1 Main Marker"            terminated
  0x000001cbb6962f70 WorkerThread "G1 Conc#0"                       [id=38076, stack(0x0000002ea3700000,0x0000002ea3800000) (1024K)]
  0x000001cbb6a1e910 ConcurrentGCThread "G1 Refine#0"               terminated
  0x000001cbb6a1f490 ConcurrentGCThread "G1 Service"                terminated
Total: 23

Threads with active compile tasks:
Total: 0

VM state: at safepoint (shutting down)

VM Mutex/Monitor currently owned by a thread:  ([mutex/lock_event])
[0x00007ffe80f644f0] Threads_lock - owner thread: 0x000001cbb6aa0340
[0x00007ffe80f645f0] Heap_lock - owner thread: 0x000001cb8474c1a0

Heap address: 0x000000040a000000, size: 16224 MB, Compressed Oops mode: Zero based, Oop shift amount: 3

CDS archive(s) mapped at: [0x000001cbba000000-0x000001cbbad40000-0x000001cbbad40000), size 13893632, SharedBaseAddress: 0x000001cbba000000, ArchiveRelocationMode: 1.
Compressed class space mapped at: 0x000001cbbb000000-0x000001cbfb000000, reserved size: 1073741824
UseCompressedClassPointers 1, UseCompactObjectHeaders 0
Narrow klass pointer bits 32, Max shift 3
Narrow klass base: 0x000001cbba000000, Narrow klass shift: 0
Encoding Range: [0x000001cbba000000 - 0x000001ccba000000), (4294967296 bytes)
Klass Range:    [0x000001cbba000000 - 0x000001cbfb000000), (1090519040 bytes)
Klass ID Range:  [8 - 1090519033) (1090519025)

GC Precious Log:
 CardTable entry size: 512
 Card Set container configuration: InlinePtr #cards 4 size 8 Array Of Cards #cards 64 size 144 Howl #buckets 8 coarsen threshold 14745 Howl Bitmap #cards 2048 size 272 coarsen threshold 1843 Card regions per heap region 1 cards per card region 16384
 CPUs: 24 total, 24 available
 Memory: 64876M
 Large Page Support: Disabled
 NUMA Support: Disabled
 Compressed Oops: Enabled (Zero based)
 Heap Region Size: 8M
 Heap Min Capacity: 8M
 Heap Initial Capacity: 1016M
 Heap Max Capacity: 16224M
 Pre-touch: Disabled
 Parallel Workers: 18
 Concurrent Workers: 5
 Concurrent Refinement Workers: 18
 Periodic GC: Disabled

Heap:
 garbage-first heap   total reserved 16613376K, committed 1048576K, used 97916K [0x000000040a000000, 0x0000000800000000)
  region size 8192K, 14 young (114688K), 1 survivors (8192K)
 Metaspace       used 20535K, committed 21184K, reserved 1114112K
  class space    used 1894K, committed 2176K, reserved 1048576K

Heap Regions: E=young(eden), S=young(survivor), O=old, HS=humongous(starts), HC=humongous(continues), CS=collection set, F=free, TAMS=top-at-mark-start, PB=parsable bottom
|   0|0x000000040a000000, 0x000000040a000000, 0x000000040a800000|  0%| F|  |TAMS 0x000000040a000000| PB 0x000000040a000000| Untracked |  0
|   1|0x000000040a800000, 0x000000040a800000, 0x000000040b000000|  0%| F|  |TAMS 0x000000040a800000| PB 0x000000040a800000| Untracked |  0
|   2|0x000000040b000000, 0x000000040b000000, 0x000000040b800000|  0%| F|  |TAMS 0x000000040b000000| PB 0x000000040b000000| Untracked |  0
|   3|0x000000040b800000, 0x000000040b800000, 0x000000040c000000|  0%| F|  |TAMS 0x000000040b800000| PB 0x000000040b800000| Untracked |  0
|   4|0x000000040c000000, 0x000000040c000000, 0x000000040c800000|  0%| F|  |TAMS 0x000000040c000000| PB 0x000000040c000000| Untracked |  0
|   5|0x000000040c800000, 0x000000040c800000, 0x000000040d000000|  0%| F|  |TAMS 0x000000040c800000| PB 0x000000040c800000| Untracked |  0
|   6|0x000000040d000000, 0x000000040d000000, 0x000000040d800000|  0%| F|  |TAMS 0x000000040d000000| PB 0x000000040d000000| Untracked |  0
|   7|0x000000040d800000, 0x000000040d800000, 0x000000040e000000|  0%| F|  |TAMS 0x000000040d800000| PB 0x000000040d800000| Untracked |  0
|   8|0x000000040e000000, 0x000000040e000000, 0x000000040e800000|  0%| F|  |TAMS 0x000000040e000000| PB 0x000000040e000000| Untracked |  0
|   9|0x000000040e800000, 0x000000040e800000, 0x000000040f000000|  0%| F|  |TAMS 0x000000040e800000| PB 0x000000040e800000| Untracked |  0
|  10|0x000000040f000000, 0x000000040f000000, 0x000000040f800000|  0%| F|  |TAMS 0x000000040f000000| PB 0x000000040f000000| Untracked |  0
|  11|0x000000040f800000, 0x000000040f800000, 0x0000000410000000|  0%| F|  |TAMS 0x000000040f800000| PB 0x000000040f800000| Untracked |  0
|  12|0x0000000410000000, 0x0000000410000000, 0x0000000410800000|  0%| F|  |TAMS 0x0000000410000000| PB 0x0000000410000000| Untracked |  0
|  13|0x0000000410800000, 0x0000000410800000, 0x0000000411000000|  0%| F|  |TAMS 0x0000000410800000| PB 0x0000000410800000| Untracked |  0
|  14|0x0000000411000000, 0x0000000411000000, 0x0000000411800000|  0%| F|  |TAMS 0x0000000411000000| PB 0x0000000411000000| Untracked |  0
|  15|0x0000000411800000, 0x0000000411800000, 0x0000000412000000|  0%| F|  |TAMS 0x0000000411800000| PB 0x0000000411800000| Untracked |  0
|  16|0x0000000412000000, 0x0000000412000000, 0x0000000412800000|  0%| F|  |TAMS 0x0000000412000000| PB 0x0000000412000000| Untracked |  0
|  17|0x0000000412800000, 0x0000000412800000, 0x0000000413000000|  0%| F|  |TAMS 0x0000000412800000| PB 0x0000000412800000| Untracked |  0
|  18|0x0000000413000000, 0x0000000413000000, 0x0000000413800000|  0%| F|  |TAMS 0x0000000413000000| PB 0x0000000413000000| Untracked |  0
|  19|0x0000000413800000, 0x0000000413800000, 0x0000000414000000|  0%| F|  |TAMS 0x0000000413800000| PB 0x0000000413800000| Untracked |  0
|  20|0x0000000414000000, 0x0000000414000000, 0x0000000414800000|  0%| F|  |TAMS 0x0000000414000000| PB 0x0000000414000000| Untracked |  0
|  21|0x0000000414800000, 0x0000000414800000, 0x0000000415000000|  0%| F|  |TAMS 0x0000000414800000| PB 0x0000000414800000| Untracked |  0
|  22|0x0000000415000000, 0x0000000415000000, 0x0000000415800000|  0%| F|  |TAMS 0x0000000415000000| PB 0x0000000415000000| Untracked |  0
|  23|0x0000000415800000, 0x0000000415800000, 0x0000000416000000|  0%| F|  |TAMS 0x0000000415800000| PB 0x0000000415800000| Untracked |  0
|  24|0x0000000416000000, 0x0000000416000000, 0x0000000416800000|  0%| F|  |TAMS 0x0000000416000000| PB 0x0000000416000000| Untracked |  0
|  25|0x0000000416800000, 0x0000000416800000, 0x0000000417000000|  0%| F|  |TAMS 0x0000000416800000| PB 0x0000000416800000| Untracked |  0
|  26|0x0000000417000000, 0x0000000417000000, 0x0000000417800000|  0%| F|  |TAMS 0x0000000417000000| PB 0x0000000417000000| Untracked |  0
|  27|0x0000000417800000, 0x0000000417800000, 0x0000000418000000|  0%| F|  |TAMS 0x0000000417800000| PB 0x0000000417800000| Untracked |  0
|  28|0x0000000418000000, 0x0000000418000000, 0x0000000418800000|  0%| F|  |TAMS 0x0000000418000000| PB 0x0000000418000000| Untracked |  0
|  29|0x0000000418800000, 0x0000000418800000, 0x0000000419000000|  0%| F|  |TAMS 0x0000000418800000| PB 0x0000000418800000| Untracked |  0
|  30|0x0000000419000000, 0x0000000419000000, 0x0000000419800000|  0%| F|  |TAMS 0x0000000419000000| PB 0x0000000419000000| Untracked |  0
|  31|0x0000000419800000, 0x0000000419800000, 0x000000041a000000|  0%| F|  |TAMS 0x0000000419800000| PB 0x0000000419800000| Untracked |  0
|  32|0x000000041a000000, 0x000000041a000000, 0x000000041a800000|  0%| F|  |TAMS 0x000000041a000000| PB 0x000000041a000000| Untracked |  0
|  33|0x000000041a800000, 0x000000041a800000, 0x000000041b000000|  0%| F|  |TAMS 0x000000041a800000| PB 0x000000041a800000| Untracked |  0
|  34|0x000000041b000000, 0x000000041b000000, 0x000000041b800000|  0%| F|  |TAMS 0x000000041b000000| PB 0x000000041b000000| Untracked |  0
|  35|0x000000041b800000, 0x000000041b800000, 0x000000041c000000|  0%| F|  |TAMS 0x000000041b800000| PB 0x000000041b800000| Untracked |  0
|  36|0x000000041c000000, 0x000000041c000000, 0x000000041c800000|  0%| F|  |TAMS 0x000000041c000000| PB 0x000000041c000000| Untracked |  0
|  37|0x000000041c800000, 0x000000041c800000, 0x000000041d000000|  0%| F|  |TAMS 0x000000041c800000| PB 0x000000041c800000| Untracked |  0
|  38|0x000000041d000000, 0x000000041d000000, 0x000000041d800000|  0%| F|  |TAMS 0x000000041d000000| PB 0x000000041d000000| Untracked |  0
|  39|0x000000041d800000, 0x000000041d800000, 0x000000041e000000|  0%| F|  |TAMS 0x000000041d800000| PB 0x000000041d800000| Untracked |  0
|  40|0x000000041e000000, 0x000000041e000000, 0x000000041e800000|  0%| F|  |TAMS 0x000000041e000000| PB 0x000000041e000000| Untracked |  0
|  41|0x000000041e800000, 0x000000041e800000, 0x000000041f000000|  0%| F|  |TAMS 0x000000041e800000| PB 0x000000041e800000| Untracked |  0
|  42|0x000000041f000000, 0x000000041f000000, 0x000000041f800000|  0%| F|  |TAMS 0x000000041f000000| PB 0x000000041f000000| Untracked |  0
|  43|0x000000041f800000, 0x000000041f800000, 0x0000000420000000|  0%| F|  |TAMS 0x000000041f800000| PB 0x000000041f800000| Untracked |  0
|  44|0x0000000420000000, 0x0000000420000000, 0x0000000420800000|  0%| F|  |TAMS 0x0000000420000000| PB 0x0000000420000000| Untracked |  0
|  45|0x0000000420800000, 0x0000000420800000, 0x0000000421000000|  0%| F|  |TAMS 0x0000000420800000| PB 0x0000000420800000| Untracked |  0
|  46|0x0000000421000000, 0x0000000421000000, 0x0000000421800000|  0%| F|  |TAMS 0x0000000421000000| PB 0x0000000421000000| Untracked |  0
|  47|0x0000000421800000, 0x0000000421800000, 0x0000000422000000|  0%| F|  |TAMS 0x0000000421800000| PB 0x0000000421800000| Untracked |  0
|  48|0x0000000422000000, 0x0000000422000000, 0x0000000422800000|  0%| F|  |TAMS 0x0000000422000000| PB 0x0000000422000000| Untracked |  0
|  49|0x0000000422800000, 0x0000000422800000, 0x0000000423000000|  0%| F|  |TAMS 0x0000000422800000| PB 0x0000000422800000| Untracked |  0
|  50|0x0000000423000000, 0x0000000423000000, 0x0000000423800000|  0%| F|  |TAMS 0x0000000423000000| PB 0x0000000423000000| Untracked |  0
|  51|0x0000000423800000, 0x0000000423800000, 0x0000000424000000|  0%| F|  |TAMS 0x0000000423800000| PB 0x0000000423800000| Untracked |  0
|  52|0x0000000424000000, 0x0000000424000000, 0x0000000424800000|  0%| F|  |TAMS 0x0000000424000000| PB 0x0000000424000000| Untracked |  0
|  53|0x0000000424800000, 0x0000000424800000, 0x0000000425000000|  0%| F|  |TAMS 0x0000000424800000| PB 0x0000000424800000| Untracked |  0
|  54|0x0000000425000000, 0x0000000425000000, 0x0000000425800000|  0%| F|  |TAMS 0x0000000425000000| PB 0x0000000425000000| Untracked |  0
|  55|0x0000000425800000, 0x0000000425800000, 0x0000000426000000|  0%| F|  |TAMS 0x0000000425800000| PB 0x0000000425800000| Untracked |  0
|  56|0x0000000426000000, 0x0000000426000000, 0x0000000426800000|  0%| F|  |TAMS 0x0000000426000000| PB 0x0000000426000000| Untracked |  0
|  57|0x0000000426800000, 0x0000000426800000, 0x0000000427000000|  0%| F|  |TAMS 0x0000000426800000| PB 0x0000000426800000| Untracked |  0
|  58|0x0000000427000000, 0x0000000427000000, 0x0000000427800000|  0%| F|  |TAMS 0x0000000427000000| PB 0x0000000427000000| Untracked |  0
|  59|0x0000000427800000, 0x0000000427800000, 0x0000000428000000|  0%| F|  |TAMS 0x0000000427800000| PB 0x0000000427800000| Untracked |  0
|  60|0x0000000428000000, 0x0000000428000000, 0x0000000428800000|  0%| F|  |TAMS 0x0000000428000000| PB 0x0000000428000000| Untracked |  0
|  61|0x0000000428800000, 0x0000000428800000, 0x0000000429000000|  0%| F|  |TAMS 0x0000000428800000| PB 0x0000000428800000| Untracked |  0
|  62|0x0000000429000000, 0x0000000429000000, 0x0000000429800000|  0%| F|  |TAMS 0x0000000429000000| PB 0x0000000429000000| Untracked |  0
|  63|0x0000000429800000, 0x0000000429800000, 0x000000042a000000|  0%| F|  |TAMS 0x0000000429800000| PB 0x0000000429800000| Untracked |  0
|  64|0x000000042a000000, 0x000000042a000000, 0x000000042a800000|  0%| F|  |TAMS 0x000000042a000000| PB 0x000000042a000000| Untracked |  0
|  65|0x000000042a800000, 0x000000042a800000, 0x000000042b000000|  0%| F|  |TAMS 0x000000042a800000| PB 0x000000042a800000| Untracked |  0
|  66|0x000000042b000000, 0x000000042b000000, 0x000000042b800000|  0%| F|  |TAMS 0x000000042b000000| PB 0x000000042b000000| Untracked |  0
|  67|0x000000042b800000, 0x000000042b800000, 0x000000042c000000|  0%| F|  |TAMS 0x000000042b800000| PB 0x000000042b800000| Untracked |  0
|  68|0x000000042c000000, 0x000000042c000000, 0x000000042c800000|  0%| F|  |TAMS 0x000000042c000000| PB 0x000000042c000000| Untracked |  0
|  69|0x000000042c800000, 0x000000042c800000, 0x000000042d000000|  0%| F|  |TAMS 0x000000042c800000| PB 0x000000042c800000| Untracked |  0
|  70|0x000000042d000000, 0x000000042d000000, 0x000000042d800000|  0%| F|  |TAMS 0x000000042d000000| PB 0x000000042d000000| Untracked |  0
|  71|0x000000042d800000, 0x000000042d800000, 0x000000042e000000|  0%| F|  |TAMS 0x000000042d800000| PB 0x000000042d800000| Untracked |  0
|  72|0x000000042e000000, 0x000000042e000000, 0x000000042e800000|  0%| F|  |TAMS 0x000000042e000000| PB 0x000000042e000000| Untracked |  0
|  73|0x000000042e800000, 0x000000042e800000, 0x000000042f000000|  0%| F|  |TAMS 0x000000042e800000| PB 0x000000042e800000| Untracked |  0
|  74|0x000000042f000000, 0x000000042f000000, 0x000000042f800000|  0%| F|  |TAMS 0x000000042f000000| PB 0x000000042f000000| Untracked |  0
|  75|0x000000042f800000, 0x000000042f800000, 0x0000000430000000|  0%| F|  |TAMS 0x000000042f800000| PB 0x000000042f800000| Untracked |  0
|  76|0x0000000430000000, 0x0000000430000000, 0x0000000430800000|  0%| F|  |TAMS 0x0000000430000000| PB 0x0000000430000000| Untracked |  0
|  77|0x0000000430800000, 0x0000000430800000, 0x0000000431000000|  0%| F|  |TAMS 0x0000000430800000| PB 0x0000000430800000| Untracked |  0
|  78|0x0000000431000000, 0x0000000431000000, 0x0000000431800000|  0%| F|  |TAMS 0x0000000431000000| PB 0x0000000431000000| Untracked |  0
|  79|0x0000000431800000, 0x0000000431800000, 0x0000000432000000|  0%| F|  |TAMS 0x0000000431800000| PB 0x0000000431800000| Untracked |  0
|  80|0x0000000432000000, 0x0000000432000000, 0x0000000432800000|  0%| F|  |TAMS 0x0000000432000000| PB 0x0000000432000000| Untracked |  0
|  81|0x0000000432800000, 0x0000000432800000, 0x0000000433000000|  0%| F|  |TAMS 0x0000000432800000| PB 0x0000000432800000| Untracked |  0
|  82|0x0000000433000000, 0x0000000433000000, 0x0000000433800000|  0%| F|  |TAMS 0x0000000433000000| PB 0x0000000433000000| Untracked |  0
|  83|0x0000000433800000, 0x0000000433800000, 0x0000000434000000|  0%| F|  |TAMS 0x0000000433800000| PB 0x0000000433800000| Untracked |  0
|  84|0x0000000434000000, 0x0000000434000000, 0x0000000434800000|  0%| F|  |TAMS 0x0000000434000000| PB 0x0000000434000000| Untracked |  0
|  85|0x0000000434800000, 0x0000000434800000, 0x0000000435000000|  0%| F|  |TAMS 0x0000000434800000| PB 0x0000000434800000| Untracked |  0
|  86|0x0000000435000000, 0x0000000435000000, 0x0000000435800000|  0%| F|  |TAMS 0x0000000435000000| PB 0x0000000435000000| Untracked |  0
|  87|0x0000000435800000, 0x0000000435800000, 0x0000000436000000|  0%| F|  |TAMS 0x0000000435800000| PB 0x0000000435800000| Untracked |  0
|  88|0x0000000436000000, 0x0000000436000000, 0x0000000436800000|  0%| F|  |TAMS 0x0000000436000000| PB 0x0000000436000000| Untracked |  0
|  89|0x0000000436800000, 0x0000000436800000, 0x0000000437000000|  0%| F|  |TAMS 0x0000000436800000| PB 0x0000000436800000| Untracked |  0
|  90|0x0000000437000000, 0x0000000437000000, 0x0000000437800000|  0%| F|  |TAMS 0x0000000437000000| PB 0x0000000437000000| Untracked |  0
|  91|0x0000000437800000, 0x0000000437800000, 0x0000000438000000|  0%| F|  |TAMS 0x0000000437800000| PB 0x0000000437800000| Untracked |  0
|  92|0x0000000438000000, 0x0000000438000000, 0x0000000438800000|  0%| F|  |TAMS 0x0000000438000000| PB 0x0000000438000000| Untracked |  0
|  93|0x0000000438800000, 0x0000000438800000, 0x0000000439000000|  0%| F|  |TAMS 0x0000000438800000| PB 0x0000000438800000| Untracked |  0
|  94|0x0000000439000000, 0x0000000439000000, 0x0000000439800000|  0%| F|  |TAMS 0x0000000439000000| PB 0x0000000439000000| Untracked |  0
|  95|0x0000000439800000, 0x0000000439800000, 0x000000043a000000|  0%| F|  |TAMS 0x0000000439800000| PB 0x0000000439800000| Untracked |  0
|  96|0x000000043a000000, 0x000000043a000000, 0x000000043a800000|  0%| F|  |TAMS 0x000000043a000000| PB 0x000000043a000000| Untracked |  0
|  97|0x000000043a800000, 0x000000043a800000, 0x000000043b000000|  0%| F|  |TAMS 0x000000043a800000| PB 0x000000043a800000| Untracked |  0
|  98|0x000000043b000000, 0x000000043b000000, 0x000000043b800000|  0%| F|  |TAMS 0x000000043b000000| PB 0x000000043b000000| Untracked |  0
|  99|0x000000043b800000, 0x000000043b800000, 0x000000043c000000|  0%| F|  |TAMS 0x000000043b800000| PB 0x000000043b800000| Untracked |  0
| 100|0x000000043c000000, 0x000000043c000000, 0x000000043c800000|  0%| F|  |TAMS 0x000000043c000000| PB 0x000000043c000000| Untracked |  0
| 101|0x000000043c800000, 0x000000043c800000, 0x000000043d000000|  0%| F|  |TAMS 0x000000043c800000| PB 0x000000043c800000| Untracked |  0
| 102|0x000000043d000000, 0x000000043d000000, 0x000000043d800000|  0%| F|  |TAMS 0x000000043d000000| PB 0x000000043d000000| Untracked |  0
| 103|0x000000043d800000, 0x000000043d800000, 0x000000043e000000|  0%| F|  |TAMS 0x000000043d800000| PB 0x000000043d800000| Untracked |  0
| 104|0x000000043e000000, 0x000000043e000000, 0x000000043e800000|  0%| F|  |TAMS 0x000000043e000000| PB 0x000000043e000000| Untracked |  0
| 105|0x000000043e800000, 0x000000043e800000, 0x000000043f000000|  0%| F|  |TAMS 0x000000043e800000| PB 0x000000043e800000| Untracked |  0
| 106|0x000000043f000000, 0x000000043f000000, 0x000000043f800000|  0%| F|  |TAMS 0x000000043f000000| PB 0x000000043f000000| Untracked |  0
| 107|0x000000043f800000, 0x000000043f800000, 0x0000000440000000|  0%| F|  |TAMS 0x000000043f800000| PB 0x000000043f800000| Untracked |  0
| 108|0x0000000440000000, 0x0000000440000000, 0x0000000440800000|  0%| F|  |TAMS 0x0000000440000000| PB 0x0000000440000000| Untracked |  0
| 109|0x0000000440800000, 0x0000000440800000, 0x0000000441000000|  0%| F|  |TAMS 0x0000000440800000| PB 0x0000000440800000| Untracked |  0
| 110|0x0000000441000000, 0x0000000441000000, 0x0000000441800000|  0%| F|  |TAMS 0x0000000441000000| PB 0x0000000441000000| Untracked |  0
| 111|0x0000000441800000, 0x0000000441800000, 0x0000000442000000|  0%| F|  |TAMS 0x0000000441800000| PB 0x0000000441800000| Untracked |  0
| 112|0x0000000442000000, 0x0000000442000000, 0x0000000442800000|  0%| F|  |TAMS 0x0000000442000000| PB 0x0000000442000000| Untracked |  0
| 113|0x0000000442800000, 0x0000000442f8e308, 0x0000000443000000| 94%| E|  |TAMS 0x0000000442800000| PB 0x0000000442800000| Complete |  0
| 114|0x0000000443000000, 0x0000000443800000, 0x0000000443800000|100%| E|CS|TAMS 0x0000000443000000| PB 0x0000000443000000| Complete |  0
| 115|0x0000000443800000, 0x0000000444000000, 0x0000000444000000|100%| E|  |TAMS 0x0000000443800000| PB 0x0000000443800000| Complete |  0
| 116|0x0000000444000000, 0x0000000444800000, 0x0000000444800000|100%| E|CS|TAMS 0x0000000444000000| PB 0x0000000444000000| Complete |  0
| 117|0x0000000444800000, 0x0000000445000000, 0x0000000445000000|100%| E|CS|TAMS 0x0000000444800000| PB 0x0000000444800000| Complete |  0
| 118|0x0000000445000000, 0x0000000445800000, 0x0000000445800000|100%| E|CS|TAMS 0x0000000445000000| PB 0x0000000445000000| Complete |  0
| 119|0x0000000445800000, 0x0000000446000000, 0x0000000446000000|100%| E|CS|TAMS 0x0000000445800000| PB 0x0000000445800000| Complete |  0
| 120|0x0000000446000000, 0x0000000446681f18, 0x0000000446800000| 81%| S|CS|TAMS 0x0000000446000000| PB 0x0000000446000000| Complete |  0
| 121|0x0000000446800000, 0x0000000447000000, 0x0000000447000000|100%| E|CS|TAMS 0x0000000446800000| PB 0x0000000446800000| Complete |  0
| 122|0x0000000447000000, 0x0000000447800000, 0x0000000447800000|100%| E|CS|TAMS 0x0000000447000000| PB 0x0000000447000000| Complete |  0
| 123|0x0000000447800000, 0x0000000448000000, 0x0000000448000000|100%| E|CS|TAMS 0x0000000447800000| PB 0x0000000447800000| Complete |  0
| 124|0x0000000448000000, 0x0000000448800000, 0x0000000448800000|100%| E|CS|TAMS 0x0000000448000000| PB 0x0000000448000000| Complete |  0
| 125|0x0000000448800000, 0x0000000449000000, 0x0000000449000000|100%| E|CS|TAMS 0x0000000448800000| PB 0x0000000448800000| Complete |  0
| 126|0x0000000449000000, 0x0000000449800000, 0x0000000449800000|100%| E|CS|TAMS 0x0000000449000000| PB 0x0000000449000000| Complete |  0
|2027|0x00000007ff800000, 0x00000007ff91d248, 0x0000000800000000| 13%| O|  |TAMS 0x00000007ff800000| PB 0x00000007ff800000| Untracked |  0

Card table byte_map: [0x000001cba4aa0000,0x000001cba6a50000] _byte_map_base: 0x000001cba2a50000

Marking Bits: (CMBitMap*) 0x000001cb88494ba0
 Bits: [0x000001cba6a50000, 0x000001cbb67d0000)

Polling page: 0x000001cb88000000

Metaspace:

Usage:
  Non-class:     18.20 MB used.
      Class:      1.85 MB used.
       Both:     20.05 MB used.

Virtual space:
  Non-class space:       64.00 MB reserved,      18.56 MB ( 29%) committed,  1 nodes.
      Class space:        1.00 GB reserved,       2.12 MB ( <1%) committed,  1 nodes.
             Both:        1.06 GB reserved,      20.69 MB (  2%) committed. 

Chunk freelists:
   Non-Class:  12.97 MB
       Class:  13.91 MB
        Both:  26.88 MB

MaxMetaspaceSize: unlimited
CompressedClassSpaceSize: 1.00 GB
Initial GC threshold: 21.00 MB
Current GC threshold: 21.00 MB
CDS: on
 - commit_granule_bytes: 65536.
 - commit_granule_words: 8192.
 - virtual_space_node_default_size: 8388608.
 - enlarge_chunks_in_place: 1.
UseCompressedClassPointers 1, UseCompactObjectHeaders 0
Narrow klass pointer bits 32, Max shift 3
Narrow klass base: 0x000001cbba000000, Narrow klass shift: 0
Encoding Range: [0x000001cbba000000 - 0x000001ccba000000), (4294967296 bytes)
Klass Range:    [0x000001cbba000000 - 0x000001cbfb000000), (1090519040 bytes)
Klass ID Range:  [8 - 1090519033) (1090519025)


Internal statistics:

num_allocs_failed_limit: 0.
num_arena_births: 726.
num_arena_deaths: 0.
num_vsnodes_births: 2.
num_vsnodes_deaths: 0.
num_space_committed: 331.
num_space_uncommitted: 0.
num_chunks_returned_to_freelist: 0.
num_chunks_taken_from_freelist: 1053.
num_chunk_merges: 0.
num_chunk_splits: 651.
num_chunks_enlarged: 367.
num_inconsistent_stats: 0.

CodeHeap 'non-profiled nmethods': size=119232Kb used=2642Kb max_used=2642Kb free=116589Kb
 bounds [0x000001cb9a160000, 0x000001cb9a400000, 0x000001cba15d0000]
CodeHeap 'profiled nmethods': size=119104Kb used=9757Kb max_used=9757Kb free=109347Kb
 bounds [0x000001cb925d0000, 0x000001cb92f60000, 0x000001cb99a20000]
CodeHeap 'non-nmethods': size=7424Kb used=1748Kb max_used=3576Kb free=5675Kb
 bounds [0x000001cb99a20000, 0x000001cb99e70000, 0x000001cb9a160000]
CodeCache: size=245760Kb, used=14147Kb, max_used=15975Kb, free=231611Kb
 total_blobs=6395, nmethods=5473, adapters=816, full_count=0
Compilation: enabled, stopped_count=0, restarted_count=0

Compilation events (20 events):
Event: 150.615 Thread 0x000001cbb6acbb40 5463       4       javax.swing.RepaintManager::collectDirtyComponents (344 bytes)
Event: 150.625 Thread 0x000001cbb6acbb40 nmethod 5463 0x000001cb9a3f0688 code [0x000001cb9a3f08e0, 0x000001cb9a3f1f80]
Event: 150.632 Thread 0x000001cbb6acbb40 5464       4       java.awt.Component$1::getPeer (5 bytes)
Event: 150.633 Thread 0x000001cbb6acbb40 nmethod 5464 0x000001cb9a3f2108 code [0x000001cb9a3f2200, 0x000001cb9a3f2290]
Event: 150.682 Thread 0x000001cbb6ad14f0 5465   !   3       java.awt.EventQueue::removeSourceEvents (316 bytes)
Event: 150.683 Thread 0x000001cbb6ad14f0 nmethod 5465 0x000001cb92f53d88 code [0x000001cb92f54020, 0x000001cb92f55cc8]
Event: 150.683 Thread 0x000001cbb6ad14f0 5466   !   3       java.awt.KeyboardFocusManager::getPermanentFocusOwner (42 bytes)
Event: 150.683 Thread 0x000001cbb6ad14f0 nmethod 5466 0x000001cb92f55d88 code [0x000001cb92f55ec0, 0x000001cb92f562d8]
Event: 150.683 Thread 0x000001cbb6acbb40 5467       4       sun.util.locale.InternalLocaleBuilder::clearExtensions (50 bytes)
Event: 150.684 Thread 0x000001cbb6acbb40 nmethod 5467 0x000001cb9a3f2408 code [0x000001cb9a3f2500, 0x000001cb9a3f25d8]
Event: 150.684 Thread 0x000001cbb6ad14f0 5468       3       com.sun.java.swing.plaf.windows.WindowsLabelUI::paintEnabledText (36 bytes)
Event: 150.684 Thread 0x000001cbb6ad14f0 nmethod 5468 0x000001cb92f56308 code [0x000001cb92f564e0, 0x000001cb92f57088]
Event: 150.684 Thread 0x000001cbb6ad14f0 5470       3       sun.java2d.loops.ProcessPath$DrawHandler::setBounds (65 bytes)
Event: 150.684 Thread 0x000001cbb6ad14f0 nmethod 5470 0x000001cb92f57108 code [0x000001cb92f57260, 0x000001cb92f573d0]
Event: 150.684 Thread 0x000001cbb6ad14f0 5469       1       sun.java2d.SunGraphics2D::getColor (5 bytes)
Event: 150.685 Thread 0x000001cbb6ad14f0 nmethod 5469 0x000001cb9a3f2b08 code [0x000001cb9a3f2c00, 0x000001cb9a3f2cd0]
Event: 151.009 Thread 0x000001cbb6acbb40 5472   !   4       java.awt.KeyboardFocusManager::processCurrentLightweightRequests (345 bytes)
Event: 151.016 Thread 0x000001cbb6acbb40 nmethod 5472 0x000001cb9a3f2e08 code [0x000001cb9a3f3040, 0x000001cb9a3f44c0]
Event: 153.115 Thread 0x000001cbb6ad14f0 5473       1       javax.swing.DefaultButtonModel::isMenuItem (5 bytes)
Event: 153.115 Thread 0x000001cbb6ad14f0 nmethod 5473 0x000001cb9a3f4608 code [0x000001cb9a3f4700, 0x000001cb9a3f47c8]

GC Heap History (2 events):
Event: 11.197 GC heap before
{Heap before GC invocations=0 (full 0):
 garbage-first heap   total reserved 16613376K, committed 1048576K, used 50292K [0x000000040a000000, 0x0000000800000000)
  region size 8192K, 6 young (49152K), 0 survivors (0K)
 Metaspace       used 15538K, committed 15936K, reserved 1114112K
  class space    used 1441K, committed 1600K, reserved 1048576K
}
Event: 11.202 GC heap after
{Heap after GC invocations=1 (full 0):
 garbage-first heap   total reserved 16613376K, committed 1048576K, used 7804K [0x000000040a000000, 0x0000000800000000)
  region size 8192K, 1 young (8192K), 1 survivors (8192K)
 Metaspace       used 15538K, committed 15936K, reserved 1114112K
  class space    used 1441K, committed 1600K, reserved 1048576K
}

Dll operation events (13 events):
Event: 0.004 Loaded shared library C:\Program Files\Java\jdk-24\bin\java.dll
Event: 0.022 Loaded shared library C:\Program Files\Java\jdk-24\bin\jsvml.dll
Event: 0.026 Loaded shared library C:\Program Files\Java\jdk-24\bin\net.dll
Event: 0.027 Loaded shared library C:\Program Files\Java\jdk-24\bin\nio.dll
Event: 0.028 Loaded shared library C:\Program Files\Java\jdk-24\bin\zip.dll
Event: 0.041 Loaded shared library C:\Program Files\Java\jdk-24\bin\jimage.dll
Event: 0.050 Loaded shared library C:\Program Files\Java\jdk-24\bin\awt.dll
Event: 0.287 Loaded shared library C:\Program Files\Java\jdk-24\bin\freetype.dll
Event: 0.288 Loaded shared library C:\Program Files\Java\jdk-24\bin\fontmanager.dll
Event: 0.381 Loaded shared library C:\Windows\System32\dpuareu_jni.dll
Event: 11.106 Loaded shared library C:\Windows\System32\ucrtbase.dll
Event: 11.108 Loaded shared library C:\Program Files\Java\jdk-24\bin\syslookup.dll
Event: 11.179 Loaded shared library C:\Program Files\Java\jdk-24\bin\extnet.dll

Deoptimization events (20 events):
Event: 135.546 Thread 0x000001cb8474c1a0 Uncommon trap: trap_request=0xffffffde fr.pc=0x000001cb9a3cb9f0 relative=0x00000000000007d0
Event: 135.546 Thread 0x000001cb8474c1a0 Uncommon trap: reason=class_check action=maybe_recompile pc=0x000001cb9a3cb9f0 method=java.awt.LightweightDispatcher.eventDispatched(Ljava/awt/AWTEvent;)V @ 70 c2
Event: 135.546 Thread 0x000001cb8474c1a0 DEOPT PACKING pc=0x000001cb9a3cb9f0 sp=0x0000002ea4efe6b0
Event: 135.546 Thread 0x000001cb8474c1a0 DEOPT UNPACKING pc=0x000001cb99b37802 sp=0x0000002ea4efe648 mode 2
Event: 135.546 Thread 0x000001cb8474c1a0 Uncommon trap: trap_request=0xffffff4d fr.pc=0x000001cb9a3cbb0c relative=0x00000000000008ec
Event: 135.546 Thread 0x000001cb8474c1a0 Uncommon trap: reason=unstable_if action=reinterpret pc=0x000001cb9a3cbb0c method=java.awt.LightweightDispatcher.eventDispatched(Ljava/awt/AWTEvent;)V @ 32 c2
Event: 135.546 Thread 0x000001cb8474c1a0 DEOPT PACKING pc=0x000001cb9a3cbb0c sp=0x0000002ea4efe6b0
Event: 135.546 Thread 0x000001cb8474c1a0 DEOPT UNPACKING pc=0x000001cb99b37802 sp=0x0000002ea4efe650 mode 2
Event: 137.475 Thread 0x000001cb8474c1a0 Uncommon trap: trap_request=0xffffff6e fr.pc=0x000001cb9a35325c relative=0x00000000000004bc
Event: 137.475 Thread 0x000001cb8474c1a0 Uncommon trap: reason=loop_limit_check action=maybe_recompile pc=0x000001cb9a35325c method=java.lang.StringLatin1.indexOf([BI[BII)I @ 37 c2
Event: 137.475 Thread 0x000001cb8474c1a0 DEOPT PACKING pc=0x000001cb9a35325c sp=0x0000002ea4efde80
Event: 137.475 Thread 0x000001cb8474c1a0 DEOPT UNPACKING pc=0x000001cb99b37802 sp=0x0000002ea4efde08 mode 2
Event: 150.687 Thread 0x000001cb8474c1a0 Uncommon trap: trap_request=0xffffffbe fr.pc=0x000001cb9a3d7204 relative=0x00000000000001e4
Event: 150.687 Thread 0x000001cb8474c1a0 Uncommon trap: reason=profile_predicate action=maybe_recompile pc=0x000001cb9a3d7204 method=java.util.HashMap.keysToArray([Ljava/lang/Object;)[Ljava/lang/Object; @ 48 c2
Event: 150.687 Thread 0x000001cb8474c1a0 DEOPT PACKING pc=0x000001cb9a3d7204 sp=0x0000002ea4efe0d0
Event: 150.687 Thread 0x000001cb8474c1a0 DEOPT UNPACKING pc=0x000001cb99b37802 sp=0x0000002ea4efe068 mode 2
Event: 183.385 Thread 0x000001cb845baaf0 Uncommon trap: trap_request=0xffffff4d fr.pc=0x000001cb9a373848 relative=0x00000000000002e8
Event: 183.385 Thread 0x000001cb845baaf0 Uncommon trap: reason=unstable_if action=reinterpret pc=0x000001cb9a373848 method=sun.awt.windows.WWindowPeer.preprocessPostEvent(Ljava/awt/AWTEvent;)V @ 4 c2
Event: 183.385 Thread 0x000001cb845baaf0 DEOPT PACKING pc=0x000001cb9a373848 sp=0x0000002ea4cfc810
Event: 183.385 Thread 0x000001cb845baaf0 DEOPT UNPACKING pc=0x000001cb99b37802 sp=0x0000002ea4cfc760 mode 2

Classes loaded (20 events):
Event: 57.527 Loading class sun/awt/shell/Win32ShellFolderManager2$ComInvoker$1
Event: 57.527 Loading class sun/awt/shell/Win32ShellFolderManager2$ComInvoker$1 done
Event: 57.781 Loading class javax/swing/plaf/basic/BasicOptionPaneUI$ButtonFactory$ConstrainedButton
Event: 57.782 Loading class javax/swing/plaf/basic/BasicOptionPaneUI$ButtonFactory$ConstrainedButton done
Event: 100.641 Loading class javax/swing/Autoscroller
Event: 100.641 Loading class javax/swing/Autoscroller done
Event: 100.656 Loading class com/sun/java/swing/plaf/windows/WindowsTextUI
Event: 100.657 Loading class com/sun/java/swing/plaf/windows/WindowsTextUI done
Event: 100.657 Loading class com/sun/java/swing/plaf/windows/WindowsTextUI$WindowsHighlightPainter
Event: 100.657 Loading class com/sun/java/swing/plaf/windows/WindowsTextUI$WindowsHighlightPainter done
Event: 100.657 Loading class javax/swing/text/DefaultHighlighter$LayeredHighlightInfo
Event: 100.657 Loading class javax/swing/text/DefaultHighlighter$HighlightInfo
Event: 100.657 Loading class javax/swing/text/DefaultHighlighter$HighlightInfo done
Event: 100.657 Loading class javax/swing/text/DefaultHighlighter$LayeredHighlightInfo done
Event: 118.529 Loading class java/awt/image/BufferedImageOp
Event: 118.529 Loading class java/awt/image/BufferedImageOp done
Event: 135.432 Loading class java/awt/Canvas
Event: 135.432 Loading class java/awt/Canvas done
Event: 135.432 Loading class java/awt/Scrollbar
Event: 135.432 Loading class java/awt/Scrollbar done

Classes unloaded (0 events):
No events

Classes redefined (0 events):
No events

Internal exceptions (20 events):
Event: 11.248 Thread 0x000001cb8474c1a0 Exception <a 'java/lang/NoSuchMethodError'{0x00000004494a4c78}: 'int java.lang.invoke.DirectMethodHandle$Holder.invokeSpecial(java.lang.Object, java.lang.Object, int, java.lang.Object)'> (0x00000004494a4c78) 
thrown [s\open\src\hotspot\share\interpreter\linkResolver.cpp, line 805]
Event: 11.249 Thread 0x000001cb8474c1a0 Exception <a 'java/lang/NoSuchMethodError'{0x00000004494b4d10}: 'java.lang.Object java.lang.invoke.Invokers$Holder.invokeExact_MT(java.lang.Object, long, java.lang.Object)'> (0x00000004494b4d10) 
thrown [s\open\src\hotspot\share\interpreter\linkResolver.cpp, line 805]
Event: 11.251 Thread 0x000001cb8474c1a0 Exception <a 'java/lang/NoSuchMethodError'{0x000000044956a060}: 'java.lang.Object java.lang.invoke.DirectMethodHandle$Holder.invokeStatic(java.lang.Object, java.lang.Object, java.lang.Object, java.lang.Object, java.lang.Object, java.lang.Object, long)'> (0x000000044956a060) 
thrown [s\open\src\hotspot\share\interpreter\linkResolver.cpp, line 805]
Event: 11.256 Thread 0x000001cb8474c1a0 Exception <a 'java/lang/NoSuchMethodError'{0x000000044959ef18}: 'int java.lang.invoke.Invokers$Holder.invokeExact_MT(java.lang.Object, java.lang.Object, java.lang.Object, int, java.lang.Object, java.lang.Object)'> (0x000000044959ef18) 
thrown [s\open\src\hotspot\share\interpreter\linkResolver.cpp, line 805]
Event: 11.258 Thread 0x000001cb8474c1a0 Exception <a 'java/lang/NoSuchMethodError'{0x00000004495cb668}: 'int java.lang.invoke.DelegatingMethodHandle$Holder.reinvoke_L(java.lang.Object, java.lang.Object, java.lang.Object, java.lang.Object, long, long)'> (0x00000004495cb668) 
thrown [s\open\src\hotspot\share\interpreter\linkResolver.cpp, line 805]
Event: 11.260 Thread 0x000001cb8474c1a0 Exception <a 'java/lang/NoSuchMethodError'{0x00000004495f3db8}: 'java.lang.Object java.lang.invoke.DirectMethodHandle$Holder.invokeStatic(java.lang.Object, java.lang.Object, java.lang.Object, java.lang.Object, java.lang.Object, long, java.lang.Object)'> (0x00000004495f3db8) 
thrown [s\open\src\hotspot\share\interpreter\linkResolver.cpp, line 805]
Event: 11.314 Thread 0x000001cc0250abb0 Exception <a 'java/lang/NoSuchMethodError'{0x0000000448ba26b0}: 'void java.lang.invoke.DirectMethodHandle$Holder.invokeInterface(java.lang.Object, java.lang.Object, java.lang.Object, java.lang.Object)'> (0x0000000448ba26b0) 
thrown [s\open\src\hotspot\share\interpreter\linkResolver.cpp, line 805]
Event: 11.317 Thread 0x000001cc0250abb0 Implicit null exception at 0x000001cb9a249e94 to 0x000001cb9a24a534
Event: 11.317 Thread 0x000001cc0250abb0 Implicit null exception at 0x000001cb9a20e690 to 0x000001cb9a20ed28
Event: 11.340 Thread 0x000001cc0250abb0 Exception <a 'java/lang/NoSuchMethodError'{0x0000000448e020a8}: 'void java.lang.invoke.DirectMethodHandle$Holder.invokeSpecial(java.lang.Object, java.lang.Object, int, int)'> (0x0000000448e020a8) 
thrown [s\open\src\hotspot\share\interpreter\linkResolver.cpp, line 805]
Event: 11.340 Thread 0x000001cc0250abb0 Exception <a 'java/lang/NoSuchMethodError'{0x0000000448e11390}: 'java.lang.Object java.lang.invoke.DirectMethodHandle$Holder.newInvokeSpecial(java.lang.Object, java.lang.Object, int, int)'> (0x0000000448e11390) 
thrown [s\open\src\hotspot\share\interpreter\linkResolver.cpp, line 805]
Event: 11.350 Thread 0x000001cc0250abb0 Exception <a 'java/lang/NoSuchMethodError'{0x0000000448ef8360}: 'void java.lang.invoke.DirectMethodHandle$Holder.invokeInterface(java.lang.Object, java.lang.Object)'> (0x0000000448ef8360) 
thrown [s\open\src\hotspot\share\interpreter\linkResolver.cpp, line 805]
Event: 11.513 Thread 0x000001cb8474c1a0 Exception <a 'java/lang/NoSuchMethodError'{0x00000004483c7c68}: 'java.lang.Object java.lang.invoke.DirectMethodHandle$Holder.invokeSpecial(java.lang.Object, java.lang.Object, int, java.lang.Object, int, java.lang.Object)'> (0x00000004483c7c68) 
thrown [s\open\src\hotspot\share\interpreter\linkResolver.cpp, line 805]
Event: 11.513 Thread 0x000001cb8474c1a0 Exception <a 'java/lang/NoSuchMethodError'{0x00000004483cfd50}: 'java.lang.Object java.lang.invoke.DelegatingMethodHandle$Holder.reinvoke_L(java.lang.Object, java.lang.Object, int, java.lang.Object, int, java.lang.Object)'> (0x00000004483cfd50) 
thrown [s\open\src\hotspot\share\interpreter\linkResolver.cpp, line 805]
Event: 11.543 Thread 0x000001cb8474c1a0 Exception <a 'java/lang/NoSuchMethodError'{0x000000044849aec8}: 'int java.lang.invoke.DirectMethodHandle$Holder.invokeStatic(java.lang.Object)'> (0x000000044849aec8) 
thrown [s\open\src\hotspot\share\interpreter\linkResolver.cpp, line 805]
Event: 16.935 Thread 0x000001cb8474c1a0 Implicit null exception at 0x000001cb9a25d7ea to 0x000001cb9a25dab4
Event: 21.635 Thread 0x000001cb8474c1a0 Exception <a 'java/lang/NoSuchMethodError'{0x00000004470cdc80}: 'int java.lang.invoke.Invokers$Holder.invokeExact_MT(java.lang.Object, java.lang.Object, java.lang.Object, int, int, java.lang.Object, java.lang.Object, java.lang.Object)'> (0x00000004470cdc80) 
thrown [s\open\src\hotspot\share\interpreter\linkResolver.cpp, line 805]
Event: 21.722 Thread 0x000001cb8474c1a0 Exception <a 'java/lang/NoSuchMethodError'{0x000000044723ce98}: 'java.lang.Object java.lang.invoke.DirectMethodHandle$Holder.invokeSpecial(java.lang.Object, java.lang.Object, int, long)'> (0x000000044723ce98) 
thrown [s\open\src\hotspot\share\interpreter\linkResolver.cpp, line 805]
Event: 21.722 Thread 0x000001cb8474c1a0 Exception <a 'java/lang/NoSuchMethodError'{0x000000044724cfc8}: 'java.lang.Object java.lang.invoke.DelegatingMethodHandle$Holder.reinvoke_L(java.lang.Object, java.lang.Object, int, long)'> (0x000000044724cfc8) 
thrown [s\open\src\hotspot\share\interpreter\linkResolver.cpp, line 805]
Event: 62.597 Thread 0x000001cb8474c1a0 Implicit null exception at 0x000001cb9a331293 to 0x000001cb9a331850

VM Operations (20 events):
Event: 22.432 Executing VM operation: HandshakeAllThreads (Deoptimize) done
Event: 22.433 Executing VM operation: HandshakeAllThreads (Deoptimize)
Event: 22.433 Executing VM operation: HandshakeAllThreads (Deoptimize) done
Event: 22.435 Executing VM operation: HandshakeAllThreads (Deoptimize)
Event: 22.435 Executing VM operation: HandshakeAllThreads (Deoptimize) done
Event: 22.436 Executing VM operation: HandshakeAllThreads (Deoptimize)
Event: 22.436 Executing VM operation: HandshakeAllThreads (Deoptimize) done
Event: 60.142 Executing VM operation: HandshakeAllThreads (HandshakeForDeflation)
Event: 60.142 Executing VM operation: HandshakeAllThreads (HandshakeForDeflation) done
Event: 60.142 Executing VM operation: RendezvousGCThreads
Event: 60.142 Executing VM operation: RendezvousGCThreads done
Event: 120.258 Executing VM operation: HandshakeAllThreads (HandshakeForDeflation)
Event: 120.258 Executing VM operation: HandshakeAllThreads (HandshakeForDeflation) done
Event: 120.259 Executing VM operation: RendezvousGCThreads
Event: 120.259 Executing VM operation: RendezvousGCThreads done
Event: 180.411 Executing VM operation: HandshakeAllThreads (HandshakeForDeflation)
Event: 180.411 Executing VM operation: HandshakeAllThreads (HandshakeForDeflation) done
Event: 180.411 Executing VM operation: RendezvousGCThreads
Event: 180.411 Executing VM operation: RendezvousGCThreads done
Event: 183.487 Executing VM operation: Exit

Memory protections (0 events):
No events

Nmethod flushes (0 events):
No events

Events (20 events):
Event: 130.062 Thread 0x000001cc0313d710 Thread exited: 0x000001cc0313d710
Event: 130.062 Thread 0x000001cc0313edc0 Thread exited: 0x000001cc0313edc0
Event: 130.338 Thread 0x000001cb8474c1a0 Thread added: 0x000001cc0250c1a0
Event: 130.346 Thread 0x000001cbb6ad14f0 Thread added: 0x000001cc0313edc0
Event: 130.427 Thread 0x000001cc0250c1a0 Thread exited: 0x000001cc0250c1a0
Event: 130.452 Thread 0x000001cbb6acbb40 Thread added: 0x000001cc0313c7f0
Event: 130.714 Thread 0x000001cc0313c7f0 Thread exited: 0x000001cc0313c7f0
Event: 131.759 Thread 0x000001cc0313edc0 Thread exited: 0x000001cc0313edc0
Event: 183.385 Thread 0x000001cb8474c1a0 Thread added: 0x000001cc0250c8f0
Event: 183.385 Thread 0x000001cb8474c1a0 Thread added: 0x000001cc0250c1a0
Event: 183.385 Thread 0x000001cb8474c1a0 Thread added: 0x000001cb84420450
Event: 183.385 Thread 0x000001cb8474c1a0 Thread added: 0x000001cb8441dfc0
Event: 183.386 Thread 0x000001cc0250c8f0 Thread exited: 0x000001cc0250c8f0
Event: 183.386 Thread 0x000001cc0250c1a0 Thread exited: 0x000001cc0250c1a0
Event: 183.386 Thread 0x000001cb8441dfc0 Thread exited: 0x000001cb8441dfc0
Event: 183.386 Thread 0x000001cc0250abb0 Thread exited: 0x000001cc0250abb0
Event: 183.386 Thread 0x000001cc0250d040 Thread exited: 0x000001cc0250d040
Event: 183.432 Thread 0x000001cb845baaf0 Thread exited: 0x000001cb845baaf0
Event: 183.487 Thread 0x000001cb84420450 Thread exited: 0x000001cb84420450
Event: 183.487 Thread 0x000001cb8474c1a0 Before exit entered


Dynamic libraries:
0x00007ff7b9220000 - 0x00007ff7b9230000 	C:\Program Files\Java\jdk-24\bin\java.exe
0x00007fff6df60000 - 0x00007fff6e1c9000 	C:\Windows\SYSTEM32\ntdll.dll
0x00007fff6d0d0000 - 0x00007fff6d199000 	C:\Windows\System32\KERNEL32.DLL
0x00007fff6b650000 - 0x00007fff6ba43000 	C:\Windows\System32\KERNELBASE.dll
0x00007fff6b0f0000 - 0x00007fff6b23b000 	C:\Windows\System32\ucrtbase.dll
0x00007fff4cc40000 - 0x00007fff4cc5b000 	C:\Program Files\Java\jdk-24\bin\VCRUNTIME140.dll
0x00007fff4f340000 - 0x00007fff4f356000 	C:\Program Files\Java\jdk-24\bin\jli.dll
0x00007fff6d470000 - 0x00007fff6d634000 	C:\Windows\System32\USER32.dll
0x00007fff4f3e0000 - 0x00007fff4f673000 	C:\Windows\WinSxS\amd64_microsoft.windows.common-controls_6595b64144ccf1df_6.0.26100.5074_none_3e0d6f78e32fd63f\COMCTL32.dll
0x00007fff6b370000 - 0x00007fff6b397000 	C:\Windows\System32\win32u.dll
0x00007fff6bf60000 - 0x00007fff6c009000 	C:\Windows\System32\msvcrt.dll
0x00007fff6c270000 - 0x00007fff6c29b000 	C:\Windows\System32\GDI32.dll
0x00007fff6b240000 - 0x00007fff6b36d000 	C:\Windows\System32\gdi32full.dll
0x00007fff6ba50000 - 0x00007fff6baf3000 	C:\Windows\System32\msvcp_win.dll
0x00007fff6cd80000 - 0x00007fff6cdaf000 	C:\Windows\System32\IMM32.DLL
0x00007fff67c20000 - 0x00007fff67c2c000 	C:\Program Files\Java\jdk-24\bin\vcruntime140_1.dll
0x00007fff16f00000 - 0x00007fff16f8e000 	C:\Program Files\Java\jdk-24\bin\msvcp140.dll
0x00007ffe802a0000 - 0x00007ffe81041000 	C:\Program Files\Java\jdk-24\bin\server\jvm.dll
0x00007fff6cc40000 - 0x00007fff6ccf4000 	C:\Windows\System32\ADVAPI32.dll
0x00007fff6cb90000 - 0x00007fff6cc36000 	C:\Windows\System32\sechost.dll
0x00007fff6c320000 - 0x00007fff6c438000 	C:\Windows\System32\RPCRT4.dll
0x00007fff6cd00000 - 0x00007fff6cd74000 	C:\Windows\System32\WS2_32.dll
0x00007fff6a970000 - 0x00007fff6a9ce000 	C:\Windows\SYSTEM32\POWRPROF.dll
0x00007fff55570000 - 0x00007fff555a5000 	C:\Windows\SYSTEM32\WINMM.dll
0x00007fff62fd0000 - 0x00007fff62fdb000 	C:\Windows\SYSTEM32\VERSION.dll
0x00007fff6a950000 - 0x00007fff6a964000 	C:\Windows\SYSTEM32\UMPDC.dll
0x00007fff69e90000 - 0x00007fff69eab000 	C:\Windows\SYSTEM32\kernel.appcore.dll
0x00007fff65b80000 - 0x00007fff65b8a000 	C:\Program Files\Java\jdk-24\bin\jimage.dll
0x00007fff68900000 - 0x00007fff68b42000 	C:\Windows\SYSTEM32\DBGHELP.DLL
0x00007fff6dae0000 - 0x00007fff6de5b000 	C:\Windows\System32\combase.dll
0x00007fff6d1b0000 - 0x00007fff6d287000 	C:\Windows\System32\OLEAUT32.dll
0x00007fff4fbf0000 - 0x00007fff4fc2d000 	C:\Windows\SYSTEM32\dbgcore.DLL
0x00007fff6b520000 - 0x00007fff6b5b9000 	C:\Windows\System32\bcryptPrimitives.dll
0x00007fff4cc20000 - 0x00007fff4cc3e000 	C:\Program Files\Java\jdk-24\bin\java.dll
0x00007fff6ce30000 - 0x00007fff6cfc8000 	C:\Windows\System32\ole32.dll
0x00007fff6c440000 - 0x00007fff6cb8d000 	C:\Windows\System32\SHELL32.dll
0x00007fff6bb00000 - 0x00007fff6bc6c000 	C:\Windows\System32\wintypes.dll
0x00007fff68d10000 - 0x00007fff69569000 	C:\Windows\SYSTEM32\windows.storage.dll
0x00007fff6d340000 - 0x00007fff6d430000 	C:\Windows\System32\SHCORE.dll
0x00007fff6cfd0000 - 0x00007fff6d032000 	C:\Windows\System32\shlwapi.dll
0x00007fff6b010000 - 0x00007fff6b039000 	C:\Windows\SYSTEM32\profapi.dll
0x00007ffefec80000 - 0x00007ffefed57000 	C:\Program Files\Java\jdk-24\bin\jsvml.dll
0x00007fff505d0000 - 0x00007fff505e0000 	C:\Program Files\Java\jdk-24\bin\net.dll
0x00007fff6a3f0000 - 0x00007fff6a45b000 	C:\Windows\system32\mswsock.dll
0x00007fff4cc00000 - 0x00007fff4cc16000 	C:\Program Files\Java\jdk-24\bin\nio.dll
0x00007fff4cbe0000 - 0x00007fff4cbf7000 	C:\Program Files\Java\jdk-24\bin\zip.dll
0x00007ffeecc90000 - 0x00007ffeece0f000 	C:\Program Files\Java\jdk-24\bin\awt.dll
0x00007fff67d90000 - 0x00007fff67e2e000 	C:\Windows\SYSTEM32\apphelp.dll
0x00007fff68040000 - 0x00007fff680e8000 	C:\Windows\system32\uxtheme.dll
0x00007fff6c010000 - 0x00007fff6c168000 	C:\Windows\System32\MSCTF.dll
0x00007fff682b0000 - 0x00007fff682db000 	C:\Windows\system32\DWMAPI.DLL
0x00007fff25450000 - 0x00007fff2555c000 	C:\Windows\system32\opengl32.dll
0x00007fff47880000 - 0x00007fff478ad000 	C:\Windows\SYSTEM32\GLU32.dll
0x00007fff68310000 - 0x00007fff68354000 	C:\Windows\SYSTEM32\dxcore.dll
0x00007fff6a820000 - 0x00007fff6a833000 	C:\Windows\SYSTEM32\msasn1.dll
0x00007fff62f90000 - 0x00007fff62fcb000 	C:\Windows\SYSTEM32\cryptnet.dll
0x00007fff6b3a0000 - 0x00007fff6b517000 	C:\Windows\System32\CRYPT32.dll
0x00007fff6a620000 - 0x00007fff6a62c000 	C:\Windows\SYSTEM32\cryptbase.dll
0x00007fff6a6c0000 - 0x00007fff6a724000 	C:\Windows\SYSTEM32\wldp.dll
0x00007fff622c0000 - 0x00007fff62435000 	C:\Windows\SYSTEM32\drvstore.dll
0x00007fff6ad70000 - 0x00007fff6ad9d000 	C:\Windows\SYSTEM32\devobj.dll
0x00007fff6ada0000 - 0x00007fff6adf7000 	C:\Windows\SYSTEM32\cfgmgr32.dll
0x00007fff6b5c0000 - 0x00007fff6b63e000 	C:\Windows\System32\wintrust.dll
0x00007fff6d440000 - 0x00007fff6d460000 	C:\Windows\System32\imagehlp.dll
0x00007fff6a7c0000 - 0x00007fff6a7db000 	C:\Windows\SYSTEM32\CRYPTSP.dll
0x00007fff69df0000 - 0x00007fff69e2b000 	C:\Windows\system32\rsaenh.dll
0x00007fff6afe0000 - 0x00007fff6b006000 	C:\Windows\SYSTEM32\bcrypt.dll
0x00007fff6d640000 - 0x00007fff6dac7000 	C:\Windows\System32\SETUPAPI.dll
0x00007ffeb9cf0000 - 0x00007ffeb9e37000 	C:\Windows\system32\nvspcap64.dll
0x00007fff69fb0000 - 0x00007fff69fe6000 	C:\Windows\SYSTEM32\ntmarta.dll
0x00007fff6a460000 - 0x00007fff6a487000 	C:\Windows\SYSTEM32\gpapi.dll
0x00007fff1f3d0000 - 0x00007fff1f587000 	C:\Windows\System32\DriverStore\FileRepository\nvamsi.inf_amd64_1baba5ad8bf4f484\nvppex.dll
0x00007fff05da0000 - 0x00007fff05e27000 	C:\Program Files\Java\jdk-24\bin\freetype.dll
0x00007ffefccb0000 - 0x00007ffefcd97000 	C:\Program Files\Java\jdk-24\bin\fontmanager.dll
0x00007fff21dd0000 - 0x00007fff21e01000 	C:\Windows\System32\dpuareu_jni.dll
0x00007fff591d0000 - 0x00007fff59245000 	C:\Windows\SYSTEM32\dpfj.dll
0x00007fff59180000 - 0x00007fff591c2000 	C:\Windows\SYSTEM32\dpfr6.dll
0x00007fff20860000 - 0x00007fff208a1000 	C:\Windows\SYSTEM32\dpfpdd.dll
0x00007fff596b0000 - 0x00007fff597a2000 	C:\Windows\SYSTEM32\DPFPApi.DLL
0x00007fff59610000 - 0x00007fff596a6000 	C:\Windows\SYSTEM32\DPSCApi.DLL
0x00007fff6aa30000 - 0x00007fff6aa60000 	C:\Windows\SYSTEM32\ncrypt.dll
0x00007fff67e40000 - 0x00007fff67e4d000 	C:\Windows\SYSTEM32\Secur32.dll
0x00007fff6a490000 - 0x00007fff6a4bb000 	C:\Windows\SYSTEM32\USERENV.dll
0x00007fff6a130000 - 0x00007fff6a179000 	C:\Windows\SYSTEM32\SSPICLI.DLL
0x00007fff6a9e0000 - 0x00007fff6aa1f000 	C:\Windows\SYSTEM32\NTASN1.dll
0x00007fff59030000 - 0x00007fff59088000 	C:\Windows\system32\DPCLBACK.dll
0x00007fff62d90000 - 0x00007fff62daa000 	C:\Windows\SYSTEM32\NETAPI32.dll
0x00007fff697f0000 - 0x00007fff697fd000 	C:\Windows\SYSTEM32\NETUTILS.DLL
0x00007fff15900000 - 0x00007fff15934000 	C:\Windows\SYSTEM32\dpfpdd_4k.dll
0x00007fff355c0000 - 0x00007fff3566f000 	C:\Windows\SYSTEM32\dpDevDatx64.dll
0x00007fff35690000 - 0x00007fff35757000 	C:\Windows\SYSTEM32\dpDevCtlx64.dll
0x00007ffe7cef0000 - 0x00007ffe7dccf000 	C:\Windows\SYSTEM32\dpfpdd5000.dll
0x00007ffe7c140000 - 0x00007ffe7cee7000 	C:\Windows\SYSTEM32\dpfpdd_ptapi.dll
0x00007ffeecb40000 - 0x00007ffeecc87000 	C:\Windows\SYSTEM32\tfm.dll
0x00007ffeecac0000 - 0x00007ffeecb35000 	C:\Windows\SYSTEM32\dpfpdd7k.dll
0x00007fff01ff0000 - 0x00007fff0203b000 	C:\Windows\SYSTEM32\dpfpdd_lumi.dll
0x00007fff6de60000 - 0x00007fff6df11000 	C:\Windows\System32\clbcatq.dll
0x00007fff664d0000 - 0x00007fff666ff000 	C:\Windows\SYSTEM32\WindowsCodecs.dll
0x00007fff4e600000 - 0x00007fff4e65a000 	C:\Windows\system32\dataexchange.dll
0x00007fff62af0000 - 0x00007fff62d29000 	C:\Windows\system32\twinapi.appcore.dll
0x00007fff51160000 - 0x00007fff512a9000 	C:\Windows\SYSTEM32\textinputframework.dll
0x00007fff67930000 - 0x00007fff67a55000 	C:\Windows\SYSTEM32\CoreMessaging.dll
0x00007fff62440000 - 0x00007fff62723000 	C:\Windows\SYSTEM32\CoreUIComponents.dll
0x00007fff4f330000 - 0x00007fff4f339000 	C:\Program Files\Java\jdk-24\bin\syslookup.dll
0x00007fff37d50000 - 0x00007fff37d59000 	C:\Program Files\Java\jdk-24\bin\extnet.dll
0x00007fff69a20000 - 0x00007fff69b46000 	C:\Windows\SYSTEM32\DNSAPI.dll
0x00007fff69940000 - 0x00007fff69974000 	C:\Windows\SYSTEM32\IPHLPAPI.DLL
0x00007fff6dad0000 - 0x00007fff6dada000 	C:\Windows\System32\NSI.dll
0x00007fff654e0000 - 0x00007fff654eb000 	C:\Windows\System32\rasadhlp.dll
0x00007fff66710000 - 0x00007fff66796000 	C:\Windows\System32\fwpuclnt.dll
0x00007fff4cd40000 - 0x00007fff4cdf4000 	C:\Windows\WinSxS\amd64_microsoft.windows.common-controls_6595b64144ccf1df_5.82.26100.5074_none_87eb64a37a300c6e\comctl32.dll
0x00007fff67e50000 - 0x00007fff67e7a000 	C:\Windows\system32\Wtsapi32.dll
0x00007fff6a8c0000 - 0x00007fff6a923000 	C:\Windows\SYSTEM32\WINSTA.dll
0x00007fff65810000 - 0x00007fff65914000 	C:\Windows\SYSTEM32\PROPSYS.dll
0x00007fff40cc0000 - 0x00007fff40e9f000 	C:\Windows\SYSTEM32\urlmon.dll
0x00007fff51670000 - 0x00007fff51934000 	C:\Windows\SYSTEM32\iertutil.dll
0x00007fff51d50000 - 0x00007fff51d79000 	C:\Windows\SYSTEM32\srvcli.dll
0x00007fff54040000 - 0x00007fff5405f000 	C:\Windows\System32\Windows.Shell.ServiceHostBuilder.dll
0x00007fff56b60000 - 0x00007fff571ac000 	C:\Windows\System32\OneCoreUAPCommonProxyStub.dll
0x00007fff323f0000 - 0x00007fff32569000 	C:\Windows\System32\Windows.System.Launcher.dll
0x00007fff62e50000 - 0x00007fff62e6a000 	C:\Windows\SYSTEM32\windows.staterepositorycore.dll
0x00007fff4f220000 - 0x00007fff4f267000 	C:\Windows\SYSTEM32\msIso.dll
0x00007fff2e120000 - 0x00007fff2e164000 	C:\Windows\SYSTEM32\MLANG.dll
0x00007fff46690000 - 0x00007fff46919000 	C:\Windows\SYSTEM32\WININET.dll
0x00007fff35490000 - 0x00007fff35554000 	C:\Windows\System32\Windows.StateRepositoryPS.dll
0x00007fff62e00000 - 0x00007fff62e47000 	C:\Windows\SYSTEM32\windows.staterepositoryclient.dll
0x00007fff51940000 - 0x00007fff51a57000 	C:\Windows\SYSTEM32\mrmcorer.dll
0x00007fff367a0000 - 0x00007fff367d4000 	C:\Windows\SYSTEM32\bcp47mrm.dll

JVMTI agents: none

dbghelp: loaded successfully - version: 4.0.5 - missing functions: none
symbol engine: initialized successfully - sym options: 0x614 - pdb path: .;C:\Program Files\Java\jdk-24\bin;C:\Windows\SYSTEM32;C:\Windows\WinSxS\amd64_microsoft.windows.common-controls_6595b64144ccf1df_6.0.26100.5074_none_3e0d6f78e32fd63f;C:\Program Files\Java\jdk-24\bin\server;C:\Windows\System32\DriverStore\FileRepository\nvamsi.inf_amd64_1baba5ad8bf4f484;C:\Windows\System32\DriverStore\FileRepository\iigd_dch.inf_amd64_38e51a298b862feb;C:\Windows\WinSxS\amd64_microsoft.windows.common-controls_6595b64144ccf1df_5.82.26100.5074_none_87eb64a37a300c6e

VM Arguments:
java_command: com.gp360.biometric.verification.VerificationApp
java_class_path (initial): dist\BiometricVerification.jar;lib\dpjavapos.jar;lib\dpuareu.jar;lib\jpos113.jar;lib\json-20230618.jar;lib\mysql-connector-j-9.4.0.jar;lib\xercesImpl-2.6.2.jar;lib\xmlParserAPIs.jar
Launcher Type: SUN_STANDARD

[Global flags]
     intx CICompilerCount                          = 12                                        {product} {ergonomic}
     uint ConcGCThreads                            = 5                                         {product} {ergonomic}
     uint G1ConcRefinementThreads                  = 18                                        {product} {ergonomic}
   size_t G1HeapRegionSize                         = 8388608                                   {product} {ergonomic}
   size_t InitialHeapSize                          = 1065353216                                {product} {ergonomic}
   size_t MarkStackSize                            = 4194304                                   {product} {ergonomic}
   size_t MarkStackSizeMax                         = 536870912                                 {product} {ergonomic}
   size_t MaxHeapSize                              = 17012097024                               {product} {ergonomic}
   size_t MaxNewSize                               = 10200547328                               {product} {ergonomic}
   size_t MinHeapDeltaBytes                        = 8388608                                   {product} {ergonomic}
   size_t MinHeapSize                              = 8388608                                   {product} {ergonomic}
    uintx NonNMethodCodeHeapSize                   = 7602176                                {pd product} {ergonomic}
    uintx NonProfiledCodeHeapSize                  = 122093568                              {pd product} {ergonomic}
    uintx ProfiledCodeHeapSize                     = 121962496                              {pd product} {ergonomic}
    uintx ReservedCodeCacheSize                    = 251658240                              {pd product} {ergonomic}
     bool SegmentedCodeCache                       = true                                      {product} {ergonomic}
   size_t SoftMaxHeapSize                          = 17012097024                            {manageable} {ergonomic}
     bool UseCompressedOops                        = true                           {product lp64_product} {ergonomic}
     bool UseG1GC                                  = true                                      {product} {ergonomic}
     bool UseLargePagesIndividualAllocation        = false                                  {pd product} {ergonomic}

Logging:
Log output configuration:
 #0: stdout all=off uptime,level,tags foldmultilines=false
 #1: stderr all=off uptime,level,tags foldmultilines=false

Environment Variables:
PATH=C:\Program Files\Common Files\Oracle\Java\javapath;C:\Program Files (x86)\VMware\VMware Workstation\bin\;D:\app\abdia\product\11.2.0\client_1\bin;C:\app\product\11.2.0\client_1\bin;D:\app\abdia\product\11.2.0\client_4\bin;D:\app\abdia\product\11.2.0\client_3\bin;D:\app\abdia\product\11.2.0\client_2\bin;C:\Program Files (x86)\Common Files\Oracle\Java\java8path;C:\Program Files (x86)\Common Files\Oracle\Java\javapath;C:\Windows\system32;C:\Windows;C:\Windows\System32\Wbem;C:\Windows\System32\WindowsPowerShell\v1.0\;C:\Windows\System32\OpenSSH\;C:\Program Files (x86)\NVIDIA Corporation\PhysX\Common;C:\Program Files\NVIDIA Corporation\NVIDIA App\NvDLISR;C:\Program Files\dotnet\;C:\Program Files\Git\cmd;C:\Program Files\nodejs\;C:\wamp64\bin\php\php8.3.14;C:\ProgramData\ComposerSetup\bin;C:\Program Files\PuTTY\;C:\Program Files\Microsoft SQL Server\Client SDK\ODBC\110\Tools\Binn\;C:\Program Files\Microsoft SQL Server\120\Tools\Binn\;C:\Program Files\Java\jdk-24\bin;C:\Users\abdia\AppData\Local\Microsoft\WindowsApp;C:\Users\abdia\AppData\Local\Microsoft\WindowsApps;;C:\Program Files\JetBrains\PhpStorm 2025.1.3\bin;;C:\Program Files\JetBrains\WebStorm 2025.1.3\bin;;C:\Users\abdia\AppData\Roaming\npm;C:\Users\abdia\AppData\Roaming\Composer\vendor\bin;C:\Users\abdia\.dotnet\tools
USERNAME=abdia
OS=Windows_NT
PROCESSOR_IDENTIFIER=Intel64 Family 6 Model 198 Stepping 2, GenuineIntel
TMP=C:\Users\abdia\AppData\Local\Temp
TEMP=C:\Users\abdia\AppData\Local\Temp




Periodic native trim disabled

---------------  S Y S T E M  ---------------

OS:
 Windows 11 , 64 bit Build 26100 (10.0.26100.5074)
OS uptime: 0 days 18:39 hours
Hyper-V role detected

CPU: total 24 (initial active 24) (24 cores per cpu, 1 threads per core) family 6 model 198 stepping 2 microcode 0x117, cx8, cmov, fxsr, mmx, 3dnowpref, sse, sse2, sse3, ssse3, sse4.1, sse4.2, popcnt, lzcnt, tsc, tscinvbit, avx, avx2, aes, erms, clmul, bmi1, bmi2, adx, sha, fma, vzeroupper, clflush, clflushopt, clwb, hv, serialize, rdtscp, rdpid, fsrm, gfni, f16c, cet_ibt, cet_ss, avx_ifma, sha512
Processor Information for processor 0
  Max Mhz: 2700, Current Mhz: 2700, Mhz Limit: 2700
Processor Information for processor 1
  Max Mhz: 2700, Current Mhz: 2700, Mhz Limit: 2700
Processor Information for processor 2
  Max Mhz: 2100, Current Mhz: 2100, Mhz Limit: 2100
Processor Information for processor 3
  Max Mhz: 2100, Current Mhz: 2100, Mhz Limit: 2100
Processor Information for processor 4
  Max Mhz: 2100, Current Mhz: 2100, Mhz Limit: 2100
Processor Information for processor 5
  Max Mhz: 2100, Current Mhz: 2100, Mhz Limit: 2100
Processor Information for processor 6
  Max Mhz: 2100, Current Mhz: 2100, Mhz Limit: 2100
Processor Information for processor 7
  Max Mhz: 2100, Current Mhz: 2100, Mhz Limit: 2100
Processor Information for processor 8
  Max Mhz: 2100, Current Mhz: 2100, Mhz Limit: 2100
Processor Information for processor 9
  Max Mhz: 2100, Current Mhz: 2100, Mhz Limit: 2100
Processor Information for processor 10
  Max Mhz: 2700, Current Mhz: 2700, Mhz Limit: 2700
Processor Information for processor 11
  Max Mhz: 2700, Current Mhz: 2700, Mhz Limit: 2700
Processor Information for processor 12
  Max Mhz: 2700, Current Mhz: 2700, Mhz Limit: 2700
Processor Information for processor 13
  Max Mhz: 2700, Current Mhz: 2700, Mhz Limit: 2700
Processor Information for processor 14
  Max Mhz: 2100, Current Mhz: 2100, Mhz Limit: 2100
Processor Information for processor 15
  Max Mhz: 2100, Current Mhz: 2100, Mhz Limit: 2100
Processor Information for processor 16
  Max Mhz: 2100, Current Mhz: 2100, Mhz Limit: 2100
Processor Information for processor 17
  Max Mhz: 2100, Current Mhz: 2100, Mhz Limit: 2100
Processor Information for processor 18
  Max Mhz: 2100, Current Mhz: 2100, Mhz Limit: 2100
Processor Information for processor 19
  Max Mhz: 2100, Current Mhz: 2100, Mhz Limit: 2100
Processor Information for processor 20
  Max Mhz: 2100, Current Mhz: 2100, Mhz Limit: 2100
Processor Information for processor 21
  Max Mhz: 2100, Current Mhz: 2100, Mhz Limit: 2100
Processor Information for processor 22
  Max Mhz: 2700, Current Mhz: 2700, Mhz Limit: 2700
Processor Information for processor 23
  Max Mhz: 2700, Current Mhz: 2700, Mhz Limit: 2700

Memory: 4k page, system-wide physical 64876M (42447M free)
TotalPageFile size 68972M (AvailPageFile size 41729M)
current process WorkingSet (physical memory assigned to process): 243M, peak: 294M
current process commit charge ("private bytes"): 1272M, peak: 1371M

vm_info: Java HotSpot(TM) 64-Bit Server VM (24.0.2+12-54) for windows-amd64 JRE (24.0.2+12-54), built on 2025-07-08T12:10:27Z with MS VC++ 17.6 (VS2022)

END.
