#
# A fatal error has been detected by the Java Runtime Environment:
#
#  EXCEPTION_ACCESS_VIOLATION (0xc0000005) at pc=0x00007fff356a6ac1, pid=22716, tid=3228
#
# JRE version: Java(TM) SE Runtime Environment (24.0.2+12) (build 24.0.2+12-54)
# Java VM: Java HotSpot(TM) 64-Bit Server VM (24.0.2+12-54, mixed mode, sharing, tiered, compressed oops, compressed class ptrs, g1 gc, windows-amd64)
# Problematic frame:
# C  [dpDevCtlx64.dll+0x16ac1]
#
# No core dump will be written. Minidumps are not enabled by default on client versions of Windows
#
# If you would like to submit a bug report, please visit:
#   https://bugreport.java.com/bugreport/crash.jsp
#

---------------  S U M M A R Y ------------

Command Line: com.gp360.biometric.verification.VerificationApp

Host: Intel(R) Core(TM) Ultra 9 275HX, 24 cores, 63G,  Windows 11 , 64 bit Build 26100 (10.0.26100.5074)
Time: Thu Sep 25 21:26:55 2025 Hora estándar, América Central elapsed time: 24.115283 seconds (0d 0h 0m 24s)

---------------  T H R E A D  ---------------

Current thread (0x0000019f57229940):  VMThread "VM Thread"          [id=3228, stack(0x0000005137500000,0x0000005137600000) (1024K)]

Stack: [0x0000005137500000,0x0000005137600000],  sp=0x00000051375fef60,  free space=1019k
Native frames: (J=compiled Java code, j=interpreted, Vv=VM code, C=native code)
C  [dpDevCtlx64.dll+0x16ac1]  (no source info available)
C  [dpDevCtlx64.dll+0x15d2f]  (no source info available)
C  [dpDevCtlx64.dll+0x16048]  (no source info available)
C  [dpDevCtlx64.dll+0x14e22]  (no source info available)
C  [dpDevCtlx64.dll+0x12d0c]  (no source info available)
C  [dpDevCtlx64.dll+0x949b0]  (no source info available)
C  [dpDevCtlx64.dll+0x63c25]  (no source info available)
C  [dpDevCtlx64.dll+0x63799]  (no source info available)
C  [dpDevCtlx64.dll+0x63d8d]  (no source info available)
C  [dpDevCtlx64.dll+0x6160d]  (no source info available)
C  [dpDevCtlx64.dll+0x61481]  (no source info available)
C  [dpDevCtlx64.dll+0x617a7]  (no source info available)
C  [dpDevCtlx64.dll+0x1d82b]  (no source info available)
C  [dpDevCtlx64.dll+0x1df0d]  (no source info available)
C  [dpDevCtlx64.dll+0x1e056]  (no source info available)
C  [ntdll.dll+0x160ede]  (no source info available)
C  [ntdll.dll+0x7483e]  (no source info available)
C  [ntdll.dll+0xfdfff]  (no source info available)
C  [ntdll.dll+0x8ede]  (no source info available)
C  [KERNEL32.DLL+0x418ab]  (no source info available)
C  [ucrtbase.dll+0xa0093]  (no source info available)
V  [jvm.dll+0x72928c]  (no source info available)
V  [jvm.dll+0x728dc0]  (no source info available)
V  [jvm.dll+0x41b344]  (no source info available)
V  [jvm.dll+0x8e29c2]  (no source info available)
V  [jvm.dll+0x8e3d0c]  (no source info available)
V  [jvm.dll+0x8e4278]  (no source info available)
V  [jvm.dll+0x8e4513]  (no source info available)
V  [jvm.dll+0x87d9eb]  (no source info available)
V  [jvm.dll+0x72ef45]  (no source info available)
C  [ucrtbase.dll+0x37b0]  (no source info available)
C  [KERNEL32.DLL+0x2e8d7]  (no source info available)
C  [ntdll.dll+0x8d9c]  (no source info available)


siginfo: EXCEPTION_ACCESS_VIOLATION (0xc0000005), writing address 0x0000000000000008


Registers:
RAX=0x0000000000000000, RBX=0x0000019fa06b5410, RCX=0x0000019fa06c4c70, RDX=0x00000051375ff040
RSP=0x00000051375fef60, RBP=0x0000019fa06b5428, RSI=0x00000051375ff200, RDI=0x0000019fa06b5410
R8 =0x0000019fa06c4e70, R9 =0x0000019f28761980, R10=0x0000019f28760000, R11=0x0000000000000246
R12=0x0000000000000001, R13=0x00007fff35691118, R14=0x00005b99196ebe67, R15=0x0000019fa06b5410
RIP=0x00007fff356a6ac1, EFLAGS=0x0000000000010206

XMM[0]=0x0000000000000000 0x0000000000000000
XMM[1]=0x0000000000000000 0x0000000000000000
XMM[2]=0x0000000000000000 0x0000000000000000
XMM[3]=0x0000000000000000 0x0000000000000000
XMM[4]=0x0000000000000000 0x0000000000000000
XMM[5]=0x0000000000000000 0x0000000000000000
XMM[6]=0x0000000000000000 0x0000000000000000
XMM[7]=0x0000000000000000 0x404e000000000000
XMM[8]=0x0000000000000000 0x0000000000000000
XMM[9]=0x0000000000000000 0x0000000000000000
XMM[10]=0x0000000000000000 0x0000000000000000
XMM[11]=0x0000000000000000 0x0000000000000000
XMM[12]=0x0000000000000000 0x0000000000000000
XMM[13]=0x0000000000000000 0x0000000000000000
XMM[14]=0x0000000000000000 0x0000000000000000
XMM[15]=0x0000000000000000 0x0000000000000000
  MXCSR=0x00001fa0


Register to memory mapping:

RAX=0x0 is null
RBX=0x0000019fa06b5410 points into unknown readable memory: 0x00005b99196ebe67 | 67 be 6e 19 99 5b 00 00
RCX=0x0000019fa06c4c70 points into unknown readable memory: 0x0000000000000000 | 00 00 00 00 00 00 00 00
RDX=0x00000051375ff040 points into unknown readable memory: 0x0000000000002710 | 10 27 00 00 00 00 00 00
RSP=0x00000051375fef60 points into unknown readable memory: 0x0000000000000000 | 00 00 00 00 00 00 00 00
RBP=0x0000019fa06b5428 points into unknown readable memory: 0x00005b99196ebe67 | 67 be 6e 19 99 5b 00 00
RSI=0x00000051375ff200 points into unknown readable memory: 0x00000051375ff220 | 20 f2 5f 37 51 00 00 00
RDI=0x0000019fa06b5410 points into unknown readable memory: 0x00005b99196ebe67 | 67 be 6e 19 99 5b 00 00
R8 =0x0000019fa06c4e70 points into unknown readable memory: 0x0000000000000000 | 00 00 00 00 00 00 00 00
R9 =0x0000019f28761980 points into unknown readable memory: 0x0000019f28760cc0 | c0 0c 76 28 9f 01 00 00
R10=0x0000019f28760000 points into unknown readable memory: 0x0000000000000000 | 00 00 00 00 00 00 00 00
R11=0x0000000000000246 is an unknown value
R12=0x0000000000000001 is an unknown value
R13=0x00007fff35691118 dpDevCtlx64.dll
R14=0x00005b99196ebe67 is an unknown value
R15=0x0000019fa06b5410 points into unknown readable memory: 0x00005b99196ebe67 | 67 be 6e 19 99 5b 00 00

Top of Stack: (sp=0x00000051375fef60)
0x00000051375fef60:   0000000000000000 0000000000000000   ................
0x00000051375fef70:   0000019fa06b5410 00005b99196ebe67   .Tk.....g.n..[..
0x00000051375fef80:   00007fff35691118 00007fff35742550   ..i5....P%t5....
0x00000051375fef90:   0000019fa06b5410 00000051375ff200   .Tk......._7Q...
0x00000051375fefa0:   0000019fa06b5410 0000000000000000   .Tk.............
0x00000051375fefb0:   0000019f28620000 0000000000000000   ..b(............
0x00000051375fefc0:   0000019fa05ee2b0 00000051375ff200   ..^......._7Q...
0x00000051375fefd0:   0000019fa06b5410 00007fff356a5d2f   .Tk...../]j5....
0x00000051375fefe0:   00007fff35742550 00000051375ff040   P%t5....@._7Q...
0x00000051375feff0:   0000019fa06c4e70 00007fff6b6731a9   pNl......1gk....
0x00000051375ff000:   0000000000000700 0000019fa06c4e70   ........pNl.....
0x00000051375ff010:   0000019fa06c4e70 0000019fa06c4e80   pNl......Nl.....
0x00000051375ff020:   0000019fa06c4e80 0000019fa05ee2b0   .Nl.......^.....
0x00000051375ff030:   0000019fa06c4e70 00007fff35742550   pNl.....P%t5....
0x00000051375ff040:   0000000000002710 00000051375ff200   .'........_7Q...
0x00000051375ff050:   0000000000000000 00007fff356a6048   ........H`j5....
0x00000051375ff060:   00007fff35742550 00007fff356a9b20   P%t5.... .j5....
0x00000051375ff070:   00007fff35742568 00005b99196ebe67   h%t5....g.n..[..
0x00000051375ff080:   00007fff00000001 0000000000000001   ................
0x00000051375ff090:   0000019fa06b5410 00007fff356a4e22   .Tk....."Nj5....
0x00000051375ff0a0:   0000019fa057b5d0 00007fff356f758c   ..W......uo5....
0x00000051375ff0b0:   0000019f28620000 0000000000000000   ..b(............
0x00000051375ff0c0:   0000000100000000 0000019fa057b5d0   ..........W.....
0x00000051375ff0d0:   0000019fa06b5418 00007fff356a6857   .Tk.....Whj5....
0x00000051375ff0e0:   0000019fa057b5d0 0000019f00000000   ..W.............
0x00000051375ff0f0:   0000019f28990000 00007fff356a2d0c   ...(.....-j5....
0x00000051375ff100:   0000019fa057b5d0 00007fff35742550   ..W.....P%t5....
0x00000051375ff110:   0000019fa06c4c70 00007fff35742550   pLl.....P%t5....
0x00000051375ff120:   00007fff35742550 0000019fa057b5d0   P%t5......W.....
0x00000051375ff130:   00007fff35742578 00007fff357249b0   x%t5.....Ir5....
0x00000051375ff140:   00007fff35742528 00007fff00000000   (%t5............
0x00000051375ff150:   00007fff35742578 00007fff6b5fb3f6   x%t5......_k....

Instructions: (pc=0x00007fff356a6ac1)
  0x00007fff356a69c1:   20 01 48 b8 aa aa aa aa aa aa aa 0a 48 89 44 24
  0x00007fff356a69d1:   38 48 b8 aa aa aa aa aa aa aa 0a 48 39 44 24 58
  0x00007fff356a69e1:   76 05 e8 40 ce fe ff 48 6b 44 24 58 18 48 89 44
  0x00007fff356a69f1:   24 28 48 81 7c 24 28 00 10 00 00 72 11 48 8b 4c
  0x00007fff356a6a01:   24 28 e8 39 c4 fe ff 48 89 44 24 30 eb 22 48 83
  0x00007fff356a6a11:   7c 24 28 00 74 11 48 8b 4c 24 28 e8 0a a8 fe ff
  0x00007fff356a6a21:   48 89 44 24 30 eb 09 48 c7 44 24 30 00 00 00 00
  0x00007fff356a6a31:   48 8b 44 24 30 48 83 c4 48 c3 cc cc cc cc cc cc
  0x00007fff356a6a41:   cc cc cc cc cc cc cc cc cc cc cc cc cc cc cc cc
  0x00007fff356a6a51:   cc cc cc cc cc cc cc cc cc cc cc cc cc cc cc 4c
  0x00007fff356a6a61:   89 44 24 18 48 89 54 24 10 48 89 4c 24 08 48 83
  0x00007fff356a6a71:   ec 78 48 8b 84 24 90 00 00 00 48 8b 00 48 89 44
  0x00007fff356a6a81:   24 48 48 8b 84 24 80 00 00 00 48 89 44 24 28 48
  0x00007fff356a6a91:   8b 84 24 90 00 00 00 48 8b 40 08 48 8b 8c 24 90
  0x00007fff356a6aa1:   00 00 00 48 8b 09 48 89 08 48 8b 84 24 90 00 00
  0x00007fff356a6ab1:   00 48 8b 00 48 8b 8c 24 90 00 00 00 48 8b 49 08
=>0x00007fff356a6ac1:   48 89 48 08 48 8b 44 24 28 48 8b 40 08 48 ff c8
  0x00007fff356a6ad1:   48 8b 4c 24 28 48 89 41 08 48 8b 84 24 90 00 00
  0x00007fff356a6ae1:   00 48 89 44 24 30 48 8b 84 24 80 00 00 00 48 89
  0x00007fff356a6af1:   44 24 40 48 8b 44 24 40 48 89 44 24 50 48 8b 44
  0x00007fff356a6b01:   24 30 48 83 c0 10 48 89 44 24 58 b8 01 00 00 00
  0x00007fff356a6b11:   48 6b c0 18 48 89 44 24 20 48 8b 44 24 30 48 89
  0x00007fff356a6b21:   44 24 38 48 81 7c 24 20 00 10 00 00 72 0f 48 8d
  0x00007fff356a6b31:   54 24 20 48 8d 4c 24 38 e8 8f af fe ff 48 8b 54
  0x00007fff356a6b41:   24 20 48 8b 4c 24 38 e8 ad cd fe ff 90 48 8b 84
  0x00007fff356a6b51:   24 80 00 00 00 48 89 44 24 60 48 8b 84 24 88 00
  0x00007fff356a6b61:   00 00 48 8b 4c 24 48 48 89 08 48 8b 84 24 88 00
  0x00007fff356a6b71:   00 00 48 83 c4 78 c3 cc cc cc cc cc cc cc cc cc
  0x00007fff356a6b81:   cc cc cc cc cc cc cc cc cc cc cc cc cc cc cc cc
  0x00007fff356a6b91:   cc cc cc cc cc cc cc cc cc cc cc cc cc cc cc cc
  0x00007fff356a6ba1:   cc cc cc cc cc cc cc cc cc cc cc cc cc cc cc cc
  0x00007fff356a6bb1:   cc cc cc cc cc cc cc cc cc cc cc cc cc cc cc 48


Stack slot to memory mapping:

stack at sp + 0 slots: 0x0 is null
stack at sp + 1 slots: 0x0 is null
stack at sp + 2 slots: 0x0000019fa06b5410 points into unknown readable memory: 0x00005b99196ebe67 | 67 be 6e 19 99 5b 00 00
stack at sp + 3 slots: 0x00005b99196ebe67 is an unknown value
stack at sp + 4 slots: 0x00007fff35691118 dpDevCtlx64.dll
stack at sp + 5 slots: 0x00007fff35742550 dpDevCtlx64.dll
stack at sp + 6 slots: 0x0000019fa06b5410 points into unknown readable memory: 0x00005b99196ebe67 | 67 be 6e 19 99 5b 00 00
stack at sp + 7 slots: 0x00000051375ff200 points into unknown readable memory: 0x00000051375ff220 | 20 f2 5f 37 51 00 00 00

VM_Operation (0x00000051388fec20): Exit, mode: safepoint, requested by thread 0x0000019fa0580ad0


---------------  P R O C E S S  ---------------

Threads class SMR info:
_java_thread_list=0x0000019f5a94f3b0, length=16, elements={
0x0000019f5723a010, 0x0000019f5723a950, 0x0000019f5723e9e0, 0x0000019f57241690,
0x0000019f572408f0, 0x0000019f57242a70, 0x0000019f57244fb0, 0x0000019f57249120,
0x0000019f5a6e9f50, 0x0000019f5a710000, 0x0000019fa03f1350, 0x0000019fa03f5ea0,
0x0000019fa057aa80, 0x0000019fa0580ad0, 0x0000019f28653020, 0x0000019fa0663210
}

Java Threads: ( => current thread )
  0x0000019f5723a010 JavaThread "Reference Handler"          daemon [_thread_blocked, id=3216, stack(0x0000005137600000,0x0000005137700000) (1024K)]
  0x0000019f5723a950 JavaThread "Finalizer"                  daemon [_thread_blocked, id=3224, stack(0x0000005137700000,0x0000005137800000) (1024K)]
  0x0000019f5723e9e0 JavaThread "Signal Dispatcher"          daemon [_thread_blocked, id=11776, stack(0x0000005137800000,0x0000005137900000) (1024K)]
  0x0000019f57241690 JavaThread "Attach Listener"            daemon [_thread_blocked, id=3236, stack(0x0000005137900000,0x0000005137a00000) (1024K)]
  0x0000019f572408f0 JavaThread "Service Thread"             daemon [_thread_blocked, id=11784, stack(0x0000005137a00000,0x0000005137b00000) (1024K)]
  0x0000019f57242a70 JavaThread "Monitor Deflation Thread"   daemon [_thread_blocked, id=32424, stack(0x0000005137b00000,0x0000005137c00000) (1024K)]
  0x0000019f57244fb0 JavaThread "C2 CompilerThread0"         daemon [_thread_blocked, id=3264, stack(0x0000005137c00000,0x0000005137d00000) (1024K)]
  0x0000019f57249120 JavaThread "C1 CompilerThread0"         daemon [_thread_blocked, id=3268, stack(0x0000005137d00000,0x0000005137e00000) (1024K)]
  0x0000019f5a6e9f50 JavaThread "Notification Thread"        daemon [_thread_blocked, id=3176, stack(0x0000005137e00000,0x0000005137f00000) (1024K)]
  0x0000019f5a710000 JavaThread "Common-Cleaner"             daemon [_thread_blocked, id=3240, stack(0x0000005137f00000,0x0000005138000000) (1024K)]
  0x0000019fa03f1350 JavaThread "Java2D Disposer"            daemon [_thread_blocked, id=3336, stack(0x0000005138400000,0x0000005138500000) (1024K)]
  0x0000019fa03f5ea0 JavaThread "AWT-Shutdown"                      [_thread_blocked, id=32580, stack(0x0000005138500000,0x0000005138600000) (1024K)]
  0x0000019fa057aa80 JavaThread "mysql-cj-abandoned-connection-cleanup" daemon [_thread_blocked, id=22284, stack(0x0000005138700000,0x0000005138800000) (1024K)]
  0x0000019fa0580ad0 JavaThread "AWT-EventQueue-0"                  [_thread_blocked, id=3404, stack(0x0000005138800000,0x0000005138900000) (1024K)]
  0x0000019f28653020 JavaThread "DestroyJavaVM"                     [_thread_blocked, id=22724, stack(0x0000005136e00000,0x0000005136f00000) (1024K)]
  0x0000019fa0663210 JavaThread "TimerQueue"                 daemon [_thread_blocked, id=24128, stack(0x0000005138900000,0x0000005138a00000) (1024K)]
Total: 16

Other Threads:
=>0x0000019f57229940 VMThread "VM Thread"                           [id=3228, stack(0x0000005137500000,0x0000005137600000) (1024K)]
  0x0000019f2ac94380 WorkerThread "GC Thread#0"                     [id=22684, stack(0x0000005136f00000,0x0000005137000000) (1024K)]
  0x0000019f2aca9f50 ConcurrentGCThread "G1 Main Marker"            terminated
  0x0000019f2acab820 WorkerThread "G1 Conc#0"                       [id=33216, stack(0x0000005137100000,0x0000005137200000) (1024K)]
  0x0000019f571a1b20 ConcurrentGCThread "G1 Refine#0"               terminated
  0x0000019f571a2450 ConcurrentGCThread "G1 Service"                terminated
Total: 6

Threads with active compile tasks:
Total: 0

VM state: at safepoint (shutting down)

VM Mutex/Monitor currently owned by a thread:  ([mutex/lock_event])
[0x00007fff026f44f0] Threads_lock - owner thread: 0x0000019f57229940
[0x00007fff026f45f0] Heap_lock - owner thread: 0x0000019fa0580ad0

Heap address: 0x000000040a000000, size: 16224 MB, Compressed Oops mode: Zero based, Oop shift amount: 3

CDS archive(s) mapped at: [0x0000019f5b000000-0x0000019f5bd40000-0x0000019f5bd40000), size 13893632, SharedBaseAddress: 0x0000019f5b000000, ArchiveRelocationMode: 1.
Compressed class space mapped at: 0x0000019f5c000000-0x0000019f9c000000, reserved size: 1073741824
UseCompressedClassPointers 1, UseCompactObjectHeaders 0
Narrow klass pointer bits 32, Max shift 3
Narrow klass base: 0x0000019f5b000000, Narrow klass shift: 0
Encoding Range: [0x0000019f5b000000 - 0x000001a05b000000), (4294967296 bytes)
Klass Range:    [0x0000019f5b000000 - 0x0000019f9c000000), (1090519040 bytes)
Klass ID Range:  [8 - 1090519033) (1090519025)

GC Precious Log:
 CardTable entry size: 512
 Card Set container configuration: InlinePtr #cards 4 size 8 Array Of Cards #cards 64 size 144 Howl #buckets 8 coarsen threshold 14745 Howl Bitmap #cards 2048 size 272 coarsen threshold 1843 Card regions per heap region 1 cards per card region 16384
 CPUs: 24 total, 24 available
 Memory: 64876M
 Large Page Support: Disabled
 NUMA Support: Disabled
 Compressed Oops: Enabled (Zero based)
 Heap Region Size: 8M
 Heap Min Capacity: 8M
 Heap Initial Capacity: 1016M
 Heap Max Capacity: 16224M
 Pre-touch: Disabled
 Parallel Workers: 18
 Concurrent Workers: 5
 Concurrent Refinement Workers: 18
 Periodic GC: Disabled

Heap:
 garbage-first heap   total reserved 16613376K, committed 1048576K, used 66676K [0x000000040a000000, 0x0000000800000000)
  region size 8192K, 6 young (49152K), 0 survivors (0K)
 Metaspace       used 11148K, committed 11328K, reserved 1114112K
  class space    used 975K, committed 1024K, reserved 1048576K

Heap Regions: E=young(eden), S=young(survivor), O=old, HS=humongous(starts), HC=humongous(continues), CS=collection set, F=free, TAMS=top-at-mark-start, PB=parsable bottom
|   0|0x000000040a000000, 0x000000040a800000, 0x000000040a800000|100%|HS|  |TAMS 0x000000040a000000| PB 0x000000040a000000| Complete |  0
|   1|0x000000040a800000, 0x000000040b000000, 0x000000040b000000|100%|HS|  |TAMS 0x000000040a800000| PB 0x000000040a800000| Complete |  0
|   2|0x000000040b000000, 0x000000040b800000, 0x000000040b800000|100%|HC|  |TAMS 0x000000040b000000| PB 0x000000040b000000| Complete |  0
|   3|0x000000040b800000, 0x000000040b800000, 0x000000040c000000|  0%| F|  |TAMS 0x000000040b800000| PB 0x000000040b800000| Untracked |  0
|   4|0x000000040c000000, 0x000000040c000000, 0x000000040c800000|  0%| F|  |TAMS 0x000000040c000000| PB 0x000000040c000000| Untracked |  0
|   5|0x000000040c800000, 0x000000040c800000, 0x000000040d000000|  0%| F|  |TAMS 0x000000040c800000| PB 0x000000040c800000| Untracked |  0
|   6|0x000000040d000000, 0x000000040d000000, 0x000000040d800000|  0%| F|  |TAMS 0x000000040d000000| PB 0x000000040d000000| Untracked |  0
|   7|0x000000040d800000, 0x000000040d800000, 0x000000040e000000|  0%| F|  |TAMS 0x000000040d800000| PB 0x000000040d800000| Untracked |  0
|   8|0x000000040e000000, 0x000000040e000000, 0x000000040e800000|  0%| F|  |TAMS 0x000000040e000000| PB 0x000000040e000000| Untracked |  0
|   9|0x000000040e800000, 0x000000040e800000, 0x000000040f000000|  0%| F|  |TAMS 0x000000040e800000| PB 0x000000040e800000| Untracked |  0
|  10|0x000000040f000000, 0x000000040f000000, 0x000000040f800000|  0%| F|  |TAMS 0x000000040f000000| PB 0x000000040f000000| Untracked |  0
|  11|0x000000040f800000, 0x000000040f800000, 0x0000000410000000|  0%| F|  |TAMS 0x000000040f800000| PB 0x000000040f800000| Untracked |  0
|  12|0x0000000410000000, 0x0000000410000000, 0x0000000410800000|  0%| F|  |TAMS 0x0000000410000000| PB 0x0000000410000000| Untracked |  0
|  13|0x0000000410800000, 0x0000000410800000, 0x0000000411000000|  0%| F|  |TAMS 0x0000000410800000| PB 0x0000000410800000| Untracked |  0
|  14|0x0000000411000000, 0x0000000411000000, 0x0000000411800000|  0%| F|  |TAMS 0x0000000411000000| PB 0x0000000411000000| Untracked |  0
|  15|0x0000000411800000, 0x0000000411800000, 0x0000000412000000|  0%| F|  |TAMS 0x0000000411800000| PB 0x0000000411800000| Untracked |  0
|  16|0x0000000412000000, 0x0000000412000000, 0x0000000412800000|  0%| F|  |TAMS 0x0000000412000000| PB 0x0000000412000000| Untracked |  0
|  17|0x0000000412800000, 0x0000000412800000, 0x0000000413000000|  0%| F|  |TAMS 0x0000000412800000| PB 0x0000000412800000| Untracked |  0
|  18|0x0000000413000000, 0x0000000413000000, 0x0000000413800000|  0%| F|  |TAMS 0x0000000413000000| PB 0x0000000413000000| Untracked |  0
|  19|0x0000000413800000, 0x0000000413800000, 0x0000000414000000|  0%| F|  |TAMS 0x0000000413800000| PB 0x0000000413800000| Untracked |  0
|  20|0x0000000414000000, 0x0000000414000000, 0x0000000414800000|  0%| F|  |TAMS 0x0000000414000000| PB 0x0000000414000000| Untracked |  0
|  21|0x0000000414800000, 0x0000000414800000, 0x0000000415000000|  0%| F|  |TAMS 0x0000000414800000| PB 0x0000000414800000| Untracked |  0
|  22|0x0000000415000000, 0x0000000415000000, 0x0000000415800000|  0%| F|  |TAMS 0x0000000415000000| PB 0x0000000415000000| Untracked |  0
|  23|0x0000000415800000, 0x0000000415800000, 0x0000000416000000|  0%| F|  |TAMS 0x0000000415800000| PB 0x0000000415800000| Untracked |  0
|  24|0x0000000416000000, 0x0000000416000000, 0x0000000416800000|  0%| F|  |TAMS 0x0000000416000000| PB 0x0000000416000000| Untracked |  0
|  25|0x0000000416800000, 0x0000000416800000, 0x0000000417000000|  0%| F|  |TAMS 0x0000000416800000| PB 0x0000000416800000| Untracked |  0
|  26|0x0000000417000000, 0x0000000417000000, 0x0000000417800000|  0%| F|  |TAMS 0x0000000417000000| PB 0x0000000417000000| Untracked |  0
|  27|0x0000000417800000, 0x0000000417800000, 0x0000000418000000|  0%| F|  |TAMS 0x0000000417800000| PB 0x0000000417800000| Untracked |  0
|  28|0x0000000418000000, 0x0000000418000000, 0x0000000418800000|  0%| F|  |TAMS 0x0000000418000000| PB 0x0000000418000000| Untracked |  0
|  29|0x0000000418800000, 0x0000000418800000, 0x0000000419000000|  0%| F|  |TAMS 0x0000000418800000| PB 0x0000000418800000| Untracked |  0
|  30|0x0000000419000000, 0x0000000419000000, 0x0000000419800000|  0%| F|  |TAMS 0x0000000419000000| PB 0x0000000419000000| Untracked |  0
|  31|0x0000000419800000, 0x0000000419800000, 0x000000041a000000|  0%| F|  |TAMS 0x0000000419800000| PB 0x0000000419800000| Untracked |  0
|  32|0x000000041a000000, 0x000000041a000000, 0x000000041a800000|  0%| F|  |TAMS 0x000000041a000000| PB 0x000000041a000000| Untracked |  0
|  33|0x000000041a800000, 0x000000041a800000, 0x000000041b000000|  0%| F|  |TAMS 0x000000041a800000| PB 0x000000041a800000| Untracked |  0
|  34|0x000000041b000000, 0x000000041b000000, 0x000000041b800000|  0%| F|  |TAMS 0x000000041b000000| PB 0x000000041b000000| Untracked |  0
|  35|0x000000041b800000, 0x000000041b800000, 0x000000041c000000|  0%| F|  |TAMS 0x000000041b800000| PB 0x000000041b800000| Untracked |  0
|  36|0x000000041c000000, 0x000000041c000000, 0x000000041c800000|  0%| F|  |TAMS 0x000000041c000000| PB 0x000000041c000000| Untracked |  0
|  37|0x000000041c800000, 0x000000041c800000, 0x000000041d000000|  0%| F|  |TAMS 0x000000041c800000| PB 0x000000041c800000| Untracked |  0
|  38|0x000000041d000000, 0x000000041d000000, 0x000000041d800000|  0%| F|  |TAMS 0x000000041d000000| PB 0x000000041d000000| Untracked |  0
|  39|0x000000041d800000, 0x000000041d800000, 0x000000041e000000|  0%| F|  |TAMS 0x000000041d800000| PB 0x000000041d800000| Untracked |  0
|  40|0x000000041e000000, 0x000000041e000000, 0x000000041e800000|  0%| F|  |TAMS 0x000000041e000000| PB 0x000000041e000000| Untracked |  0
|  41|0x000000041e800000, 0x000000041e800000, 0x000000041f000000|  0%| F|  |TAMS 0x000000041e800000| PB 0x000000041e800000| Untracked |  0
|  42|0x000000041f000000, 0x000000041f000000, 0x000000041f800000|  0%| F|  |TAMS 0x000000041f000000| PB 0x000000041f000000| Untracked |  0
|  43|0x000000041f800000, 0x000000041f800000, 0x0000000420000000|  0%| F|  |TAMS 0x000000041f800000| PB 0x000000041f800000| Untracked |  0
|  44|0x0000000420000000, 0x0000000420000000, 0x0000000420800000|  0%| F|  |TAMS 0x0000000420000000| PB 0x0000000420000000| Untracked |  0
|  45|0x0000000420800000, 0x0000000420800000, 0x0000000421000000|  0%| F|  |TAMS 0x0000000420800000| PB 0x0000000420800000| Untracked |  0
|  46|0x0000000421000000, 0x0000000421000000, 0x0000000421800000|  0%| F|  |TAMS 0x0000000421000000| PB 0x0000000421000000| Untracked |  0
|  47|0x0000000421800000, 0x0000000421800000, 0x0000000422000000|  0%| F|  |TAMS 0x0000000421800000| PB 0x0000000421800000| Untracked |  0
|  48|0x0000000422000000, 0x0000000422000000, 0x0000000422800000|  0%| F|  |TAMS 0x0000000422000000| PB 0x0000000422000000| Untracked |  0
|  49|0x0000000422800000, 0x0000000422800000, 0x0000000423000000|  0%| F|  |TAMS 0x0000000422800000| PB 0x0000000422800000| Untracked |  0
|  50|0x0000000423000000, 0x0000000423000000, 0x0000000423800000|  0%| F|  |TAMS 0x0000000423000000| PB 0x0000000423000000| Untracked |  0
|  51|0x0000000423800000, 0x0000000423800000, 0x0000000424000000|  0%| F|  |TAMS 0x0000000423800000| PB 0x0000000423800000| Untracked |  0
|  52|0x0000000424000000, 0x0000000424000000, 0x0000000424800000|  0%| F|  |TAMS 0x0000000424000000| PB 0x0000000424000000| Untracked |  0
|  53|0x0000000424800000, 0x0000000424800000, 0x0000000425000000|  0%| F|  |TAMS 0x0000000424800000| PB 0x0000000424800000| Untracked |  0
|  54|0x0000000425000000, 0x0000000425000000, 0x0000000425800000|  0%| F|  |TAMS 0x0000000425000000| PB 0x0000000425000000| Untracked |  0
|  55|0x0000000425800000, 0x0000000425800000, 0x0000000426000000|  0%| F|  |TAMS 0x0000000425800000| PB 0x0000000425800000| Untracked |  0
|  56|0x0000000426000000, 0x0000000426000000, 0x0000000426800000|  0%| F|  |TAMS 0x0000000426000000| PB 0x0000000426000000| Untracked |  0
|  57|0x0000000426800000, 0x0000000426800000, 0x0000000427000000|  0%| F|  |TAMS 0x0000000426800000| PB 0x0000000426800000| Untracked |  0
|  58|0x0000000427000000, 0x0000000427000000, 0x0000000427800000|  0%| F|  |TAMS 0x0000000427000000| PB 0x0000000427000000| Untracked |  0
|  59|0x0000000427800000, 0x0000000427800000, 0x0000000428000000|  0%| F|  |TAMS 0x0000000427800000| PB 0x0000000427800000| Untracked |  0
|  60|0x0000000428000000, 0x0000000428000000, 0x0000000428800000|  0%| F|  |TAMS 0x0000000428000000| PB 0x0000000428000000| Untracked |  0
|  61|0x0000000428800000, 0x0000000428800000, 0x0000000429000000|  0%| F|  |TAMS 0x0000000428800000| PB 0x0000000428800000| Untracked |  0
|  62|0x0000000429000000, 0x0000000429000000, 0x0000000429800000|  0%| F|  |TAMS 0x0000000429000000| PB 0x0000000429000000| Untracked |  0
|  63|0x0000000429800000, 0x0000000429800000, 0x000000042a000000|  0%| F|  |TAMS 0x0000000429800000| PB 0x0000000429800000| Untracked |  0
|  64|0x000000042a000000, 0x000000042a000000, 0x000000042a800000|  0%| F|  |TAMS 0x000000042a000000| PB 0x000000042a000000| Untracked |  0
|  65|0x000000042a800000, 0x000000042a800000, 0x000000042b000000|  0%| F|  |TAMS 0x000000042a800000| PB 0x000000042a800000| Untracked |  0
|  66|0x000000042b000000, 0x000000042b000000, 0x000000042b800000|  0%| F|  |TAMS 0x000000042b000000| PB 0x000000042b000000| Untracked |  0
|  67|0x000000042b800000, 0x000000042b800000, 0x000000042c000000|  0%| F|  |TAMS 0x000000042b800000| PB 0x000000042b800000| Untracked |  0
|  68|0x000000042c000000, 0x000000042c000000, 0x000000042c800000|  0%| F|  |TAMS 0x000000042c000000| PB 0x000000042c000000| Untracked |  0
|  69|0x000000042c800000, 0x000000042c800000, 0x000000042d000000|  0%| F|  |TAMS 0x000000042c800000| PB 0x000000042c800000| Untracked |  0
|  70|0x000000042d000000, 0x000000042d000000, 0x000000042d800000|  0%| F|  |TAMS 0x000000042d000000| PB 0x000000042d000000| Untracked |  0
|  71|0x000000042d800000, 0x000000042d800000, 0x000000042e000000|  0%| F|  |TAMS 0x000000042d800000| PB 0x000000042d800000| Untracked |  0
|  72|0x000000042e000000, 0x000000042e000000, 0x000000042e800000|  0%| F|  |TAMS 0x000000042e000000| PB 0x000000042e000000| Untracked |  0
|  73|0x000000042e800000, 0x000000042e800000, 0x000000042f000000|  0%| F|  |TAMS 0x000000042e800000| PB 0x000000042e800000| Untracked |  0
|  74|0x000000042f000000, 0x000000042f000000, 0x000000042f800000|  0%| F|  |TAMS 0x000000042f000000| PB 0x000000042f000000| Untracked |  0
|  75|0x000000042f800000, 0x000000042f800000, 0x0000000430000000|  0%| F|  |TAMS 0x000000042f800000| PB 0x000000042f800000| Untracked |  0
|  76|0x0000000430000000, 0x0000000430000000, 0x0000000430800000|  0%| F|  |TAMS 0x0000000430000000| PB 0x0000000430000000| Untracked |  0
|  77|0x0000000430800000, 0x0000000430800000, 0x0000000431000000|  0%| F|  |TAMS 0x0000000430800000| PB 0x0000000430800000| Untracked |  0
|  78|0x0000000431000000, 0x0000000431000000, 0x0000000431800000|  0%| F|  |TAMS 0x0000000431000000| PB 0x0000000431000000| Untracked |  0
|  79|0x0000000431800000, 0x0000000431800000, 0x0000000432000000|  0%| F|  |TAMS 0x0000000431800000| PB 0x0000000431800000| Untracked |  0
|  80|0x0000000432000000, 0x0000000432000000, 0x0000000432800000|  0%| F|  |TAMS 0x0000000432000000| PB 0x0000000432000000| Untracked |  0
|  81|0x0000000432800000, 0x0000000432800000, 0x0000000433000000|  0%| F|  |TAMS 0x0000000432800000| PB 0x0000000432800000| Untracked |  0
|  82|0x0000000433000000, 0x0000000433000000, 0x0000000433800000|  0%| F|  |TAMS 0x0000000433000000| PB 0x0000000433000000| Untracked |  0
|  83|0x0000000433800000, 0x0000000433800000, 0x0000000434000000|  0%| F|  |TAMS 0x0000000433800000| PB 0x0000000433800000| Untracked |  0
|  84|0x0000000434000000, 0x0000000434000000, 0x0000000434800000|  0%| F|  |TAMS 0x0000000434000000| PB 0x0000000434000000| Untracked |  0
|  85|0x0000000434800000, 0x0000000434800000, 0x0000000435000000|  0%| F|  |TAMS 0x0000000434800000| PB 0x0000000434800000| Untracked |  0
|  86|0x0000000435000000, 0x0000000435000000, 0x0000000435800000|  0%| F|  |TAMS 0x0000000435000000| PB 0x0000000435000000| Untracked |  0
|  87|0x0000000435800000, 0x0000000435800000, 0x0000000436000000|  0%| F|  |TAMS 0x0000000435800000| PB 0x0000000435800000| Untracked |  0
|  88|0x0000000436000000, 0x0000000436000000, 0x0000000436800000|  0%| F|  |TAMS 0x0000000436000000| PB 0x0000000436000000| Untracked |  0
|  89|0x0000000436800000, 0x0000000436800000, 0x0000000437000000|  0%| F|  |TAMS 0x0000000436800000| PB 0x0000000436800000| Untracked |  0
|  90|0x0000000437000000, 0x0000000437000000, 0x0000000437800000|  0%| F|  |TAMS 0x0000000437000000| PB 0x0000000437000000| Untracked |  0
|  91|0x0000000437800000, 0x0000000437800000, 0x0000000438000000|  0%| F|  |TAMS 0x0000000437800000| PB 0x0000000437800000| Untracked |  0
|  92|0x0000000438000000, 0x0000000438000000, 0x0000000438800000|  0%| F|  |TAMS 0x0000000438000000| PB 0x0000000438000000| Untracked |  0
|  93|0x0000000438800000, 0x0000000438800000, 0x0000000439000000|  0%| F|  |TAMS 0x0000000438800000| PB 0x0000000438800000| Untracked |  0
|  94|0x0000000439000000, 0x0000000439000000, 0x0000000439800000|  0%| F|  |TAMS 0x0000000439000000| PB 0x0000000439000000| Untracked |  0
|  95|0x0000000439800000, 0x0000000439800000, 0x000000043a000000|  0%| F|  |TAMS 0x0000000439800000| PB 0x0000000439800000| Untracked |  0
|  96|0x000000043a000000, 0x000000043a000000, 0x000000043a800000|  0%| F|  |TAMS 0x000000043a000000| PB 0x000000043a000000| Untracked |  0
|  97|0x000000043a800000, 0x000000043a800000, 0x000000043b000000|  0%| F|  |TAMS 0x000000043a800000| PB 0x000000043a800000| Untracked |  0
|  98|0x000000043b000000, 0x000000043b000000, 0x000000043b800000|  0%| F|  |TAMS 0x000000043b000000| PB 0x000000043b000000| Untracked |  0
|  99|0x000000043b800000, 0x000000043b800000, 0x000000043c000000|  0%| F|  |TAMS 0x000000043b800000| PB 0x000000043b800000| Untracked |  0
| 100|0x000000043c000000, 0x000000043c000000, 0x000000043c800000|  0%| F|  |TAMS 0x000000043c000000| PB 0x000000043c000000| Untracked |  0
| 101|0x000000043c800000, 0x000000043c800000, 0x000000043d000000|  0%| F|  |TAMS 0x000000043c800000| PB 0x000000043c800000| Untracked |  0
| 102|0x000000043d000000, 0x000000043d000000, 0x000000043d800000|  0%| F|  |TAMS 0x000000043d000000| PB 0x000000043d000000| Untracked |  0
| 103|0x000000043d800000, 0x000000043d800000, 0x000000043e000000|  0%| F|  |TAMS 0x000000043d800000| PB 0x000000043d800000| Untracked |  0
| 104|0x000000043e000000, 0x000000043e000000, 0x000000043e800000|  0%| F|  |TAMS 0x000000043e000000| PB 0x000000043e000000| Untracked |  0
| 105|0x000000043e800000, 0x000000043e800000, 0x000000043f000000|  0%| F|  |TAMS 0x000000043e800000| PB 0x000000043e800000| Untracked |  0
| 106|0x000000043f000000, 0x000000043f000000, 0x000000043f800000|  0%| F|  |TAMS 0x000000043f000000| PB 0x000000043f000000| Untracked |  0
| 107|0x000000043f800000, 0x000000043f800000, 0x0000000440000000|  0%| F|  |TAMS 0x000000043f800000| PB 0x000000043f800000| Untracked |  0
| 108|0x0000000440000000, 0x0000000440000000, 0x0000000440800000|  0%| F|  |TAMS 0x0000000440000000| PB 0x0000000440000000| Untracked |  0
| 109|0x0000000440800000, 0x0000000440800000, 0x0000000441000000|  0%| F|  |TAMS 0x0000000440800000| PB 0x0000000440800000| Untracked |  0
| 110|0x0000000441000000, 0x0000000441000000, 0x0000000441800000|  0%| F|  |TAMS 0x0000000441000000| PB 0x0000000441000000| Untracked |  0
| 111|0x0000000441800000, 0x0000000441800000, 0x0000000442000000|  0%| F|  |TAMS 0x0000000441800000| PB 0x0000000441800000| Untracked |  0
| 112|0x0000000442000000, 0x0000000442000000, 0x0000000442800000|  0%| F|  |TAMS 0x0000000442000000| PB 0x0000000442000000| Untracked |  0
| 113|0x0000000442800000, 0x0000000442800000, 0x0000000443000000|  0%| F|  |TAMS 0x0000000442800000| PB 0x0000000442800000| Untracked |  0
| 114|0x0000000443000000, 0x0000000443000000, 0x0000000443800000|  0%| F|  |TAMS 0x0000000443000000| PB 0x0000000443000000| Untracked |  0
| 115|0x0000000443800000, 0x0000000443800000, 0x0000000444000000|  0%| F|  |TAMS 0x0000000443800000| PB 0x0000000443800000| Untracked |  0
| 116|0x0000000444000000, 0x0000000444000000, 0x0000000444800000|  0%| F|  |TAMS 0x0000000444000000| PB 0x0000000444000000| Untracked |  0
| 117|0x0000000444800000, 0x0000000444800000, 0x0000000445000000|  0%| F|  |TAMS 0x0000000444800000| PB 0x0000000444800000| Untracked |  0
| 118|0x0000000445000000, 0x0000000445000000, 0x0000000445800000|  0%| F|  |TAMS 0x0000000445000000| PB 0x0000000445000000| Untracked |  0
| 119|0x0000000445800000, 0x0000000445800000, 0x0000000446000000|  0%| F|  |TAMS 0x0000000445800000| PB 0x0000000445800000| Untracked |  0
| 120|0x0000000446000000, 0x0000000446000000, 0x0000000446800000|  0%| F|  |TAMS 0x0000000446000000| PB 0x0000000446000000| Untracked |  0
| 121|0x0000000446800000, 0x0000000446d597e0, 0x0000000447000000| 66%| E|  |TAMS 0x0000000446800000| PB 0x0000000446800000| Complete |  0
| 122|0x0000000447000000, 0x0000000447800000, 0x0000000447800000|100%| E|CS|TAMS 0x0000000447000000| PB 0x0000000447000000| Complete |  0
| 123|0x0000000447800000, 0x0000000448000000, 0x0000000448000000|100%| E|CS|TAMS 0x0000000447800000| PB 0x0000000447800000| Complete |  0
| 124|0x0000000448000000, 0x0000000448800000, 0x0000000448800000|100%| E|CS|TAMS 0x0000000448000000| PB 0x0000000448000000| Complete |  0
| 125|0x0000000448800000, 0x0000000449000000, 0x0000000449000000|100%| E|CS|TAMS 0x0000000448800000| PB 0x0000000448800000| Complete |  0
| 126|0x0000000449000000, 0x0000000449800000, 0x0000000449800000|100%| E|CS|TAMS 0x0000000449000000| PB 0x0000000449000000| Complete |  0
|2027|0x00000007ff800000, 0x00000007ff91d248, 0x0000000800000000| 13%| O|  |TAMS 0x00000007ff800000| PB 0x00000007ff800000| Untracked |  0

Card table byte_map: [0x0000019f45220000,0x0000019f471d0000] _byte_map_base: 0x0000019f431d0000

Marking Bits: (CMBitMap*) 0x0000019f2ac949a0
 Bits: [0x0000019f471d0000, 0x0000019f56f50000)

Polling page: 0x0000019f28e10000

Metaspace:

Usage:
  Non-class:      9.93 MB used.
      Class:    975.55 KB used.
       Both:     10.89 MB used.

Virtual space:
  Non-class space:       64.00 MB reserved,      10.06 MB ( 16%) committed,  1 nodes.
      Class space:        1.00 GB reserved,       1.00 MB ( <1%) committed,  1 nodes.
             Both:        1.06 GB reserved,      11.06 MB (  1%) committed. 

Chunk freelists:
   Non-Class:  5.00 MB
       Class:  15.00 MB
        Both:  20.00 MB

MaxMetaspaceSize: unlimited
CompressedClassSpaceSize: 1.00 GB
Initial GC threshold: 21.00 MB
Current GC threshold: 21.00 MB
CDS: on
 - commit_granule_bytes: 65536.
 - commit_granule_words: 8192.
 - virtual_space_node_default_size: 8388608.
 - enlarge_chunks_in_place: 1.
UseCompressedClassPointers 1, UseCompactObjectHeaders 0
Narrow klass pointer bits 32, Max shift 3
Narrow klass base: 0x0000019f5b000000, Narrow klass shift: 0
Encoding Range: [0x0000019f5b000000 - 0x000001a05b000000), (4294967296 bytes)
Klass Range:    [0x0000019f5b000000 - 0x0000019f9c000000), (1090519040 bytes)
Klass ID Range:  [8 - 1090519033) (1090519025)


Internal statistics:

num_allocs_failed_limit: 0.
num_arena_births: 136.
num_arena_deaths: 0.
num_vsnodes_births: 2.
num_vsnodes_deaths: 0.
num_space_committed: 177.
num_space_uncommitted: 0.
num_chunks_returned_to_freelist: 0.
num_chunks_taken_from_freelist: 196.
num_chunk_merges: 0.
num_chunk_splits: 116.
num_chunks_enlarged: 71.
num_inconsistent_stats: 0.

CodeHeap 'non-profiled nmethods': size=119232Kb used=676Kb max_used=676Kb free=118555Kb
 bounds [0x0000019f3b020000, 0x0000019f3b290000, 0x0000019f42490000]
CodeHeap 'profiled nmethods': size=119104Kb used=3667Kb max_used=3667Kb free=115436Kb
 bounds [0x0000019f33490000, 0x0000019f33830000, 0x0000019f3a8e0000]
CodeHeap 'non-nmethods': size=7424Kb used=1553Kb max_used=3279Kb free=5870Kb
 bounds [0x0000019f3a8e0000, 0x0000019f3ac90000, 0x0000019f3b020000]
CodeCache: size=245760Kb, used=5896Kb, max_used=7622Kb, free=239861Kb
 total_blobs=3045, nmethods=2316, adapters=634, full_count=0
Compilation: enabled, stopped_count=0, restarted_count=0

Compilation events (20 events):
Event: 21.600 Thread 0x0000019f57249120 nmethod 2303 0x0000019f33821108 code [0x0000019f33821220, 0x0000019f33821350]
Event: 21.613 Thread 0x0000019f57244fb0 nmethod 2284 0x0000019f3b0c1e88 code [0x0000019f3b0c21c0, 0x0000019f3b0c5220]
Event: 21.613 Thread 0x0000019f57244fb0 2294       4       java.lang.StringLatin1::inflate (34 bytes)
Event: 21.615 Thread 0x0000019f57244fb0 nmethod 2294 0x0000019f3b0c5488 code [0x0000019f3b0c5580, 0x0000019f3b0c5770]
Event: 21.615 Thread 0x0000019f57244fb0 2286   !   4       sun.awt.image.ImageRepresentation::getOpaqueRGBImage (164 bytes)
Event: 21.639 Thread 0x0000019f57244fb0 nmethod 2286 0x0000019f3b0c5788 code [0x0000019f3b0c5b20, 0x0000019f3b0c8e08]
Event: 21.639 Thread 0x0000019f57244fb0 2301       4       javax.swing.JComponent::getHeight (5 bytes)
Event: 21.640 Thread 0x0000019f57244fb0 nmethod 2301 0x0000019f3b0c9088 code [0x0000019f3b0c9180, 0x0000019f3b0c91f8]
Event: 21.752 Thread 0x0000019f57249120 2311   !   3       sun.awt.AWTAutoShutdown::notifyThreadFree (74 bytes)
Event: 21.752 Thread 0x0000019f57249120 nmethod 2311 0x0000019f33821408 code [0x0000019f33821580, 0x0000019f33821c18]
Event: 22.771 Thread 0x0000019f57249120 2312       3       java.util.concurrent.ForkJoinPool::unmanagedBlock (24 bytes)
Event: 22.771 Thread 0x0000019f57249120 nmethod 2312 0x0000019f33821c88 code [0x0000019f33821e40, 0x0000019f33822980]
Event: 22.783 Thread 0x0000019f57249120 2313       3       java.util.HashSet::remove (20 bytes)
Event: 22.783 Thread 0x0000019f57249120 nmethod 2313 0x0000019f33822a08 code [0x0000019f33822b20, 0x0000019f33822d40]
Event: 23.048 Thread 0x0000019f57249120 2314       3       java.awt.Toolkit$SelectiveAWTEventListener::eventDispatched (745 bytes)
Event: 23.049 Thread 0x0000019f57249120 nmethod 2314 0x0000019f33822d88 code [0x0000019f33822f60, 0x0000019f338240d0]
Event: 23.099 Thread 0x0000019f57249120 2315       3       sun.java2d.SunGraphics2D::clip (35 bytes)
Event: 23.100 Thread 0x0000019f57249120 nmethod 2315 0x0000019f33824108 code [0x0000019f33824240, 0x0000019f33824628]
Event: 23.114 Thread 0x0000019f57249120 2316       3       java.awt.EventQueue::setCurrentEventAndMostRecentTime (8 bytes)
Event: 23.114 Thread 0x0000019f57249120 nmethod 2316 0x0000019f33824688 code [0x0000019f33824800, 0x0000019f33824d20]

GC Heap History (0 events):
No events

Dll operation events (10 events):
Event: 0.005 Loaded shared library C:\Program Files\Java\jdk-24\bin\java.dll
Event: 0.024 Loaded shared library C:\Program Files\Java\jdk-24\bin\jsvml.dll
Event: 0.027 Loaded shared library C:\Program Files\Java\jdk-24\bin\net.dll
Event: 0.028 Loaded shared library C:\Program Files\Java\jdk-24\bin\nio.dll
Event: 0.030 Loaded shared library C:\Program Files\Java\jdk-24\bin\zip.dll
Event: 0.043 Loaded shared library C:\Program Files\Java\jdk-24\bin\jimage.dll
Event: 0.054 Loaded shared library C:\Program Files\Java\jdk-24\bin\awt.dll
Event: 0.133 Loaded shared library C:\Program Files\Java\jdk-24\bin\freetype.dll
Event: 0.134 Loaded shared library C:\Program Files\Java\jdk-24\bin\fontmanager.dll
Event: 0.360 Loaded shared library C:\Windows\System32\dpuareu_jni.dll

Deoptimization events (20 events):
Event: 17.105 Thread 0x0000019fa18d7cb0 DEOPT PACKING pc=0x0000019f3374bc62 sp=0x00000051381ff160
Event: 17.105 Thread 0x0000019fa18d7cb0 DEOPT UNPACKING pc=0x0000019f3a935722 sp=0x00000051381fe638 mode 0
Event: 17.105 Thread 0x0000019fa18d7cb0 DEOPT PACKING pc=0x0000019f3374bc62 sp=0x00000051381ff160
Event: 17.105 Thread 0x0000019fa18d7cb0 DEOPT UNPACKING pc=0x0000019f3a935722 sp=0x00000051381fe638 mode 0
Event: 17.105 Thread 0x0000019fa18d7cb0 DEOPT PACKING pc=0x0000019f3374bc62 sp=0x00000051381ff160
Event: 17.105 Thread 0x0000019fa18d7cb0 DEOPT UNPACKING pc=0x0000019f3a935722 sp=0x00000051381fe638 mode 0
Event: 17.108 Thread 0x0000019fa18d7cb0 DEOPT PACKING pc=0x0000019f3376bf85 sp=0x00000051381ff320
Event: 17.108 Thread 0x0000019fa18d7cb0 DEOPT UNPACKING pc=0x0000019f3a935722 sp=0x00000051381fe750 mode 0
Event: 18.743 Thread 0x0000019fa18d5f70 DEOPT PACKING pc=0x0000019f337e1d2e sp=0x00000051380ff1e0
Event: 18.743 Thread 0x0000019fa18d5f70 DEOPT UNPACKING pc=0x0000019f3a935722 sp=0x00000051380fe6d8 mode 0
Event: 21.588 Thread 0x0000019fa18d5820 DEOPT PACKING pc=0x0000019f337e1d2e sp=0x00000051380feeb0
Event: 21.588 Thread 0x0000019fa18d5820 DEOPT UNPACKING pc=0x0000019f3a935722 sp=0x00000051380fe3a8 mode 0
Event: 21.591 Thread 0x0000019fa18d5820 DEOPT PACKING pc=0x0000019f337e3cba sp=0x00000051380fe7e0
Event: 21.591 Thread 0x0000019fa18d5820 DEOPT UNPACKING pc=0x0000019f3a935722 sp=0x00000051380fdcd8 mode 0
Event: 21.592 Thread 0x0000019fa18d5820 DEOPT PACKING pc=0x0000019f337e4b3c sp=0x00000051380fea50
Event: 21.592 Thread 0x0000019fa18d5820 DEOPT UNPACKING pc=0x0000019f3a935722 sp=0x00000051380fdf20 mode 0
Event: 21.592 Thread 0x0000019fa18d5820 Uncommon trap: trap_request=0xffffffe4 fr.pc=0x0000019f3b0bd640 relative=0x0000000000001e40
Event: 21.592 Thread 0x0000019fa18d5820 Uncommon trap: reason=range_check action=make_not_entrant pc=0x0000019f3b0bd640 method=java.awt.image.PackedColorModel.DecomposeMask(IILjava/lang/String;)V @ 8 c2
Event: 21.592 Thread 0x0000019fa18d5820 DEOPT PACKING pc=0x0000019f3b0bd640 sp=0x00000051380fea60
Event: 21.592 Thread 0x0000019fa18d5820 DEOPT UNPACKING pc=0x0000019f3a9f7802 sp=0x00000051380fe7e0 mode 2

Classes loaded (20 events):
Event: 6.617 Loading class sun/awt/geom/Order1
Event: 6.617 Loading class sun/awt/geom/Order1 done
Event: 6.617 Loading class sun/awt/geom/AreaOp$NZWindOp
Event: 6.617 Loading class sun/awt/geom/AreaOp
Event: 6.617 Loading class sun/awt/geom/AreaOp done
Event: 6.617 Loading class sun/awt/geom/AreaOp$NZWindOp done
Event: 6.617 Loading class sun/awt/geom/AreaOp$1
Event: 6.618 Loading class sun/awt/geom/AreaOp$1 done
Event: 6.618 Loading class sun/awt/geom/CurveLink
Event: 6.618 Loading class sun/awt/geom/CurveLink done
Event: 6.618 Loading class sun/awt/geom/ChainEnd
Event: 6.618 Loading class sun/awt/geom/ChainEnd done
Event: 6.618 Loading class java/util/Vector$1
Event: 6.618 Loading class java/util/Vector$1 done
Event: 6.618 Loading class sun/awt/geom/Edge
Event: 6.618 Loading class sun/awt/geom/Edge done
Event: 6.618 Loading class sun/awt/geom/AreaOp$IntOp
Event: 6.618 Loading class sun/awt/geom/AreaOp$CAGOp
Event: 6.618 Loading class sun/awt/geom/AreaOp$CAGOp done
Event: 6.618 Loading class sun/awt/geom/AreaOp$IntOp done

Classes unloaded (0 events):
No events

Classes redefined (0 events):
No events

Internal exceptions (20 events):
Event: 0.128 Thread 0x0000019fa0580ad0 Exception <a 'java/lang/NoSuchMethodError'{0x0000000448b31fa0}: 'long java.lang.invoke.DirectMethodHandle$Holder.invokeStaticInit(java.lang.Object, java.lang.Object)'> (0x0000000448b31fa0) 
thrown [s\open\src\hotspot\share\interpreter\linkResolver.cpp, line 805]
Event: 0.128 Thread 0x0000019fa0580ad0 Exception <a 'java/lang/NoSuchMethodError'{0x0000000448b3a7e8}: 'java.lang.Object java.lang.invoke.DirectMethodHandle$Holder.invokeStatic(java.lang.Object, long, java.lang.Object)'> (0x0000000448b3a7e8) 
thrown [s\open\src\hotspot\share\interpreter\linkResolver.cpp, line 805]
Event: 0.128 Thread 0x0000019fa0580ad0 Exception <a 'java/lang/NoSuchMethodError'{0x0000000448b42900}: 'java.lang.Object java.lang.invoke.DirectMethodHandle$Holder.invokeStaticInit(java.lang.Object, long, java.lang.Object)'> (0x0000000448b42900) 
thrown [s\open\src\hotspot\share\interpreter\linkResolver.cpp, line 805]
Event: 0.129 Thread 0x0000019fa0580ad0 Exception <a 'java/lang/NoSuchMethodError'{0x0000000448b4ad38}: 'java.lang.Object java.lang.invoke.DirectMethodHandle$Holder.invokeStatic(java.lang.Object, long)'> (0x0000000448b4ad38) 
thrown [s\open\src\hotspot\share\interpreter\linkResolver.cpp, line 805]
Event: 0.129 Thread 0x0000019fa0580ad0 Exception <a 'java/lang/NoSuchMethodError'{0x0000000448b52d58}: 'java.lang.Object java.lang.invoke.DirectMethodHandle$Holder.invokeStaticInit(java.lang.Object, long)'> (0x0000000448b52d58) 
thrown [s\open\src\hotspot\share\interpreter\linkResolver.cpp, line 805]
Event: 0.138 Thread 0x0000019fa0580ad0 Exception <a 'java/lang/NoSuchMethodError'{0x0000000448b96d58}: 'long java.lang.invoke.DirectMethodHandle$Holder.invokeStaticInit(java.lang.Object, long, long, long, long)'> (0x0000000448b96d58) 
thrown [s\open\src\hotspot\share\interpreter\linkResolver.cpp, line 805]
Event: 0.138 Thread 0x0000019fa0580ad0 Exception <a 'java/lang/NoSuchMethodError'{0x0000000448b9f8d0}: 'java.lang.Object java.lang.invoke.DirectMethodHandle$Holder.invokeInterface(java.lang.Object, java.lang.Object, long, long)'> (0x0000000448b9f8d0) 
thrown [s\open\src\hotspot\share\interpreter\linkResolver.cpp, line 805]
Event: 0.139 Thread 0x0000019fa0580ad0 Exception <a 'java/lang/NoSuchMethodError'{0x0000000448bb81b8}: 'void java.lang.invoke.DirectMethodHandle$Holder.invokeStaticInit(java.lang.Object, java.lang.Object, long, java.lang.Object)'> (0x0000000448bb81b8) 
thrown [s\open\src\hotspot\share\interpreter\linkResolver.cpp, line 805]
Event: 0.139 Thread 0x0000019fa0580ad0 Exception <a 'java/lang/NoSuchMethodError'{0x0000000448bc0a40}: 'long java.lang.invoke.DirectMethodHandle$Holder.invokeStatic(java.lang.Object, long, long)'> (0x0000000448bc0a40) 
thrown [s\open\src\hotspot\share\interpreter\linkResolver.cpp, line 805]
Event: 0.141 Thread 0x0000019fa0580ad0 Exception <a 'java/lang/NoSuchMethodError'{0x0000000448cdfde8}: 'java.lang.Object java.lang.invoke.DirectMethodHandle$Holder.newInvokeSpecial(java.lang.Object, int, java.lang.Object)'> (0x0000000448cdfde8) 
thrown [s\open\src\hotspot\share\interpreter\linkResolver.cpp, line 805]
Event: 0.155 Thread 0x0000019fa0580ad0 Exception <a 'java/lang/NoSuchMethodError'{0x0000000448d4b420}: 'int java.lang.invoke.Invokers$Holder.invokeExact_MT(java.lang.Object, java.lang.Object)'> (0x0000000448d4b420) 
thrown [s\open\src\hotspot\share\interpreter\linkResolver.cpp, line 805]
Event: 0.177 Thread 0x0000019fa0580ad0 Exception <a 'java/lang/NoSuchMethodError'{0x0000000448ee32d0}: 'void java.lang.invoke.DirectMethodHandle$Holder.invokeStatic(java.lang.Object, java.lang.Object, java.lang.Object)'> (0x0000000448ee32d0) 
thrown [s\open\src\hotspot\share\interpreter\linkResolver.cpp, line 805]
Event: 0.231 Thread 0x0000019fa0580ad0 Exception <a 'java/lang/NoSuchMethodError'{0x0000000448ffbb38}: 'void java.lang.invoke.DelegatingMethodHandle$Holder.reinvoke_L(java.lang.Object, java.lang.Object, java.lang.Object, java.lang.Object, long, long, float)'> (0x0000000448ffbb38) 
thrown [s\open\src\hotspot\share\interpreter\linkResolver.cpp, line 805]
Event: 0.232 Thread 0x0000019fa0580ad0 Exception <a 'java/lang/NoSuchMethodError'{0x000000044801ec18}: 'java.lang.Object java.lang.invoke.DirectMethodHandle$Holder.invokeStatic(java.lang.Object, java.lang.Object, java.lang.Object, java.lang.Object, java.lang.Object, long)'> (0x000000044801ec18) 
thrown [s\open\src\hotspot\share\interpreter\linkResolver.cpp, line 805]
Event: 0.237 Thread 0x0000019fa0580ad0 Exception <a 'java/lang/NoSuchMethodError'{0x00000004480622b8}: 'float java.lang.invoke.DelegatingMethodHandle$Holder.reinvoke_L(java.lang.Object, java.lang.Object, java.lang.Object, java.lang.Object, long, long)'> (0x00000004480622b8) 
thrown [s\open\src\hotspot\share\interpreter\linkResolver.cpp, line 805]
Event: 1.103 Thread 0x0000019fa0119640 Exception <a 'java/lang/NoSuchMethodError'{0x00000004494dcd20}: 'void java.lang.invoke.DirectMethodHandle$Holder.invokeVirtual(java.lang.Object, java.lang.Object)'> (0x00000004494dcd20) 
thrown [s\open\src\hotspot\share\interpreter\linkResolver.cpp, line 805]
Event: 6.609 Thread 0x0000019fa18d7cb0 Exception <a 'java/lang/NoSuchMethodError'{0x0000000447a385f0}: 'java.lang.Object java.lang.invoke.DelegatingMethodHandle$Holder.reinvoke_L(java.lang.Object, java.lang.Object, int, int, int, int)'> (0x0000000447a385f0) 
thrown [s\open\src\hotspot\share\interpreter\linkResolver.cpp, line 805]
Event: 6.609 Thread 0x0000019fa18d7cb0 Exception <a 'java/lang/NoSuchMethodError'{0x0000000447a487f0}: 'java.lang.Object java.lang.invoke.Invokers$Holder.linkToTargetMethod(int, int, int, int, java.lang.Object)'> (0x0000000447a487f0) 
thrown [s\open\src\hotspot\share\interpreter\linkResolver.cpp, line 805]
Event: 6.610 Thread 0x0000019fa18d7cb0 Exception <a 'java/lang/NoSuchMethodError'{0x0000000447a51098}: 'void java.lang.invoke.DirectMethodHandle$Holder.invokeSpecial(java.lang.Object, java.lang.Object, int)'> (0x0000000447a51098) 
thrown [s\open\src\hotspot\share\interpreter\linkResolver.cpp, line 805]
Event: 15.133 Thread 0x0000019fa18d7cb0 Implicit null exception at 0x0000019f3b090b9a to 0x0000019f3b090d24

VM Operations (15 events):
Event: 0.170 Executing VM operation: HandshakeAllThreads (Deoptimize)
Event: 0.170 Executing VM operation: HandshakeAllThreads (Deoptimize) done
Event: 0.182 Executing VM operation: HandshakeAllThreads (Deoptimize)
Event: 0.182 Executing VM operation: HandshakeAllThreads (Deoptimize) done
Event: 0.200 Executing VM operation: HandshakeAllThreads (Deoptimize)
Event: 0.200 Executing VM operation: HandshakeAllThreads (Deoptimize) done
Event: 1.228 Executing VM operation: HandshakeAllThreads (Deoptimize)
Event: 1.228 Executing VM operation: HandshakeAllThreads (Deoptimize) done
Event: 1.231 Executing VM operation: HandshakeAllThreads (Deoptimize)
Event: 1.231 Executing VM operation: HandshakeAllThreads (Deoptimize) done
Event: 6.588 Executing VM operation: HandshakeAllThreads (Deoptimize)
Event: 6.588 Executing VM operation: HandshakeAllThreads (Deoptimize) done
Event: 6.591 Executing VM operation: HandshakeAllThreads (Deoptimize)
Event: 6.591 Executing VM operation: HandshakeAllThreads (Deoptimize) done
Event: 24.105 Executing VM operation: Exit

Memory protections (0 events):
No events

Nmethod flushes (0 events):
No events

Events (20 events):
Event: 17.103 Thread 0x0000019f5a79cc30 Thread exited: 0x0000019f5a79cc30
Event: 17.109 Thread 0x0000019fa18d7cb0 Thread exited: 0x0000019fa18d7cb0
Event: 17.115 Thread 0x0000019f57249120 Thread added: 0x0000019f5a79cc30
Event: 17.649 Thread 0x0000019f5a79cc30 Thread exited: 0x0000019f5a79cc30
Event: 18.237 Thread 0x0000019fa0580ad0 Thread added: 0x0000019fa18d5f70
Event: 18.748 Thread 0x0000019fa18d5f70 Thread exited: 0x0000019fa18d5f70
Event: 18.750 Thread 0x0000019f57249120 Thread added: 0x0000019fa0056c40
Event: 18.750 Thread 0x0000019f57249120 Thread added: 0x0000019fa1c3d8f0
Event: 19.618 Thread 0x0000019fa1c3d8f0 Thread exited: 0x0000019fa1c3d8f0
Event: 19.752 Thread 0x0000019fa0056c40 Thread exited: 0x0000019fa0056c40
Event: 20.902 Thread 0x0000019fa0580ad0 Thread added: 0x0000019fa18d5820
Event: 21.593 Thread 0x0000019fa18d5820 Thread exited: 0x0000019fa18d5820
Event: 24.004 Thread 0x0000019fa0580ad0 Thread added: 0x0000019fa18d7cb0
Event: 24.004 Thread 0x0000019fa0580ad0 Thread added: 0x0000019fa18d5f70
Event: 24.004 Thread 0x0000019fa0580ad0 Thread added: 0x0000019fa18d66c0
Event: 24.005 Thread 0x0000019fa18d5f70 Thread exited: 0x0000019fa18d5f70
Event: 24.005 Thread 0x0000019fa18d66c0 Thread exited: 0x0000019fa18d66c0
Event: 24.017 Thread 0x0000019fa0119640 Thread exited: 0x0000019fa0119640
Event: 24.105 Thread 0x0000019fa18d7cb0 Thread exited: 0x0000019fa18d7cb0
Event: 24.105 Thread 0x0000019fa0580ad0 Before exit entered


Dynamic libraries:
0x00007ff75cac0000 - 0x00007ff75cad0000 	C:\Program Files\Java\jdk-24\bin\java.exe
0x00007fff6df60000 - 0x00007fff6e1c9000 	C:\Windows\SYSTEM32\ntdll.dll
0x00007fff6d0d0000 - 0x00007fff6d199000 	C:\Windows\System32\KERNEL32.DLL
0x00007fff6b650000 - 0x00007fff6ba43000 	C:\Windows\System32\KERNELBASE.dll
0x00007fff6b0f0000 - 0x00007fff6b23b000 	C:\Windows\System32\ucrtbase.dll
0x00007fff59e30000 - 0x00007fff59e46000 	C:\Program Files\Java\jdk-24\bin\jli.dll
0x00007fff59e10000 - 0x00007fff59e2b000 	C:\Program Files\Java\jdk-24\bin\VCRUNTIME140.dll
0x00007fff6d470000 - 0x00007fff6d634000 	C:\Windows\System32\USER32.dll
0x00007fff6b370000 - 0x00007fff6b397000 	C:\Windows\System32\win32u.dll
0x00007fff4f3e0000 - 0x00007fff4f673000 	C:\Windows\WinSxS\amd64_microsoft.windows.common-controls_6595b64144ccf1df_6.0.26100.5074_none_3e0d6f78e32fd63f\COMCTL32.dll
0x00007fff6c270000 - 0x00007fff6c29b000 	C:\Windows\System32\GDI32.dll
0x00007fff6bf60000 - 0x00007fff6c009000 	C:\Windows\System32\msvcrt.dll
0x00007fff6b240000 - 0x00007fff6b36d000 	C:\Windows\System32\gdi32full.dll
0x00007fff6ba50000 - 0x00007fff6baf3000 	C:\Windows\System32\msvcp_win.dll
0x00007fff6cd80000 - 0x00007fff6cdaf000 	C:\Windows\System32\IMM32.DLL
0x00007fff59e00000 - 0x00007fff59e0c000 	C:\Program Files\Java\jdk-24\bin\vcruntime140_1.dll
0x00007fff563a0000 - 0x00007fff5642e000 	C:\Program Files\Java\jdk-24\bin\msvcp140.dll
0x00007fff01a30000 - 0x00007fff027d1000 	C:\Program Files\Java\jdk-24\bin\server\jvm.dll
0x00007fff6cc40000 - 0x00007fff6ccf4000 	C:\Windows\System32\ADVAPI32.dll
0x00007fff6cb90000 - 0x00007fff6cc36000 	C:\Windows\System32\sechost.dll
0x00007fff6c320000 - 0x00007fff6c438000 	C:\Windows\System32\RPCRT4.dll
0x00007fff6cd00000 - 0x00007fff6cd74000 	C:\Windows\System32\WS2_32.dll
0x00007fff6a970000 - 0x00007fff6a9ce000 	C:\Windows\SYSTEM32\POWRPROF.dll
0x00007fff62fd0000 - 0x00007fff62fdb000 	C:\Windows\SYSTEM32\VERSION.dll
0x00007fff55570000 - 0x00007fff555a5000 	C:\Windows\SYSTEM32\WINMM.dll
0x00007fff6a950000 - 0x00007fff6a964000 	C:\Windows\SYSTEM32\UMPDC.dll
0x00007fff69e90000 - 0x00007fff69eab000 	C:\Windows\SYSTEM32\kernel.appcore.dll
0x00007fff59df0000 - 0x00007fff59dfa000 	C:\Program Files\Java\jdk-24\bin\jimage.dll
0x00007fff68900000 - 0x00007fff68b42000 	C:\Windows\SYSTEM32\DBGHELP.DLL
0x00007fff6dae0000 - 0x00007fff6de5b000 	C:\Windows\System32\combase.dll
0x00007fff6d1b0000 - 0x00007fff6d287000 	C:\Windows\System32\OLEAUT32.dll
0x00007fff4fbf0000 - 0x00007fff4fc2d000 	C:\Windows\SYSTEM32\dbgcore.DLL
0x00007fff6b520000 - 0x00007fff6b5b9000 	C:\Windows\System32\bcryptPrimitives.dll
0x00007fff59d50000 - 0x00007fff59d6e000 	C:\Program Files\Java\jdk-24\bin\java.dll
0x00007fff6ce30000 - 0x00007fff6cfc8000 	C:\Windows\System32\ole32.dll
0x00007fff6c440000 - 0x00007fff6cb8d000 	C:\Windows\System32\SHELL32.dll
0x00007fff6bb00000 - 0x00007fff6bc6c000 	C:\Windows\System32\wintypes.dll
0x00007fff68d10000 - 0x00007fff69569000 	C:\Windows\SYSTEM32\windows.storage.dll
0x00007fff6d340000 - 0x00007fff6d430000 	C:\Windows\System32\SHCORE.dll
0x00007fff6cfd0000 - 0x00007fff6d032000 	C:\Windows\System32\shlwapi.dll
0x00007fff6b010000 - 0x00007fff6b039000 	C:\Windows\SYSTEM32\profapi.dll
0x00007fff4dd40000 - 0x00007fff4de17000 	C:\Program Files\Java\jdk-24\bin\jsvml.dll
0x00007fff58420000 - 0x00007fff58430000 	C:\Program Files\Java\jdk-24\bin\net.dll
0x00007fff6a3f0000 - 0x00007fff6a45b000 	C:\Windows\system32\mswsock.dll
0x00007fff56380000 - 0x00007fff56396000 	C:\Program Files\Java\jdk-24\bin\nio.dll
0x00007fff50ed0000 - 0x00007fff50ee7000 	C:\Program Files\Java\jdk-24\bin\zip.dll
0x00007fff4dbc0000 - 0x00007fff4dd3f000 	C:\Program Files\Java\jdk-24\bin\awt.dll
0x00007fff67d90000 - 0x00007fff67e2e000 	C:\Windows\SYSTEM32\apphelp.dll
0x00007fff68040000 - 0x00007fff680e8000 	C:\Windows\system32\uxtheme.dll
0x00007fff6c010000 - 0x00007fff6c168000 	C:\Windows\System32\MSCTF.dll
0x00007fff682b0000 - 0x00007fff682db000 	C:\Windows\system32\DWMAPI.DLL
0x00007ffeb47c0000 - 0x00007ffeb48cc000 	C:\Windows\system32\opengl32.dll
0x00007ffeb5e70000 - 0x00007ffeb5e9d000 	C:\Windows\SYSTEM32\GLU32.dll
0x00007fff68310000 - 0x00007fff68354000 	C:\Windows\SYSTEM32\dxcore.dll
0x00007fff4db00000 - 0x00007fff4db87000 	C:\Program Files\Java\jdk-24\bin\freetype.dll
0x00007fff4da10000 - 0x00007fff4daf7000 	C:\Program Files\Java\jdk-24\bin\fontmanager.dll
0x00007fff4d9d0000 - 0x00007fff4da01000 	C:\Windows\System32\dpuareu_jni.dll
0x00007fff591d0000 - 0x00007fff59245000 	C:\Windows\SYSTEM32\dpfj.dll
0x00007fff59180000 - 0x00007fff591c2000 	C:\Windows\SYSTEM32\dpfr6.dll
0x00007fff4d980000 - 0x00007fff4d9c1000 	C:\Windows\SYSTEM32\dpfpdd.dll
0x00007fff596b0000 - 0x00007fff597a2000 	C:\Windows\SYSTEM32\DPFPApi.DLL
0x00007fff6b3a0000 - 0x00007fff6b517000 	C:\Windows\System32\CRYPT32.dll
0x00007fff6a490000 - 0x00007fff6a4bb000 	C:\Windows\SYSTEM32\USERENV.dll
0x00007fff6aa30000 - 0x00007fff6aa60000 	C:\Windows\SYSTEM32\ncrypt.dll
0x00007fff67e40000 - 0x00007fff67e4d000 	C:\Windows\SYSTEM32\Secur32.dll
0x00007fff59610000 - 0x00007fff596a6000 	C:\Windows\SYSTEM32\DPSCApi.DLL
0x00007fff6a130000 - 0x00007fff6a179000 	C:\Windows\SYSTEM32\SSPICLI.DLL
0x00007fff6a9e0000 - 0x00007fff6aa1f000 	C:\Windows\SYSTEM32\NTASN1.dll
0x00007fff59030000 - 0x00007fff59088000 	C:\Windows\system32\DPCLBACK.dll
0x00007fff62d90000 - 0x00007fff62daa000 	C:\Windows\SYSTEM32\NETAPI32.dll
0x00007fff697f0000 - 0x00007fff697fd000 	C:\Windows\SYSTEM32\NETUTILS.DLL
0x00007fff69fb0000 - 0x00007fff69fe6000 	C:\Windows\SYSTEM32\ntmarta.dll
0x00007fff6a7c0000 - 0x00007fff6a7db000 	C:\Windows\SYSTEM32\CRYPTSP.dll
0x00007fff69df0000 - 0x00007fff69e2b000 	C:\Windows\system32\rsaenh.dll
0x00007fff6a620000 - 0x00007fff6a62c000 	C:\Windows\SYSTEM32\CRYPTBASE.dll
0x00007fff4d940000 - 0x00007fff4d974000 	C:\Windows\SYSTEM32\dpfpdd_4k.dll
0x00007fff355c0000 - 0x00007fff3566f000 	C:\Windows\SYSTEM32\dpDevDatx64.dll
0x00007fff35690000 - 0x00007fff35757000 	C:\Windows\SYSTEM32\dpDevCtlx64.dll
0x00007fff6d640000 - 0x00007fff6dac7000 	C:\Windows\System32\SETUPAPI.dll
0x00007fff6ada0000 - 0x00007fff6adf7000 	C:\Windows\SYSTEM32\cfgmgr32.DLL
0x00007fff6ad70000 - 0x00007fff6ad9d000 	C:\Windows\SYSTEM32\DEVOBJ.dll
0x00007fff6b5c0000 - 0x00007fff6b63e000 	C:\Windows\System32\WINTRUST.dll
0x00007fff6a820000 - 0x00007fff6a833000 	C:\Windows\SYSTEM32\MSASN1.dll
0x00007fff00c50000 - 0x00007fff01a2f000 	C:\Windows\SYSTEM32\dpfpdd5000.dll
0x00007ffeffea0000 - 0x00007fff00c47000 	C:\Windows\SYSTEM32\dpfpdd_ptapi.dll
0x00007fff4d7f0000 - 0x00007fff4d937000 	C:\Windows\SYSTEM32\tfm.dll
0x00007fff4d770000 - 0x00007fff4d7e5000 	C:\Windows\SYSTEM32\dpfpdd7k.dll
0x00007fff4d720000 - 0x00007fff4d76b000 	C:\Windows\SYSTEM32\dpfpdd_lumi.dll
0x00007fff6de60000 - 0x00007fff6df11000 	C:\Windows\System32\clbcatq.dll
0x00007fff664d0000 - 0x00007fff666ff000 	C:\Windows\SYSTEM32\WindowsCodecs.dll
0x00007fff22e60000 - 0x00007fff22eba000 	C:\Windows\system32\dataexchange.dll
0x00007fff62af0000 - 0x00007fff62d29000 	C:\Windows\system32\twinapi.appcore.dll
0x00007fff51160000 - 0x00007fff512a9000 	C:\Windows\SYSTEM32\textinputframework.dll
0x00007fff67930000 - 0x00007fff67a55000 	C:\Windows\SYSTEM32\CoreMessaging.dll
0x00007fff62440000 - 0x00007fff62723000 	C:\Windows\SYSTEM32\CoreUIComponents.dll

JVMTI agents: none

dbghelp: loaded successfully - version: 4.0.5 - missing functions: none
symbol engine: initialized successfully - sym options: 0x614 - pdb path: .;C:\Program Files\Java\jdk-24\bin;C:\Windows\SYSTEM32;C:\Windows\WinSxS\amd64_microsoft.windows.common-controls_6595b64144ccf1df_6.0.26100.5074_none_3e0d6f78e32fd63f;C:\Program Files\Java\jdk-24\bin\server

VM Arguments:
java_command: com.gp360.biometric.verification.VerificationApp
java_class_path (initial): dist\BiometricVerification.jar;lib\dpjavapos.jar;lib\dpuareu.jar;lib\jpos113.jar;lib\json-20230618.jar;lib\mysql-connector-j-9.4.0.jar;lib\xercesImpl-2.6.2.jar;lib\xmlParserAPIs.jar
Launcher Type: SUN_STANDARD

[Global flags]
     intx CICompilerCount                          = 12                                        {product} {ergonomic}
     uint ConcGCThreads                            = 5                                         {product} {ergonomic}
     uint G1ConcRefinementThreads                  = 18                                        {product} {ergonomic}
   size_t G1HeapRegionSize                         = 8388608                                   {product} {ergonomic}
   size_t InitialHeapSize                          = 1065353216                                {product} {ergonomic}
   size_t MarkStackSize                            = 4194304                                   {product} {ergonomic}
   size_t MarkStackSizeMax                         = 536870912                                 {product} {ergonomic}
   size_t MaxHeapSize                              = 17012097024                               {product} {ergonomic}
   size_t MaxNewSize                               = 10200547328                               {product} {ergonomic}
   size_t MinHeapDeltaBytes                        = 8388608                                   {product} {ergonomic}
   size_t MinHeapSize                              = 8388608                                   {product} {ergonomic}
    uintx NonNMethodCodeHeapSize                   = 7602176                                {pd product} {ergonomic}
    uintx NonProfiledCodeHeapSize                  = 122093568                              {pd product} {ergonomic}
    uintx ProfiledCodeHeapSize                     = 121962496                              {pd product} {ergonomic}
    uintx ReservedCodeCacheSize                    = 251658240                              {pd product} {ergonomic}
     bool SegmentedCodeCache                       = true                                      {product} {ergonomic}
   size_t SoftMaxHeapSize                          = 17012097024                            {manageable} {ergonomic}
     bool UseCompressedOops                        = true                           {product lp64_product} {ergonomic}
     bool UseG1GC                                  = true                                      {product} {ergonomic}
     bool UseLargePagesIndividualAllocation        = false                                  {pd product} {ergonomic}

Logging:
Log output configuration:
 #0: stdout all=off uptime,level,tags foldmultilines=false
 #1: stderr all=off uptime,level,tags foldmultilines=false

Environment Variables:
PATH=C:\Program Files\Common Files\Oracle\Java\javapath;C:\Program Files (x86)\VMware\VMware Workstation\bin\;D:\app\abdia\product\11.2.0\client_1\bin;C:\app\product\11.2.0\client_1\bin;D:\app\abdia\product\11.2.0\client_4\bin;D:\app\abdia\product\11.2.0\client_3\bin;D:\app\abdia\product\11.2.0\client_2\bin;C:\Program Files (x86)\Common Files\Oracle\Java\java8path;C:\Program Files (x86)\Common Files\Oracle\Java\javapath;C:\Windows\system32;C:\Windows;C:\Windows\System32\Wbem;C:\Windows\System32\WindowsPowerShell\v1.0\;C:\Windows\System32\OpenSSH\;C:\Program Files (x86)\NVIDIA Corporation\PhysX\Common;C:\Program Files\NVIDIA Corporation\NVIDIA App\NvDLISR;C:\Program Files\dotnet\;C:\Program Files\Git\cmd;C:\Program Files\nodejs\;C:\wamp64\bin\php\php8.3.14;C:\ProgramData\ComposerSetup\bin;C:\Program Files\PuTTY\;C:\Program Files\Microsoft SQL Server\Client SDK\ODBC\110\Tools\Binn\;C:\Program Files\Microsoft SQL Server\120\Tools\Binn\;C:\Program Files\Java\jdk-24\bin;C:\Users\abdia\AppData\Local\Microsoft\WindowsApp;C:\Users\abdia\AppData\Local\Microsoft\WindowsApps;;C:\Program Files\JetBrains\PhpStorm 2025.1.3\bin;;C:\Program Files\JetBrains\WebStorm 2025.1.3\bin;;C:\Users\abdia\AppData\Roaming\npm;C:\Users\abdia\AppData\Roaming\Composer\vendor\bin;C:\Users\abdia\.dotnet\tools
USERNAME=abdia
OS=Windows_NT
PROCESSOR_IDENTIFIER=Intel64 Family 6 Model 198 Stepping 2, GenuineIntel
TMP=C:\Users\abdia\AppData\Local\Temp
TEMP=C:\Users\abdia\AppData\Local\Temp




Periodic native trim disabled

---------------  S Y S T E M  ---------------

OS:
 Windows 11 , 64 bit Build 26100 (10.0.26100.5074)
OS uptime: 0 days 0:04 hours
Hyper-V role detected

CPU: total 24 (initial active 24) (24 cores per cpu, 1 threads per core) family 6 model 198 stepping 2 microcode 0x117, cx8, cmov, fxsr, mmx, 3dnowpref, sse, sse2, sse3, ssse3, sse4.1, sse4.2, popcnt, lzcnt, tsc, tscinvbit, avx, avx2, aes, erms, clmul, bmi1, bmi2, adx, sha, fma, vzeroupper, clflush, clflushopt, clwb, hv, serialize, rdtscp, rdpid, fsrm, gfni, f16c, cet_ibt, cet_ss, avx_ifma, sha512
Processor Information for processor 0
  Max Mhz: 2700, Current Mhz: 2700, Mhz Limit: 2700
Processor Information for processor 1
  Max Mhz: 2700, Current Mhz: 2700, Mhz Limit: 2700
Processor Information for processor 2
  Max Mhz: 2100, Current Mhz: 2100, Mhz Limit: 2100
Processor Information for processor 3
  Max Mhz: 2100, Current Mhz: 2100, Mhz Limit: 2100
Processor Information for processor 4
  Max Mhz: 2100, Current Mhz: 2100, Mhz Limit: 2100
Processor Information for processor 5
  Max Mhz: 2100, Current Mhz: 2100, Mhz Limit: 2100
Processor Information for processor 6
  Max Mhz: 2100, Current Mhz: 2100, Mhz Limit: 2100
Processor Information for processor 7
  Max Mhz: 2100, Current Mhz: 2100, Mhz Limit: 2100
Processor Information for processor 8
  Max Mhz: 2100, Current Mhz: 2100, Mhz Limit: 2100
Processor Information for processor 9
  Max Mhz: 2100, Current Mhz: 2100, Mhz Limit: 2100
Processor Information for processor 10
  Max Mhz: 2700, Current Mhz: 2700, Mhz Limit: 2700
Processor Information for processor 11
  Max Mhz: 2700, Current Mhz: 2700, Mhz Limit: 2700
Processor Information for processor 12
  Max Mhz: 2700, Current Mhz: 2700, Mhz Limit: 2700
Processor Information for processor 13
  Max Mhz: 2700, Current Mhz: 2700, Mhz Limit: 2700
Processor Information for processor 14
  Max Mhz: 2100, Current Mhz: 2100, Mhz Limit: 2100
Processor Information for processor 15
  Max Mhz: 2100, Current Mhz: 2100, Mhz Limit: 2100
Processor Information for processor 16
  Max Mhz: 2100, Current Mhz: 2100, Mhz Limit: 2100
Processor Information for processor 17
  Max Mhz: 2100, Current Mhz: 2100, Mhz Limit: 2100
Processor Information for processor 18
  Max Mhz: 2100, Current Mhz: 2100, Mhz Limit: 2100
Processor Information for processor 19
  Max Mhz: 2100, Current Mhz: 2100, Mhz Limit: 2100
Processor Information for processor 20
  Max Mhz: 2100, Current Mhz: 2100, Mhz Limit: 2100
Processor Information for processor 21
  Max Mhz: 2100, Current Mhz: 2100, Mhz Limit: 2100
Processor Information for processor 22
  Max Mhz: 2700, Current Mhz: 2700, Mhz Limit: 2700
Processor Information for processor 23
  Max Mhz: 2700, Current Mhz: 2700, Mhz Limit: 2700

Memory: 4k page, system-wide physical 64876M (46364M free)
TotalPageFile size 68972M (AvailPageFile size 47471M)
current process WorkingSet (physical memory assigned to process): 155M, peak: 155M
current process commit charge ("private bytes"): 1192M, peak: 1203M

vm_info: Java HotSpot(TM) 64-Bit Server VM (24.0.2+12-54) for windows-amd64 JRE (24.0.2+12-54), built on 2025-07-08T12:10:27Z with MS VC++ 17.6 (VS2022)

END.
