#
# A fatal error has been detected by the Java Runtime Environment:
#
#  EXCEPTION_ACCESS_VIOLATION (0xc0000005) at pc=0x00007fff356a6ac1, pid=25720, tid=10060
#
# JRE version: Java(TM) SE Runtime Environment (24.0.2+12) (build 24.0.2+12-54)
# Java VM: Java HotSpot(TM) 64-Bit Server VM (24.0.2+12-54, mixed mode, sharing, tiered, compressed oops, compressed class ptrs, g1 gc, windows-amd64)
# Problematic frame:
# C  [dpDevCtlx64.dll+0x16ac1]
#
# No core dump will be written. Minidumps are not enabled by default on client versions of Windows
#
# If you would like to submit a bug report, please visit:
#   https://bugreport.java.com/bugreport/crash.jsp
#

---------------  S U M M A R Y ------------

Command Line: com.gp360.biometric.verification.VerificationApp

Host: Intel(R) Core(TM) Ultra 9 275HX, 24 cores, 63G,  Windows 11 , 64 bit Build 26100 (10.0.26100.5074)
Time: Fri Sep 26 09:58:42 2025 Hora est嫕dar, Am廨ica Central elapsed time: 481.243203 seconds (0d 0h 8m 1s)

---------------  T H R E A D  ---------------

Current thread (0x000001d87ebdcb80):  VMThread "VM Thread"          [id=10060, stack(0x00000051a8e00000,0x00000051a8f00000) (1024K)]

Stack: [0x00000051a8e00000,0x00000051a8f00000],  sp=0x00000051a8efede0,  free space=1019k
Native frames: (J=compiled Java code, j=interpreted, Vv=VM code, C=native code)
C  [dpDevCtlx64.dll+0x16ac1]  (no source info available)
C  [dpDevCtlx64.dll+0x15d2f]  (no source info available)
C  [dpDevCtlx64.dll+0x16048]  (no source info available)
C  [dpDevCtlx64.dll+0x14e22]  (no source info available)
C  [dpDevCtlx64.dll+0x12d0c]  (no source info available)
C  [dpDevCtlx64.dll+0x949b0]  (no source info available)
C  [dpDevCtlx64.dll+0x63c25]  (no source info available)
C  [dpDevCtlx64.dll+0x63799]  (no source info available)
C  [dpDevCtlx64.dll+0x63d8d]  (no source info available)
C  [dpDevCtlx64.dll+0x6160d]  (no source info available)
C  [dpDevCtlx64.dll+0x61481]  (no source info available)
C  [dpDevCtlx64.dll+0x617a7]  (no source info available)
C  [dpDevCtlx64.dll+0x1d82b]  (no source info available)
C  [dpDevCtlx64.dll+0x1df0d]  (no source info available)
C  [dpDevCtlx64.dll+0x1e056]  (no source info available)
C  [ntdll.dll+0x160ede]  (no source info available)
C  [ntdll.dll+0x7483e]  (no source info available)
C  [ntdll.dll+0xfdfff]  (no source info available)
C  [ntdll.dll+0x8ede]  (no source info available)
C  [KERNEL32.DLL+0x418ab]  (no source info available)
C  [ucrtbase.dll+0xa0093]  (no source info available)
V  [jvm.dll+0x72928c]  (no source info available)
V  [jvm.dll+0x728dc0]  (no source info available)
V  [jvm.dll+0x41b344]  (no source info available)
V  [jvm.dll+0x8e29c2]  (no source info available)
V  [jvm.dll+0x8e3d0c]  (no source info available)
V  [jvm.dll+0x8e4278]  (no source info available)
V  [jvm.dll+0x8e4513]  (no source info available)
V  [jvm.dll+0x87d9eb]  (no source info available)
V  [jvm.dll+0x72ef45]  (no source info available)
C  [ucrtbase.dll+0x37b0]  (no source info available)
C  [KERNEL32.DLL+0x2e8d7]  (no source info available)
C  [ntdll.dll+0x8d9c]  (no source info available)


siginfo: EXCEPTION_ACCESS_VIOLATION (0xc0000005), writing address 0x0000000000000008


Registers:
RAX=0x0000000000000000, RBX=0x000001d874129510, RCX=0x000001d87406c1b0, RDX=0x00000051a8efeec0
RSP=0x00000051a8efede0, RBP=0x000001d874129528, RSI=0x00000051a8eff080, RDI=0x000001d874129510
R8 =0x000001d87406c310, R9 =0x0000000000000000, R10=0x000001d8774e0000, R11=0x0000000000000246
R12=0x0000000000000001, R13=0x00007fff35691118, R14=0x00008dd2027de97a, R15=0x000001d874129510
RIP=0x00007fff356a6ac1, EFLAGS=0x0000000000010202

XMM[0]=0x0000000000000000 0x0000000000000000
XMM[1]=0x0000000000000000 0x0000000000000000
XMM[2]=0x0000000000000000 0x0000000000000000
XMM[3]=0x0000000000000000 0x0000000000000000
XMM[4]=0x0000000000000000 0x0000000000000000
XMM[5]=0x0000000000000000 0x0000000000000000
XMM[6]=0x0000000000000000 0x0000000000000000
XMM[7]=0x0000000000000000 0x404e000000000000
XMM[8]=0x0000000000000000 0x0000000000000000
XMM[9]=0x0000000000000000 0x0000000000000000
XMM[10]=0x0000000000000000 0x0000000000000000
XMM[11]=0x0000000000000000 0x0000000000000000
XMM[12]=0x0000000000000000 0x0000000000000000
XMM[13]=0x0000000000000000 0x0000000000000000
XMM[14]=0x0000000000000000 0x0000000000000000
XMM[15]=0x0000000000000000 0x0000000000000000
  MXCSR=0x00001fa0


Register to memory mapping:

RAX=0x0 is null
RBX=0x000001d874129510 points into unknown readable memory: 0x00008dd2027de97a | 7a e9 7d 02 d2 8d 00 00
RCX=0x000001d87406c1b0 points into unknown readable memory: 0x0000000000000000 | 00 00 00 00 00 00 00 00
RDX=0x00000051a8efeec0 points into unknown readable memory: 0x0000000000002710 | 10 27 00 00 00 00 00 00
RSP=0x00000051a8efede0 points into unknown readable memory: 0x0000000000000000 | 00 00 00 00 00 00 00 00
RBP=0x000001d874129528 points into unknown readable memory: 0x00008dd2027de97a | 7a e9 7d 02 d2 8d 00 00
RSI=0x00000051a8eff080 points into unknown readable memory: 0x00000051a8eff0a0 | a0 f0 ef a8 51 00 00 00
RDI=0x000001d874129510 points into unknown readable memory: 0x00008dd2027de97a | 7a e9 7d 02 d2 8d 00 00
R8 =0x000001d87406c310 points into unknown readable memory: 0x0000000000000000 | 00 00 00 00 00 00 00 00
R9 =0x0 is null
R10=0x000001d8774e0000 points into unknown readable memory: 0x0000000000000000 | 00 00 00 00 00 00 00 00
R11=0x0000000000000246 is an unknown value
R12=0x0000000000000001 is an unknown value
R13=0x00007fff35691118 dpDevCtlx64.dll
R14=0x00008dd2027de97a is an unknown value
R15=0x000001d874129510 points into unknown readable memory: 0x00008dd2027de97a | 7a e9 7d 02 d2 8d 00 00

Top of Stack: (sp=0x00000051a8efede0)
0x00000051a8efede0:   0000000000000000 0000000000000000   ................
0x00000051a8efedf0:   000001d874129510 00008dd2027de97a   ...t....z.}.....
0x00000051a8efee00:   00007fff35691118 00007fff35742550   ..i5....P%t5....
0x00000051a8efee10:   000001d874129510 00000051a8eff080   ...t........Q...
0x00000051a8efee20:   000001d874129510 0000000000000000   ...t............
0x00000051a8efee30:   000001d877670000 0000000000000000   ..gw............
0x00000051a8efee40:   000001d873f8eb20 00000051a8eff080    ..s........Q...
0x00000051a8efee50:   000001d874129510 00007fff356a5d2f   ...t..../]j5....
0x00000051a8efee60:   00007fff35742550 00000051a8efeec0   P%t5........Q...
0x00000051a8efee70:   000001d87406c310 00007fff6b6731a9   ...t.....1gk....
0x00000051a8efee80:   0000000000000a00 000001d87406c310   ...........t....
0x00000051a8efee90:   000001d87406c310 000001d87406c320   ...t.... ..t....
0x00000051a8efeea0:   000001d87406c320 000001d873f8eb20    ..t.... ..s....
0x00000051a8efeeb0:   000001d87406c310 00007fff35742550   ...t....P%t5....
0x00000051a8efeec0:   0000000000002710 00000051a8eff080   .'..........Q...
0x00000051a8efeed0:   0000000000000000 00007fff356a6048   ........H`j5....
0x00000051a8efeee0:   00007fff35742550 00007fff356a9b20   P%t5.... .j5....
0x00000051a8efeef0:   00007fff35742568 00008dd2027de97a   h%t5....z.}.....
0x00000051a8efef00:   00007fff00000001 0000000000000001   ................
0x00000051a8efef10:   000001d874129510 00007fff356a4e22   ...t...."Nj5....
0x00000051a8efef20:   000001d873f07370 00007fff356f758c   ps.s.....uo5....
0x00000051a8efef30:   000001d877670000 0000000000000000   ..gw............
0x00000051a8efef40:   0000000100000000 000001d873f07370   ........ps.s....
0x00000051a8efef50:   000001d874129518 00007fff356a6857   ...t....Whj5....
0x00000051a8efef60:   000001d873f07370 000001d800000000   ps.s............
0x00000051a8efef70:   0000000000000000 00007fff356a2d0c   .........-j5....
0x00000051a8efef80:   000001d873f07370 00007fff35742550   ps.s....P%t5....
0x00000051a8efef90:   000001d87406c1b0 00007fff35742550   ...t....P%t5....
0x00000051a8efefa0:   00007fff35742550 000001d873f07370   P%t5....ps.s....
0x00000051a8efefb0:   00007fff35742578 00007fff357249b0   x%t5.....Ir5....
0x00000051a8efefc0:   00007fff35742528 00007ffe832fa178   (%t5....x./.....
0x00000051a8efefd0:   00007fff35742578 000001d885667640   x%t5....@vf.....

Instructions: (pc=0x00007fff356a6ac1)
  0x00007fff356a69c1:   20 01 48 b8 aa aa aa aa aa aa aa 0a 48 89 44 24
  0x00007fff356a69d1:   38 48 b8 aa aa aa aa aa aa aa 0a 48 39 44 24 58
  0x00007fff356a69e1:   76 05 e8 40 ce fe ff 48 6b 44 24 58 18 48 89 44
  0x00007fff356a69f1:   24 28 48 81 7c 24 28 00 10 00 00 72 11 48 8b 4c
  0x00007fff356a6a01:   24 28 e8 39 c4 fe ff 48 89 44 24 30 eb 22 48 83
  0x00007fff356a6a11:   7c 24 28 00 74 11 48 8b 4c 24 28 e8 0a a8 fe ff
  0x00007fff356a6a21:   48 89 44 24 30 eb 09 48 c7 44 24 30 00 00 00 00
  0x00007fff356a6a31:   48 8b 44 24 30 48 83 c4 48 c3 cc cc cc cc cc cc
  0x00007fff356a6a41:   cc cc cc cc cc cc cc cc cc cc cc cc cc cc cc cc
  0x00007fff356a6a51:   cc cc cc cc cc cc cc cc cc cc cc cc cc cc cc 4c
  0x00007fff356a6a61:   89 44 24 18 48 89 54 24 10 48 89 4c 24 08 48 83
  0x00007fff356a6a71:   ec 78 48 8b 84 24 90 00 00 00 48 8b 00 48 89 44
  0x00007fff356a6a81:   24 48 48 8b 84 24 80 00 00 00 48 89 44 24 28 48
  0x00007fff356a6a91:   8b 84 24 90 00 00 00 48 8b 40 08 48 8b 8c 24 90
  0x00007fff356a6aa1:   00 00 00 48 8b 09 48 89 08 48 8b 84 24 90 00 00
  0x00007fff356a6ab1:   00 48 8b 00 48 8b 8c 24 90 00 00 00 48 8b 49 08
=>0x00007fff356a6ac1:   48 89 48 08 48 8b 44 24 28 48 8b 40 08 48 ff c8
  0x00007fff356a6ad1:   48 8b 4c 24 28 48 89 41 08 48 8b 84 24 90 00 00
  0x00007fff356a6ae1:   00 48 89 44 24 30 48 8b 84 24 80 00 00 00 48 89
  0x00007fff356a6af1:   44 24 40 48 8b 44 24 40 48 89 44 24 50 48 8b 44
  0x00007fff356a6b01:   24 30 48 83 c0 10 48 89 44 24 58 b8 01 00 00 00
  0x00007fff356a6b11:   48 6b c0 18 48 89 44 24 20 48 8b 44 24 30 48 89
  0x00007fff356a6b21:   44 24 38 48 81 7c 24 20 00 10 00 00 72 0f 48 8d
  0x00007fff356a6b31:   54 24 20 48 8d 4c 24 38 e8 8f af fe ff 48 8b 54
  0x00007fff356a6b41:   24 20 48 8b 4c 24 38 e8 ad cd fe ff 90 48 8b 84
  0x00007fff356a6b51:   24 80 00 00 00 48 89 44 24 60 48 8b 84 24 88 00
  0x00007fff356a6b61:   00 00 48 8b 4c 24 48 48 89 08 48 8b 84 24 88 00
  0x00007fff356a6b71:   00 00 48 83 c4 78 c3 cc cc cc cc cc cc cc cc cc
  0x00007fff356a6b81:   cc cc cc cc cc cc cc cc cc cc cc cc cc cc cc cc
  0x00007fff356a6b91:   cc cc cc cc cc cc cc cc cc cc cc cc cc cc cc cc
  0x00007fff356a6ba1:   cc cc cc cc cc cc cc cc cc cc cc cc cc cc cc cc
  0x00007fff356a6bb1:   cc cc cc cc cc cc cc cc cc cc cc cc cc cc cc 48


Stack slot to memory mapping:

stack at sp + 0 slots: 0x0 is null
stack at sp + 1 slots: 0x0 is null
stack at sp + 2 slots: 0x000001d874129510 points into unknown readable memory: 0x00008dd2027de97a | 7a e9 7d 02 d2 8d 00 00
stack at sp + 3 slots: 0x00008dd2027de97a is an unknown value
stack at sp + 4 slots: 0x00007fff35691118 dpDevCtlx64.dll
stack at sp + 5 slots: 0x00007fff35742550 dpDevCtlx64.dll
stack at sp + 6 slots: 0x000001d874129510 points into unknown readable memory: 0x00008dd2027de97a | 7a e9 7d 02 d2 8d 00 00
stack at sp + 7 slots: 0x00000051a8eff080 points into unknown readable memory: 0x00000051a8eff0a0 | a0 f0 ef a8 51 00 00 00

VM_Operation (0x00000051aa2fe980): Exit, mode: safepoint, requested by thread 0x000001d86f656c10


---------------  P R O C E S S  ---------------

Threads class SMR info:
_java_thread_list=0x000001d87445a8c0, length=16, elements={
0x000001d87ebef340, 0x000001d87ebefc80, 0x000001d87ebf4120, 0x000001d87ebf4eb0,
0x000001d87ebf6ac0, 0x000001d87ebf8180, 0x000001d87ec0b3a0, 0x000001d82965cfa0,
0x000001d87ebcfec0, 0x000001d82970b220, 0x000001d86f63ba80, 0x000001d86f63c9d0,
0x000001d86f64aaf0, 0x000001d86f656c10, 0x000001d879ae94f0, 0x000001d87410eb60
}

Java Threads: ( => current thread )
  0x000001d87ebef340 JavaThread "Reference Handler"          daemon [_thread_blocked, id=27996, stack(0x00000051a8f00000,0x00000051a9000000) (1024K)]
  0x000001d87ebefc80 JavaThread "Finalizer"                  daemon [_thread_blocked, id=35016, stack(0x00000051a9000000,0x00000051a9100000) (1024K)]
  0x000001d87ebf4120 JavaThread "Signal Dispatcher"          daemon [_thread_blocked, id=33208, stack(0x00000051a9100000,0x00000051a9200000) (1024K)]
  0x000001d87ebf4eb0 JavaThread "Attach Listener"            daemon [_thread_blocked, id=24116, stack(0x00000051a9200000,0x00000051a9300000) (1024K)]
  0x000001d87ebf6ac0 JavaThread "Service Thread"             daemon [_thread_blocked, id=26892, stack(0x00000051a9300000,0x00000051a9400000) (1024K)]
  0x000001d87ebf8180 JavaThread "Monitor Deflation Thread"   daemon [_thread_blocked, id=27548, stack(0x00000051a9400000,0x00000051a9500000) (1024K)]
  0x000001d87ec0b3a0 JavaThread "C2 CompilerThread0"         daemon [_thread_blocked, id=35104, stack(0x00000051a9500000,0x00000051a9600000) (1024K)]
  0x000001d82965cfa0 JavaThread "C1 CompilerThread0"         daemon [_thread_blocked, id=6112, stack(0x00000051a9600000,0x00000051a9700000) (1024K)]
  0x000001d87ebcfec0 JavaThread "Notification Thread"        daemon [_thread_blocked, id=18316, stack(0x00000051a9700000,0x00000051a9800000) (1024K)]
  0x000001d82970b220 JavaThread "Common-Cleaner"             daemon [_thread_blocked, id=12380, stack(0x00000051a9800000,0x00000051a9900000) (1024K)]
  0x000001d86f63ba80 JavaThread "Java2D Disposer"            daemon [_thread_blocked, id=4720, stack(0x00000051a9e00000,0x00000051a9f00000) (1024K)]
  0x000001d86f63c9d0 JavaThread "AWT-Shutdown"                      [_thread_blocked, id=24204, stack(0x00000051a9f00000,0x00000051aa000000) (1024K)]
  0x000001d86f64aaf0 JavaThread "mysql-cj-abandoned-connection-cleanup" daemon [_thread_blocked, id=8504, stack(0x00000051aa100000,0x00000051aa200000) (1024K)]
  0x000001d86f656c10 JavaThread "AWT-EventQueue-0"                  [_thread_blocked, id=5888, stack(0x00000051aa200000,0x00000051aa300000) (1024K)]
  0x000001d879ae94f0 JavaThread "DestroyJavaVM"                     [_thread_blocked, id=18800, stack(0x00000051a8700000,0x00000051a8800000) (1024K)]
  0x000001d87410eb60 JavaThread "TimerQueue"                 daemon [_thread_blocked, id=6512, stack(0x00000051aa600000,0x00000051aa700000) (1024K)]
Total: 16

Other Threads:
=>0x000001d87ebdcb80 VMThread "VM Thread"                           [id=10060, stack(0x00000051a8e00000,0x00000051a8f00000) (1024K)]
  0x000001d879b95030 WorkerThread "GC Thread#0"                     [id=23216, stack(0x00000051a8800000,0x00000051a8900000) (1024K)]
  0x000001d87767c5b0 WorkerThread "GC Thread#1"                     [id=17900, stack(0x00000051a8500000,0x00000051a8600000) (1024K)]
  0x000001d86f5ba460 WorkerThread "GC Thread#2"                     [id=13032, stack(0x00000051a8600000,0x00000051a8700000) (1024K)]
  0x000001d86f144990 WorkerThread "GC Thread#3"                     [id=16356, stack(0x00000051a9900000,0x00000051a9a00000) (1024K)]
  0x000001d87767cbc0 WorkerThread "GC Thread#4"                     [id=24596, stack(0x00000051a9a00000,0x00000051a9b00000) (1024K)]
  0x000001d86f5b89f0 WorkerThread "GC Thread#5"                     [id=11860, stack(0x00000051a9b00000,0x00000051a9c00000) (1024K)]
  0x000001d86f5883c0 WorkerThread "GC Thread#6"                     [id=15816, stack(0x00000051aa300000,0x00000051aa400000) (1024K)]
  0x000001d86f588770 WorkerThread "GC Thread#7"                     [id=19440, stack(0x00000051aac00000,0x00000051aad00000) (1024K)]
  0x000001d86f589630 WorkerThread "GC Thread#8"                     [id=8872, stack(0x00000051aad00000,0x00000051aae00000) (1024K)]
  0x000001d86f589280 WorkerThread "GC Thread#9"                     [id=34280, stack(0x00000051aae00000,0x00000051aaf00000) (1024K)]
  0x000001d86f5899e0 WorkerThread "GC Thread#10"                    [id=17496, stack(0x00000051aaf00000,0x00000051ab000000) (1024K)]
  0x000001d86f588010 WorkerThread "GC Thread#11"                    [id=2788, stack(0x00000051ab000000,0x00000051ab100000) (1024K)]
  0x000001d86f588b20 WorkerThread "GC Thread#12"                    [id=21228, stack(0x00000051ab100000,0x00000051ab200000) (1024K)]
  0x000001d86f588ed0 WorkerThread "GC Thread#13"                    [id=2196, stack(0x00000051ab200000,0x00000051ab300000) (1024K)]
  0x000001d86f512d60 WorkerThread "GC Thread#14"                    [id=21116, stack(0x00000051ab300000,0x00000051ab400000) (1024K)]
  0x000001d86f511af0 WorkerThread "GC Thread#15"                    [id=12960, stack(0x00000051ab400000,0x00000051ab500000) (1024K)]
  0x000001d86f5134c0 WorkerThread "GC Thread#16"                    [id=24588, stack(0x00000051ab500000,0x00000051ab600000) (1024K)]
  0x000001d86f512600 WorkerThread "GC Thread#17"                    [id=17904, stack(0x00000051ab600000,0x00000051ab700000) (1024K)]
  0x000001d879bab300 ConcurrentGCThread "G1 Main Marker"            terminated
  0x000001d879babe10 WorkerThread "G1 Conc#0"                       [id=15724, stack(0x00000051a8a00000,0x00000051a8b00000) (1024K)]
  0x000001d87eb5f130 ConcurrentGCThread "G1 Refine#0"               terminated
  0x000001d87eb5fb50 ConcurrentGCThread "G1 Service"                terminated
Total: 23

Threads with active compile tasks:
Total: 0

VM state: at safepoint (shutting down)

VM Mutex/Monitor currently owned by a thread:  ([mutex/lock_event])
[0x00007ffea65044f0] Threads_lock - owner thread: 0x000001d87ebdcb80
[0x00007ffea65045f0] Heap_lock - owner thread: 0x000001d86f656c10

Heap address: 0x000000040a000000, size: 16224 MB, Compressed Oops mode: Zero based, Oop shift amount: 3

CDS archive(s) mapped at: [0x000001d82a000000-0x000001d82ad40000-0x000001d82ad40000), size 13893632, SharedBaseAddress: 0x000001d82a000000, ArchiveRelocationMode: 1.
Compressed class space mapped at: 0x000001d82b000000-0x000001d86b000000, reserved size: 1073741824
UseCompressedClassPointers 1, UseCompactObjectHeaders 0
Narrow klass pointer bits 32, Max shift 3
Narrow klass base: 0x000001d82a000000, Narrow klass shift: 0
Encoding Range: [0x000001d82a000000 - 0x000001d92a000000), (4294967296 bytes)
Klass Range:    [0x000001d82a000000 - 0x000001d86b000000), (1090519040 bytes)
Klass ID Range:  [8 - 1090519033) (1090519025)

GC Precious Log:
 CardTable entry size: 512
 Card Set container configuration: InlinePtr #cards 4 size 8 Array Of Cards #cards 64 size 144 Howl #buckets 8 coarsen threshold 14745 Howl Bitmap #cards 2048 size 272 coarsen threshold 1843 Card regions per heap region 1 cards per card region 16384
 CPUs: 24 total, 24 available
 Memory: 64876M
 Large Page Support: Disabled
 NUMA Support: Disabled
 Compressed Oops: Enabled (Zero based)
 Heap Region Size: 8M
 Heap Min Capacity: 8M
 Heap Initial Capacity: 1016M
 Heap Max Capacity: 16224M
 Pre-touch: Disabled
 Parallel Workers: 18
 Concurrent Workers: 5
 Concurrent Refinement Workers: 18
 Periodic GC: Disabled

Heap:
 garbage-first heap   total reserved 16613376K, committed 1048576K, used 59467K [0x000000040a000000, 0x0000000800000000)
  region size 8192K, 6 young (49152K), 1 survivors (8192K)
 Metaspace       used 12192K, committed 12416K, reserved 1114112K
  class space    used 1046K, committed 1152K, reserved 1048576K

Heap Regions: E=young(eden), S=young(survivor), O=old, HS=humongous(starts), HC=humongous(continues), CS=collection set, F=free, TAMS=top-at-mark-start, PB=parsable bottom
|   0|0x000000040a000000, 0x000000040a800000, 0x000000040a800000|100%|HS|  |TAMS 0x000000040a000000| PB 0x000000040a000000| Complete |  0
|   1|0x000000040a800000, 0x000000040b000000, 0x000000040b000000|100%|HS|  |TAMS 0x000000040a800000| PB 0x000000040a800000| Complete |  0
|   2|0x000000040b000000, 0x000000040b800000, 0x000000040b800000|100%|HC|  |TAMS 0x000000040b000000| PB 0x000000040b000000| Complete |  0
|   3|0x000000040b800000, 0x000000040b8f5c08, 0x000000040c000000| 11%| O|  |TAMS 0x000000040b800000| PB 0x000000040b800000| Untracked |  0
|   4|0x000000040c000000, 0x000000040c000000, 0x000000040c800000|  0%| F|  |TAMS 0x000000040c000000| PB 0x000000040c000000| Untracked |  0
|   5|0x000000040c800000, 0x000000040c800000, 0x000000040d000000|  0%| F|  |TAMS 0x000000040c800000| PB 0x000000040c800000| Untracked |  0
|   6|0x000000040d000000, 0x000000040d000000, 0x000000040d800000|  0%| F|  |TAMS 0x000000040d000000| PB 0x000000040d000000| Untracked |  0
|   7|0x000000040d800000, 0x000000040d800000, 0x000000040e000000|  0%| F|  |TAMS 0x000000040d800000| PB 0x000000040d800000| Untracked |  0
|   8|0x000000040e000000, 0x000000040e000000, 0x000000040e800000|  0%| F|  |TAMS 0x000000040e000000| PB 0x000000040e000000| Untracked |  0
|   9|0x000000040e800000, 0x000000040e800000, 0x000000040f000000|  0%| F|  |TAMS 0x000000040e800000| PB 0x000000040e800000| Untracked |  0
|  10|0x000000040f000000, 0x000000040f000000, 0x000000040f800000|  0%| F|  |TAMS 0x000000040f000000| PB 0x000000040f000000| Untracked |  0
|  11|0x000000040f800000, 0x000000040f800000, 0x0000000410000000|  0%| F|  |TAMS 0x000000040f800000| PB 0x000000040f800000| Untracked |  0
|  12|0x0000000410000000, 0x0000000410000000, 0x0000000410800000|  0%| F|  |TAMS 0x0000000410000000| PB 0x0000000410000000| Untracked |  0
|  13|0x0000000410800000, 0x0000000410800000, 0x0000000411000000|  0%| F|  |TAMS 0x0000000410800000| PB 0x0000000410800000| Untracked |  0
|  14|0x0000000411000000, 0x0000000411000000, 0x0000000411800000|  0%| F|  |TAMS 0x0000000411000000| PB 0x0000000411000000| Untracked |  0
|  15|0x0000000411800000, 0x0000000411800000, 0x0000000412000000|  0%| F|  |TAMS 0x0000000411800000| PB 0x0000000411800000| Untracked |  0
|  16|0x0000000412000000, 0x0000000412000000, 0x0000000412800000|  0%| F|  |TAMS 0x0000000412000000| PB 0x0000000412000000| Untracked |  0
|  17|0x0000000412800000, 0x0000000412800000, 0x0000000413000000|  0%| F|  |TAMS 0x0000000412800000| PB 0x0000000412800000| Untracked |  0
|  18|0x0000000413000000, 0x0000000413000000, 0x0000000413800000|  0%| F|  |TAMS 0x0000000413000000| PB 0x0000000413000000| Untracked |  0
|  19|0x0000000413800000, 0x0000000413800000, 0x0000000414000000|  0%| F|  |TAMS 0x0000000413800000| PB 0x0000000413800000| Untracked |  0
|  20|0x0000000414000000, 0x0000000414000000, 0x0000000414800000|  0%| F|  |TAMS 0x0000000414000000| PB 0x0000000414000000| Untracked |  0
|  21|0x0000000414800000, 0x0000000414800000, 0x0000000415000000|  0%| F|  |TAMS 0x0000000414800000| PB 0x0000000414800000| Untracked |  0
|  22|0x0000000415000000, 0x0000000415000000, 0x0000000415800000|  0%| F|  |TAMS 0x0000000415000000| PB 0x0000000415000000| Untracked |  0
|  23|0x0000000415800000, 0x0000000415800000, 0x0000000416000000|  0%| F|  |TAMS 0x0000000415800000| PB 0x0000000415800000| Untracked |  0
|  24|0x0000000416000000, 0x0000000416000000, 0x0000000416800000|  0%| F|  |TAMS 0x0000000416000000| PB 0x0000000416000000| Untracked |  0
|  25|0x0000000416800000, 0x0000000416800000, 0x0000000417000000|  0%| F|  |TAMS 0x0000000416800000| PB 0x0000000416800000| Untracked |  0
|  26|0x0000000417000000, 0x0000000417000000, 0x0000000417800000|  0%| F|  |TAMS 0x0000000417000000| PB 0x0000000417000000| Untracked |  0
|  27|0x0000000417800000, 0x0000000417800000, 0x0000000418000000|  0%| F|  |TAMS 0x0000000417800000| PB 0x0000000417800000| Untracked |  0
|  28|0x0000000418000000, 0x0000000418000000, 0x0000000418800000|  0%| F|  |TAMS 0x0000000418000000| PB 0x0000000418000000| Untracked |  0
|  29|0x0000000418800000, 0x0000000418800000, 0x0000000419000000|  0%| F|  |TAMS 0x0000000418800000| PB 0x0000000418800000| Untracked |  0
|  30|0x0000000419000000, 0x0000000419000000, 0x0000000419800000|  0%| F|  |TAMS 0x0000000419000000| PB 0x0000000419000000| Untracked |  0
|  31|0x0000000419800000, 0x0000000419800000, 0x000000041a000000|  0%| F|  |TAMS 0x0000000419800000| PB 0x0000000419800000| Untracked |  0
|  32|0x000000041a000000, 0x000000041a000000, 0x000000041a800000|  0%| F|  |TAMS 0x000000041a000000| PB 0x000000041a000000| Untracked |  0
|  33|0x000000041a800000, 0x000000041a800000, 0x000000041b000000|  0%| F|  |TAMS 0x000000041a800000| PB 0x000000041a800000| Untracked |  0
|  34|0x000000041b000000, 0x000000041b000000, 0x000000041b800000|  0%| F|  |TAMS 0x000000041b000000| PB 0x000000041b000000| Untracked |  0
|  35|0x000000041b800000, 0x000000041b800000, 0x000000041c000000|  0%| F|  |TAMS 0x000000041b800000| PB 0x000000041b800000| Untracked |  0
|  36|0x000000041c000000, 0x000000041c000000, 0x000000041c800000|  0%| F|  |TAMS 0x000000041c000000| PB 0x000000041c000000| Untracked |  0
|  37|0x000000041c800000, 0x000000041c800000, 0x000000041d000000|  0%| F|  |TAMS 0x000000041c800000| PB 0x000000041c800000| Untracked |  0
|  38|0x000000041d000000, 0x000000041d000000, 0x000000041d800000|  0%| F|  |TAMS 0x000000041d000000| PB 0x000000041d000000| Untracked |  0
|  39|0x000000041d800000, 0x000000041d800000, 0x000000041e000000|  0%| F|  |TAMS 0x000000041d800000| PB 0x000000041d800000| Untracked |  0
|  40|0x000000041e000000, 0x000000041e000000, 0x000000041e800000|  0%| F|  |TAMS 0x000000041e000000| PB 0x000000041e000000| Untracked |  0
|  41|0x000000041e800000, 0x000000041e800000, 0x000000041f000000|  0%| F|  |TAMS 0x000000041e800000| PB 0x000000041e800000| Untracked |  0
|  42|0x000000041f000000, 0x000000041f000000, 0x000000041f800000|  0%| F|  |TAMS 0x000000041f000000| PB 0x000000041f000000| Untracked |  0
|  43|0x000000041f800000, 0x000000041f800000, 0x0000000420000000|  0%| F|  |TAMS 0x000000041f800000| PB 0x000000041f800000| Untracked |  0
|  44|0x0000000420000000, 0x0000000420000000, 0x0000000420800000|  0%| F|  |TAMS 0x0000000420000000| PB 0x0000000420000000| Untracked |  0
|  45|0x0000000420800000, 0x0000000420800000, 0x0000000421000000|  0%| F|  |TAMS 0x0000000420800000| PB 0x0000000420800000| Untracked |  0
|  46|0x0000000421000000, 0x0000000421000000, 0x0000000421800000|  0%| F|  |TAMS 0x0000000421000000| PB 0x0000000421000000| Untracked |  0
|  47|0x0000000421800000, 0x0000000421800000, 0x0000000422000000|  0%| F|  |TAMS 0x0000000421800000| PB 0x0000000421800000| Untracked |  0
|  48|0x0000000422000000, 0x0000000422000000, 0x0000000422800000|  0%| F|  |TAMS 0x0000000422000000| PB 0x0000000422000000| Untracked |  0
|  49|0x0000000422800000, 0x0000000422800000, 0x0000000423000000|  0%| F|  |TAMS 0x0000000422800000| PB 0x0000000422800000| Untracked |  0
|  50|0x0000000423000000, 0x0000000423000000, 0x0000000423800000|  0%| F|  |TAMS 0x0000000423000000| PB 0x0000000423000000| Untracked |  0
|  51|0x0000000423800000, 0x0000000423800000, 0x0000000424000000|  0%| F|  |TAMS 0x0000000423800000| PB 0x0000000423800000| Untracked |  0
|  52|0x0000000424000000, 0x0000000424000000, 0x0000000424800000|  0%| F|  |TAMS 0x0000000424000000| PB 0x0000000424000000| Untracked |  0
|  53|0x0000000424800000, 0x0000000424800000, 0x0000000425000000|  0%| F|  |TAMS 0x0000000424800000| PB 0x0000000424800000| Untracked |  0
|  54|0x0000000425000000, 0x0000000425000000, 0x0000000425800000|  0%| F|  |TAMS 0x0000000425000000| PB 0x0000000425000000| Untracked |  0
|  55|0x0000000425800000, 0x0000000425800000, 0x0000000426000000|  0%| F|  |TAMS 0x0000000425800000| PB 0x0000000425800000| Untracked |  0
|  56|0x0000000426000000, 0x0000000426000000, 0x0000000426800000|  0%| F|  |TAMS 0x0000000426000000| PB 0x0000000426000000| Untracked |  0
|  57|0x0000000426800000, 0x0000000426800000, 0x0000000427000000|  0%| F|  |TAMS 0x0000000426800000| PB 0x0000000426800000| Untracked |  0
|  58|0x0000000427000000, 0x0000000427000000, 0x0000000427800000|  0%| F|  |TAMS 0x0000000427000000| PB 0x0000000427000000| Untracked |  0
|  59|0x0000000427800000, 0x0000000427800000, 0x0000000428000000|  0%| F|  |TAMS 0x0000000427800000| PB 0x0000000427800000| Untracked |  0
|  60|0x0000000428000000, 0x0000000428000000, 0x0000000428800000|  0%| F|  |TAMS 0x0000000428000000| PB 0x0000000428000000| Untracked |  0
|  61|0x0000000428800000, 0x0000000428800000, 0x0000000429000000|  0%| F|  |TAMS 0x0000000428800000| PB 0x0000000428800000| Untracked |  0
|  62|0x0000000429000000, 0x0000000429000000, 0x0000000429800000|  0%| F|  |TAMS 0x0000000429000000| PB 0x0000000429000000| Untracked |  0
|  63|0x0000000429800000, 0x0000000429800000, 0x000000042a000000|  0%| F|  |TAMS 0x0000000429800000| PB 0x0000000429800000| Untracked |  0
|  64|0x000000042a000000, 0x000000042a000000, 0x000000042a800000|  0%| F|  |TAMS 0x000000042a000000| PB 0x000000042a000000| Untracked |  0
|  65|0x000000042a800000, 0x000000042a800000, 0x000000042b000000|  0%| F|  |TAMS 0x000000042a800000| PB 0x000000042a800000| Untracked |  0
|  66|0x000000042b000000, 0x000000042b000000, 0x000000042b800000|  0%| F|  |TAMS 0x000000042b000000| PB 0x000000042b000000| Untracked |  0
|  67|0x000000042b800000, 0x000000042b800000, 0x000000042c000000|  0%| F|  |TAMS 0x000000042b800000| PB 0x000000042b800000| Untracked |  0
|  68|0x000000042c000000, 0x000000042c000000, 0x000000042c800000|  0%| F|  |TAMS 0x000000042c000000| PB 0x000000042c000000| Untracked |  0
|  69|0x000000042c800000, 0x000000042c800000, 0x000000042d000000|  0%| F|  |TAMS 0x000000042c800000| PB 0x000000042c800000| Untracked |  0
|  70|0x000000042d000000, 0x000000042d000000, 0x000000042d800000|  0%| F|  |TAMS 0x000000042d000000| PB 0x000000042d000000| Untracked |  0
|  71|0x000000042d800000, 0x000000042d800000, 0x000000042e000000|  0%| F|  |TAMS 0x000000042d800000| PB 0x000000042d800000| Untracked |  0
|  72|0x000000042e000000, 0x000000042e000000, 0x000000042e800000|  0%| F|  |TAMS 0x000000042e000000| PB 0x000000042e000000| Untracked |  0
|  73|0x000000042e800000, 0x000000042e800000, 0x000000042f000000|  0%| F|  |TAMS 0x000000042e800000| PB 0x000000042e800000| Untracked |  0
|  74|0x000000042f000000, 0x000000042f000000, 0x000000042f800000|  0%| F|  |TAMS 0x000000042f000000| PB 0x000000042f000000| Untracked |  0
|  75|0x000000042f800000, 0x000000042f800000, 0x0000000430000000|  0%| F|  |TAMS 0x000000042f800000| PB 0x000000042f800000| Untracked |  0
|  76|0x0000000430000000, 0x0000000430000000, 0x0000000430800000|  0%| F|  |TAMS 0x0000000430000000| PB 0x0000000430000000| Untracked |  0
|  77|0x0000000430800000, 0x0000000430800000, 0x0000000431000000|  0%| F|  |TAMS 0x0000000430800000| PB 0x0000000430800000| Untracked |  0
|  78|0x0000000431000000, 0x0000000431000000, 0x0000000431800000|  0%| F|  |TAMS 0x0000000431000000| PB 0x0000000431000000| Untracked |  0
|  79|0x0000000431800000, 0x0000000431800000, 0x0000000432000000|  0%| F|  |TAMS 0x0000000431800000| PB 0x0000000431800000| Untracked |  0
|  80|0x0000000432000000, 0x0000000432000000, 0x0000000432800000|  0%| F|  |TAMS 0x0000000432000000| PB 0x0000000432000000| Untracked |  0
|  81|0x0000000432800000, 0x0000000432800000, 0x0000000433000000|  0%| F|  |TAMS 0x0000000432800000| PB 0x0000000432800000| Untracked |  0
|  82|0x0000000433000000, 0x0000000433000000, 0x0000000433800000|  0%| F|  |TAMS 0x0000000433000000| PB 0x0000000433000000| Untracked |  0
|  83|0x0000000433800000, 0x0000000433800000, 0x0000000434000000|  0%| F|  |TAMS 0x0000000433800000| PB 0x0000000433800000| Untracked |  0
|  84|0x0000000434000000, 0x0000000434000000, 0x0000000434800000|  0%| F|  |TAMS 0x0000000434000000| PB 0x0000000434000000| Untracked |  0
|  85|0x0000000434800000, 0x0000000434800000, 0x0000000435000000|  0%| F|  |TAMS 0x0000000434800000| PB 0x0000000434800000| Untracked |  0
|  86|0x0000000435000000, 0x0000000435000000, 0x0000000435800000|  0%| F|  |TAMS 0x0000000435000000| PB 0x0000000435000000| Untracked |  0
|  87|0x0000000435800000, 0x0000000435800000, 0x0000000436000000|  0%| F|  |TAMS 0x0000000435800000| PB 0x0000000435800000| Untracked |  0
|  88|0x0000000436000000, 0x0000000436000000, 0x0000000436800000|  0%| F|  |TAMS 0x0000000436000000| PB 0x0000000436000000| Untracked |  0
|  89|0x0000000436800000, 0x0000000436800000, 0x0000000437000000|  0%| F|  |TAMS 0x0000000436800000| PB 0x0000000436800000| Untracked |  0
|  90|0x0000000437000000, 0x0000000437000000, 0x0000000437800000|  0%| F|  |TAMS 0x0000000437000000| PB 0x0000000437000000| Untracked |  0
|  91|0x0000000437800000, 0x0000000437800000, 0x0000000438000000|  0%| F|  |TAMS 0x0000000437800000| PB 0x0000000437800000| Untracked |  0
|  92|0x0000000438000000, 0x0000000438000000, 0x0000000438800000|  0%| F|  |TAMS 0x0000000438000000| PB 0x0000000438000000| Untracked |  0
|  93|0x0000000438800000, 0x0000000438800000, 0x0000000439000000|  0%| F|  |TAMS 0x0000000438800000| PB 0x0000000438800000| Untracked |  0
|  94|0x0000000439000000, 0x0000000439000000, 0x0000000439800000|  0%| F|  |TAMS 0x0000000439000000| PB 0x0000000439000000| Untracked |  0
|  95|0x0000000439800000, 0x0000000439800000, 0x000000043a000000|  0%| F|  |TAMS 0x0000000439800000| PB 0x0000000439800000| Untracked |  0
|  96|0x000000043a000000, 0x000000043a000000, 0x000000043a800000|  0%| F|  |TAMS 0x000000043a000000| PB 0x000000043a000000| Untracked |  0
|  97|0x000000043a800000, 0x000000043a800000, 0x000000043b000000|  0%| F|  |TAMS 0x000000043a800000| PB 0x000000043a800000| Untracked |  0
|  98|0x000000043b000000, 0x000000043b000000, 0x000000043b800000|  0%| F|  |TAMS 0x000000043b000000| PB 0x000000043b000000| Untracked |  0
|  99|0x000000043b800000, 0x000000043b800000, 0x000000043c000000|  0%| F|  |TAMS 0x000000043b800000| PB 0x000000043b800000| Untracked |  0
| 100|0x000000043c000000, 0x000000043c000000, 0x000000043c800000|  0%| F|  |TAMS 0x000000043c000000| PB 0x000000043c000000| Untracked |  0
| 101|0x000000043c800000, 0x000000043c800000, 0x000000043d000000|  0%| F|  |TAMS 0x000000043c800000| PB 0x000000043c800000| Untracked |  0
| 102|0x000000043d000000, 0x000000043d000000, 0x000000043d800000|  0%| F|  |TAMS 0x000000043d000000| PB 0x000000043d000000| Untracked |  0
| 103|0x000000043d800000, 0x000000043d800000, 0x000000043e000000|  0%| F|  |TAMS 0x000000043d800000| PB 0x000000043d800000| Untracked |  0
| 104|0x000000043e000000, 0x000000043e000000, 0x000000043e800000|  0%| F|  |TAMS 0x000000043e000000| PB 0x000000043e000000| Untracked |  0
| 105|0x000000043e800000, 0x000000043e800000, 0x000000043f000000|  0%| F|  |TAMS 0x000000043e800000| PB 0x000000043e800000| Untracked |  0
| 106|0x000000043f000000, 0x000000043f000000, 0x000000043f800000|  0%| F|  |TAMS 0x000000043f000000| PB 0x000000043f000000| Untracked |  0
| 107|0x000000043f800000, 0x000000043f800000, 0x0000000440000000|  0%| F|  |TAMS 0x000000043f800000| PB 0x000000043f800000| Untracked |  0
| 108|0x0000000440000000, 0x0000000440000000, 0x0000000440800000|  0%| F|  |TAMS 0x0000000440000000| PB 0x0000000440000000| Untracked |  0
| 109|0x0000000440800000, 0x0000000440800000, 0x0000000441000000|  0%| F|  |TAMS 0x0000000440800000| PB 0x0000000440800000| Untracked |  0
| 110|0x0000000441000000, 0x0000000441000000, 0x0000000441800000|  0%| F|  |TAMS 0x0000000441000000| PB 0x0000000441000000| Untracked |  0
| 111|0x0000000441800000, 0x0000000441800000, 0x0000000442000000|  0%| F|  |TAMS 0x0000000441800000| PB 0x0000000441800000| Untracked |  0
| 112|0x0000000442000000, 0x0000000442000000, 0x0000000442800000|  0%| F|  |TAMS 0x0000000442000000| PB 0x0000000442000000| Untracked |  0
| 113|0x0000000442800000, 0x0000000442800000, 0x0000000443000000|  0%| F|  |TAMS 0x0000000442800000| PB 0x0000000442800000| Untracked |  0
| 114|0x0000000443000000, 0x0000000443000000, 0x0000000443800000|  0%| F|  |TAMS 0x0000000443000000| PB 0x0000000443000000| Untracked |  0
| 115|0x0000000443800000, 0x0000000443800000, 0x0000000444000000|  0%| F|  |TAMS 0x0000000443800000| PB 0x0000000443800000| Untracked |  0
| 116|0x0000000444000000, 0x0000000444000000, 0x0000000444800000|  0%| F|  |TAMS 0x0000000444000000| PB 0x0000000444000000| Untracked |  0
| 117|0x0000000444800000, 0x0000000444800000, 0x0000000445000000|  0%| F|  |TAMS 0x0000000444800000| PB 0x0000000444800000| Untracked |  0
| 118|0x0000000445000000, 0x0000000445000000, 0x0000000445800000|  0%| F|  |TAMS 0x0000000445000000| PB 0x0000000445000000| Untracked |  0
| 119|0x0000000445800000, 0x0000000445800000, 0x0000000446000000|  0%| F|  |TAMS 0x0000000445800000| PB 0x0000000445800000| Untracked |  0
| 120|0x0000000446000000, 0x0000000446800000, 0x0000000446800000|100%| S|CS|TAMS 0x0000000446000000| PB 0x0000000446000000| Complete |  0
| 121|0x0000000446800000, 0x0000000446800000, 0x0000000447000000|  0%| F|  |TAMS 0x0000000446800000| PB 0x0000000446800000| Untracked |  0
| 122|0x0000000447000000, 0x00000004474473c8, 0x0000000447800000| 53%| E|  |TAMS 0x0000000447000000| PB 0x0000000447000000| Complete |  0
| 123|0x0000000447800000, 0x0000000448000000, 0x0000000448000000|100%| E|CS|TAMS 0x0000000447800000| PB 0x0000000447800000| Complete |  0
| 124|0x0000000448000000, 0x0000000448800000, 0x0000000448800000|100%| E|  |TAMS 0x0000000448000000| PB 0x0000000448000000| Complete |  0
| 125|0x0000000448800000, 0x0000000449000000, 0x0000000449000000|100%| E|CS|TAMS 0x0000000448800000| PB 0x0000000448800000| Complete |  0
| 126|0x0000000449000000, 0x0000000449800000, 0x0000000449800000|100%| E|CS|TAMS 0x0000000449000000| PB 0x0000000449000000| Complete |  0
|2027|0x00000007ff800000, 0x00000007ff91d248, 0x0000000800000000| 13%| O|  |TAMS 0x00000007ff800000| PB 0x00000007ff800000| Untracked |  0

Card table byte_map: [0x000001d87c950000,0x000001d87e900000] _byte_map_base: 0x000001d87a900000

Marking Bits: (CMBitMap*) 0x000001d879b95740
 Bits: [0x000001d8177e0000, 0x000001d827560000)

Polling page: 0x000001d877640000

Metaspace:

Usage:
  Non-class:     10.89 MB used.
      Class:      1.02 MB used.
       Both:     11.91 MB used.

Virtual space:
  Non-class space:       64.00 MB reserved,      11.00 MB ( 17%) committed,  1 nodes.
      Class space:        1.00 GB reserved,       1.12 MB ( <1%) committed,  1 nodes.
             Both:        1.06 GB reserved,      12.12 MB (  1%) committed. 

Chunk freelists:
   Non-Class:  4.95 MB
       Class:  14.71 MB
        Both:  19.66 MB

MaxMetaspaceSize: unlimited
CompressedClassSpaceSize: 1.00 GB
Initial GC threshold: 21.00 MB
Current GC threshold: 21.00 MB
CDS: on
 - commit_granule_bytes: 65536.
 - commit_granule_words: 8192.
 - virtual_space_node_default_size: 8388608.
 - enlarge_chunks_in_place: 1.
UseCompressedClassPointers 1, UseCompactObjectHeaders 0
Narrow klass pointer bits 32, Max shift 3
Narrow klass base: 0x000001d82a000000, Narrow klass shift: 0
Encoding Range: [0x000001d82a000000 - 0x000001d92a000000), (4294967296 bytes)
Klass Range:    [0x000001d82a000000 - 0x000001d86b000000), (1090519040 bytes)
Klass ID Range:  [8 - 1090519033) (1090519025)


Internal statistics:

num_allocs_failed_limit: 0.
num_arena_births: 178.
num_arena_deaths: 0.
num_vsnodes_births: 2.
num_vsnodes_deaths: 0.
num_space_committed: 194.
num_space_uncommitted: 0.
num_chunks_returned_to_freelist: 0.
num_chunks_taken_from_freelist: 243.
num_chunk_merges: 0.
num_chunk_splits: 150.
num_chunks_enlarged: 93.
num_inconsistent_stats: 0.

CodeHeap 'non-profiled nmethods': size=119232Kb used=937Kb max_used=937Kb free=118294Kb
 bounds [0x000001d810370000, 0x000001d8105e0000, 0x000001d8177e0000]
CodeHeap 'profiled nmethods': size=119104Kb used=5485Kb max_used=5485Kb free=113618Kb
 bounds [0x000001d8087e0000, 0x000001d808d40000, 0x000001d80fc30000]
CodeHeap 'non-nmethods': size=7424Kb used=1595Kb max_used=3281Kb free=5828Kb
 bounds [0x000001d80fc30000, 0x000001d80ffe0000, 0x000001d810370000]
CodeCache: size=245760Kb, used=8017Kb, max_used=9703Kb, free=237740Kb
 total_blobs=3877, nmethods=3106, adapters=675, full_count=0
Compilation: enabled, stopped_count=0, restarted_count=0

Compilation events (20 events):
Event: 474.941 Thread 0x000001d82965cfa0 nmethod 3098 0x000001d808d39988 code [0x000001d808d39aa0, 0x000001d808d39c80]
Event: 474.949 Thread 0x000001d87ec0b3a0 nmethod 3089 0x000001d81044f988 code [0x000001d81044fc20, 0x000001d810450fd0]
Event: 474.949 Thread 0x000001d87ec0b3a0 3091       4       sun.font.FontUtilities::isComplexText (38 bytes)
Event: 474.950 Thread 0x000001d87ec0b3a0 nmethod 3091 0x000001d810451088 code [0x000001d8104511a0, 0x000001d8104512d0]
Event: 476.212 Thread 0x000001d82965cfa0 3099   !   3       java.awt.Container::minimumSize (88 bytes)
Event: 476.212 Thread 0x000001d82965cfa0 nmethod 3099 0x000001d808d39d08 code [0x000001d808d39ea0, 0x000001d808d3a8d8]
Event: 476.213 Thread 0x000001d82965cfa0 3100       3       javax.swing.plaf.basic.BasicScrollPaneUI$Handler::stateChanged (104 bytes)
Event: 476.213 Thread 0x000001d82965cfa0 nmethod 3100 0x000001d808d3a988 code [0x000001d808d3ab40, 0x000001d808d3b500]
Event: 476.215 Thread 0x000001d82965cfa0 3101       1       javax.swing.border.EmptyBorder::isBorderOpaque (2 bytes)
Event: 476.216 Thread 0x000001d82965cfa0 nmethod 3101 0x000001d810451388 code [0x000001d810451480, 0x000001d810451548]
Event: 476.216 Thread 0x000001d87ec0b3a0 3102   !   4       javax.swing.UIDefaults::getFromHashtable (239 bytes)
Event: 476.222 Thread 0x000001d87ec0b3a0 nmethod 3102 0x000001d810451688 code [0x000001d8104518a0, 0x000001d810452828]
Event: 476.231 Thread 0x000001d82965cfa0 3103       1       sun.awt.image.SunVolatileImage::getGraphicsConfig (5 bytes)
Event: 476.231 Thread 0x000001d82965cfa0 nmethod 3103 0x000001d810452888 code [0x000001d810452980, 0x000001d810452a48]
Event: 476.241 Thread 0x000001d87ec0b3a0 3104       4       java.awt.geom.RectIterator::currentSegment (129 bytes)
Event: 476.242 Thread 0x000001d87ec0b3a0 nmethod 3104 0x000001d810452b88 code [0x000001d810452ca0, 0x000001d810452e18]
Event: 478.245 Thread 0x000001d87ec0b3a0 3105       4       java.awt.AWTEvent::<init> (73 bytes)
Event: 478.246 Thread 0x000001d87ec0b3a0 nmethod 3105 0x000001d810452e88 code [0x000001d810452fa0, 0x000001d810453208]
Event: 479.150 Thread 0x000001d87ec0b3a0 3106   !   4       sun.awt.PostEventQueue::flush (168 bytes)
Event: 479.183 Thread 0x000001d87ec0b3a0 nmethod 3106 0x000001d810453288 code [0x000001d810453840, 0x000001d81045a520]

GC Heap History (2 events):
Event: 177.829 GC heap before
{Heap before GC invocations=0 (full 0):
 garbage-first heap   total reserved 16613376K, committed 1048576K, used 74868K [0x000000040a000000, 0x0000000800000000)
  region size 8192K, 6 young (49152K), 0 survivors (0K)
 Metaspace       used 11387K, committed 11648K, reserved 1114112K
  class space    used 995K, committed 1088K, reserved 1048576K
}
Event: 177.836 GC heap after
{Heap after GC invocations=1 (full 0):
 garbage-first heap   total reserved 16613376K, committed 1048576K, used 34891K [0x000000040a000000, 0x0000000800000000)
  region size 8192K, 1 young (8192K), 1 survivors (8192K)
 Metaspace       used 11387K, committed 11648K, reserved 1114112K
  class space    used 995K, committed 1088K, reserved 1048576K
}

Dll operation events (10 events):
Event: 0.007 Loaded shared library C:\Program Files\Java\jdk-24\bin\java.dll
Event: 0.031 Loaded shared library C:\Program Files\Java\jdk-24\bin\jsvml.dll
Event: 0.036 Loaded shared library C:\Program Files\Java\jdk-24\bin\net.dll
Event: 0.037 Loaded shared library C:\Program Files\Java\jdk-24\bin\nio.dll
Event: 0.040 Loaded shared library C:\Program Files\Java\jdk-24\bin\zip.dll
Event: 0.061 Loaded shared library C:\Program Files\Java\jdk-24\bin\jimage.dll
Event: 0.090 Loaded shared library C:\Program Files\Java\jdk-24\bin\awt.dll
Event: 0.405 Loaded shared library C:\Program Files\Java\jdk-24\bin\freetype.dll
Event: 0.406 Loaded shared library C:\Program Files\Java\jdk-24\bin\fontmanager.dll
Event: 0.635 Loaded shared library C:\Windows\System32\dpuareu_jni.dll

Deoptimization events (20 events):
Event: 464.640 Thread 0x000001d86f656c10 DEOPT PACKING pc=0x000001d8103a5c18 sp=0x00000051aa2fca00
Event: 464.640 Thread 0x000001d86f656c10 DEOPT UNPACKING pc=0x000001d80fd47802 sp=0x00000051aa2fc8f8 mode 2
Event: 464.640 Thread 0x000001d86f656c10 Uncommon trap: trap_request=0xffffffc6 fr.pc=0x000001d8103a3394 relative=0x0000000000000334
Event: 464.640 Thread 0x000001d86f656c10 Uncommon trap: reason=bimorphic_or_optimized_type_check action=maybe_recompile pc=0x000001d8103a3394 method=java.util.HashMap.getNode(Ljava/lang/Object;)Ljava/util/HashMap$Node; @ 128 c2
Event: 464.640 Thread 0x000001d86f656c10 DEOPT PACKING pc=0x000001d8103a3394 sp=0x00000051aa2fc7e0
Event: 464.640 Thread 0x000001d86f656c10 DEOPT UNPACKING pc=0x000001d80fd47802 sp=0x00000051aa2fc758 mode 2
Event: 464.880 Thread 0x000001d86f656c10 Uncommon trap: trap_request=0xffffff6e fr.pc=0x000001d8104326e0 relative=0x0000000000000720
Event: 464.880 Thread 0x000001d86f656c10 Uncommon trap: reason=loop_limit_check action=maybe_recompile pc=0x000001d8104326e0 method=java.awt.geom.AffineTransform.transform([DI[DII)V @ 454 c2
Event: 464.880 Thread 0x000001d86f656c10 DEOPT PACKING pc=0x000001d8104326e0 sp=0x00000051aa2fd140
Event: 464.880 Thread 0x000001d86f656c10 DEOPT UNPACKING pc=0x000001d80fd47802 sp=0x00000051aa2fd060 mode 2
Event: 464.906 Thread 0x000001d86f656c10 DEOPT PACKING pc=0x000001d808a50ffb sp=0x00000051aa2feda0
Event: 464.906 Thread 0x000001d86f656c10 DEOPT UNPACKING pc=0x000001d80fc85722 sp=0x00000051aa2fe230 mode 0
Event: 465.303 Thread 0x000001d86f656c10 Uncommon trap: trap_request=0xffffff4d fr.pc=0x000001d81043687c relative=0x00000000000001bc
Event: 465.303 Thread 0x000001d86f656c10 Uncommon trap: reason=unstable_if action=reinterpret pc=0x000001d81043687c method=java.awt.geom.AffineTransform.translate(DD)V @ 500 c2
Event: 465.303 Thread 0x000001d86f656c10 DEOPT PACKING pc=0x000001d81043687c sp=0x00000051aa2fcb40
Event: 465.303 Thread 0x000001d86f656c10 DEOPT UNPACKING pc=0x000001d80fd47802 sp=0x00000051aa2fcac8 mode 2
Event: 466.230 Thread 0x000001d86f656c10 Uncommon trap: trap_request=0xffffff4d fr.pc=0x000001d810417934 relative=0x00000000000000b4
Event: 466.230 Thread 0x000001d86f656c10 Uncommon trap: reason=unstable_if action=reinterpret pc=0x000001d810417934 method=javax.swing.SwingUtilities.computeIntersection(IIIILjava/awt/Rectangle;)Ljava/awt/Rectangle; @ 159 c2
Event: 466.230 Thread 0x000001d86f656c10 DEOPT PACKING pc=0x000001d810417934 sp=0x00000051aa2febe0
Event: 466.230 Thread 0x000001d86f656c10 DEOPT UNPACKING pc=0x000001d80fd47802 sp=0x00000051aa2feb38 mode 2

Classes loaded (20 events):
Event: 464.599 Loading class sun/java2d/loops/ProcessPath$FillProcessHandler
Event: 464.599 Loading class sun/java2d/loops/ProcessPath$ProcessHandler
Event: 464.599 Loading class sun/java2d/loops/ProcessPath$ProcessHandler done
Event: 464.599 Loading class sun/java2d/loops/ProcessPath$FillProcessHandler done
Event: 464.599 Loading class sun/java2d/loops/ProcessPath$FillData
Event: 464.599 Loading class sun/java2d/loops/ProcessPath$FillData done
Event: 464.599 Loading class sun/java2d/loops/ProcessPath$Point
Event: 464.599 Loading class sun/java2d/loops/ProcessPath$Point done
Event: 464.599 Loading class sun/java2d/loops/ProcessPath$ActiveEdgeList
Event: 464.599 Loading class sun/java2d/loops/ProcessPath$ActiveEdgeList done
Event: 464.599 Loading class sun/java2d/loops/ProcessPath$Edge
Event: 464.599 Loading class sun/java2d/loops/ProcessPath$Edge done
Event: 464.600 Loading class sun/java2d/d3d/D3DSurfaceDataProxy
Event: 464.600 Loading class sun/java2d/d3d/D3DSurfaceDataProxy done
Event: 464.601 Loading class java/lang/invoke/VarHandleSegmentAsDoubles
Event: 464.601 Loading class java/lang/invoke/VarHandleSegmentAsDoubles done
Event: 464.647 Loading class java/lang/invoke/MethodHandle$1
Event: 464.648 Loading class java/lang/invoke/MethodHandle$1 done
Event: 464.822 Loading class java/awt/geom/AreaIterator
Event: 464.822 Loading class java/awt/geom/AreaIterator done

Classes unloaded (0 events):
No events

Classes redefined (0 events):
No events

Internal exceptions (20 events):
Event: 0.316 Thread 0x000001d86f656c10 Exception <a 'java/lang/NoSuchMethodError'{0x0000000448a5d118}: 'java.lang.Object java.lang.invoke.DirectMethodHandle$Holder.invokeStaticInit(java.lang.Object, long)'> (0x0000000448a5d118) 
thrown [s\open\src\hotspot\share\interpreter\linkResolver.cpp, line 805]
Event: 0.411 Thread 0x000001d86f656c10 Exception <a 'java/lang/NoSuchMethodError'{0x0000000448aa1d08}: 'long java.lang.invoke.DirectMethodHandle$Holder.invokeStaticInit(java.lang.Object, long, long, long, long)'> (0x0000000448aa1d08) 
thrown [s\open\src\hotspot\share\interpreter\linkResolver.cpp, line 805]
Event: 0.411 Thread 0x000001d86f656c10 Exception <a 'java/lang/NoSuchMethodError'{0x0000000448aaa880}: 'java.lang.Object java.lang.invoke.DirectMethodHandle$Holder.invokeInterface(java.lang.Object, java.lang.Object, long, long)'> (0x0000000448aaa880) 
thrown [s\open\src\hotspot\share\interpreter\linkResolver.cpp, line 805]
Event: 0.412 Thread 0x000001d86f656c10 Exception <a 'java/lang/NoSuchMethodError'{0x0000000448ac3168}: 'void java.lang.invoke.DirectMethodHandle$Holder.invokeStaticInit(java.lang.Object, java.lang.Object, long, java.lang.Object)'> (0x0000000448ac3168) 
thrown [s\open\src\hotspot\share\interpreter\linkResolver.cpp, line 805]
Event: 0.412 Thread 0x000001d86f656c10 Exception <a 'java/lang/NoSuchMethodError'{0x0000000448acb9f0}: 'long java.lang.invoke.DirectMethodHandle$Holder.invokeStatic(java.lang.Object, long, long)'> (0x0000000448acb9f0) 
thrown [s\open\src\hotspot\share\interpreter\linkResolver.cpp, line 805]
Event: 0.415 Thread 0x000001d86f656c10 Exception <a 'java/lang/NoSuchMethodError'{0x0000000448bead28}: 'java.lang.Object java.lang.invoke.DirectMethodHandle$Holder.newInvokeSpecial(java.lang.Object, int, java.lang.Object)'> (0x0000000448bead28) 
thrown [s\open\src\hotspot\share\interpreter\linkResolver.cpp, line 805]
Event: 0.432 Thread 0x000001d86f656c10 Exception <a 'java/lang/NoSuchMethodError'{0x0000000448c56340}: 'int java.lang.invoke.Invokers$Holder.invokeExact_MT(java.lang.Object, java.lang.Object)'> (0x0000000448c56340) 
thrown [s\open\src\hotspot\share\interpreter\linkResolver.cpp, line 805]
Event: 0.457 Thread 0x000001d86f656c10 Exception <a 'java/lang/NoSuchMethodError'{0x0000000448dee330}: 'void java.lang.invoke.DirectMethodHandle$Holder.invokeStatic(java.lang.Object, java.lang.Object, java.lang.Object)'> (0x0000000448dee330) 
thrown [s\open\src\hotspot\share\interpreter\linkResolver.cpp, line 805]
Event: 0.504 Thread 0x000001d86f656c10 Exception <a 'java/lang/NoSuchMethodError'{0x0000000448f06b90}: 'void java.lang.invoke.DelegatingMethodHandle$Holder.reinvoke_L(java.lang.Object, java.lang.Object, java.lang.Object, java.lang.Object, long, long, float)'> (0x0000000448f06b90) 
thrown [s\open\src\hotspot\share\interpreter\linkResolver.cpp, line 805]
Event: 0.505 Thread 0x000001d86f656c10 Exception <a 'java/lang/NoSuchMethodError'{0x0000000448f26f30}: 'java.lang.Object java.lang.invoke.DirectMethodHandle$Holder.invokeStatic(java.lang.Object, java.lang.Object, java.lang.Object, java.lang.Object, java.lang.Object, long)'> (0x0000000448f26f30) 
thrown [s\open\src\hotspot\share\interpreter\linkResolver.cpp, line 805]
Event: 0.508 Thread 0x000001d86f656c10 Exception <a 'java/lang/NoSuchMethodError'{0x0000000448f6a5d0}: 'float java.lang.invoke.DelegatingMethodHandle$Holder.reinvoke_L(java.lang.Object, java.lang.Object, java.lang.Object, java.lang.Object, long, long)'> (0x0000000448f6a5d0) 
thrown [s\open\src\hotspot\share\interpreter\linkResolver.cpp, line 805]
Event: 1.592 Thread 0x000001d86f43c130 Exception <a 'java/lang/NoSuchMethodError'{0x00000004494dcf98}: 'void java.lang.invoke.DirectMethodHandle$Holder.invokeVirtual(java.lang.Object, java.lang.Object)'> (0x00000004494dcf98) 
thrown [s\open\src\hotspot\share\interpreter\linkResolver.cpp, line 805]
Event: 5.034 Thread 0x000001d87440ab10 Exception <a 'java/lang/NoSuchMethodError'{0x00000004478742c8}: 'java.lang.Object java.lang.invoke.DelegatingMethodHandle$Holder.reinvoke_L(java.lang.Object, java.lang.Object, int, int, int, int)'> (0x00000004478742c8) 
thrown [s\open\src\hotspot\share\interpreter\linkResolver.cpp, line 805]
Event: 5.034 Thread 0x000001d87440ab10 Exception <a 'java/lang/NoSuchMethodError'{0x00000004478844c8}: 'java.lang.Object java.lang.invoke.Invokers$Holder.linkToTargetMethod(int, int, int, int, java.lang.Object)'> (0x00000004478844c8) 
thrown [s\open\src\hotspot\share\interpreter\linkResolver.cpp, line 805]
Event: 5.035 Thread 0x000001d87440ab10 Exception <a 'java/lang/NoSuchMethodError'{0x000000044788cd70}: 'void java.lang.invoke.DirectMethodHandle$Holder.invokeSpecial(java.lang.Object, java.lang.Object, int)'> (0x000000044788cd70) 
thrown [s\open\src\hotspot\share\interpreter\linkResolver.cpp, line 805]
Event: 171.164 Thread 0x000001d87440b260 Implicit null exception at 0x000001d8103dc91a to 0x000001d8103dcaa4
Event: 177.840 Thread 0x000001d86f656c10 Implicit null exception at 0x000001d8103e4f0b to 0x000001d8103e5dd4
Event: 464.578 Thread 0x000001d86f656c10 Exception <a 'java/lang/NoSuchMethodError'{0x00000004486b5168}: 'void java.lang.invoke.DelegatingMethodHandle$Holder.reinvoke_L(java.lang.Object, java.lang.Object, java.lang.Object, java.lang.Object, long, long, int)'> (0x00000004486b5168) 
thrown [s\open\src\hotspot\share\interpreter\linkResolver.cpp, line 805]
Event: 464.580 Thread 0x000001d86f656c10 Exception <a 'java/lang/NoSuchMethodError'{0x00000004486dfa00}: 'void java.lang.invoke.DelegatingMethodHandle$Holder.reinvoke_L(java.lang.Object, java.lang.Object, java.lang.Object, java.lang.Object, long, long, long)'> (0x00000004486dfa00) 
thrown [s\open\src\hotspot\share\interpreter\linkResolver.cpp, line 805]
Event: 464.603 Thread 0x000001d86f656c10 Exception <a 'java/lang/NoSuchMethodError'{0x00000004487486e8}: 'void java.lang.invoke.DelegatingMethodHandle$Holder.reinvoke_L(java.lang.Object, java.lang.Object, java.lang.Object, java.lang.Object, long, long, double)'> (0x00000004487486e8) 
thrown [s\open\src\hotspot\share\interpreter\linkResolver.cpp, line 805]

VM Operations (20 events):
Event: 464.568 Executing VM operation: HandshakeAllThreads (Deoptimize) done
Event: 464.569 Executing VM operation: HandshakeAllThreads (Deoptimize)
Event: 464.569 Executing VM operation: HandshakeAllThreads (Deoptimize) done
Event: 464.572 Executing VM operation: HandshakeAllThreads (Deoptimize)
Event: 464.572 Executing VM operation: HandshakeAllThreads (Deoptimize) done
Event: 464.573 Executing VM operation: HandshakeAllThreads (Deoptimize)
Event: 464.573 Executing VM operation: HandshakeAllThreads (Deoptimize) done
Event: 464.573 Executing VM operation: HandshakeAllThreads (Deoptimize)
Event: 464.573 Executing VM operation: HandshakeAllThreads (Deoptimize) done
Event: 464.573 Executing VM operation: HandshakeAllThreads (Deoptimize)
Event: 464.573 Executing VM operation: HandshakeAllThreads (Deoptimize) done
Event: 464.588 Executing VM operation: HandshakeAllThreads (Deoptimize)
Event: 464.588 Executing VM operation: HandshakeAllThreads (Deoptimize) done
Event: 464.601 Executing VM operation: HandshakeAllThreads (Deoptimize)
Event: 464.601 Executing VM operation: HandshakeAllThreads (Deoptimize) done
Event: 480.837 Executing VM operation: HandshakeAllThreads (HandshakeForDeflation)
Event: 480.837 Executing VM operation: HandshakeAllThreads (HandshakeForDeflation) done
Event: 480.837 Executing VM operation: RendezvousGCThreads
Event: 480.837 Executing VM operation: RendezvousGCThreads done
Event: 481.228 Executing VM operation: Exit

Memory protections (0 events):
No events

Nmethod flushes (0 events):
No events

Events (20 events):
Event: 176.290 Thread 0x000001d86f656c10 Thread added: 0x000001d874408680
Event: 177.839 Thread 0x000001d874408680 Thread exited: 0x000001d874408680
Event: 177.839 Thread 0x000001d82965cfa0 Thread added: 0x000001d82965ede0
Event: 177.840 Thread 0x000001d82965cfa0 Thread added: 0x000001d82965f570
Event: 177.846 Thread 0x000001d82965cfa0 Thread added: 0x000001d829660490
Event: 179.316 Thread 0x000001d829660490 Thread exited: 0x000001d829660490
Event: 180.229 Thread 0x000001d82965f570 Thread exited: 0x000001d82965f570
Event: 184.163 Thread 0x000001d82965ede0 Thread exited: 0x000001d82965ede0
Event: 464.588 Thread 0x000001d86f656c10 Thread added: 0x000001d87440ab10
Event: 464.600 Thread 0x000001d82965cfa0 Thread added: 0x000001d82965f570
Event: 466.227 Thread 0x000001d82965f570 Thread exited: 0x000001d82965f570
Event: 481.127 Thread 0x000001d86f656c10 Thread added: 0x000001d874408dd0
Event: 481.127 Thread 0x000001d86f656c10 Thread added: 0x000001d874409520
Event: 481.127 Thread 0x000001d86f656c10 Thread added: 0x000001d874409c70
Event: 481.128 Thread 0x000001d874409520 Thread exited: 0x000001d874409520
Event: 481.128 Thread 0x000001d874409c70 Thread exited: 0x000001d874409c70
Event: 481.184 Thread 0x000001d87440ab10 Thread exited: 0x000001d87440ab10
Event: 481.216 Thread 0x000001d86f43c130 Thread exited: 0x000001d86f43c130
Event: 481.228 Thread 0x000001d874408dd0 Thread exited: 0x000001d874408dd0
Event: 481.228 Thread 0x000001d86f656c10 Before exit entered


Dynamic libraries:
0x00007ff62c620000 - 0x00007ff62c630000 	C:\Program Files\Java\jdk-24\bin\java.exe
0x00007fff6df60000 - 0x00007fff6e1c9000 	C:\Windows\SYSTEM32\ntdll.dll
0x00007fff6d0d0000 - 0x00007fff6d199000 	C:\Windows\System32\KERNEL32.DLL
0x00007fff6b650000 - 0x00007fff6ba43000 	C:\Windows\System32\KERNELBASE.dll
0x00007fff6b0f0000 - 0x00007fff6b23b000 	C:\Windows\System32\ucrtbase.dll
0x00007fff2f480000 - 0x00007fff2f496000 	C:\Program Files\Java\jdk-24\bin\jli.dll
0x00007fff2ea30000 - 0x00007fff2ea4b000 	C:\Program Files\Java\jdk-24\bin\VCRUNTIME140.dll
0x00007fff6d470000 - 0x00007fff6d634000 	C:\Windows\System32\USER32.dll
0x00007fff4f3e0000 - 0x00007fff4f673000 	C:\Windows\WinSxS\amd64_microsoft.windows.common-controls_6595b64144ccf1df_6.0.26100.5074_none_3e0d6f78e32fd63f\COMCTL32.dll
0x00007fff6b370000 - 0x00007fff6b397000 	C:\Windows\System32\win32u.dll
0x00007fff6c270000 - 0x00007fff6c29b000 	C:\Windows\System32\GDI32.dll
0x00007fff6bf60000 - 0x00007fff6c009000 	C:\Windows\System32\msvcrt.dll
0x00007fff6b240000 - 0x00007fff6b36d000 	C:\Windows\System32\gdi32full.dll
0x00007fff6ba50000 - 0x00007fff6baf3000 	C:\Windows\System32\msvcp_win.dll
0x00007fff6cd80000 - 0x00007fff6cdaf000 	C:\Windows\System32\IMM32.DLL
0x00007fff4d400000 - 0x00007fff4d40c000 	C:\Program Files\Java\jdk-24\bin\vcruntime140_1.dll
0x00007fff17910000 - 0x00007fff1799e000 	C:\Program Files\Java\jdk-24\bin\msvcp140.dll
0x00007ffea5840000 - 0x00007ffea65e1000 	C:\Program Files\Java\jdk-24\bin\server\jvm.dll
0x00007fff6cc40000 - 0x00007fff6ccf4000 	C:\Windows\System32\ADVAPI32.dll
0x00007fff6cb90000 - 0x00007fff6cc36000 	C:\Windows\System32\sechost.dll
0x00007fff6c320000 - 0x00007fff6c438000 	C:\Windows\System32\RPCRT4.dll
0x00007fff6cd00000 - 0x00007fff6cd74000 	C:\Windows\System32\WS2_32.dll
0x00007fff6a970000 - 0x00007fff6a9ce000 	C:\Windows\SYSTEM32\POWRPROF.dll
0x00007fff55570000 - 0x00007fff555a5000 	C:\Windows\SYSTEM32\WINMM.dll
0x00007fff62fd0000 - 0x00007fff62fdb000 	C:\Windows\SYSTEM32\VERSION.dll
0x00007fff6a950000 - 0x00007fff6a964000 	C:\Windows\SYSTEM32\UMPDC.dll
0x00007fff69e90000 - 0x00007fff69eab000 	C:\Windows\SYSTEM32\kernel.appcore.dll
0x00007fff4bc40000 - 0x00007fff4bc4a000 	C:\Program Files\Java\jdk-24\bin\jimage.dll
0x00007fff68900000 - 0x00007fff68b42000 	C:\Windows\SYSTEM32\DBGHELP.DLL
0x00007fff6dae0000 - 0x00007fff6de5b000 	C:\Windows\System32\combase.dll
0x00007fff6d1b0000 - 0x00007fff6d287000 	C:\Windows\System32\OLEAUT32.dll
0x00007fff4fbf0000 - 0x00007fff4fc2d000 	C:\Windows\SYSTEM32\dbgcore.DLL
0x00007fff6b520000 - 0x00007fff6b5b9000 	C:\Windows\System32\bcryptPrimitives.dll
0x00007fff2a550000 - 0x00007fff2a56e000 	C:\Program Files\Java\jdk-24\bin\java.dll
0x00007fff6ce30000 - 0x00007fff6cfc8000 	C:\Windows\System32\ole32.dll
0x00007fff6c440000 - 0x00007fff6cb8d000 	C:\Windows\System32\SHELL32.dll
0x00007fff6bb00000 - 0x00007fff6bc6c000 	C:\Windows\System32\wintypes.dll
0x00007fff68d10000 - 0x00007fff69569000 	C:\Windows\SYSTEM32\windows.storage.dll
0x00007fff6d340000 - 0x00007fff6d430000 	C:\Windows\System32\SHCORE.dll
0x00007fff6cfd0000 - 0x00007fff6d032000 	C:\Windows\System32\shlwapi.dll
0x00007fff6b010000 - 0x00007fff6b039000 	C:\Windows\SYSTEM32\profapi.dll
0x00007fff04960000 - 0x00007fff04a37000 	C:\Program Files\Java\jdk-24\bin\jsvml.dll
0x00007fff49930000 - 0x00007fff49940000 	C:\Program Files\Java\jdk-24\bin\net.dll
0x00007fff6a3f0000 - 0x00007fff6a45b000 	C:\Windows\system32\mswsock.dll
0x00007fff20580000 - 0x00007fff20596000 	C:\Program Files\Java\jdk-24\bin\nio.dll
0x00007fff1f640000 - 0x00007fff1f657000 	C:\Program Files\Java\jdk-24\bin\zip.dll
0x00007ffedec40000 - 0x00007ffededbf000 	C:\Program Files\Java\jdk-24\bin\awt.dll
0x00007fff67d90000 - 0x00007fff67e2e000 	C:\Windows\SYSTEM32\apphelp.dll
0x00007fff68040000 - 0x00007fff680e8000 	C:\Windows\system32\uxtheme.dll
0x00007fff6c010000 - 0x00007fff6c168000 	C:\Windows\System32\MSCTF.dll
0x00007fff682b0000 - 0x00007fff682db000 	C:\Windows\system32\DWMAPI.DLL
0x00007ffebc0f0000 - 0x00007ffebc1fc000 	C:\Windows\system32\opengl32.dll
0x00007ffec6100000 - 0x00007ffec612d000 	C:\Windows\SYSTEM32\GLU32.dll
0x00007fff68310000 - 0x00007fff68354000 	C:\Windows\SYSTEM32\dxcore.dll
0x00007fff6ada0000 - 0x00007fff6adf7000 	C:\Windows\SYSTEM32\CFGMGR32.dll
0x00007fff6d640000 - 0x00007fff6dac7000 	C:\Windows\System32\SETUPAPI.dll
0x00007fff6a820000 - 0x00007fff6a833000 	C:\Windows\SYSTEM32\msasn1.dll
0x00007fff62f90000 - 0x00007fff62fcb000 	C:\Windows\SYSTEM32\cryptnet.dll
0x00007fff6b3a0000 - 0x00007fff6b517000 	C:\Windows\System32\CRYPT32.dll
0x00007fff6a620000 - 0x00007fff6a62c000 	C:\Windows\SYSTEM32\cryptbase.dll
0x00007fff6a6c0000 - 0x00007fff6a724000 	C:\Windows\SYSTEM32\wldp.dll
0x00007fff622c0000 - 0x00007fff62435000 	C:\Windows\SYSTEM32\drvstore.dll
0x00007fff6ad70000 - 0x00007fff6ad9d000 	C:\Windows\SYSTEM32\devobj.dll
0x00007fff6b5c0000 - 0x00007fff6b63e000 	C:\Windows\System32\wintrust.dll
0x00007fff6d440000 - 0x00007fff6d460000 	C:\Windows\System32\imagehlp.dll
0x00007fff6a7c0000 - 0x00007fff6a7db000 	C:\Windows\SYSTEM32\CRYPTSP.dll
0x00007fff69df0000 - 0x00007fff69e2b000 	C:\Windows\system32\rsaenh.dll
0x00007fff6afe0000 - 0x00007fff6b006000 	C:\Windows\SYSTEM32\bcrypt.dll
0x00007ffec4500000 - 0x00007ffec4647000 	C:\Windows\system32\nvspcap64.dll
0x00007fff69fb0000 - 0x00007fff69fe6000 	C:\Windows\SYSTEM32\ntmarta.dll
0x00007fff6a460000 - 0x00007fff6a487000 	C:\Windows\SYSTEM32\gpapi.dll
0x00007fff1c300000 - 0x00007fff1c4b7000 	C:\Windows\System32\DriverStore\FileRepository\nvamsi.inf_amd64_1baba5ad8bf4f484\nvppex.dll
0x00007ffeff870000 - 0x00007ffeff8f7000 	C:\Program Files\Java\jdk-24\bin\freetype.dll
0x00007ffefce00000 - 0x00007ffefcee7000 	C:\Program Files\Java\jdk-24\bin\fontmanager.dll
0x00007fff178d0000 - 0x00007fff17901000 	C:\Windows\System32\dpuareu_jni.dll
0x00007fff591d0000 - 0x00007fff59245000 	C:\Windows\SYSTEM32\dpfj.dll
0x00007fff59180000 - 0x00007fff591c2000 	C:\Windows\SYSTEM32\dpfr6.dll
0x00007fff17790000 - 0x00007fff177d1000 	C:\Windows\SYSTEM32\dpfpdd.dll
0x00007fff596b0000 - 0x00007fff597a2000 	C:\Windows\SYSTEM32\DPFPApi.DLL
0x00007fff67e40000 - 0x00007fff67e4d000 	C:\Windows\SYSTEM32\Secur32.dll
0x00007fff6a490000 - 0x00007fff6a4bb000 	C:\Windows\SYSTEM32\USERENV.dll
0x00007fff6aa30000 - 0x00007fff6aa60000 	C:\Windows\SYSTEM32\ncrypt.dll
0x00007fff59610000 - 0x00007fff596a6000 	C:\Windows\SYSTEM32\DPSCApi.DLL
0x00007fff6a130000 - 0x00007fff6a179000 	C:\Windows\SYSTEM32\SSPICLI.DLL
0x00007fff6a9e0000 - 0x00007fff6aa1f000 	C:\Windows\SYSTEM32\NTASN1.dll
0x00007fff59030000 - 0x00007fff59088000 	C:\Windows\system32\DPCLBACK.dll
0x00007fff62d90000 - 0x00007fff62daa000 	C:\Windows\SYSTEM32\NETAPI32.dll
0x00007fff697f0000 - 0x00007fff697fd000 	C:\Windows\SYSTEM32\NETUTILS.DLL
0x00007fff10020000 - 0x00007fff10054000 	C:\Windows\SYSTEM32\dpfpdd_4k.dll
0x00007fff355c0000 - 0x00007fff3566f000 	C:\Windows\SYSTEM32\dpDevDatx64.dll
0x00007fff35690000 - 0x00007fff35757000 	C:\Windows\SYSTEM32\dpDevCtlx64.dll
0x00007ffe832d0000 - 0x00007ffe840af000 	C:\Windows\SYSTEM32\dpfpdd5000.dll
0x00007ffe82520000 - 0x00007ffe832c7000 	C:\Windows\SYSTEM32\dpfpdd_ptapi.dll
0x00007ffec25a0000 - 0x00007ffec26e7000 	C:\Windows\SYSTEM32\tfm.dll
0x00007ffede980000 - 0x00007ffede9f5000 	C:\Windows\SYSTEM32\dpfpdd7k.dll
0x00007fff05ed0000 - 0x00007fff05f1b000 	C:\Windows\SYSTEM32\dpfpdd_lumi.dll
0x00007fff6de60000 - 0x00007fff6df11000 	C:\Windows\System32\clbcatq.dll
0x00007fff664d0000 - 0x00007fff666ff000 	C:\Windows\SYSTEM32\WindowsCodecs.dll
0x00007fff4fe60000 - 0x00007fff4feba000 	C:\Windows\system32\dataexchange.dll
0x00007fff62af0000 - 0x00007fff62d29000 	C:\Windows\system32\twinapi.appcore.dll
0x00007fff51160000 - 0x00007fff512a9000 	C:\Windows\SYSTEM32\textinputframework.dll
0x00007fff67930000 - 0x00007fff67a55000 	C:\Windows\SYSTEM32\CoreMessaging.dll
0x00007fff62440000 - 0x00007fff62723000 	C:\Windows\SYSTEM32\CoreUIComponents.dll
0x00007fff38430000 - 0x00007fff384ae000 	C:\Windows\system32\Ninput.dll

JVMTI agents: none

dbghelp: loaded successfully - version: 4.0.5 - missing functions: none
symbol engine: initialized successfully - sym options: 0x614 - pdb path: .;C:\Program Files\Java\jdk-24\bin;C:\Windows\SYSTEM32;C:\Windows\WinSxS\amd64_microsoft.windows.common-controls_6595b64144ccf1df_6.0.26100.5074_none_3e0d6f78e32fd63f;C:\Program Files\Java\jdk-24\bin\server;C:\Windows\System32\DriverStore\FileRepository\iigd_dch.inf_amd64_38e51a298b862feb;C:\Windows\System32\DriverStore\FileRepository\nvamsi.inf_amd64_1baba5ad8bf4f484

VM Arguments:
java_command: com.gp360.biometric.verification.VerificationApp
java_class_path (initial): dist\BiometricVerification.jar;lib\dpjavapos.jar;lib\dpuareu.jar;lib\jpos113.jar;lib\json-20230618.jar;lib\mysql-connector-j-9.4.0.jar;lib\xercesImpl-2.6.2.jar;lib\xmlParserAPIs.jar
Launcher Type: SUN_STANDARD

[Global flags]
     intx CICompilerCount                          = 12                                        {product} {ergonomic}
     uint ConcGCThreads                            = 5                                         {product} {ergonomic}
     uint G1ConcRefinementThreads                  = 18                                        {product} {ergonomic}
   size_t G1HeapRegionSize                         = 8388608                                   {product} {ergonomic}
   size_t InitialHeapSize                          = 1065353216                                {product} {ergonomic}
   size_t MarkStackSize                            = 4194304                                   {product} {ergonomic}
   size_t MarkStackSizeMax                         = 536870912                                 {product} {ergonomic}
   size_t MaxHeapSize                              = 17012097024                               {product} {ergonomic}
   size_t MaxNewSize                               = 10200547328                               {product} {ergonomic}
   size_t MinHeapDeltaBytes                        = 8388608                                   {product} {ergonomic}
   size_t MinHeapSize                              = 8388608                                   {product} {ergonomic}
    uintx NonNMethodCodeHeapSize                   = 7602176                                {pd product} {ergonomic}
    uintx NonProfiledCodeHeapSize                  = 122093568                              {pd product} {ergonomic}
    uintx ProfiledCodeHeapSize                     = 121962496                              {pd product} {ergonomic}
    uintx ReservedCodeCacheSize                    = 251658240                              {pd product} {ergonomic}
     bool SegmentedCodeCache                       = true                                      {product} {ergonomic}
   size_t SoftMaxHeapSize                          = 17012097024                            {manageable} {ergonomic}
     bool UseCompressedOops                        = true                           {product lp64_product} {ergonomic}
     bool UseG1GC                                  = true                                      {product} {ergonomic}
     bool UseLargePagesIndividualAllocation        = false                                  {pd product} {ergonomic}

Logging:
Log output configuration:
 #0: stdout all=off uptime,level,tags foldmultilines=false
 #1: stderr all=off uptime,level,tags foldmultilines=false

Environment Variables:
PATH=C:\Program Files\Common Files\Oracle\Java\javapath;C:\Program Files (x86)\VMware\VMware Workstation\bin\;D:\app\abdia\product\11.2.0\client_1\bin;C:\app\product\11.2.0\client_1\bin;D:\app\abdia\product\11.2.0\client_4\bin;D:\app\abdia\product\11.2.0\client_3\bin;D:\app\abdia\product\11.2.0\client_2\bin;C:\Program Files (x86)\Common Files\Oracle\Java\java8path;C:\Program Files (x86)\Common Files\Oracle\Java\javapath;C:\Windows\system32;C:\Windows;C:\Windows\System32\Wbem;C:\Windows\System32\WindowsPowerShell\v1.0\;C:\Windows\System32\OpenSSH\;C:\Program Files (x86)\NVIDIA Corporation\PhysX\Common;C:\Program Files\NVIDIA Corporation\NVIDIA App\NvDLISR;C:\Program Files\dotnet\;C:\Program Files\Git\cmd;C:\Program Files\nodejs\;C:\wamp64\bin\php\php8.3.14;C:\ProgramData\ComposerSetup\bin;C:\Program Files\PuTTY\;C:\Program Files\Microsoft SQL Server\Client SDK\ODBC\110\Tools\Binn\;C:\Program Files\Microsoft SQL Server\120\Tools\Binn\;C:\Program Files\Java\jdk-24\bin;C:\Users\abdia\AppData\Local\Microsoft\WindowsApp;C:\Users\abdia\AppData\Local\Microsoft\WindowsApps;;C:\Program Files\JetBrains\PhpStorm 2025.1.3\bin;;C:\Program Files\JetBrains\WebStorm 2025.1.3\bin;;C:\Users\abdia\AppData\Roaming\npm;C:\Users\abdia\AppData\Roaming\Composer\vendor\bin;C:\Users\abdia\.dotnet\tools
USERNAME=abdia
OS=Windows_NT
PROCESSOR_IDENTIFIER=Intel64 Family 6 Model 198 Stepping 2, GenuineIntel
TMP=C:\Users\abdia\AppData\Local\Temp
TEMP=C:\Users\abdia\AppData\Local\Temp




Periodic native trim disabled

---------------  S Y S T E M  ---------------

OS:
 Windows 11 , 64 bit Build 26100 (10.0.26100.5074)
OS uptime: 0 days 12:36 hours
Hyper-V role detected

CPU: total 24 (initial active 24) (24 cores per cpu, 1 threads per core) family 6 model 198 stepping 2 microcode 0x117, cx8, cmov, fxsr, mmx, 3dnowpref, sse, sse2, sse3, ssse3, sse4.1, sse4.2, popcnt, lzcnt, tsc, tscinvbit, avx, avx2, aes, erms, clmul, bmi1, bmi2, adx, sha, fma, vzeroupper, clflush, clflushopt, clwb, hv, serialize, rdtscp, rdpid, fsrm, gfni, f16c, cet_ibt, cet_ss, avx_ifma, sha512
Processor Information for processor 0
  Max Mhz: 2700, Current Mhz: 2700, Mhz Limit: 2700
Processor Information for processor 1
  Max Mhz: 2700, Current Mhz: 2700, Mhz Limit: 2700
Processor Information for processor 2
  Max Mhz: 2100, Current Mhz: 2100, Mhz Limit: 2100
Processor Information for processor 3
  Max Mhz: 2100, Current Mhz: 2100, Mhz Limit: 2100
Processor Information for processor 4
  Max Mhz: 2100, Current Mhz: 2100, Mhz Limit: 2100
Processor Information for processor 5
  Max Mhz: 2100, Current Mhz: 2100, Mhz Limit: 2100
Processor Information for processor 6
  Max Mhz: 2100, Current Mhz: 2100, Mhz Limit: 2100
Processor Information for processor 7
  Max Mhz: 2100, Current Mhz: 2100, Mhz Limit: 2100
Processor Information for processor 8
  Max Mhz: 2100, Current Mhz: 2100, Mhz Limit: 2100
Processor Information for processor 9
  Max Mhz: 2100, Current Mhz: 2100, Mhz Limit: 2100
Processor Information for processor 10
  Max Mhz: 2700, Current Mhz: 2700, Mhz Limit: 2700
Processor Information for processor 11
  Max Mhz: 2700, Current Mhz: 2700, Mhz Limit: 2700
Processor Information for processor 12
  Max Mhz: 2700, Current Mhz: 2700, Mhz Limit: 2700
Processor Information for processor 13
  Max Mhz: 2700, Current Mhz: 2700, Mhz Limit: 2700
Processor Information for processor 14
  Max Mhz: 2100, Current Mhz: 2100, Mhz Limit: 2100
Processor Information for processor 15
  Max Mhz: 2100, Current Mhz: 2100, Mhz Limit: 2100
Processor Information for processor 16
  Max Mhz: 2100, Current Mhz: 2100, Mhz Limit: 2100
Processor Information for processor 17
  Max Mhz: 2100, Current Mhz: 2100, Mhz Limit: 2100
Processor Information for processor 18
  Max Mhz: 2100, Current Mhz: 2100, Mhz Limit: 2100
Processor Information for processor 19
  Max Mhz: 2100, Current Mhz: 2100, Mhz Limit: 2100
Processor Information for processor 20
  Max Mhz: 2100, Current Mhz: 2100, Mhz Limit: 2100
Processor Information for processor 21
  Max Mhz: 2100, Current Mhz: 2100, Mhz Limit: 2100
Processor Information for processor 22
  Max Mhz: 2700, Current Mhz: 2700, Mhz Limit: 2700
Processor Information for processor 23
  Max Mhz: 2700, Current Mhz: 2700, Mhz Limit: 2700

Memory: 4k page, system-wide physical 64876M (41325M free)
TotalPageFile size 68972M (AvailPageFile size 41494M)
current process WorkingSet (physical memory assigned to process): 309M, peak: 354M
current process commit charge ("private bytes"): 1428M, peak: 1502M

vm_info: Java HotSpot(TM) 64-Bit Server VM (24.0.2+12-54) for windows-amd64 JRE (24.0.2+12-54), built on 2025-07-08T12:10:27Z with MS VC++ 17.6 (VS2022)

END.
