#
# A fatal error has been detected by the Java Runtime Environment:
#
#  EXCEPTION_ACCESS_VIOLATION (0xc0000005) at pc=0x00007fff356a6ac1, pid=8236, tid=38896
#
# JRE version: Java(TM) SE Runtime Environment (24.0.2+12) (build 24.0.2+12-54)
# Java VM: Java HotSpot(TM) 64-Bit Server VM (24.0.2+12-54, mixed mode, sharing, tiered, compressed oops, compressed class ptrs, g1 gc, windows-amd64)
# Problematic frame:
# C  [dpDevCtlx64.dll+0x16ac1]
#
# No core dump will be written. Minidumps are not enabled by default on client versions of Windows
#
# If you would like to submit a bug report, please visit:
#   https://bugreport.java.com/bugreport/crash.jsp
#

---------------  S U M M A R Y ------------

Command Line: com.gp360.biometric.verification.VerificationApp

Host: Intel(R) Core(TM) Ultra 9 275HX, 24 cores, 63G,  Windows 11 , 64 bit Build 26100 (10.0.26100.5074)
Time: Fri Sep 26 16:05:53 2025 Hora estándar, América Central elapsed time: 147.736605 seconds (0d 0h 2m 27s)

---------------  T H R E A D  ---------------

Current thread (0x000001f9a3c70640):  VMThread "VM Thread"          [id=38896, stack(0x000000a7a7900000,0x000000a7a7a00000) (1024K)]

Stack: [0x000000a7a7900000,0x000000a7a7a00000],  sp=0x000000a7a79feec0,  free space=1019k
Native frames: (J=compiled Java code, j=interpreted, Vv=VM code, C=native code)
C  [dpDevCtlx64.dll+0x16ac1]  (no source info available)
C  [dpDevCtlx64.dll+0x15d2f]  (no source info available)
C  [dpDevCtlx64.dll+0x16048]  (no source info available)
C  [dpDevCtlx64.dll+0x14e22]  (no source info available)
C  [dpDevCtlx64.dll+0x12d0c]  (no source info available)
C  [dpDevCtlx64.dll+0x949b0]  (no source info available)
C  [dpDevCtlx64.dll+0x63c25]  (no source info available)
C  [dpDevCtlx64.dll+0x63799]  (no source info available)
C  [dpDevCtlx64.dll+0x63d8d]  (no source info available)
C  [dpDevCtlx64.dll+0x6160d]  (no source info available)
C  [dpDevCtlx64.dll+0x61481]  (no source info available)
C  [dpDevCtlx64.dll+0x617a7]  (no source info available)
C  [dpDevCtlx64.dll+0x1d82b]  (no source info available)
C  [dpDevCtlx64.dll+0x1df0d]  (no source info available)
C  [dpDevCtlx64.dll+0x1e056]  (no source info available)
C  [ntdll.dll+0x160ede]  (no source info available)
C  [ntdll.dll+0x7483e]  (no source info available)
C  [ntdll.dll+0xfdfff]  (no source info available)
C  [ntdll.dll+0x8ede]  (no source info available)
C  [KERNEL32.DLL+0x418ab]  (no source info available)
C  [ucrtbase.dll+0xa0093]  (no source info available)
V  [jvm.dll+0x72928c]  (no source info available)
V  [jvm.dll+0x728dc0]  (no source info available)
V  [jvm.dll+0x41b344]  (no source info available)
V  [jvm.dll+0x8e29c2]  (no source info available)
V  [jvm.dll+0x8e3d0c]  (no source info available)
V  [jvm.dll+0x8e4278]  (no source info available)
V  [jvm.dll+0x8e4513]  (no source info available)
V  [jvm.dll+0x87d9eb]  (no source info available)
V  [jvm.dll+0x72ef45]  (no source info available)
C  [ucrtbase.dll+0x37b0]  (no source info available)
C  [KERNEL32.DLL+0x2e8d7]  (no source info available)
C  [ntdll.dll+0x8d9c]  (no source info available)


siginfo: EXCEPTION_ACCESS_VIOLATION (0xc0000005), writing address 0x0000000000000008


Registers:
RAX=0x0000000000000000, RBX=0x000001f9f0a98f00, RCX=0x000001f9f0a792d0, RDX=0x000000a7a79fefa0
RSP=0x000000a7a79feec0, RBP=0x000001f9f0a98f18, RSI=0x000000a7a79ff160, RDI=0x000001f9f0a98f00
R8 =0x000001f9f0a79330, R9 =0x0000000000000000, R10=0x000001f9f5280000, R11=0x0000000000000246
R12=0x0000000000000001, R13=0x00007fff35691118, R14=0x00009f217b28989e, R15=0x000001f9f0a98f00
RIP=0x00007fff356a6ac1, EFLAGS=0x0000000000010206

XMM[0]=0x0000000000000000 0x0000000000000000
XMM[1]=0x0000000000000000 0x0000000000000000
XMM[2]=0x0000000000000000 0x0000000000000000
XMM[3]=0x0000000000000000 0x0000000000000000
XMM[4]=0x0000000000000000 0x0000000000000000
XMM[5]=0x0000000000000000 0x0000000000000000
XMM[6]=0x0000000000000000 0x0000000000000000
XMM[7]=0x0000000000000000 0x404e000000000000
XMM[8]=0x0000000000000000 0x0000000000000000
XMM[9]=0x0000000000000000 0x0000000000000000
XMM[10]=0x0000000000000000 0x0000000000000000
XMM[11]=0x0000000000000000 0x0000000000000000
XMM[12]=0x0000000000000000 0x0000000000000000
XMM[13]=0x0000000000000000 0x0000000000000000
XMM[14]=0x0000000000000000 0x0000000000000000
XMM[15]=0x0000000000000000 0x0000000000000000
  MXCSR=0x00001fa0


Register to memory mapping:

RAX=0x0 is null
RBX=0x000001f9f0a98f00 points into unknown readable memory: 0x00009f217b28989e | 9e 98 28 7b 21 9f 00 00
RCX=0x000001f9f0a792d0 points into unknown readable memory: 0x0000000000000000 | 00 00 00 00 00 00 00 00
RDX=0x000000a7a79fefa0 points into unknown readable memory: 0x0000000000002710 | 10 27 00 00 00 00 00 00
RSP=0x000000a7a79feec0 points into unknown readable memory: 0x0000000000000000 | 00 00 00 00 00 00 00 00
RBP=0x000001f9f0a98f18 points into unknown readable memory: 0x00009f217b28989e | 9e 98 28 7b 21 9f 00 00
RSI=0x000000a7a79ff160 points into unknown readable memory: 0x000000a7a79ff180 | 80 f1 9f a7 a7 00 00 00
RDI=0x000001f9f0a98f00 points into unknown readable memory: 0x00009f217b28989e | 9e 98 28 7b 21 9f 00 00
R8 =0x000001f9f0a79330 points into unknown readable memory: 0x0000000000000000 | 00 00 00 00 00 00 00 00
R9 =0x0 is null
R10=0x000001f9f5280000 points into unknown readable memory: 0x0000000000000000 | 00 00 00 00 00 00 00 00
R11=0x0000000000000246 is an unknown value
R12=0x0000000000000001 is an unknown value
R13=0x00007fff35691118 dpDevCtlx64.dll
R14=0x00009f217b28989e is an unknown value
R15=0x000001f9f0a98f00 points into unknown readable memory: 0x00009f217b28989e | 9e 98 28 7b 21 9f 00 00

Top of Stack: (sp=0x000000a7a79feec0)
0x000000a7a79feec0:   0000000000000000 0000000000000000   ................
0x000000a7a79feed0:   000001f9f0a98f00 00009f217b28989e   ..........({!...
0x000000a7a79feee0:   00007fff35691118 00007fff35742550   ..i5....P%t5....
0x000000a7a79feef0:   000001f9f0a98f00 000000a7a79ff160   ........`.......
0x000000a7a79fef00:   000001f9f0a98f00 0000000000000000   ................
0x000000a7a79fef10:   000001f9f5180000 0000000000000000   ................
0x000000a7a79fef20:   000001f9e8c56630 000000a7a79ff160   0f......`.......
0x000000a7a79fef30:   000001f9f0a98f00 00007fff356a5d2f   ......../]j5....
0x000000a7a79fef40:   00007fff35742550 000000a7a79fefa0   P%t5............
0x000000a7a79fef50:   000001f9f0a79330 00007fff6b6731a9   0........1gk....
0x000000a7a79fef60:   0000000000000b00 000001f9f0a79330   ........0.......
0x000000a7a79fef70:   000001f9f0a79330 000001f9f0a79340   0.......@.......
0x000000a7a79fef80:   000001f9f0a79340 000001f9e8c56630   @.......0f......
0x000000a7a79fef90:   000001f9f0a79330 00007fff35742550   0.......P%t5....
0x000000a7a79fefa0:   0000000000002710 000000a7a79ff160   .'......`.......
0x000000a7a79fefb0:   0000000000000000 00007fff356a6048   ........H`j5....
0x000000a7a79fefc0:   00007fff35742550 00007fff356a9b20   P%t5.... .j5....
0x000000a7a79fefd0:   00007fff35742568 00009f217b28989e   h%t5......({!...
0x000000a7a79fefe0:   00007fff00000001 0000000000000001   ................
0x000000a7a79feff0:   000001f9f0a98f00 00007fff356a4e22   ........"Nj5....
0x000000a7a79ff000:   000001f9f0562800 00007fff356f758c   .(V......uo5....
0x000000a7a79ff010:   000001f9f5180000 0000000000000000   ................
0x000000a7a79ff020:   0000000100000000 000001f9f0562800   .........(V.....
0x000000a7a79ff030:   000001f9f0a98f08 00007fff356a6857   ........Whj5....
0x000000a7a79ff040:   000001f9f0562800 000001f900000000   .(V.............
0x000000a7a79ff050:   0000000000000000 00007fff356a2d0c   .........-j5....
0x000000a7a79ff060:   000001f9f0562800 00007fff35742550   .(V.....P%t5....
0x000000a7a79ff070:   000001f9f0a792d0 00007fff35742550   ........P%t5....
0x000000a7a79ff080:   00007fff35742550 000001f9f0562800   P%t5.....(V.....
0x000000a7a79ff090:   00007fff35742578 00007fff357249b0   x%t5.....Ir5....
0x000000a7a79ff0a0:   00007fff35742528 00007ffe7cf1a178   (%t5....x..|....
0x000000a7a79ff0b0:   00007fff35742578 000001f9f3d0c510   x%t5............

Instructions: (pc=0x00007fff356a6ac1)
  0x00007fff356a69c1:   20 01 48 b8 aa aa aa aa aa aa aa 0a 48 89 44 24
  0x00007fff356a69d1:   38 48 b8 aa aa aa aa aa aa aa 0a 48 39 44 24 58
  0x00007fff356a69e1:   76 05 e8 40 ce fe ff 48 6b 44 24 58 18 48 89 44
  0x00007fff356a69f1:   24 28 48 81 7c 24 28 00 10 00 00 72 11 48 8b 4c
  0x00007fff356a6a01:   24 28 e8 39 c4 fe ff 48 89 44 24 30 eb 22 48 83
  0x00007fff356a6a11:   7c 24 28 00 74 11 48 8b 4c 24 28 e8 0a a8 fe ff
  0x00007fff356a6a21:   48 89 44 24 30 eb 09 48 c7 44 24 30 00 00 00 00
  0x00007fff356a6a31:   48 8b 44 24 30 48 83 c4 48 c3 cc cc cc cc cc cc
  0x00007fff356a6a41:   cc cc cc cc cc cc cc cc cc cc cc cc cc cc cc cc
  0x00007fff356a6a51:   cc cc cc cc cc cc cc cc cc cc cc cc cc cc cc 4c
  0x00007fff356a6a61:   89 44 24 18 48 89 54 24 10 48 89 4c 24 08 48 83
  0x00007fff356a6a71:   ec 78 48 8b 84 24 90 00 00 00 48 8b 00 48 89 44
  0x00007fff356a6a81:   24 48 48 8b 84 24 80 00 00 00 48 89 44 24 28 48
  0x00007fff356a6a91:   8b 84 24 90 00 00 00 48 8b 40 08 48 8b 8c 24 90
  0x00007fff356a6aa1:   00 00 00 48 8b 09 48 89 08 48 8b 84 24 90 00 00
  0x00007fff356a6ab1:   00 48 8b 00 48 8b 8c 24 90 00 00 00 48 8b 49 08
=>0x00007fff356a6ac1:   48 89 48 08 48 8b 44 24 28 48 8b 40 08 48 ff c8
  0x00007fff356a6ad1:   48 8b 4c 24 28 48 89 41 08 48 8b 84 24 90 00 00
  0x00007fff356a6ae1:   00 48 89 44 24 30 48 8b 84 24 80 00 00 00 48 89
  0x00007fff356a6af1:   44 24 40 48 8b 44 24 40 48 89 44 24 50 48 8b 44
  0x00007fff356a6b01:   24 30 48 83 c0 10 48 89 44 24 58 b8 01 00 00 00
  0x00007fff356a6b11:   48 6b c0 18 48 89 44 24 20 48 8b 44 24 30 48 89
  0x00007fff356a6b21:   44 24 38 48 81 7c 24 20 00 10 00 00 72 0f 48 8d
  0x00007fff356a6b31:   54 24 20 48 8d 4c 24 38 e8 8f af fe ff 48 8b 54
  0x00007fff356a6b41:   24 20 48 8b 4c 24 38 e8 ad cd fe ff 90 48 8b 84
  0x00007fff356a6b51:   24 80 00 00 00 48 89 44 24 60 48 8b 84 24 88 00
  0x00007fff356a6b61:   00 00 48 8b 4c 24 48 48 89 08 48 8b 84 24 88 00
  0x00007fff356a6b71:   00 00 48 83 c4 78 c3 cc cc cc cc cc cc cc cc cc
  0x00007fff356a6b81:   cc cc cc cc cc cc cc cc cc cc cc cc cc cc cc cc
  0x00007fff356a6b91:   cc cc cc cc cc cc cc cc cc cc cc cc cc cc cc cc
  0x00007fff356a6ba1:   cc cc cc cc cc cc cc cc cc cc cc cc cc cc cc cc
  0x00007fff356a6bb1:   cc cc cc cc cc cc cc cc cc cc cc cc cc cc cc 48


Stack slot to memory mapping:

stack at sp + 0 slots: 0x0 is null
stack at sp + 1 slots: 0x0 is null
stack at sp + 2 slots: 0x000001f9f0a98f00 points into unknown readable memory: 0x00009f217b28989e | 9e 98 28 7b 21 9f 00 00
stack at sp + 3 slots: 0x00009f217b28989e is an unknown value
stack at sp + 4 slots: 0x00007fff35691118 dpDevCtlx64.dll
stack at sp + 5 slots: 0x00007fff35742550 dpDevCtlx64.dll
stack at sp + 6 slots: 0x000001f9f0a98f00 points into unknown readable memory: 0x00009f217b28989e | 9e 98 28 7b 21 9f 00 00
stack at sp + 7 slots: 0x000000a7a79ff160 points into unknown readable memory: 0x000000a7a79ff180 | 80 f1 9f a7 a7 00 00 00

VM_Operation (0x000000a7a8cfef30): Exit, mode: safepoint, requested by thread 0x000001f9e8af8580


---------------  P R O C E S S  ---------------

Threads class SMR info:
_java_thread_list=0x000001fa04965e30, length=16, elements={
0x000001f9a3c81d50, 0x000001f9a3c82690, 0x000001f9a3c88e40, 0x000001f9a3c89eb0,
0x000001f9a3c8b680, 0x000001f9a3c8d1a0, 0x000001f9a3c9a750, 0x000001f9a3c9d670,
0x000001f9e8149530, 0x000001f9e81717a0, 0x000001f9e899d9e0, 0x000001f9e87071d0,
0x000001f9e8af5150, 0x000001f9e8af8580, 0x000001f9f51af710, 0x000001f9f0abd600
}

Java Threads: ( => current thread )
  0x000001f9a3c81d50 JavaThread "Reference Handler"          daemon [_thread_blocked, id=25744, stack(0x000000a7a7a00000,0x000000a7a7b00000) (1024K)]
  0x000001f9a3c82690 JavaThread "Finalizer"                  daemon [_thread_blocked, id=23088, stack(0x000000a7a7b00000,0x000000a7a7c00000) (1024K)]
  0x000001f9a3c88e40 JavaThread "Signal Dispatcher"          daemon [_thread_blocked, id=30604, stack(0x000000a7a7c00000,0x000000a7a7d00000) (1024K)]
  0x000001f9a3c89eb0 JavaThread "Attach Listener"            daemon [_thread_blocked, id=17916, stack(0x000000a7a7d00000,0x000000a7a7e00000) (1024K)]
  0x000001f9a3c8b680 JavaThread "Service Thread"             daemon [_thread_blocked, id=17788, stack(0x000000a7a7e00000,0x000000a7a7f00000) (1024K)]
  0x000001f9a3c8d1a0 JavaThread "Monitor Deflation Thread"   daemon [_thread_blocked, id=17536, stack(0x000000a7a7f00000,0x000000a7a8000000) (1024K)]
  0x000001f9a3c9a750 JavaThread "C2 CompilerThread0"         daemon [_thread_blocked, id=38804, stack(0x000000a7a8000000,0x000000a7a8100000) (1024K)]
  0x000001f9a3c9d670 JavaThread "C1 CompilerThread0"         daemon [_thread_blocked, id=10984, stack(0x000000a7a8100000,0x000000a7a8200000) (1024K)]
  0x000001f9e8149530 JavaThread "Notification Thread"        daemon [_thread_blocked, id=18840, stack(0x000000a7a8200000,0x000000a7a8300000) (1024K)]
  0x000001f9e81717a0 JavaThread "Common-Cleaner"             daemon [_thread_blocked, id=36792, stack(0x000000a7a8300000,0x000000a7a8400000) (1024K)]
  0x000001f9e899d9e0 JavaThread "Java2D Disposer"            daemon [_thread_blocked, id=11012, stack(0x000000a7a8800000,0x000000a7a8900000) (1024K)]
  0x000001f9e87071d0 JavaThread "AWT-Shutdown"                      [_thread_blocked, id=37096, stack(0x000000a7a8900000,0x000000a7a8a00000) (1024K)]
  0x000001f9e8af5150 JavaThread "mysql-cj-abandoned-connection-cleanup" daemon [_thread_blocked, id=22240, stack(0x000000a7a8b00000,0x000000a7a8c00000) (1024K)]
  0x000001f9e8af8580 JavaThread "AWT-EventQueue-0"                  [_thread_blocked, id=35896, stack(0x000000a7a8c00000,0x000000a7a8d00000) (1024K)]
  0x000001f9f51af710 JavaThread "DestroyJavaVM"                     [_thread_blocked, id=35980, stack(0x000000a7a7200000,0x000000a7a7300000) (1024K)]
  0x000001f9f0abd600 JavaThread "TimerQueue"                 daemon [_thread_blocked, id=36372, stack(0x000000a7a9190000,0x000000a7a9290000) (1024K)]
Total: 16

Other Threads:
=>0x000001f9a3c70640 VMThread "VM Thread"                           [id=38896, stack(0x000000a7a7900000,0x000000a7a7a00000) (1024K)]
  0x000001f9f5863b80 WorkerThread "GC Thread#0"                     [id=37676, stack(0x000000a7a7300000,0x000000a7a7400000) (1024K)]
  0x000001f9f3cd2240 WorkerThread "GC Thread#1"                     [id=23604, stack(0x000000a7a9e30000,0x000000a7a9f30000) (1024K)]
  0x000001f9f3cd29a0 WorkerThread "GC Thread#2"                     [id=13420, stack(0x000000a7a9f30000,0x000000a7aa030000) (1024K)]
  0x000001f9f3cd2d50 WorkerThread "GC Thread#3"                     [id=25660, stack(0x000000a7aa030000,0x000000a7aa130000) (1024K)]
  0x000001f9f3cd3100 WorkerThread "GC Thread#4"                     [id=33352, stack(0x000000a7aa130000,0x000000a7aa230000) (1024K)]
  0x000001f9f3cd3860 WorkerThread "GC Thread#5"                     [id=10776, stack(0x000000a7aa230000,0x000000a7aa330000) (1024K)]
  0x000001f9f3cd25f0 WorkerThread "GC Thread#6"                     [id=3096, stack(0x000000a7aa330000,0x000000a7aa430000) (1024K)]
  0x000001f9f3cd1e90 WorkerThread "GC Thread#7"                     [id=31936, stack(0x000000a7aa430000,0x000000a7aa530000) (1024K)]
  0x000001f9f4203c30 WorkerThread "GC Thread#8"                     [id=17616, stack(0x000000a7aa530000,0x000000a7aa630000) (1024K)]
  0x000001f9f4203fe0 WorkerThread "GC Thread#9"                     [id=3036, stack(0x000000a7aa630000,0x000000a7aa730000) (1024K)]
  0x000001f9f4204390 WorkerThread "GC Thread#10"                    [id=32048, stack(0x000000a7aa730000,0x000000a7aa830000) (1024K)]
  0x000001f9f4204af0 WorkerThread "GC Thread#11"                    [id=19876, stack(0x000000a7aa830000,0x000000a7aa930000) (1024K)]
  0x000001f9f4204740 WorkerThread "GC Thread#12"                    [id=4076, stack(0x000000a7aa930000,0x000000a7aaa30000) (1024K)]
  0x000001f9f4202610 WorkerThread "GC Thread#13"                    [id=28932, stack(0x000000a7aaa30000,0x000000a7aab30000) (1024K)]
  0x000001f9f4201eb0 WorkerThread "GC Thread#14"                    [id=37228, stack(0x000000a7aab30000,0x000000a7aac30000) (1024K)]
  0x000001f9f4201b00 WorkerThread "GC Thread#15"                    [id=24656, stack(0x000000a7aac30000,0x000000a7aad30000) (1024K)]
  0x000001f9f4204ea0 WorkerThread "GC Thread#16"                    [id=33236, stack(0x000000a7aad30000,0x000000a7aae30000) (1024K)]
  0x000001f9f42013a0 WorkerThread "GC Thread#17"                    [id=37412, stack(0x000000a7aae30000,0x000000a7aaf30000) (1024K)]
  0x000001f9f5878950 ConcurrentGCThread "G1 Main Marker"            terminated
  0x000001f9f587a350 WorkerThread "G1 Conc#0"                       [id=27496, stack(0x000000a7a7500000,0x000000a7a7600000) (1024K)]
  0x000001f9a3bf1a70 ConcurrentGCThread "G1 Refine#0"               terminated
  0x000001f9a3bf34a0 ConcurrentGCThread "G1 Service"                terminated
Total: 23

Threads with active compile tasks:
Total: 0

VM state: at safepoint (shutting down)

VM Mutex/Monitor currently owned by a thread:  ([mutex/lock_event])
[0x00007ffe80f644f0] Threads_lock - owner thread: 0x000001f9a3c70640
[0x00007ffe80f645f0] Heap_lock - owner thread: 0x000001f9e8af8580

Heap address: 0x000000040a000000, size: 16224 MB, Compressed Oops mode: Zero based, Oop shift amount: 3

CDS archive(s) mapped at: [0x000001f9a7000000-0x000001f9a7d40000-0x000001f9a7d40000), size 13893632, SharedBaseAddress: 0x000001f9a7000000, ArchiveRelocationMode: 1.
Compressed class space mapped at: 0x000001f9a8000000-0x000001f9e8000000, reserved size: 1073741824
UseCompressedClassPointers 1, UseCompactObjectHeaders 0
Narrow klass pointer bits 32, Max shift 3
Narrow klass base: 0x000001f9a7000000, Narrow klass shift: 0
Encoding Range: [0x000001f9a7000000 - 0x000001faa7000000), (4294967296 bytes)
Klass Range:    [0x000001f9a7000000 - 0x000001f9e8000000), (1090519040 bytes)
Klass ID Range:  [8 - 1090519033) (1090519025)

GC Precious Log:
 CardTable entry size: 512
 Card Set container configuration: InlinePtr #cards 4 size 8 Array Of Cards #cards 64 size 144 Howl #buckets 8 coarsen threshold 14745 Howl Bitmap #cards 2048 size 272 coarsen threshold 1843 Card regions per heap region 1 cards per card region 16384
 CPUs: 24 total, 24 available
 Memory: 64876M
 Large Page Support: Disabled
 NUMA Support: Disabled
 Compressed Oops: Enabled (Zero based)
 Heap Region Size: 8M
 Heap Min Capacity: 8M
 Heap Initial Capacity: 1016M
 Heap Max Capacity: 16224M
 Pre-touch: Disabled
 Parallel Workers: 18
 Concurrent Workers: 5
 Concurrent Refinement Workers: 18
 Periodic GC: Disabled

Heap:
 garbage-first heap   total reserved 16613376K, committed 1048576K, used 39673K [0x000000040a000000, 0x0000000800000000)
  region size 8192K, 6 young (49152K), 1 survivors (8192K)
 Metaspace       used 19613K, committed 20224K, reserved 1114112K
  class space    used 1849K, committed 2112K, reserved 1048576K

Heap Regions: E=young(eden), S=young(survivor), O=old, HS=humongous(starts), HC=humongous(continues), CS=collection set, F=free, TAMS=top-at-mark-start, PB=parsable bottom
|   0|0x000000040a000000, 0x000000040a000000, 0x000000040a800000|  0%| F|  |TAMS 0x000000040a000000| PB 0x000000040a000000| Untracked |  0
|   1|0x000000040a800000, 0x000000040a800000, 0x000000040b000000|  0%| F|  |TAMS 0x000000040a800000| PB 0x000000040a800000| Untracked |  0
|   2|0x000000040b000000, 0x000000040b000000, 0x000000040b800000|  0%| F|  |TAMS 0x000000040b000000| PB 0x000000040b000000| Untracked |  0
|   3|0x000000040b800000, 0x000000040b800000, 0x000000040c000000|  0%| F|  |TAMS 0x000000040b800000| PB 0x000000040b800000| Untracked |  0
|   4|0x000000040c000000, 0x000000040c000000, 0x000000040c800000|  0%| F|  |TAMS 0x000000040c000000| PB 0x000000040c000000| Untracked |  0
|   5|0x000000040c800000, 0x000000040c800000, 0x000000040d000000|  0%| F|  |TAMS 0x000000040c800000| PB 0x000000040c800000| Untracked |  0
|   6|0x000000040d000000, 0x000000040d000000, 0x000000040d800000|  0%| F|  |TAMS 0x000000040d000000| PB 0x000000040d000000| Untracked |  0
|   7|0x000000040d800000, 0x000000040d800000, 0x000000040e000000|  0%| F|  |TAMS 0x000000040d800000| PB 0x000000040d800000| Untracked |  0
|   8|0x000000040e000000, 0x000000040e000000, 0x000000040e800000|  0%| F|  |TAMS 0x000000040e000000| PB 0x000000040e000000| Untracked |  0
|   9|0x000000040e800000, 0x000000040e800000, 0x000000040f000000|  0%| F|  |TAMS 0x000000040e800000| PB 0x000000040e800000| Untracked |  0
|  10|0x000000040f000000, 0x000000040f000000, 0x000000040f800000|  0%| F|  |TAMS 0x000000040f000000| PB 0x000000040f000000| Untracked |  0
|  11|0x000000040f800000, 0x000000040f800000, 0x0000000410000000|  0%| F|  |TAMS 0x000000040f800000| PB 0x000000040f800000| Untracked |  0
|  12|0x0000000410000000, 0x0000000410000000, 0x0000000410800000|  0%| F|  |TAMS 0x0000000410000000| PB 0x0000000410000000| Untracked |  0
|  13|0x0000000410800000, 0x0000000410800000, 0x0000000411000000|  0%| F|  |TAMS 0x0000000410800000| PB 0x0000000410800000| Untracked |  0
|  14|0x0000000411000000, 0x0000000411000000, 0x0000000411800000|  0%| F|  |TAMS 0x0000000411000000| PB 0x0000000411000000| Untracked |  0
|  15|0x0000000411800000, 0x0000000411800000, 0x0000000412000000|  0%| F|  |TAMS 0x0000000411800000| PB 0x0000000411800000| Untracked |  0
|  16|0x0000000412000000, 0x0000000412000000, 0x0000000412800000|  0%| F|  |TAMS 0x0000000412000000| PB 0x0000000412000000| Untracked |  0
|  17|0x0000000412800000, 0x0000000412800000, 0x0000000413000000|  0%| F|  |TAMS 0x0000000412800000| PB 0x0000000412800000| Untracked |  0
|  18|0x0000000413000000, 0x0000000413000000, 0x0000000413800000|  0%| F|  |TAMS 0x0000000413000000| PB 0x0000000413000000| Untracked |  0
|  19|0x0000000413800000, 0x0000000413800000, 0x0000000414000000|  0%| F|  |TAMS 0x0000000413800000| PB 0x0000000413800000| Untracked |  0
|  20|0x0000000414000000, 0x0000000414000000, 0x0000000414800000|  0%| F|  |TAMS 0x0000000414000000| PB 0x0000000414000000| Untracked |  0
|  21|0x0000000414800000, 0x0000000414800000, 0x0000000415000000|  0%| F|  |TAMS 0x0000000414800000| PB 0x0000000414800000| Untracked |  0
|  22|0x0000000415000000, 0x0000000415000000, 0x0000000415800000|  0%| F|  |TAMS 0x0000000415000000| PB 0x0000000415000000| Untracked |  0
|  23|0x0000000415800000, 0x0000000415800000, 0x0000000416000000|  0%| F|  |TAMS 0x0000000415800000| PB 0x0000000415800000| Untracked |  0
|  24|0x0000000416000000, 0x0000000416000000, 0x0000000416800000|  0%| F|  |TAMS 0x0000000416000000| PB 0x0000000416000000| Untracked |  0
|  25|0x0000000416800000, 0x0000000416800000, 0x0000000417000000|  0%| F|  |TAMS 0x0000000416800000| PB 0x0000000416800000| Untracked |  0
|  26|0x0000000417000000, 0x0000000417000000, 0x0000000417800000|  0%| F|  |TAMS 0x0000000417000000| PB 0x0000000417000000| Untracked |  0
|  27|0x0000000417800000, 0x0000000417800000, 0x0000000418000000|  0%| F|  |TAMS 0x0000000417800000| PB 0x0000000417800000| Untracked |  0
|  28|0x0000000418000000, 0x0000000418000000, 0x0000000418800000|  0%| F|  |TAMS 0x0000000418000000| PB 0x0000000418000000| Untracked |  0
|  29|0x0000000418800000, 0x0000000418800000, 0x0000000419000000|  0%| F|  |TAMS 0x0000000418800000| PB 0x0000000418800000| Untracked |  0
|  30|0x0000000419000000, 0x0000000419000000, 0x0000000419800000|  0%| F|  |TAMS 0x0000000419000000| PB 0x0000000419000000| Untracked |  0
|  31|0x0000000419800000, 0x0000000419800000, 0x000000041a000000|  0%| F|  |TAMS 0x0000000419800000| PB 0x0000000419800000| Untracked |  0
|  32|0x000000041a000000, 0x000000041a000000, 0x000000041a800000|  0%| F|  |TAMS 0x000000041a000000| PB 0x000000041a000000| Untracked |  0
|  33|0x000000041a800000, 0x000000041a800000, 0x000000041b000000|  0%| F|  |TAMS 0x000000041a800000| PB 0x000000041a800000| Untracked |  0
|  34|0x000000041b000000, 0x000000041b000000, 0x000000041b800000|  0%| F|  |TAMS 0x000000041b000000| PB 0x000000041b000000| Untracked |  0
|  35|0x000000041b800000, 0x000000041b800000, 0x000000041c000000|  0%| F|  |TAMS 0x000000041b800000| PB 0x000000041b800000| Untracked |  0
|  36|0x000000041c000000, 0x000000041c000000, 0x000000041c800000|  0%| F|  |TAMS 0x000000041c000000| PB 0x000000041c000000| Untracked |  0
|  37|0x000000041c800000, 0x000000041c800000, 0x000000041d000000|  0%| F|  |TAMS 0x000000041c800000| PB 0x000000041c800000| Untracked |  0
|  38|0x000000041d000000, 0x000000041d000000, 0x000000041d800000|  0%| F|  |TAMS 0x000000041d000000| PB 0x000000041d000000| Untracked |  0
|  39|0x000000041d800000, 0x000000041d800000, 0x000000041e000000|  0%| F|  |TAMS 0x000000041d800000| PB 0x000000041d800000| Untracked |  0
|  40|0x000000041e000000, 0x000000041e000000, 0x000000041e800000|  0%| F|  |TAMS 0x000000041e000000| PB 0x000000041e000000| Untracked |  0
|  41|0x000000041e800000, 0x000000041e800000, 0x000000041f000000|  0%| F|  |TAMS 0x000000041e800000| PB 0x000000041e800000| Untracked |  0
|  42|0x000000041f000000, 0x000000041f000000, 0x000000041f800000|  0%| F|  |TAMS 0x000000041f000000| PB 0x000000041f000000| Untracked |  0
|  43|0x000000041f800000, 0x000000041f800000, 0x0000000420000000|  0%| F|  |TAMS 0x000000041f800000| PB 0x000000041f800000| Untracked |  0
|  44|0x0000000420000000, 0x0000000420000000, 0x0000000420800000|  0%| F|  |TAMS 0x0000000420000000| PB 0x0000000420000000| Untracked |  0
|  45|0x0000000420800000, 0x0000000420800000, 0x0000000421000000|  0%| F|  |TAMS 0x0000000420800000| PB 0x0000000420800000| Untracked |  0
|  46|0x0000000421000000, 0x0000000421000000, 0x0000000421800000|  0%| F|  |TAMS 0x0000000421000000| PB 0x0000000421000000| Untracked |  0
|  47|0x0000000421800000, 0x0000000421800000, 0x0000000422000000|  0%| F|  |TAMS 0x0000000421800000| PB 0x0000000421800000| Untracked |  0
|  48|0x0000000422000000, 0x0000000422000000, 0x0000000422800000|  0%| F|  |TAMS 0x0000000422000000| PB 0x0000000422000000| Untracked |  0
|  49|0x0000000422800000, 0x0000000422800000, 0x0000000423000000|  0%| F|  |TAMS 0x0000000422800000| PB 0x0000000422800000| Untracked |  0
|  50|0x0000000423000000, 0x0000000423000000, 0x0000000423800000|  0%| F|  |TAMS 0x0000000423000000| PB 0x0000000423000000| Untracked |  0
|  51|0x0000000423800000, 0x0000000423800000, 0x0000000424000000|  0%| F|  |TAMS 0x0000000423800000| PB 0x0000000423800000| Untracked |  0
|  52|0x0000000424000000, 0x0000000424000000, 0x0000000424800000|  0%| F|  |TAMS 0x0000000424000000| PB 0x0000000424000000| Untracked |  0
|  53|0x0000000424800000, 0x0000000424800000, 0x0000000425000000|  0%| F|  |TAMS 0x0000000424800000| PB 0x0000000424800000| Untracked |  0
|  54|0x0000000425000000, 0x0000000425000000, 0x0000000425800000|  0%| F|  |TAMS 0x0000000425000000| PB 0x0000000425000000| Untracked |  0
|  55|0x0000000425800000, 0x0000000425800000, 0x0000000426000000|  0%| F|  |TAMS 0x0000000425800000| PB 0x0000000425800000| Untracked |  0
|  56|0x0000000426000000, 0x0000000426000000, 0x0000000426800000|  0%| F|  |TAMS 0x0000000426000000| PB 0x0000000426000000| Untracked |  0
|  57|0x0000000426800000, 0x0000000426800000, 0x0000000427000000|  0%| F|  |TAMS 0x0000000426800000| PB 0x0000000426800000| Untracked |  0
|  58|0x0000000427000000, 0x0000000427000000, 0x0000000427800000|  0%| F|  |TAMS 0x0000000427000000| PB 0x0000000427000000| Untracked |  0
|  59|0x0000000427800000, 0x0000000427800000, 0x0000000428000000|  0%| F|  |TAMS 0x0000000427800000| PB 0x0000000427800000| Untracked |  0
|  60|0x0000000428000000, 0x0000000428000000, 0x0000000428800000|  0%| F|  |TAMS 0x0000000428000000| PB 0x0000000428000000| Untracked |  0
|  61|0x0000000428800000, 0x0000000428800000, 0x0000000429000000|  0%| F|  |TAMS 0x0000000428800000| PB 0x0000000428800000| Untracked |  0
|  62|0x0000000429000000, 0x0000000429000000, 0x0000000429800000|  0%| F|  |TAMS 0x0000000429000000| PB 0x0000000429000000| Untracked |  0
|  63|0x0000000429800000, 0x0000000429800000, 0x000000042a000000|  0%| F|  |TAMS 0x0000000429800000| PB 0x0000000429800000| Untracked |  0
|  64|0x000000042a000000, 0x000000042a000000, 0x000000042a800000|  0%| F|  |TAMS 0x000000042a000000| PB 0x000000042a000000| Untracked |  0
|  65|0x000000042a800000, 0x000000042a800000, 0x000000042b000000|  0%| F|  |TAMS 0x000000042a800000| PB 0x000000042a800000| Untracked |  0
|  66|0x000000042b000000, 0x000000042b000000, 0x000000042b800000|  0%| F|  |TAMS 0x000000042b000000| PB 0x000000042b000000| Untracked |  0
|  67|0x000000042b800000, 0x000000042b800000, 0x000000042c000000|  0%| F|  |TAMS 0x000000042b800000| PB 0x000000042b800000| Untracked |  0
|  68|0x000000042c000000, 0x000000042c000000, 0x000000042c800000|  0%| F|  |TAMS 0x000000042c000000| PB 0x000000042c000000| Untracked |  0
|  69|0x000000042c800000, 0x000000042c800000, 0x000000042d000000|  0%| F|  |TAMS 0x000000042c800000| PB 0x000000042c800000| Untracked |  0
|  70|0x000000042d000000, 0x000000042d000000, 0x000000042d800000|  0%| F|  |TAMS 0x000000042d000000| PB 0x000000042d000000| Untracked |  0
|  71|0x000000042d800000, 0x000000042d800000, 0x000000042e000000|  0%| F|  |TAMS 0x000000042d800000| PB 0x000000042d800000| Untracked |  0
|  72|0x000000042e000000, 0x000000042e000000, 0x000000042e800000|  0%| F|  |TAMS 0x000000042e000000| PB 0x000000042e000000| Untracked |  0
|  73|0x000000042e800000, 0x000000042e800000, 0x000000042f000000|  0%| F|  |TAMS 0x000000042e800000| PB 0x000000042e800000| Untracked |  0
|  74|0x000000042f000000, 0x000000042f000000, 0x000000042f800000|  0%| F|  |TAMS 0x000000042f000000| PB 0x000000042f000000| Untracked |  0
|  75|0x000000042f800000, 0x000000042f800000, 0x0000000430000000|  0%| F|  |TAMS 0x000000042f800000| PB 0x000000042f800000| Untracked |  0
|  76|0x0000000430000000, 0x0000000430000000, 0x0000000430800000|  0%| F|  |TAMS 0x0000000430000000| PB 0x0000000430000000| Untracked |  0
|  77|0x0000000430800000, 0x0000000430800000, 0x0000000431000000|  0%| F|  |TAMS 0x0000000430800000| PB 0x0000000430800000| Untracked |  0
|  78|0x0000000431000000, 0x0000000431000000, 0x0000000431800000|  0%| F|  |TAMS 0x0000000431000000| PB 0x0000000431000000| Untracked |  0
|  79|0x0000000431800000, 0x0000000431800000, 0x0000000432000000|  0%| F|  |TAMS 0x0000000431800000| PB 0x0000000431800000| Untracked |  0
|  80|0x0000000432000000, 0x0000000432000000, 0x0000000432800000|  0%| F|  |TAMS 0x0000000432000000| PB 0x0000000432000000| Untracked |  0
|  81|0x0000000432800000, 0x0000000432800000, 0x0000000433000000|  0%| F|  |TAMS 0x0000000432800000| PB 0x0000000432800000| Untracked |  0
|  82|0x0000000433000000, 0x0000000433000000, 0x0000000433800000|  0%| F|  |TAMS 0x0000000433000000| PB 0x0000000433000000| Untracked |  0
|  83|0x0000000433800000, 0x0000000433800000, 0x0000000434000000|  0%| F|  |TAMS 0x0000000433800000| PB 0x0000000433800000| Untracked |  0
|  84|0x0000000434000000, 0x0000000434000000, 0x0000000434800000|  0%| F|  |TAMS 0x0000000434000000| PB 0x0000000434000000| Untracked |  0
|  85|0x0000000434800000, 0x0000000434800000, 0x0000000435000000|  0%| F|  |TAMS 0x0000000434800000| PB 0x0000000434800000| Untracked |  0
|  86|0x0000000435000000, 0x0000000435000000, 0x0000000435800000|  0%| F|  |TAMS 0x0000000435000000| PB 0x0000000435000000| Untracked |  0
|  87|0x0000000435800000, 0x0000000435800000, 0x0000000436000000|  0%| F|  |TAMS 0x0000000435800000| PB 0x0000000435800000| Untracked |  0
|  88|0x0000000436000000, 0x0000000436000000, 0x0000000436800000|  0%| F|  |TAMS 0x0000000436000000| PB 0x0000000436000000| Untracked |  0
|  89|0x0000000436800000, 0x0000000436800000, 0x0000000437000000|  0%| F|  |TAMS 0x0000000436800000| PB 0x0000000436800000| Untracked |  0
|  90|0x0000000437000000, 0x0000000437000000, 0x0000000437800000|  0%| F|  |TAMS 0x0000000437000000| PB 0x0000000437000000| Untracked |  0
|  91|0x0000000437800000, 0x0000000437800000, 0x0000000438000000|  0%| F|  |TAMS 0x0000000437800000| PB 0x0000000437800000| Untracked |  0
|  92|0x0000000438000000, 0x0000000438000000, 0x0000000438800000|  0%| F|  |TAMS 0x0000000438000000| PB 0x0000000438000000| Untracked |  0
|  93|0x0000000438800000, 0x0000000438800000, 0x0000000439000000|  0%| F|  |TAMS 0x0000000438800000| PB 0x0000000438800000| Untracked |  0
|  94|0x0000000439000000, 0x0000000439000000, 0x0000000439800000|  0%| F|  |TAMS 0x0000000439000000| PB 0x0000000439000000| Untracked |  0
|  95|0x0000000439800000, 0x0000000439800000, 0x000000043a000000|  0%| F|  |TAMS 0x0000000439800000| PB 0x0000000439800000| Untracked |  0
|  96|0x000000043a000000, 0x000000043a000000, 0x000000043a800000|  0%| F|  |TAMS 0x000000043a000000| PB 0x000000043a000000| Untracked |  0
|  97|0x000000043a800000, 0x000000043a800000, 0x000000043b000000|  0%| F|  |TAMS 0x000000043a800000| PB 0x000000043a800000| Untracked |  0
|  98|0x000000043b000000, 0x000000043b000000, 0x000000043b800000|  0%| F|  |TAMS 0x000000043b000000| PB 0x000000043b000000| Untracked |  0
|  99|0x000000043b800000, 0x000000043b800000, 0x000000043c000000|  0%| F|  |TAMS 0x000000043b800000| PB 0x000000043b800000| Untracked |  0
| 100|0x000000043c000000, 0x000000043c000000, 0x000000043c800000|  0%| F|  |TAMS 0x000000043c000000| PB 0x000000043c000000| Untracked |  0
| 101|0x000000043c800000, 0x000000043c800000, 0x000000043d000000|  0%| F|  |TAMS 0x000000043c800000| PB 0x000000043c800000| Untracked |  0
| 102|0x000000043d000000, 0x000000043d000000, 0x000000043d800000|  0%| F|  |TAMS 0x000000043d000000| PB 0x000000043d000000| Untracked |  0
| 103|0x000000043d800000, 0x000000043d800000, 0x000000043e000000|  0%| F|  |TAMS 0x000000043d800000| PB 0x000000043d800000| Untracked |  0
| 104|0x000000043e000000, 0x000000043e000000, 0x000000043e800000|  0%| F|  |TAMS 0x000000043e000000| PB 0x000000043e000000| Untracked |  0
| 105|0x000000043e800000, 0x000000043e800000, 0x000000043f000000|  0%| F|  |TAMS 0x000000043e800000| PB 0x000000043e800000| Untracked |  0
| 106|0x000000043f000000, 0x000000043f000000, 0x000000043f800000|  0%| F|  |TAMS 0x000000043f000000| PB 0x000000043f000000| Untracked |  0
| 107|0x000000043f800000, 0x000000043f800000, 0x0000000440000000|  0%| F|  |TAMS 0x000000043f800000| PB 0x000000043f800000| Untracked |  0
| 108|0x0000000440000000, 0x0000000440000000, 0x0000000440800000|  0%| F|  |TAMS 0x0000000440000000| PB 0x0000000440000000| Untracked |  0
| 109|0x0000000440800000, 0x0000000440800000, 0x0000000441000000|  0%| F|  |TAMS 0x0000000440800000| PB 0x0000000440800000| Untracked |  0
| 110|0x0000000441000000, 0x0000000441000000, 0x0000000441800000|  0%| F|  |TAMS 0x0000000441000000| PB 0x0000000441000000| Untracked |  0
| 111|0x0000000441800000, 0x0000000441800000, 0x0000000442000000|  0%| F|  |TAMS 0x0000000441800000| PB 0x0000000441800000| Untracked |  0
| 112|0x0000000442000000, 0x0000000442000000, 0x0000000442800000|  0%| F|  |TAMS 0x0000000442000000| PB 0x0000000442000000| Untracked |  0
| 113|0x0000000442800000, 0x0000000442800000, 0x0000000443000000|  0%| F|  |TAMS 0x0000000442800000| PB 0x0000000442800000| Untracked |  0
| 114|0x0000000443000000, 0x0000000443000000, 0x0000000443800000|  0%| F|  |TAMS 0x0000000443000000| PB 0x0000000443000000| Untracked |  0
| 115|0x0000000443800000, 0x0000000443800000, 0x0000000444000000|  0%| F|  |TAMS 0x0000000443800000| PB 0x0000000443800000| Untracked |  0
| 116|0x0000000444000000, 0x0000000444000000, 0x0000000444800000|  0%| F|  |TAMS 0x0000000444000000| PB 0x0000000444000000| Untracked |  0
| 117|0x0000000444800000, 0x0000000444800000, 0x0000000445000000|  0%| F|  |TAMS 0x0000000444800000| PB 0x0000000444800000| Untracked |  0
| 118|0x0000000445000000, 0x0000000445000000, 0x0000000445800000|  0%| F|  |TAMS 0x0000000445000000| PB 0x0000000445000000| Untracked |  0
| 119|0x0000000445800000, 0x0000000445800000, 0x0000000446000000|  0%| F|  |TAMS 0x0000000445800000| PB 0x0000000445800000| Untracked |  0
| 120|0x0000000446000000, 0x00000004465a1560, 0x0000000446800000| 70%| S|CS|TAMS 0x0000000446000000| PB 0x0000000446000000| Complete |  0
| 121|0x0000000446800000, 0x0000000446800000, 0x0000000447000000|  0%| F|  |TAMS 0x0000000446800000| PB 0x0000000446800000| Untracked |  0
| 122|0x0000000447000000, 0x0000000447737f80, 0x0000000447800000| 90%| E|  |TAMS 0x0000000447000000| PB 0x0000000447000000| Complete |  0
| 123|0x0000000447800000, 0x0000000448000000, 0x0000000448000000|100%| E|CS|TAMS 0x0000000447800000| PB 0x0000000447800000| Complete |  0
| 124|0x0000000448000000, 0x0000000448800000, 0x0000000448800000|100%| E|CS|TAMS 0x0000000448000000| PB 0x0000000448000000| Complete |  0
| 125|0x0000000448800000, 0x0000000449000000, 0x0000000449000000|100%| E|CS|TAMS 0x0000000448800000| PB 0x0000000448800000| Complete |  0
| 126|0x0000000449000000, 0x0000000449800000, 0x0000000449800000|100%| E|CS|TAMS 0x0000000449000000| PB 0x0000000449000000| Complete |  0
|2027|0x00000007ff800000, 0x00000007ff91d248, 0x0000000800000000| 13%| O|  |TAMS 0x00000007ff800000| PB 0x00000007ff800000| Untracked |  0

Card table byte_map: [0x000001f991c70000,0x000001f993c20000] _byte_map_base: 0x000001f98fc20000

Marking Bits: (CMBitMap*) 0x000001f9f5864290
 Bits: [0x000001f993c20000, 0x000001f9a39a0000)

Polling page: 0x000001f9f5880000

Metaspace:

Usage:
  Non-class:     17.35 MB used.
      Class:      1.81 MB used.
       Both:     19.15 MB used.

Virtual space:
  Non-class space:       64.00 MB reserved,      17.69 MB ( 28%) committed,  1 nodes.
      Class space:        1.00 GB reserved,       2.06 MB ( <1%) committed,  1 nodes.
             Both:        1.06 GB reserved,      19.75 MB (  2%) committed. 

Chunk freelists:
   Non-Class:  14.15 MB
       Class:  13.93 MB
        Both:  28.08 MB

MaxMetaspaceSize: unlimited
CompressedClassSpaceSize: 1.00 GB
Initial GC threshold: 21.00 MB
Current GC threshold: 21.00 MB
CDS: on
 - commit_granule_bytes: 65536.
 - commit_granule_words: 8192.
 - virtual_space_node_default_size: 8388608.
 - enlarge_chunks_in_place: 1.
UseCompressedClassPointers 1, UseCompactObjectHeaders 0
Narrow klass pointer bits 32, Max shift 3
Narrow klass base: 0x000001f9a7000000, Narrow klass shift: 0
Encoding Range: [0x000001f9a7000000 - 0x000001faa7000000), (4294967296 bytes)
Klass Range:    [0x000001f9a7000000 - 0x000001f9e8000000), (1090519040 bytes)
Klass ID Range:  [8 - 1090519033) (1090519025)


Internal statistics:

num_allocs_failed_limit: 0.
num_arena_births: 692.
num_arena_deaths: 0.
num_vsnodes_births: 2.
num_vsnodes_deaths: 0.
num_space_committed: 316.
num_space_uncommitted: 0.
num_chunks_returned_to_freelist: 0.
num_chunks_taken_from_freelist: 979.
num_chunk_merges: 0.
num_chunk_splits: 614.
num_chunks_enlarged: 372.
num_inconsistent_stats: 0.

CodeHeap 'non-profiled nmethods': size=119232Kb used=1894Kb max_used=1894Kb free=117337Kb
 bounds [0x000001f987b90000, 0x000001f987e00000, 0x000001f98f000000]
CodeHeap 'profiled nmethods': size=119104Kb used=7477Kb max_used=7477Kb free=111626Kb
 bounds [0x000001f980000000, 0x000001f980750000, 0x000001f987450000]
CodeHeap 'non-nmethods': size=7424Kb used=1742Kb max_used=3577Kb free=5681Kb
 bounds [0x000001f987450000, 0x000001f987820000, 0x000001f987b90000]
CodeCache: size=245760Kb, used=11113Kb, max_used=12948Kb, free=234644Kb
 total_blobs=5219, nmethods=4303, adapters=810, full_count=0
Compilation: enabled, stopped_count=0, restarted_count=0

Compilation events (20 events):
Event: 94.934 Thread 0x000001f9a3c9d670 nmethod 4292 0x000001f98074ae88 code [0x000001f98074b020, 0x000001f98074b908]
Event: 94.955 Thread 0x000001f9a3c9a750 nmethod 4284 0x000001f987d62c88 code [0x000001f987d63180, 0x000001f987d66a70]
Event: 94.955 Thread 0x000001f9a3c9a750 4290       4       sun.java2d.loops.ProcessPath$ActiveEdgeList::isEmpty (13 bytes)
Event: 94.955 Thread 0x000001f9a3c9a750 nmethod 4290 0x000001f987d66d88 code [0x000001f987d66e80, 0x000001f987d66f18]
Event: 95.429 Thread 0x000001f9a3c9d670 4296       3       sun.swing.SwingUtilities2::isScaleChanged (16 bytes)
Event: 95.429 Thread 0x000001f9a3c9d670 nmethod 4296 0x000001f98074b988 code [0x000001f98074bac0, 0x000001f98074bc78]
Event: 95.429 Thread 0x000001f9a3c9d670 4297       3       sun.swing.SwingUtilities2::isScaleChanged (74 bytes)
Event: 95.430 Thread 0x000001f9a3c9d670 nmethod 4297 0x000001f98074bd08 code [0x000001f98074bea0, 0x000001f98074c6d8]
Event: 95.430 Thread 0x000001f9a3c9a750 4298   !   4       sun.java2d.SurfaceDataProxy::replaceData (329 bytes)
Event: 95.433 Thread 0x000001f9a3c9a750 nmethod 4298 0x000001f987d67088 code [0x000001f987d672c0, 0x000001f987d685d8]
Event: 95.450 Thread 0x000001f9a3c9a750 4299       4       sun.java2d.pipe.DrawImage::scaleSurfaceData (79 bytes)
Event: 95.455 Thread 0x000001f9a3c9a750 nmethod 4299 0x000001f987d68688 code [0x000001f987d68820, 0x000001f987d69730]
Event: 95.616 Thread 0x000001f9a3c9d670 4300       3       javax.swing.JFrame::getGraphics (9 bytes)
Event: 95.617 Thread 0x000001f9a3c9d670 nmethod 4300 0x000001f98074c708 code [0x000001f98074c860, 0x000001f98074cd98]
Event: 110.132 Thread 0x000001f9a3c9d670 4301       3       jdk.internal.loader.URLClassPath$JarLoader::findResource (17 bytes)
Event: 110.132 Thread 0x000001f9a3c9d670 nmethod 4301 0x000001f98074ce08 code [0x000001f98074cf40, 0x000001f98074d128]
Event: 146.544 Thread 0x000001f9a3c9d670 4302       3       java.awt.Container::getMouseEventTarget (50 bytes)
Event: 146.544 Thread 0x000001f9a3c9d670 nmethod 4302 0x000001f98074d188 code [0x000001f98074d2c0, 0x000001f98074d560]
Event: 146.776 Thread 0x000001f9a3c9a750 4303       4       java.awt.Container$MouseEventTargetFilter::accept (66 bytes)
Event: 146.777 Thread 0x000001f9a3c9a750 nmethod 4303 0x000001f987d69808 code [0x000001f987d69920, 0x000001f987d69a80]

GC Heap History (2 events):
Event: 8.570 GC heap before
{Heap before GC invocations=0 (full 0):
 garbage-first heap   total reserved 16613376K, committed 1048576K, used 50292K [0x000000040a000000, 0x0000000800000000)
  region size 8192K, 6 young (49152K), 0 survivors (0K)
 Metaspace       used 16354K, committed 16896K, reserved 1114112K
  class space    used 1554K, committed 1792K, reserved 1048576K
}
Event: 8.574 GC heap after
{Heap after GC invocations=1 (full 0):
 garbage-first heap   total reserved 16613376K, committed 1048576K, used 6905K [0x000000040a000000, 0x0000000800000000)
  region size 8192K, 1 young (8192K), 1 survivors (8192K)
 Metaspace       used 16354K, committed 16896K, reserved 1114112K
  class space    used 1554K, committed 1792K, reserved 1048576K
}

Dll operation events (13 events):
Event: 0.005 Loaded shared library C:\Program Files\Java\jdk-24\bin\java.dll
Event: 0.022 Loaded shared library C:\Program Files\Java\jdk-24\bin\jsvml.dll
Event: 0.026 Loaded shared library C:\Program Files\Java\jdk-24\bin\net.dll
Event: 0.027 Loaded shared library C:\Program Files\Java\jdk-24\bin\nio.dll
Event: 0.028 Loaded shared library C:\Program Files\Java\jdk-24\bin\zip.dll
Event: 0.041 Loaded shared library C:\Program Files\Java\jdk-24\bin\jimage.dll
Event: 0.049 Loaded shared library C:\Program Files\Java\jdk-24\bin\awt.dll
Event: 0.291 Loaded shared library C:\Program Files\Java\jdk-24\bin\freetype.dll
Event: 0.292 Loaded shared library C:\Program Files\Java\jdk-24\bin\fontmanager.dll
Event: 0.392 Loaded shared library C:\Windows\System32\dpuareu_jni.dll
Event: 8.467 Loaded shared library C:\Windows\System32\ucrtbase.dll
Event: 8.469 Loaded shared library C:\Program Files\Java\jdk-24\bin\syslookup.dll
Event: 8.534 Loaded shared library C:\Program Files\Java\jdk-24\bin\extnet.dll

Deoptimization events (20 events):
Event: 39.306 Thread 0x000001f9e8af8580 Uncommon trap: trap_request=0xffffff4d fr.pc=0x000001f987cfe978 relative=0x0000000000000ef8
Event: 39.306 Thread 0x000001f9e8af8580 Uncommon trap: reason=unstable_if action=reinterpret pc=0x000001f987cfe978 method=java.awt.ModalEventFilter.acceptEvent(Ljava/awt/AWTEvent;)Ljava/awt/EventFilter$FilterAction; @ 30 c2
Event: 39.306 Thread 0x000001f9e8af8580 DEOPT PACKING pc=0x000001f987cfe978 sp=0x000000a7a8cfed20
Event: 39.306 Thread 0x000001f9e8af8580 DEOPT UNPACKING pc=0x000001f987567802 sp=0x000000a7a8cfebe8 mode 2
Event: 39.319 Thread 0x000001f9e870bd40 Uncommon trap: trap_request=0xffffffde fr.pc=0x000001f987d00864 relative=0x0000000000000f84
Event: 39.319 Thread 0x000001f9e870bd40 Uncommon trap: reason=class_check action=maybe_recompile pc=0x000001f987d00864 method=sun.awt.SunToolkit.postEvent(Lsun/awt/AppContext;Ljava/awt/AWTEvent;)V @ 72 c2
Event: 39.319 Thread 0x000001f9e870bd40 DEOPT PACKING pc=0x000001f987d00864 sp=0x000000a7a8afdf10
Event: 39.319 Thread 0x000001f9e870bd40 DEOPT UNPACKING pc=0x000001f987567802 sp=0x000000a7a8afded0 mode 2
Event: 86.172 Thread 0x000001f9f33a35f0 Uncommon trap: trap_request=0xffffffdc fr.pc=0x000001f987d55958 relative=0x0000000000000238
Event: 86.172 Thread 0x000001f9f33a35f0 Uncommon trap: reason=class_check action=make_not_entrant pc=0x000001f987d55958 method=java.util.ArrayList.toArray([Ljava/lang/Object;)[Ljava/lang/Object; @ 21 c2
Event: 86.172 Thread 0x000001f9f33a35f0 DEOPT PACKING pc=0x000001f987d55958 sp=0x000000a7a9a8f490
Event: 86.172 Thread 0x000001f9f33a35f0 DEOPT UNPACKING pc=0x000001f987567802 sp=0x000000a7a9a8f450 mode 2
Event: 94.923 Thread 0x000001f9e870bd40 Uncommon trap: trap_request=0xffffffde fr.pc=0x000001f987d00864 relative=0x0000000000000f84
Event: 94.923 Thread 0x000001f9e870bd40 Uncommon trap: reason=class_check action=maybe_recompile pc=0x000001f987d00864 method=sun.awt.SunToolkit.postEvent(Lsun/awt/AppContext;Ljava/awt/AWTEvent;)V @ 72 c2
Event: 94.923 Thread 0x000001f9e870bd40 DEOPT PACKING pc=0x000001f987d00864 sp=0x000000a7a8afd7d0
Event: 94.923 Thread 0x000001f9e870bd40 DEOPT UNPACKING pc=0x000001f987567802 sp=0x000000a7a8afd790 mode 2
Event: 95.628 Thread 0x000001f9e8af8580 Uncommon trap: trap_request=0xffffff4d fr.pc=0x000001f987ce5334 relative=0x0000000000000f54
Event: 95.628 Thread 0x000001f9e8af8580 Uncommon trap: reason=unstable_if action=reinterpret pc=0x000001f987ce5334 method=java.awt.Container.getMouseEventTargetImpl(IIZLjava/awt/Container$EventTargetFilter;ZZ)Ljava/awt/Component; @ 218 c2
Event: 95.628 Thread 0x000001f9e8af8580 DEOPT PACKING pc=0x000001f987ce5334 sp=0x000000a7a8cff1a0
Event: 95.628 Thread 0x000001f9e8af8580 DEOPT UNPACKING pc=0x000001f987567802 sp=0x000000a7a8cff0a8 mode 2

Classes loaded (20 events):
Event: 39.020 Loading class java/awt/Window$1DisposeAction
Event: 39.020 Loading class java/awt/Window$1DisposeAction done
Event: 39.022 Loading class java/awt/Desktop
Event: 39.022 Loading class java/awt/Desktop done
Event: 39.023 Loading class java/awt/Desktop$Action
Event: 39.023 Loading class java/awt/Desktop$Action done
Event: 39.023 Loading class sun/awt/windows/WDesktopPeer$1
Event: 39.023 Loading class sun/awt/windows/WDesktopPeer$1 done
Event: 39.023 Loading class java/util/concurrent/Callable
Event: 39.023 Loading class java/util/concurrent/Callable done
Event: 39.024 Loading class java/util/concurrent/FutureTask
Event: 39.024 Loading class java/util/concurrent/FutureTask done
Event: 39.024 Loading class java/util/concurrent/FutureTask$WaitNode
Event: 39.024 Loading class java/util/concurrent/FutureTask$WaitNode done
Event: 39.024 Loading class sun/awt/shell/Win32ShellFolderManager2$ComInvoker$1
Event: 39.024 Loading class sun/awt/shell/Win32ShellFolderManager2$ComInvoker$1 done
Event: 39.272 Loading class javax/swing/plaf/basic/BasicOptionPaneUI$ButtonFactory$ConstrainedButton
Event: 39.272 Loading class javax/swing/plaf/basic/BasicOptionPaneUI$ButtonFactory$ConstrainedButton done
Event: 63.022 Loading class java/awt/image/BufferedImageOp
Event: 63.022 Loading class java/awt/image/BufferedImageOp done

Classes unloaded (0 events):
No events

Classes redefined (0 events):
No events

Internal exceptions (20 events):
Event: 8.563 Thread 0x000001f9e8af8580 Exception <a 'java/lang/NoSuchMethodError'{0x0000000446e378a8}: 'int java.lang.invoke.Invokers$Holder.exactInvoker(java.lang.Object, java.lang.Object, int, long)'> (0x0000000446e378a8) 
thrown [s\open\src\hotspot\share\interpreter\linkResolver.cpp, line 805]
Event: 8.563 Thread 0x000001f9e8af8580 Exception <a 'java/lang/NoSuchMethodError'{0x0000000446e3fff0}: 'int java.lang.invoke.DelegatingMethodHandle$Holder.delegate(java.lang.Object, java.lang.Object, int, long)'> (0x0000000446e3fff0) 
thrown [s\open\src\hotspot\share\interpreter\linkResolver.cpp, line 805]
Event: 8.563 Thread 0x000001f9e8af8580 Exception <a 'java/lang/NoSuchMethodError'{0x0000000446e51798}: 'long java.lang.invoke.DirectMethodHandle$Holder.invokeSpecial(java.lang.Object, java.lang.Object, long, long)'> (0x0000000446e51798) 
thrown [s\open\src\hotspot\share\interpreter\linkResolver.cpp, line 805]
Event: 8.566 Thread 0x000001f9e8af8580 Exception <a 'java/lang/NoSuchMethodError'{0x0000000446e8c960}: 'void java.lang.invoke.DirectMethodHandle$Holder.invokeSpecial(java.lang.Object, java.lang.Object, float, java.lang.Object, java.lang.Object, java.lang.Object, int, int, int, int, int, float, float, int, int, java.lang.Object, java.lang.Object)'> (0x0000000446e8c960) 
thrown [s\open\src\hotspot\share\interpreter\linkResolver.cpp, line 805]
Event: 8.567 Thread 0x000001f9e8af8580 Exception <a 'java/lang/NoSuchMethodError'{0x0000000446eae5e0}: 'int java.lang.invoke.DirectMethodHandle$Holder.invokeSpecial(java.lang.Object, java.lang.Object, int, java.lang.Object)'> (0x0000000446eae5e0) 
thrown [s\open\src\hotspot\share\interpreter\linkResolver.cpp, line 805]
Event: 8.567 Thread 0x000001f9e8af8580 Exception <a 'java/lang/NoSuchMethodError'{0x0000000446ebe678}: 'java.lang.Object java.lang.invoke.Invokers$Holder.invokeExact_MT(java.lang.Object, long, java.lang.Object)'> (0x0000000446ebe678) 
thrown [s\open\src\hotspot\share\interpreter\linkResolver.cpp, line 805]
Event: 8.569 Thread 0x000001f9e8af8580 Exception <a 'java/lang/NoSuchMethodError'{0x0000000446ff3738}: 'java.lang.Object java.lang.invoke.DirectMethodHandle$Holder.invokeStatic(java.lang.Object, java.lang.Object, java.lang.Object, java.lang.Object, java.lang.Object, java.lang.Object, long)'> (0x0000000446ff3738) 
thrown [s\open\src\hotspot\share\interpreter\linkResolver.cpp, line 805]
Event: 8.577 Thread 0x000001f9e8af8580 Exception <a 'java/lang/NoSuchMethodError'{0x000000044902b278}: 'int java.lang.invoke.Invokers$Holder.invokeExact_MT(java.lang.Object, java.lang.Object, java.lang.Object, int, java.lang.Object, java.lang.Object)'> (0x000000044902b278) 
thrown [s\open\src\hotspot\share\interpreter\linkResolver.cpp, line 805]
Event: 8.578 Thread 0x000001f9e8af8580 Exception <a 'java/lang/NoSuchMethodError'{0x00000004490579c8}: 'int java.lang.invoke.DelegatingMethodHandle$Holder.reinvoke_L(java.lang.Object, java.lang.Object, java.lang.Object, java.lang.Object, long, long)'> (0x00000004490579c8) 
thrown [s\open\src\hotspot\share\interpreter\linkResolver.cpp, line 805]
Event: 8.580 Thread 0x000001f9e8af8580 Exception <a 'java/lang/NoSuchMethodError'{0x000000044907fe80}: 'java.lang.Object java.lang.invoke.DirectMethodHandle$Holder.invokeStatic(java.lang.Object, java.lang.Object, java.lang.Object, java.lang.Object, java.lang.Object, long, java.lang.Object)'> (0x000000044907fe80) 
thrown [s\open\src\hotspot\share\interpreter\linkResolver.cpp, line 805]
Event: 8.644 Thread 0x000001f9f33a3d40 Exception <a 'java/lang/NoSuchMethodError'{0x0000000448965920}: 'void java.lang.invoke.DirectMethodHandle$Holder.invokeInterface(java.lang.Object, java.lang.Object, java.lang.Object, java.lang.Object)'> (0x0000000448965920) 
thrown [s\open\src\hotspot\share\interpreter\linkResolver.cpp, line 805]
Event: 8.647 Thread 0x000001f9f33a3d40 Implicit null exception at 0x000001f987c6f614 to 0x000001f987c6fcb4
Event: 8.647 Thread 0x000001f9f33a3d40 Implicit null exception at 0x000001f987c49610 to 0x000001f987c49ca8
Event: 8.680 Thread 0x000001f9f33a3d40 Exception <a 'java/lang/NoSuchMethodError'{0x0000000448c92c88}: 'void java.lang.invoke.DirectMethodHandle$Holder.invokeSpecial(java.lang.Object, java.lang.Object, int, int)'> (0x0000000448c92c88) 
thrown [s\open\src\hotspot\share\interpreter\linkResolver.cpp, line 805]
Event: 8.681 Thread 0x000001f9f33a3d40 Exception <a 'java/lang/NoSuchMethodError'{0x0000000448ca3540}: 'java.lang.Object java.lang.invoke.DirectMethodHandle$Holder.newInvokeSpecial(java.lang.Object, java.lang.Object, int, int)'> (0x0000000448ca3540) 
thrown [s\open\src\hotspot\share\interpreter\linkResolver.cpp, line 805]
Event: 8.694 Thread 0x000001f9f33a3d40 Exception <a 'java/lang/NoSuchMethodError'{0x0000000448db81d0}: 'void java.lang.invoke.DirectMethodHandle$Holder.invokeInterface(java.lang.Object, java.lang.Object)'> (0x0000000448db81d0) 
thrown [s\open\src\hotspot\share\interpreter\linkResolver.cpp, line 805]
Event: 8.832 Thread 0x000001f9e8af8580 Exception <a 'java/lang/NoSuchMethodError'{0x00000004480a7b48}: 'java.lang.Object java.lang.invoke.DirectMethodHandle$Holder.invokeSpecial(java.lang.Object, java.lang.Object, int, java.lang.Object, int, java.lang.Object)'> (0x00000004480a7b48) 
thrown [s\open\src\hotspot\share\interpreter\linkResolver.cpp, line 805]
Event: 8.832 Thread 0x000001f9e8af8580 Exception <a 'java/lang/NoSuchMethodError'{0x00000004480afc40}: 'java.lang.Object java.lang.invoke.DelegatingMethodHandle$Holder.reinvoke_L(java.lang.Object, java.lang.Object, int, java.lang.Object, int, java.lang.Object)'> (0x00000004480afc40) 
thrown [s\open\src\hotspot\share\interpreter\linkResolver.cpp, line 805]
Event: 8.860 Thread 0x000001f9e8af8580 Exception <a 'java/lang/NoSuchMethodError'{0x0000000448113ee0}: 'int java.lang.invoke.DirectMethodHandle$Holder.invokeStatic(java.lang.Object)'> (0x0000000448113ee0) 
thrown [s\open\src\hotspot\share\interpreter\linkResolver.cpp, line 805]
Event: 39.290 Thread 0x000001f9e8af8580 Implicit null exception at 0x000001f987bff92e to 0x000001f987bffb80

VM Operations (20 events):
Event: 8.566 Executing VM operation: HandshakeAllThreads (Deoptimize) done
Event: 8.570 Executing VM operation: G1CollectForAllocation (G1 Evacuation Pause)
Event: 8.574 Executing VM operation: G1CollectForAllocation (G1 Evacuation Pause) done
Event: 8.590 Executing VM operation: HandshakeAllThreads (Deoptimize)
Event: 8.595 Executing VM operation: HandshakeAllThreads (Deoptimize) done
Event: 8.622 Executing VM operation: HandshakeAllThreads (Deoptimize)
Event: 8.622 Executing VM operation: HandshakeAllThreads (Deoptimize) done
Event: 8.695 Executing VM operation: HandshakeAllThreads (Deoptimize)
Event: 8.695 Executing VM operation: HandshakeAllThreads (Deoptimize) done
Event: 8.843 Executing VM operation: HandshakeAllThreads (Deoptimize)
Event: 8.843 Executing VM operation: HandshakeAllThreads (Deoptimize) done
Event: 60.140 Executing VM operation: HandshakeAllThreads (HandshakeForDeflation)
Event: 60.140 Executing VM operation: HandshakeAllThreads (HandshakeForDeflation) done
Event: 60.140 Executing VM operation: RendezvousGCThreads
Event: 60.140 Executing VM operation: RendezvousGCThreads done
Event: 120.264 Executing VM operation: HandshakeAllThreads (HandshakeForDeflation)
Event: 120.264 Executing VM operation: HandshakeAllThreads (HandshakeForDeflation) done
Event: 120.264 Executing VM operation: RendezvousGCThreads
Event: 120.264 Executing VM operation: RendezvousGCThreads done
Event: 147.727 Executing VM operation: Exit

Memory protections (0 events):
No events

Nmethod flushes (0 events):
No events

Events (20 events):
Event: 9.149 Thread 0x000001f9e83c0880 Thread exited: 0x000001f9e83c0880
Event: 9.183 Thread 0x000001f9f37ca1e0 Thread exited: 0x000001f9f37ca1e0
Event: 11.476 Thread 0x000001f9f4206b80 Thread exited: 0x000001f9f4206b80
Event: 12.961 Thread 0x000001f9f400c830 Thread exited: 0x000001f9f400c830
Event: 13.231 Thread 0x000001f9f37c9a50 Thread exited: 0x000001f9f37c9a50
Event: 14.045 Thread 0x000001f9a3c9d670 Thread added: 0x000001f9f37c9a50
Event: 14.580 Thread 0x000001f9f37c9a50 Thread exited: 0x000001f9f37c9a50
Event: 39.024 Thread 0x000001f9e8af8580 Thread added: 0x000001f9f33a5a80
Event: 147.625 Thread 0x000001f9e8af8580 Thread added: 0x000001f9f33a2ea0
Event: 147.625 Thread 0x000001f9e8af8580 Thread added: 0x000001f9f33a3d40
Event: 147.625 Thread 0x000001f9e8af8580 Thread added: 0x000001f9f3774bb0
Event: 147.625 Thread 0x000001f9e8af8580 Thread added: 0x000001f9f3774460
Event: 147.626 Thread 0x000001f9f33a2ea0 Thread exited: 0x000001f9f33a2ea0
Event: 147.626 Thread 0x000001f9f3774bb0 Thread exited: 0x000001f9f3774bb0
Event: 147.626 Thread 0x000001f9f3774460 Thread exited: 0x000001f9f3774460
Event: 147.626 Thread 0x000001f9f33a5a80 Thread exited: 0x000001f9f33a5a80
Event: 147.626 Thread 0x000001f9f33a35f0 Thread exited: 0x000001f9f33a35f0
Event: 147.674 Thread 0x000001f9e870bd40 Thread exited: 0x000001f9e870bd40
Event: 147.727 Thread 0x000001f9f33a3d40 Thread exited: 0x000001f9f33a3d40
Event: 147.727 Thread 0x000001f9e8af8580 Before exit entered


Dynamic libraries:
0x00007ff7b9220000 - 0x00007ff7b9230000 	C:\Program Files\Java\jdk-24\bin\java.exe
0x00007fff6df60000 - 0x00007fff6e1c9000 	C:\Windows\SYSTEM32\ntdll.dll
0x00007fff6d0d0000 - 0x00007fff6d199000 	C:\Windows\System32\KERNEL32.DLL
0x00007fff6b650000 - 0x00007fff6ba43000 	C:\Windows\System32\KERNELBASE.dll
0x00007fff6b0f0000 - 0x00007fff6b23b000 	C:\Windows\System32\ucrtbase.dll
0x00007ffeecfd0000 - 0x00007ffeecfeb000 	C:\Program Files\Java\jdk-24\bin\VCRUNTIME140.dll
0x00007ffeecfb0000 - 0x00007ffeecfc6000 	C:\Program Files\Java\jdk-24\bin\jli.dll
0x00007fff6d470000 - 0x00007fff6d634000 	C:\Windows\System32\USER32.dll
0x00007fff6b370000 - 0x00007fff6b397000 	C:\Windows\System32\win32u.dll
0x00007fff4f3e0000 - 0x00007fff4f673000 	C:\Windows\WinSxS\amd64_microsoft.windows.common-controls_6595b64144ccf1df_6.0.26100.5074_none_3e0d6f78e32fd63f\COMCTL32.dll
0x00007fff6c270000 - 0x00007fff6c29b000 	C:\Windows\System32\GDI32.dll
0x00007fff6bf60000 - 0x00007fff6c009000 	C:\Windows\System32\msvcrt.dll
0x00007fff6b240000 - 0x00007fff6b36d000 	C:\Windows\System32\gdi32full.dll
0x00007fff6ba50000 - 0x00007fff6baf3000 	C:\Windows\System32\msvcp_win.dll
0x00007fff6cd80000 - 0x00007fff6cdaf000 	C:\Windows\System32\IMM32.DLL
0x00007fff4f330000 - 0x00007fff4f33c000 	C:\Program Files\Java\jdk-24\bin\vcruntime140_1.dll
0x00007ffeecf20000 - 0x00007ffeecfae000 	C:\Program Files\Java\jdk-24\bin\msvcp140.dll
0x00007ffe802a0000 - 0x00007ffe81041000 	C:\Program Files\Java\jdk-24\bin\server\jvm.dll
0x00007fff6cc40000 - 0x00007fff6ccf4000 	C:\Windows\System32\ADVAPI32.dll
0x00007fff6cb90000 - 0x00007fff6cc36000 	C:\Windows\System32\sechost.dll
0x00007fff6c320000 - 0x00007fff6c438000 	C:\Windows\System32\RPCRT4.dll
0x00007fff6cd00000 - 0x00007fff6cd74000 	C:\Windows\System32\WS2_32.dll
0x00007fff6a970000 - 0x00007fff6a9ce000 	C:\Windows\SYSTEM32\POWRPROF.dll
0x00007fff62fd0000 - 0x00007fff62fdb000 	C:\Windows\SYSTEM32\VERSION.dll
0x00007fff55570000 - 0x00007fff555a5000 	C:\Windows\SYSTEM32\WINMM.dll
0x00007fff6a950000 - 0x00007fff6a964000 	C:\Windows\SYSTEM32\UMPDC.dll
0x00007fff69e90000 - 0x00007fff69eab000 	C:\Windows\SYSTEM32\kernel.appcore.dll
0x00007fff3f490000 - 0x00007fff3f49a000 	C:\Program Files\Java\jdk-24\bin\jimage.dll
0x00007fff68900000 - 0x00007fff68b42000 	C:\Windows\SYSTEM32\DBGHELP.DLL
0x00007fff6dae0000 - 0x00007fff6de5b000 	C:\Windows\System32\combase.dll
0x00007fff6d1b0000 - 0x00007fff6d287000 	C:\Windows\System32\OLEAUT32.dll
0x00007fff4fbf0000 - 0x00007fff4fc2d000 	C:\Windows\SYSTEM32\dbgcore.DLL
0x00007fff6b520000 - 0x00007fff6b5b9000 	C:\Windows\System32\bcryptPrimitives.dll
0x00007ffeecf00000 - 0x00007ffeecf1e000 	C:\Program Files\Java\jdk-24\bin\java.dll
0x00007fff6ce30000 - 0x00007fff6cfc8000 	C:\Windows\System32\ole32.dll
0x00007fff6c440000 - 0x00007fff6cb8d000 	C:\Windows\System32\SHELL32.dll
0x00007fff6bb00000 - 0x00007fff6bc6c000 	C:\Windows\System32\wintypes.dll
0x00007fff68d10000 - 0x00007fff69569000 	C:\Windows\SYSTEM32\windows.storage.dll
0x00007fff6d340000 - 0x00007fff6d430000 	C:\Windows\System32\SHCORE.dll
0x00007fff6cfd0000 - 0x00007fff6d032000 	C:\Windows\System32\shlwapi.dll
0x00007fff6b010000 - 0x00007fff6b039000 	C:\Windows\SYSTEM32\profapi.dll
0x00007ffeecc00000 - 0x00007ffeeccd7000 	C:\Program Files\Java\jdk-24\bin\jsvml.dll
0x00007fff37d50000 - 0x00007fff37d60000 	C:\Program Files\Java\jdk-24\bin\net.dll
0x00007fff6a3f0000 - 0x00007fff6a45b000 	C:\Windows\system32\mswsock.dll
0x00007ffeecee0000 - 0x00007ffeecef6000 	C:\Program Files\Java\jdk-24\bin\nio.dll
0x00007ffeecec0000 - 0x00007ffeeced7000 	C:\Program Files\Java\jdk-24\bin\zip.dll
0x00007ffecd550000 - 0x00007ffecd6cf000 	C:\Program Files\Java\jdk-24\bin\awt.dll
0x00007fff67d90000 - 0x00007fff67e2e000 	C:\Windows\SYSTEM32\apphelp.dll
0x00007fff68040000 - 0x00007fff680e8000 	C:\Windows\system32\uxtheme.dll
0x00007fff6c010000 - 0x00007fff6c168000 	C:\Windows\System32\MSCTF.dll
0x00007fff682b0000 - 0x00007fff682db000 	C:\Windows\system32\DWMAPI.DLL
0x00007fff25450000 - 0x00007fff2555c000 	C:\Windows\system32\opengl32.dll
0x00007fff47880000 - 0x00007fff478ad000 	C:\Windows\SYSTEM32\GLU32.dll
0x00007fff68310000 - 0x00007fff68354000 	C:\Windows\SYSTEM32\dxcore.dll
0x00007fff6a820000 - 0x00007fff6a833000 	C:\Windows\SYSTEM32\msasn1.dll
0x00007fff62f90000 - 0x00007fff62fcb000 	C:\Windows\SYSTEM32\cryptnet.dll
0x00007fff6b3a0000 - 0x00007fff6b517000 	C:\Windows\System32\CRYPT32.dll
0x00007fff6a620000 - 0x00007fff6a62c000 	C:\Windows\SYSTEM32\cryptbase.dll
0x00007fff6a6c0000 - 0x00007fff6a724000 	C:\Windows\SYSTEM32\wldp.dll
0x00007fff622c0000 - 0x00007fff62435000 	C:\Windows\SYSTEM32\drvstore.dll
0x00007fff6ad70000 - 0x00007fff6ad9d000 	C:\Windows\SYSTEM32\devobj.dll
0x00007fff6ada0000 - 0x00007fff6adf7000 	C:\Windows\SYSTEM32\cfgmgr32.dll
0x00007fff6b5c0000 - 0x00007fff6b63e000 	C:\Windows\System32\wintrust.dll
0x00007fff6d440000 - 0x00007fff6d460000 	C:\Windows\System32\imagehlp.dll
0x00007fff6a7c0000 - 0x00007fff6a7db000 	C:\Windows\SYSTEM32\CRYPTSP.dll
0x00007fff69df0000 - 0x00007fff69e2b000 	C:\Windows\system32\rsaenh.dll
0x00007fff6afe0000 - 0x00007fff6b006000 	C:\Windows\SYSTEM32\bcrypt.dll
0x00007fff6d640000 - 0x00007fff6dac7000 	C:\Windows\System32\SETUPAPI.dll
0x00007ffeb9cf0000 - 0x00007ffeb9e37000 	C:\Windows\system32\nvspcap64.dll
0x00007fff69fb0000 - 0x00007fff69fe6000 	C:\Windows\SYSTEM32\ntmarta.dll
0x00007fff6a460000 - 0x00007fff6a487000 	C:\Windows\SYSTEM32\gpapi.dll
0x00007fff1f3d0000 - 0x00007fff1f587000 	C:\Windows\System32\DriverStore\FileRepository\nvamsi.inf_amd64_1baba5ad8bf4f484\nvppex.dll
0x00007ffeecb70000 - 0x00007ffeecbf7000 	C:\Program Files\Java\jdk-24\bin\freetype.dll
0x00007ffecd460000 - 0x00007ffecd547000 	C:\Program Files\Java\jdk-24\bin\fontmanager.dll
0x00007ffeece80000 - 0x00007ffeeceb1000 	C:\Windows\System32\dpuareu_jni.dll
0x00007fff591d0000 - 0x00007fff59245000 	C:\Windows\SYSTEM32\dpfj.dll
0x00007fff59180000 - 0x00007fff591c2000 	C:\Windows\SYSTEM32\dpfr6.dll
0x00007ffeecb20000 - 0x00007ffeecb61000 	C:\Windows\SYSTEM32\dpfpdd.dll
0x00007fff596b0000 - 0x00007fff597a2000 	C:\Windows\SYSTEM32\DPFPApi.DLL
0x00007fff6aa30000 - 0x00007fff6aa60000 	C:\Windows\SYSTEM32\ncrypt.dll
0x00007fff6a490000 - 0x00007fff6a4bb000 	C:\Windows\SYSTEM32\USERENV.dll
0x00007fff67e40000 - 0x00007fff67e4d000 	C:\Windows\SYSTEM32\Secur32.dll
0x00007fff59610000 - 0x00007fff596a6000 	C:\Windows\SYSTEM32\DPSCApi.DLL
0x00007fff6a130000 - 0x00007fff6a179000 	C:\Windows\SYSTEM32\SSPICLI.DLL
0x00007fff6a9e0000 - 0x00007fff6aa1f000 	C:\Windows\SYSTEM32\NTASN1.dll
0x00007fff59030000 - 0x00007fff59088000 	C:\Windows\system32\DPCLBACK.dll
0x00007fff62d90000 - 0x00007fff62daa000 	C:\Windows\SYSTEM32\NETAPI32.dll
0x00007fff697f0000 - 0x00007fff697fd000 	C:\Windows\SYSTEM32\NETUTILS.DLL
0x00007ffeecae0000 - 0x00007ffeecb14000 	C:\Windows\SYSTEM32\dpfpdd_4k.dll
0x00007fff355c0000 - 0x00007fff3566f000 	C:\Windows\SYSTEM32\dpDevDatx64.dll
0x00007fff35690000 - 0x00007fff35757000 	C:\Windows\SYSTEM32\dpDevCtlx64.dll
0x00007ffe7cef0000 - 0x00007ffe7dccf000 	C:\Windows\SYSTEM32\dpfpdd5000.dll
0x00007ffe7c140000 - 0x00007ffe7cee7000 	C:\Windows\SYSTEM32\dpfpdd_ptapi.dll
0x00007ffeccb60000 - 0x00007ffeccca7000 	C:\Windows\SYSTEM32\tfm.dll
0x00007ffecd3e0000 - 0x00007ffecd455000 	C:\Windows\SYSTEM32\dpfpdd7k.dll
0x00007ffeeae60000 - 0x00007ffeeaeab000 	C:\Windows\SYSTEM32\dpfpdd_lumi.dll
0x00007fff6de60000 - 0x00007fff6df11000 	C:\Windows\System32\clbcatq.dll
0x00007fff664d0000 - 0x00007fff666ff000 	C:\Windows\SYSTEM32\WindowsCodecs.dll
0x00007fff4e600000 - 0x00007fff4e65a000 	C:\Windows\system32\dataexchange.dll
0x00007fff62af0000 - 0x00007fff62d29000 	C:\Windows\system32\twinapi.appcore.dll
0x00007fff51160000 - 0x00007fff512a9000 	C:\Windows\SYSTEM32\textinputframework.dll
0x00007fff67930000 - 0x00007fff67a55000 	C:\Windows\SYSTEM32\CoreMessaging.dll
0x00007fff62440000 - 0x00007fff62723000 	C:\Windows\SYSTEM32\CoreUIComponents.dll
0x00007fff33ab0000 - 0x00007fff33ab9000 	C:\Program Files\Java\jdk-24\bin\syslookup.dll
0x00007fff2a430000 - 0x00007fff2a439000 	C:\Program Files\Java\jdk-24\bin\extnet.dll
0x00007fff69a20000 - 0x00007fff69b46000 	C:\Windows\SYSTEM32\DNSAPI.dll
0x00007fff69940000 - 0x00007fff69974000 	C:\Windows\SYSTEM32\IPHLPAPI.DLL
0x00007fff6dad0000 - 0x00007fff6dada000 	C:\Windows\System32\NSI.dll
0x00007fff654e0000 - 0x00007fff654eb000 	C:\Windows\System32\rasadhlp.dll
0x00007fff66710000 - 0x00007fff66796000 	C:\Windows\System32\fwpuclnt.dll
0x00007fff4cd40000 - 0x00007fff4cdf4000 	C:\Windows\WinSxS\amd64_microsoft.windows.common-controls_6595b64144ccf1df_5.82.26100.5074_none_87eb64a37a300c6e\comctl32.dll
0x00007fff67e50000 - 0x00007fff67e7a000 	C:\Windows\system32\Wtsapi32.dll
0x00007fff6a8c0000 - 0x00007fff6a923000 	C:\Windows\SYSTEM32\WINSTA.dll
0x00007fff65810000 - 0x00007fff65914000 	C:\Windows\SYSTEM32\PROPSYS.dll
0x00007fff40cc0000 - 0x00007fff40e9f000 	C:\Windows\SYSTEM32\urlmon.dll
0x00007fff51670000 - 0x00007fff51934000 	C:\Windows\SYSTEM32\iertutil.dll
0x00007fff51d50000 - 0x00007fff51d79000 	C:\Windows\SYSTEM32\srvcli.dll
0x00007fff54040000 - 0x00007fff5405f000 	C:\Windows\System32\Windows.Shell.ServiceHostBuilder.dll
0x00007fff56b60000 - 0x00007fff571ac000 	C:\Windows\System32\OneCoreUAPCommonProxyStub.dll
0x00007fff323f0000 - 0x00007fff32569000 	C:\Windows\System32\Windows.System.Launcher.dll
0x00007fff62e50000 - 0x00007fff62e6a000 	C:\Windows\SYSTEM32\windows.staterepositorycore.dll
0x00007fff4f220000 - 0x00007fff4f267000 	C:\Windows\SYSTEM32\msIso.dll
0x00007fff2e120000 - 0x00007fff2e164000 	C:\Windows\SYSTEM32\MLANG.dll
0x00007fff46690000 - 0x00007fff46919000 	C:\Windows\SYSTEM32\WININET.dll
0x00007fff35490000 - 0x00007fff35554000 	C:\Windows\System32\Windows.StateRepositoryPS.dll
0x00007fff62e00000 - 0x00007fff62e47000 	C:\Windows\SYSTEM32\windows.staterepositoryclient.dll
0x00007fff51940000 - 0x00007fff51a57000 	C:\Windows\SYSTEM32\mrmcorer.dll
0x00007fff367a0000 - 0x00007fff367d4000 	C:\Windows\SYSTEM32\bcp47mrm.dll

JVMTI agents: none

dbghelp: loaded successfully - version: 4.0.5 - missing functions: none
symbol engine: initialized successfully - sym options: 0x614 - pdb path: .;C:\Program Files\Java\jdk-24\bin;C:\Windows\SYSTEM32;C:\Windows\WinSxS\amd64_microsoft.windows.common-controls_6595b64144ccf1df_6.0.26100.5074_none_3e0d6f78e32fd63f;C:\Program Files\Java\jdk-24\bin\server;C:\Windows\System32\DriverStore\FileRepository\nvamsi.inf_amd64_1baba5ad8bf4f484;C:\Windows\System32\DriverStore\FileRepository\iigd_dch.inf_amd64_38e51a298b862feb;C:\Windows\WinSxS\amd64_microsoft.windows.common-controls_6595b64144ccf1df_5.82.26100.5074_none_87eb64a37a300c6e

VM Arguments:
java_command: com.gp360.biometric.verification.VerificationApp
java_class_path (initial): dist\BiometricVerification.jar;lib\dpjavapos.jar;lib\dpuareu.jar;lib\jpos113.jar;lib\json-20230618.jar;lib\mysql-connector-j-9.4.0.jar;lib\xercesImpl-2.6.2.jar;lib\xmlParserAPIs.jar
Launcher Type: SUN_STANDARD

[Global flags]
     intx CICompilerCount                          = 12                                        {product} {ergonomic}
     uint ConcGCThreads                            = 5                                         {product} {ergonomic}
     uint G1ConcRefinementThreads                  = 18                                        {product} {ergonomic}
   size_t G1HeapRegionSize                         = 8388608                                   {product} {ergonomic}
   size_t InitialHeapSize                          = 1065353216                                {product} {ergonomic}
   size_t MarkStackSize                            = 4194304                                   {product} {ergonomic}
   size_t MarkStackSizeMax                         = 536870912                                 {product} {ergonomic}
   size_t MaxHeapSize                              = 17012097024                               {product} {ergonomic}
   size_t MaxNewSize                               = 10200547328                               {product} {ergonomic}
   size_t MinHeapDeltaBytes                        = 8388608                                   {product} {ergonomic}
   size_t MinHeapSize                              = 8388608                                   {product} {ergonomic}
    uintx NonNMethodCodeHeapSize                   = 7602176                                {pd product} {ergonomic}
    uintx NonProfiledCodeHeapSize                  = 122093568                              {pd product} {ergonomic}
    uintx ProfiledCodeHeapSize                     = 121962496                              {pd product} {ergonomic}
    uintx ReservedCodeCacheSize                    = 251658240                              {pd product} {ergonomic}
     bool SegmentedCodeCache                       = true                                      {product} {ergonomic}
   size_t SoftMaxHeapSize                          = 17012097024                            {manageable} {ergonomic}
     bool UseCompressedOops                        = true                           {product lp64_product} {ergonomic}
     bool UseG1GC                                  = true                                      {product} {ergonomic}
     bool UseLargePagesIndividualAllocation        = false                                  {pd product} {ergonomic}

Logging:
Log output configuration:
 #0: stdout all=off uptime,level,tags foldmultilines=false
 #1: stderr all=off uptime,level,tags foldmultilines=false

Environment Variables:
PATH=C:\Program Files\Common Files\Oracle\Java\javapath;C:\Program Files (x86)\VMware\VMware Workstation\bin\;D:\app\abdia\product\11.2.0\client_1\bin;C:\app\product\11.2.0\client_1\bin;D:\app\abdia\product\11.2.0\client_4\bin;D:\app\abdia\product\11.2.0\client_3\bin;D:\app\abdia\product\11.2.0\client_2\bin;C:\Program Files (x86)\Common Files\Oracle\Java\java8path;C:\Program Files (x86)\Common Files\Oracle\Java\javapath;C:\Windows\system32;C:\Windows;C:\Windows\System32\Wbem;C:\Windows\System32\WindowsPowerShell\v1.0\;C:\Windows\System32\OpenSSH\;C:\Program Files (x86)\NVIDIA Corporation\PhysX\Common;C:\Program Files\NVIDIA Corporation\NVIDIA App\NvDLISR;C:\Program Files\dotnet\;C:\Program Files\Git\cmd;C:\Program Files\nodejs\;C:\wamp64\bin\php\php8.3.14;C:\ProgramData\ComposerSetup\bin;C:\Program Files\PuTTY\;C:\Program Files\Microsoft SQL Server\Client SDK\ODBC\110\Tools\Binn\;C:\Program Files\Microsoft SQL Server\120\Tools\Binn\;C:\Program Files\Java\jdk-24\bin;C:\Users\abdia\AppData\Local\Microsoft\WindowsApp;C:\Users\abdia\AppData\Local\Microsoft\WindowsApps;;C:\Program Files\JetBrains\PhpStorm 2025.1.3\bin;;C:\Program Files\JetBrains\WebStorm 2025.1.3\bin;;C:\Users\abdia\AppData\Roaming\npm;C:\Users\abdia\AppData\Roaming\Composer\vendor\bin;C:\Users\abdia\.dotnet\tools
USERNAME=abdia
OS=Windows_NT
PROCESSOR_IDENTIFIER=Intel64 Family 6 Model 198 Stepping 2, GenuineIntel
TMP=C:\Users\abdia\AppData\Local\Temp
TEMP=C:\Users\abdia\AppData\Local\Temp




Periodic native trim disabled

---------------  S Y S T E M  ---------------

OS:
 Windows 11 , 64 bit Build 26100 (10.0.26100.5074)
OS uptime: 0 days 18:43 hours
Hyper-V role detected

CPU: total 24 (initial active 24) (24 cores per cpu, 1 threads per core) family 6 model 198 stepping 2 microcode 0x117, cx8, cmov, fxsr, mmx, 3dnowpref, sse, sse2, sse3, ssse3, sse4.1, sse4.2, popcnt, lzcnt, tsc, tscinvbit, avx, avx2, aes, erms, clmul, bmi1, bmi2, adx, sha, fma, vzeroupper, clflush, clflushopt, clwb, hv, serialize, rdtscp, rdpid, fsrm, gfni, f16c, cet_ibt, cet_ss, avx_ifma, sha512
Processor Information for processor 0
  Max Mhz: 2700, Current Mhz: 2700, Mhz Limit: 2700
Processor Information for processor 1
  Max Mhz: 2700, Current Mhz: 2700, Mhz Limit: 2700
Processor Information for processor 2
  Max Mhz: 2100, Current Mhz: 2100, Mhz Limit: 2100
Processor Information for processor 3
  Max Mhz: 2100, Current Mhz: 2100, Mhz Limit: 2100
Processor Information for processor 4
  Max Mhz: 2100, Current Mhz: 2100, Mhz Limit: 2100
Processor Information for processor 5
  Max Mhz: 2100, Current Mhz: 2100, Mhz Limit: 2100
Processor Information for processor 6
  Max Mhz: 2100, Current Mhz: 2100, Mhz Limit: 2100
Processor Information for processor 7
  Max Mhz: 2100, Current Mhz: 2100, Mhz Limit: 2100
Processor Information for processor 8
  Max Mhz: 2100, Current Mhz: 2100, Mhz Limit: 2100
Processor Information for processor 9
  Max Mhz: 2100, Current Mhz: 2100, Mhz Limit: 2100
Processor Information for processor 10
  Max Mhz: 2700, Current Mhz: 2700, Mhz Limit: 2700
Processor Information for processor 11
  Max Mhz: 2700, Current Mhz: 2700, Mhz Limit: 2700
Processor Information for processor 12
  Max Mhz: 2700, Current Mhz: 2700, Mhz Limit: 2700
Processor Information for processor 13
  Max Mhz: 2700, Current Mhz: 2700, Mhz Limit: 2700
Processor Information for processor 14
  Max Mhz: 2100, Current Mhz: 2100, Mhz Limit: 2100
Processor Information for processor 15
  Max Mhz: 2100, Current Mhz: 2100, Mhz Limit: 2100
Processor Information for processor 16
  Max Mhz: 2100, Current Mhz: 2100, Mhz Limit: 2100
Processor Information for processor 17
  Max Mhz: 2100, Current Mhz: 2100, Mhz Limit: 2100
Processor Information for processor 18
  Max Mhz: 2100, Current Mhz: 2100, Mhz Limit: 2100
Processor Information for processor 19
  Max Mhz: 2100, Current Mhz: 2100, Mhz Limit: 2100
Processor Information for processor 20
  Max Mhz: 2100, Current Mhz: 2100, Mhz Limit: 2100
Processor Information for processor 21
  Max Mhz: 2100, Current Mhz: 2100, Mhz Limit: 2100
Processor Information for processor 22
  Max Mhz: 2700, Current Mhz: 2700, Mhz Limit: 2700
Processor Information for processor 23
  Max Mhz: 2700, Current Mhz: 2700, Mhz Limit: 2700

Memory: 4k page, system-wide physical 64876M (42031M free)
TotalPageFile size 68972M (AvailPageFile size 41104M)
current process WorkingSet (physical memory assigned to process): 197M, peak: 258M
current process commit charge ("private bytes"): 1258M, peak: 1370M

vm_info: Java HotSpot(TM) 64-Bit Server VM (24.0.2+12-54) for windows-amd64 JRE (24.0.2+12-54), built on 2025-07-08T12:10:27Z with MS VC++ 17.6 (VS2022)

END.
